[2.629s] Invoking command in '/home/naveen/bat_robot/build/batrobot_alexa': AMENT_PREFIX_PATH=/home/naveen/bat_robot/install/batrobot_moveit:/home/naveen/bat_robot/install/batrobot_controller:/home/naveen/bat_robot/install/batrobot_msgs:/home/naveen/bat_robot/install/batrobot_description:${AMENT_PREFIX_PATH} CMAKE_PREFIX_PATH=/home/naveen/bat_robot/install/batrobot_moveit:/home/naveen/bat_robot/install/batrobot_controller:/home/naveen/bat_robot/install/batrobot_msgs:/home/naveen/bat_robot/install/batrobot_description:/home/naveen/roarm_ws_em0/install/ros2web_interfaces:/home/naveen/roarm_ws_em0/install/roarm_msgs:/home/naveen/roarm_ws_em0/install/roarm_moveit_ikfast_plugins:/home/naveen/roarm_ws_em0/install/roarm_moveit_cmd:/home/naveen/roarm_ws_em0/install/roarm_moveit:/home/naveen/roarm_ws_em0/install/roarm_description:/home/naveen/roarm_ws_em0/install/moveit_servo:/home/naveen/roarm_ws_em0/install/alexa_integration:/home/naveen/roarm_ws_em0/install/ros2web_widgets:/home/naveen/roarm_ws_em0/install/ros2web_example_py:/home/naveen/roarm_ws_em0/install/roarm_web_app:/home/naveen/roarm_ws_em0/install/ros2web_app:/home/naveen/roarm_ws_em0/install/ros2web:/home/naveen/roarm_ws_em0/install/roarm_driver:/home/naveen/roarm_ws_em0/install/launch_api:/opt/ros/humble LD_LIBRARY_PATH=/home/naveen/bat_robot/install/batrobot_controller/lib:/home/naveen/bat_robot/install/batrobot_msgs/lib:${LD_LIBRARY_PATH} PYTHONPATH=/home/naveen/bat_robot/install/batrobot_controller/lib/python3.10/site-packages:/home/naveen/bat_robot/install/batrobot_msgs/local/lib/python3.10/dist-packages:${PYTHONPATH} /usr/bin/cmake --build /home/naveen/bat_robot/build/batrobot_alexa -- -j2 -l2
[3.501s] [ 50%] Built target task_server
[3.814s] [100%] Built target task_server_node
[4.224s] [100%] Built target ament_cmake_python_copy_batrobot_alexa
[9.218s] running egg_info
[9.227s] writing batrobot_alexa.egg-info/PKG-INFO
[9.228s] writing dependency_links to batrobot_alexa.egg-info/dependency_links.txt
[9.231s] writing top-level names to batrobot_alexa.egg-info/top_level.txt
[9.257s] reading manifest file 'batrobot_alexa.egg-info/SOURCES.txt'
[9.267s] writing manifest file 'batrobot_alexa.egg-info/SOURCES.txt'
[9.639s] [100%] Built target ament_cmake_python_build_batrobot_alexa_egg
[9.763s] Invoked command in '/home/naveen/bat_robot/build/batrobot_alexa' returned '0': AMENT_PREFIX_PATH=/home/naveen/bat_robot/install/batrobot_moveit:/home/naveen/bat_robot/install/batrobot_controller:/home/naveen/bat_robot/install/batrobot_msgs:/home/naveen/bat_robot/install/batrobot_description:${AMENT_PREFIX_PATH} CMAKE_PREFIX_PATH=/home/naveen/bat_robot/install/batrobot_moveit:/home/naveen/bat_robot/install/batrobot_controller:/home/naveen/bat_robot/install/batrobot_msgs:/home/naveen/bat_robot/install/batrobot_description:/home/naveen/roarm_ws_em0/install/ros2web_interfaces:/home/naveen/roarm_ws_em0/install/roarm_msgs:/home/naveen/roarm_ws_em0/install/roarm_moveit_ikfast_plugins:/home/naveen/roarm_ws_em0/install/roarm_moveit_cmd:/home/naveen/roarm_ws_em0/install/roarm_moveit:/home/naveen/roarm_ws_em0/install/roarm_description:/home/naveen/roarm_ws_em0/install/moveit_servo:/home/naveen/roarm_ws_em0/install/alexa_integration:/home/naveen/roarm_ws_em0/install/ros2web_widgets:/home/naveen/roarm_ws_em0/install/ros2web_example_py:/home/naveen/roarm_ws_em0/install/roarm_web_app:/home/naveen/roarm_ws_em0/install/ros2web_app:/home/naveen/roarm_ws_em0/install/ros2web:/home/naveen/roarm_ws_em0/install/roarm_driver:/home/naveen/roarm_ws_em0/install/launch_api:/opt/ros/humble LD_LIBRARY_PATH=/home/naveen/bat_robot/install/batrobot_controller/lib:/home/naveen/bat_robot/install/batrobot_msgs/lib:${LD_LIBRARY_PATH} PYTHONPATH=/home/naveen/bat_robot/install/batrobot_controller/lib/python3.10/site-packages:/home/naveen/bat_robot/install/batrobot_msgs/local/lib/python3.10/dist-packages:${PYTHONPATH} /usr/bin/cmake --build /home/naveen/bat_robot/build/batrobot_alexa -- -j2 -l2
[9.788s] Invoking command in '/home/naveen/bat_robot/build/batrobot_alexa': AMENT_PREFIX_PATH=/home/naveen/bat_robot/install/batrobot_moveit:/home/naveen/bat_robot/install/batrobot_controller:/home/naveen/bat_robot/install/batrobot_msgs:/home/naveen/bat_robot/install/batrobot_description:${AMENT_PREFIX_PATH} CMAKE_PREFIX_PATH=/home/naveen/bat_robot/install/batrobot_moveit:/home/naveen/bat_robot/install/batrobot_controller:/home/naveen/bat_robot/install/batrobot_msgs:/home/naveen/bat_robot/install/batrobot_description:/home/naveen/roarm_ws_em0/install/ros2web_interfaces:/home/naveen/roarm_ws_em0/install/roarm_msgs:/home/naveen/roarm_ws_em0/install/roarm_moveit_ikfast_plugins:/home/naveen/roarm_ws_em0/install/roarm_moveit_cmd:/home/naveen/roarm_ws_em0/install/roarm_moveit:/home/naveen/roarm_ws_em0/install/roarm_description:/home/naveen/roarm_ws_em0/install/moveit_servo:/home/naveen/roarm_ws_em0/install/alexa_integration:/home/naveen/roarm_ws_em0/install/ros2web_widgets:/home/naveen/roarm_ws_em0/install/ros2web_example_py:/home/naveen/roarm_ws_em0/install/roarm_web_app:/home/naveen/roarm_ws_em0/install/ros2web_app:/home/naveen/roarm_ws_em0/install/ros2web:/home/naveen/roarm_ws_em0/install/roarm_driver:/home/naveen/roarm_ws_em0/install/launch_api:/opt/ros/humble LD_LIBRARY_PATH=/home/naveen/bat_robot/install/batrobot_controller/lib:/home/naveen/bat_robot/install/batrobot_msgs/lib:${LD_LIBRARY_PATH} PYTHONPATH=/home/naveen/bat_robot/install/batrobot_controller/lib/python3.10/site-packages:/home/naveen/bat_robot/install/batrobot_msgs/local/lib/python3.10/dist-packages:${PYTHONPATH} /usr/bin/cmake --install /home/naveen/bat_robot/build/batrobot_alexa
[9.881s] -- Install configuration: ""
[9.884s] -- Up-to-date: /home/naveen/bat_robot/install/batrobot_alexa/lib/batrobot_alexa/task_server_node
[9.888s] -- Up-to-date: /home/naveen/bat_robot/install/batrobot_alexa/share/batrobot_alexa/environment/pythonpath.sh
[9.890s] -- Up-to-date: /home/naveen/bat_robot/install/batrobot_alexa/share/batrobot_alexa/environment/pythonpath.dsv
[9.891s] -- Up-to-date: /home/naveen/bat_robot/install/batrobot_alexa/local/lib/python3.10/dist-packages/batrobot_alexa-0.0.0-py3.10.egg-info
[9.900s] -- Installing: /home/naveen/bat_robot/install/batrobot_alexa/local/lib/python3.10/dist-packages/batrobot_alexa-0.0.0-py3.10.egg-info/dependency_links.txt
[9.901s] -- Installing: /home/naveen/bat_robot/install/batrobot_alexa/local/lib/python3.10/dist-packages/batrobot_alexa-0.0.0-py3.10.egg-info/top_level.txt
[9.905s] -- Installing: /home/naveen/bat_robot/install/batrobot_alexa/local/lib/python3.10/dist-packages/batrobot_alexa-0.0.0-py3.10.egg-info/SOURCES.txt
[9.906s] -- Installing: /home/naveen/bat_robot/install/batrobot_alexa/local/lib/python3.10/dist-packages/batrobot_alexa-0.0.0-py3.10.egg-info/PKG-INFO
[9.911s] -- Up-to-date: /home/naveen/bat_robot/install/batrobot_alexa/local/lib/python3.10/dist-packages/batrobot_alexa
[9.912s] -- Up-to-date: /home/naveen/bat_robot/install/batrobot_alexa/local/lib/python3.10/dist-packages/batrobot_alexa/__init__.py
[9.912s] -- Up-to-date: /home/naveen/bat_robot/install/batrobot_alexa/local/lib/python3.10/dist-packages/batrobot_alexa/alexa_interface.py
[10.474s] Listing '/home/naveen/bat_robot/install/batrobot_alexa/local/lib/python3.10/dist-packages/batrobot_alexa'...
[10.541s] -- Up-to-date: /home/naveen/bat_robot/install/batrobot_alexa/share/batrobot_alexa/launch
[10.543s] -- Up-to-date: /home/naveen/bat_robot/install/batrobot_alexa/share/batrobot_alexa/launch/alexa_interface.launch.py
[10.547s] -- Up-to-date: /home/naveen/bat_robot/install/batrobot_alexa/lib/libtask_server.so
[10.555s] -- Up-to-date: /home/naveen/bat_robot/install/batrobot_alexa/lib/batrobot_alexa/alexa_interface.py
[10.556s] -- Up-to-date: /home/naveen/bat_robot/install/batrobot_alexa/share/ament_index/resource_index/package_run_dependencies/batrobot_alexa
[10.561s] -- Up-to-date: /home/naveen/bat_robot/install/batrobot_alexa/share/ament_index/resource_index/parent_prefix_path/batrobot_alexa
[10.561s] -- Up-to-date: /home/naveen/bat_robot/install/batrobot_alexa/share/batrobot_alexa/environment/ament_prefix_path.sh
[10.562s] -- Up-to-date: /home/naveen/bat_robot/install/batrobot_alexa/share/batrobot_alexa/environment/ament_prefix_path.dsv
[10.569s] -- Up-to-date: /home/naveen/bat_robot/install/batrobot_alexa/share/batrobot_alexa/environment/path.sh
[10.569s] -- Up-to-date: /home/naveen/bat_robot/install/batrobot_alexa/share/batrobot_alexa/environment/path.dsv
[10.572s] -- Up-to-date: /home/naveen/bat_robot/install/batrobot_alexa/share/batrobot_alexa/local_setup.bash
[10.576s] -- Up-to-date: /home/naveen/bat_robot/install/batrobot_alexa/share/batrobot_alexa/local_setup.sh
[10.578s] -- Up-to-date: /home/naveen/bat_robot/install/batrobot_alexa/share/batrobot_alexa/local_setup.zsh
[10.579s] -- Up-to-date: /home/naveen/bat_robot/install/batrobot_alexa/share/batrobot_alexa/local_setup.dsv
[10.583s] -- Installing: /home/naveen/bat_robot/install/batrobot_alexa/share/batrobot_alexa/package.dsv
[10.583s] -- Up-to-date: /home/naveen/bat_robot/install/batrobot_alexa/share/ament_index/resource_index/packages/batrobot_alexa
[10.583s] -- Up-to-date: /home/naveen/bat_robot/install/batrobot_alexa/share/ament_index/resource_index/rclcpp_components/batrobot_alexa
[10.584s] -- Up-to-date: /home/naveen/bat_robot/install/batrobot_alexa/share/batrobot_alexa/cmake/batrobot_alexaConfig.cmake
[10.584s] -- Up-to-date: /home/naveen/bat_robot/install/batrobot_alexa/share/batrobot_alexa/cmake/batrobot_alexaConfig-version.cmake
[10.584s] -- Up-to-date: /home/naveen/bat_robot/install/batrobot_alexa/share/batrobot_alexa/package.xml
[10.603s] Invoked command in '/home/naveen/bat_robot/build/batrobot_alexa' returned '0': AMENT_PREFIX_PATH=/home/naveen/bat_robot/install/batrobot_moveit:/home/naveen/bat_robot/install/batrobot_controller:/home/naveen/bat_robot/install/batrobot_msgs:/home/naveen/bat_robot/install/batrobot_description:${AMENT_PREFIX_PATH} CMAKE_PREFIX_PATH=/home/naveen/bat_robot/install/batrobot_moveit:/home/naveen/bat_robot/install/batrobot_controller:/home/naveen/bat_robot/install/batrobot_msgs:/home/naveen/bat_robot/install/batrobot_description:/home/naveen/roarm_ws_em0/install/ros2web_interfaces:/home/naveen/roarm_ws_em0/install/roarm_msgs:/home/naveen/roarm_ws_em0/install/roarm_moveit_ikfast_plugins:/home/naveen/roarm_ws_em0/install/roarm_moveit_cmd:/home/naveen/roarm_ws_em0/install/roarm_moveit:/home/naveen/roarm_ws_em0/install/roarm_description:/home/naveen/roarm_ws_em0/install/moveit_servo:/home/naveen/roarm_ws_em0/install/alexa_integration:/home/naveen/roarm_ws_em0/install/ros2web_widgets:/home/naveen/roarm_ws_em0/install/ros2web_example_py:/home/naveen/roarm_ws_em0/install/roarm_web_app:/home/naveen/roarm_ws_em0/install/ros2web_app:/home/naveen/roarm_ws_em0/install/ros2web:/home/naveen/roarm_ws_em0/install/roarm_driver:/home/naveen/roarm_ws_em0/install/launch_api:/opt/ros/humble LD_LIBRARY_PATH=/home/naveen/bat_robot/install/batrobot_controller/lib:/home/naveen/bat_robot/install/batrobot_msgs/lib:${LD_LIBRARY_PATH} PYTHONPATH=/home/naveen/bat_robot/install/batrobot_controller/lib/python3.10/site-packages:/home/naveen/bat_robot/install/batrobot_msgs/local/lib/python3.10/dist-packages:${PYTHONPATH} /usr/bin/cmake --install /home/naveen/bat_robot/build/batrobot_alexa
