[0.351s] DEBUG:colcon:Command line arguments: ['/usr/bin/colcon', 'build']
[0.351s] DEBUG:colcon:Parsed command line arguments: Namespace(log_base=None, log_level=None, verb_name='build', build_base='build', install_base='install', merge_install=False, symlink_install=False, test_result_base=None, continue_on_error=False, executor='parallel', parallel_workers=2, event_handlers=None, ignore_user_meta=False, metas=['./colcon.meta'], base_paths=['.'], packages_ignore=None, packages_ignore_regex=None, paths=None, packages_up_to=None, packages_up_to_regex=None, packages_above=None, packages_above_and_dependencies=None, packages_above_depth=None, packages_select_by_dep=None, packages_skip_by_dep=None, packages_skip_up_to=None, packages_select_build_failed=False, packages_skip_build_finished=False, packages_select_test_failures=False, packages_skip_test_passed=False, packages_select=None, packages_skip=None, packages_select_regex=None, packages_skip_regex=None, packages_start=None, packages_end=None, allow_overriding=[], cmake_args=None, cmake_target=None, cmake_target_skip_unavailable=False, cmake_clean_cache=False, cmake_clean_first=False, cmake_force_configure=False, ament_cmake_args=None, catkin_cmake_args=None, catkin_skip_building_tests=False, mixin_files=None, mixin=None, verb_parser=<colcon_mixin.mixin.mixin_argument.MixinArgumentDecorator object at 0x7e52c3f675e0>, verb_extension=<colcon_core.verb.build.BuildVerb object at 0x7e52c3f66e60>, main=<bound method BuildVerb.main of <colcon_core.verb.build.BuildVerb object at 0x7e52c3f66e60>>, mixin_verb=('build',))
[0.908s] Level 1:colcon.colcon_core.package_discovery:discover_packages(colcon_meta) check parameters
[0.908s] Level 1:colcon.colcon_core.package_discovery:discover_packages(recursive) check parameters
[0.908s] Level 1:colcon.colcon_core.package_discovery:discover_packages(ignore) check parameters
[0.908s] Level 1:colcon.colcon_core.package_discovery:discover_packages(path) check parameters
[0.909s] Level 1:colcon.colcon_core.package_discovery:discover_packages(colcon_meta) discover
[0.909s] Level 1:colcon.colcon_core.package_discovery:discover_packages(recursive) discover
[0.909s] INFO:colcon.colcon_core.package_discovery:Crawling recursively for packages in '/home/naveen/bat_robot'
[0.909s] Level 1:colcon.colcon_core.package_identification:_identify(.) by extensions ['ignore', 'ignore_ament_install']
[0.909s] Level 1:colcon.colcon_core.package_identification:_identify(.) by extension 'ignore'
[0.910s] Level 1:colcon.colcon_core.package_identification:_identify(.) by extension 'ignore_ament_install'
[0.910s] Level 1:colcon.colcon_core.package_identification:_identify(.) by extensions ['colcon_pkg']
[0.910s] Level 1:colcon.colcon_core.package_identification:_identify(.) by extension 'colcon_pkg'
[0.910s] Level 1:colcon.colcon_core.package_identification:_identify(.) by extensions ['colcon_meta']
[0.910s] Level 1:colcon.colcon_core.package_identification:_identify(.) by extension 'colcon_meta'
[0.910s] Level 1:colcon.colcon_core.package_identification:_identify(.) by extensions ['ros']
[0.910s] Level 1:colcon.colcon_core.package_identification:_identify(.) by extension 'ros'
[0.949s] Level 1:colcon.colcon_core.package_identification:_identify(.) by extensions ['cmake', 'python']
[0.949s] Level 1:colcon.colcon_core.package_identification:_identify(.) by extension 'cmake'
[0.950s] Level 1:colcon.colcon_core.package_identification:_identify(.) by extension 'python'
[0.950s] Level 1:colcon.colcon_core.package_identification:_identify(.) by extensions ['python_setup_py']
[0.950s] Level 1:colcon.colcon_core.package_identification:_identify(.) by extension 'python_setup_py'
[0.950s] Level 1:colcon.colcon_core.package_identification:_identify(build) by extensions ['ignore', 'ignore_ament_install']
[0.951s] Level 1:colcon.colcon_core.package_identification:_identify(build) by extension 'ignore'
[0.951s] Level 1:colcon.colcon_core.package_identification:_identify(build) ignored
[0.952s] Level 1:colcon.colcon_core.package_identification:_identify(install) by extensions ['ignore', 'ignore_ament_install']
[0.952s] Level 1:colcon.colcon_core.package_identification:_identify(install) by extension 'ignore'
[0.953s] Level 1:colcon.colcon_core.package_identification:_identify(install) ignored
[0.954s] Level 1:colcon.colcon_core.package_identification:_identify(log) by extensions ['ignore', 'ignore_ament_install']
[0.954s] Level 1:colcon.colcon_core.package_identification:_identify(log) by extension 'ignore'
[0.954s] Level 1:colcon.colcon_core.package_identification:_identify(log) ignored
[0.955s] Level 1:colcon.colcon_core.package_identification:_identify(src) by extensions ['ignore', 'ignore_ament_install']
[0.955s] Level 1:colcon.colcon_core.package_identification:_identify(src) by extension 'ignore'
[0.955s] Level 1:colcon.colcon_core.package_identification:_identify(src) by extension 'ignore_ament_install'
[0.956s] Level 1:colcon.colcon_core.package_identification:_identify(src) by extensions ['colcon_pkg']
[0.956s] Level 1:colcon.colcon_core.package_identification:_identify(src) by extension 'colcon_pkg'
[0.956s] Level 1:colcon.colcon_core.package_identification:_identify(src) by extensions ['colcon_meta']
[0.956s] Level 1:colcon.colcon_core.package_identification:_identify(src) by extension 'colcon_meta'
[0.956s] Level 1:colcon.colcon_core.package_identification:_identify(src) by extensions ['ros']
[0.956s] Level 1:colcon.colcon_core.package_identification:_identify(src) by extension 'ros'
[0.956s] Level 1:colcon.colcon_core.package_identification:_identify(src) by extensions ['cmake', 'python']
[0.956s] Level 1:colcon.colcon_core.package_identification:_identify(src) by extension 'cmake'
[0.957s] Level 1:colcon.colcon_core.package_identification:_identify(src) by extension 'python'
[0.957s] Level 1:colcon.colcon_core.package_identification:_identify(src) by extensions ['python_setup_py']
[0.957s] Level 1:colcon.colcon_core.package_identification:_identify(src) by extension 'python_setup_py'
[0.957s] Level 1:colcon.colcon_core.package_identification:_identify(src/batrobot_description) by extensions ['ignore', 'ignore_ament_install']
[0.958s] Level 1:colcon.colcon_core.package_identification:_identify(src/batrobot_description) by extension 'ignore'
[0.958s] Level 1:colcon.colcon_core.package_identification:_identify(src/batrobot_description) by extension 'ignore_ament_install'
[0.958s] Level 1:colcon.colcon_core.package_identification:_identify(src/batrobot_description) by extensions ['colcon_pkg']
[0.958s] Level 1:colcon.colcon_core.package_identification:_identify(src/batrobot_description) by extension 'colcon_pkg'
[0.958s] Level 1:colcon.colcon_core.package_identification:_identify(src/batrobot_description) by extensions ['colcon_meta']
[0.959s] Level 1:colcon.colcon_core.package_identification:_identify(src/batrobot_description) by extension 'colcon_meta'
[0.959s] Level 1:colcon.colcon_core.package_identification:_identify(src/batrobot_description) by extensions ['ros']
[0.959s] Level 1:colcon.colcon_core.package_identification:_identify(src/batrobot_description) by extension 'ros'
[0.967s] DEBUG:colcon.colcon_core.package_identification:Package 'src/batrobot_description' with type 'ros.ament_cmake' and name 'batrobot_description'
[0.967s] Level 1:colcon.colcon_core.package_discovery:discover_packages(recursive) using defaults
[0.967s] Level 1:colcon.colcon_core.package_discovery:discover_packages(ignore) discover
[0.967s] Level 1:colcon.colcon_core.package_discovery:discover_packages(ignore) using defaults
[0.968s] Level 1:colcon.colcon_core.package_discovery:discover_packages(path) discover
[0.968s] Level 1:colcon.colcon_core.package_discovery:discover_packages(path) using defaults
[1.127s] Level 1:colcon.colcon_core.package_discovery:discover_packages(prefix_path) check parameters
[1.128s] Level 1:colcon.colcon_core.package_discovery:discover_packages(prefix_path) discover
[1.138s] DEBUG:colcon.colcon_installed_package_information.package_discovery:Found 15 installed packages in /home/naveen/roarm_ws_em0/install
[1.148s] DEBUG:colcon.colcon_installed_package_information.package_discovery:Found 386 installed packages in /opt/ros/humble
[1.155s] Level 1:colcon.colcon_core.package_discovery:discover_packages(prefix_path) using defaults
[1.420s] Level 5:colcon.colcon_core.verb:set package 'batrobot_description' build argument 'cmake_args' from command line to 'None'
[1.420s] Level 5:colcon.colcon_core.verb:set package 'batrobot_description' build argument 'cmake_target' from command line to 'None'
[1.420s] Level 5:colcon.colcon_core.verb:set package 'batrobot_description' build argument 'cmake_target_skip_unavailable' from command line to 'False'
[1.420s] Level 5:colcon.colcon_core.verb:set package 'batrobot_description' build argument 'cmake_clean_cache' from command line to 'False'
[1.420s] Level 5:colcon.colcon_core.verb:set package 'batrobot_description' build argument 'cmake_clean_first' from command line to 'False'
[1.420s] Level 5:colcon.colcon_core.verb:set package 'batrobot_description' build argument 'cmake_force_configure' from command line to 'False'
[1.420s] Level 5:colcon.colcon_core.verb:set package 'batrobot_description' build argument 'ament_cmake_args' from command line to 'None'
[1.421s] Level 5:colcon.colcon_core.verb:set package 'batrobot_description' build argument 'catkin_cmake_args' from command line to 'None'
[1.421s] Level 5:colcon.colcon_core.verb:set package 'batrobot_description' build argument 'catkin_skip_building_tests' from command line to 'False'
[1.421s] DEBUG:colcon.colcon_core.verb:Building package 'batrobot_description' with the following arguments: {'ament_cmake_args': None, 'build_base': '/home/naveen/bat_robot/build/batrobot_description', 'catkin_cmake_args': None, 'catkin_skip_building_tests': False, 'cmake_args': None, 'cmake_clean_cache': False, 'cmake_clean_first': False, 'cmake_force_configure': False, 'cmake_target': None, 'cmake_target_skip_unavailable': False, 'install_base': '/home/naveen/bat_robot/install/batrobot_description', 'merge_install': False, 'path': '/home/naveen/bat_robot/src/batrobot_description', 'symlink_install': False, 'test_result_base': None}
[1.423s] INFO:colcon.colcon_core.executor:Executing jobs using 'parallel' executor
[1.432s] DEBUG:colcon.colcon_parallel_executor.executor.parallel:run_until_complete
[1.433s] INFO:colcon.colcon_ros.task.ament_cmake.build:Building ROS package in '/home/naveen/bat_robot/src/batrobot_description' with build type 'ament_cmake'
[1.435s] INFO:colcon.colcon_cmake.task.cmake.build:Building CMake package in '/home/naveen/bat_robot/src/batrobot_description'
[1.454s] INFO:colcon.colcon_core.plugin_system:Skipping extension 'colcon_core.shell.bat': Not used on non-Windows systems
[1.455s] INFO:colcon.colcon_core.shell:Skip shell extension 'powershell' for command environment: Not usable outside of PowerShell
[1.455s] DEBUG:colcon.colcon_core.shell:Skip shell extension 'dsv' for command environment
[1.519s] DEBUG:colcon.colcon_core.event_handler.log_command:Invoking command in '/home/naveen/bat_robot/build/batrobot_description': CMAKE_PREFIX_PATH=${CMAKE_PREFIX_PATH}:/home/naveen/roarm_ws_em0/install/ros2web_widgets:/home/naveen/roarm_ws_em0/install/ros2web_example_py:/home/naveen/roarm_ws_em0/install/roarm_web_app:/home/naveen/roarm_ws_em0/install/ros2web_app:/home/naveen/roarm_ws_em0/install/ros2web:/home/naveen/roarm_ws_em0/install/roarm_driver:/home/naveen/roarm_ws_em0/install/launch_api:/opt/ros/humble /usr/bin/cmake --build /home/naveen/bat_robot/build/batrobot_description -- -j2 -l2
[1.804s] DEBUG:colcon.colcon_core.event_handler.log_command:Invoked command in '/home/naveen/bat_robot/build/batrobot_description' returned '0': CMAKE_PREFIX_PATH=${CMAKE_PREFIX_PATH}:/home/naveen/roarm_ws_em0/install/ros2web_widgets:/home/naveen/roarm_ws_em0/install/ros2web_example_py:/home/naveen/roarm_ws_em0/install/roarm_web_app:/home/naveen/roarm_ws_em0/install/ros2web_app:/home/naveen/roarm_ws_em0/install/ros2web:/home/naveen/roarm_ws_em0/install/roarm_driver:/home/naveen/roarm_ws_em0/install/launch_api:/opt/ros/humble /usr/bin/cmake --build /home/naveen/bat_robot/build/batrobot_description -- -j2 -l2
[1.860s] DEBUG:colcon.colcon_core.event_handler.log_command:Invoking command in '/home/naveen/bat_robot/build/batrobot_description': CMAKE_PREFIX_PATH=${CMAKE_PREFIX_PATH}:/home/naveen/roarm_ws_em0/install/ros2web_widgets:/home/naveen/roarm_ws_em0/install/ros2web_example_py:/home/naveen/roarm_ws_em0/install/roarm_web_app:/home/naveen/roarm_ws_em0/install/ros2web_app:/home/naveen/roarm_ws_em0/install/ros2web:/home/naveen/roarm_ws_em0/install/roarm_driver:/home/naveen/roarm_ws_em0/install/launch_api:/opt/ros/humble /usr/bin/cmake --install /home/naveen/bat_robot/build/batrobot_description
[1.945s] Level 1:colcon.colcon_core.environment:create_environment_scripts_only(batrobot_description)
[1.948s] DEBUG:colcon.colcon_core.event_handler.log_command:Invoked command in '/home/naveen/bat_robot/build/batrobot_description' returned '0': CMAKE_PREFIX_PATH=${CMAKE_PREFIX_PATH}:/home/naveen/roarm_ws_em0/install/ros2web_widgets:/home/naveen/roarm_ws_em0/install/ros2web_example_py:/home/naveen/roarm_ws_em0/install/roarm_web_app:/home/naveen/roarm_ws_em0/install/ros2web_app:/home/naveen/roarm_ws_em0/install/ros2web:/home/naveen/roarm_ws_em0/install/roarm_driver:/home/naveen/roarm_ws_em0/install/launch_api:/opt/ros/humble /usr/bin/cmake --install /home/naveen/bat_robot/build/batrobot_description
[1.972s] Level 1:colcon.colcon_core.environment:checking '/home/naveen/bat_robot/install/batrobot_description' for CMake module files
[1.977s] Level 1:colcon.colcon_core.environment:checking '/home/naveen/bat_robot/install/batrobot_description' for CMake config files
[1.980s] Level 1:colcon.colcon_core.shell:create_environment_hook('batrobot_description', 'cmake_prefix_path')
[1.981s] INFO:colcon.colcon_core.shell:Creating environment hook '/home/naveen/bat_robot/install/batrobot_description/share/batrobot_description/hook/cmake_prefix_path.ps1'
[1.988s] INFO:colcon.colcon_core.shell:Creating environment descriptor '/home/naveen/bat_robot/install/batrobot_description/share/batrobot_description/hook/cmake_prefix_path.dsv'
[1.994s] INFO:colcon.colcon_core.shell:Creating environment hook '/home/naveen/bat_robot/install/batrobot_description/share/batrobot_description/hook/cmake_prefix_path.sh'
[2.004s] Level 1:colcon.colcon_core.environment:checking '/home/naveen/bat_robot/install/batrobot_description/bin'
[2.005s] Level 1:colcon.colcon_core.environment:checking '/home/naveen/bat_robot/install/batrobot_description/lib/pkgconfig/batrobot_description.pc'
[2.005s] Level 1:colcon.colcon_core.environment:checking '/home/naveen/bat_robot/install/batrobot_description/lib/python3.10/site-packages'
[2.008s] Level 1:colcon.colcon_core.environment:checking '/home/naveen/bat_robot/install/batrobot_description/bin'
[2.009s] INFO:colcon.colcon_core.shell:Creating package script '/home/naveen/bat_robot/install/batrobot_description/share/batrobot_description/package.ps1'
[2.015s] INFO:colcon.colcon_core.shell:Creating package descriptor '/home/naveen/bat_robot/install/batrobot_description/share/batrobot_description/package.dsv'
[2.019s] INFO:colcon.colcon_core.shell:Creating package script '/home/naveen/bat_robot/install/batrobot_description/share/batrobot_description/package.sh'
[2.026s] INFO:colcon.colcon_core.shell:Creating package script '/home/naveen/bat_robot/install/batrobot_description/share/batrobot_description/package.bash'
[2.032s] INFO:colcon.colcon_core.shell:Creating package script '/home/naveen/bat_robot/install/batrobot_description/share/batrobot_description/package.zsh'
[2.036s] Level 1:colcon.colcon_core.environment:create_file_with_runtime_dependencies(/home/naveen/bat_robot/install/batrobot_description/share/colcon-core/packages/batrobot_description)
[2.039s] Level 1:colcon.colcon_core.environment:create_environment_scripts_only(batrobot_description)
[2.042s] Level 1:colcon.colcon_core.environment:checking '/home/naveen/bat_robot/install/batrobot_description' for CMake module files
[2.046s] Level 1:colcon.colcon_core.environment:checking '/home/naveen/bat_robot/install/batrobot_description' for CMake config files
[2.047s] Level 1:colcon.colcon_core.shell:create_environment_hook('batrobot_description', 'cmake_prefix_path')
[2.048s] INFO:colcon.colcon_core.shell:Creating environment hook '/home/naveen/bat_robot/install/batrobot_description/share/batrobot_description/hook/cmake_prefix_path.ps1'
[2.050s] INFO:colcon.colcon_core.shell:Creating environment descriptor '/home/naveen/bat_robot/install/batrobot_description/share/batrobot_description/hook/cmake_prefix_path.dsv'
[2.052s] INFO:colcon.colcon_core.shell:Creating environment hook '/home/naveen/bat_robot/install/batrobot_description/share/batrobot_description/hook/cmake_prefix_path.sh'
[2.055s] Level 1:colcon.colcon_core.environment:checking '/home/naveen/bat_robot/install/batrobot_description/bin'
[2.055s] Level 1:colcon.colcon_core.environment:checking '/home/naveen/bat_robot/install/batrobot_description/lib/pkgconfig/batrobot_description.pc'
[2.056s] Level 1:colcon.colcon_core.environment:checking '/home/naveen/bat_robot/install/batrobot_description/lib/python3.10/site-packages'
[2.059s] Level 1:colcon.colcon_core.environment:checking '/home/naveen/bat_robot/install/batrobot_description/bin'
[2.062s] INFO:colcon.colcon_core.shell:Creating package script '/home/naveen/bat_robot/install/batrobot_description/share/batrobot_description/package.ps1'
[2.065s] INFO:colcon.colcon_core.shell:Creating package descriptor '/home/naveen/bat_robot/install/batrobot_description/share/batrobot_description/package.dsv'
[2.069s] INFO:colcon.colcon_core.shell:Creating package script '/home/naveen/bat_robot/install/batrobot_description/share/batrobot_description/package.sh'
[2.073s] INFO:colcon.colcon_core.shell:Creating package script '/home/naveen/bat_robot/install/batrobot_description/share/batrobot_description/package.bash'
[2.075s] INFO:colcon.colcon_core.shell:Creating package script '/home/naveen/bat_robot/install/batrobot_description/share/batrobot_description/package.zsh'
[2.078s] Level 1:colcon.colcon_core.environment:create_file_with_runtime_dependencies(/home/naveen/bat_robot/install/batrobot_description/share/colcon-core/packages/batrobot_description)
[2.079s] DEBUG:colcon.colcon_parallel_executor.executor.parallel:closing loop
[2.080s] DEBUG:colcon.colcon_parallel_executor.executor.parallel:loop closed
[2.082s] DEBUG:colcon.colcon_parallel_executor.executor.parallel:run_until_complete finished with '0'
[2.083s] DEBUG:colcon.colcon_core.event_reactor:joining thread
[2.107s] INFO:colcon.colcon_core.plugin_system:Skipping extension 'colcon_notification.desktop_notification.terminal_notifier': Not used on non-Darwin systems
[2.107s] INFO:colcon.colcon_core.plugin_system:Skipping extension 'colcon_notification.desktop_notification.win32': Not used on non-Windows systems
[2.107s] INFO:colcon.colcon_notification.desktop_notification:Sending desktop notification using 'notify2'
[2.168s] DEBUG:colcon.colcon_core.event_reactor:joined thread
[2.170s] INFO:colcon.colcon_core.shell:Creating prefix script '/home/naveen/bat_robot/install/local_setup.ps1'
[2.174s] INFO:colcon.colcon_core.shell:Creating prefix util module '/home/naveen/bat_robot/install/_local_setup_util_ps1.py'
[2.180s] INFO:colcon.colcon_core.shell:Creating prefix chain script '/home/naveen/bat_robot/install/setup.ps1'
[2.186s] INFO:colcon.colcon_core.shell:Creating prefix script '/home/naveen/bat_robot/install/local_setup.sh'
[2.189s] INFO:colcon.colcon_core.shell:Creating prefix util module '/home/naveen/bat_robot/install/_local_setup_util_sh.py'
[2.192s] INFO:colcon.colcon_core.shell:Creating prefix chain script '/home/naveen/bat_robot/install/setup.sh'
[2.202s] INFO:colcon.colcon_core.shell:Creating prefix script '/home/naveen/bat_robot/install/local_setup.bash'
[2.205s] INFO:colcon.colcon_core.shell:Creating prefix chain script '/home/naveen/bat_robot/install/setup.bash'
[2.211s] INFO:colcon.colcon_core.shell:Creating prefix script '/home/naveen/bat_robot/install/local_setup.zsh'
[2.216s] INFO:colcon.colcon_core.shell:Creating prefix chain script '/home/naveen/bat_robot/install/setup.zsh'
