[0.209s] Invoking command in '/home/naveen/bat_robot/build/batrobot_alexa': AMENT_PREFIX_PATH=/home/naveen/bat_robot/install/batrobot_moveit:/home/naveen/bat_robot/install/batrobot_controller:/home/naveen/bat_robot/install/batrobot_msgs:/home/naveen/bat_robot/install/batrobot_description:${AMENT_PREFIX_PATH} CMAKE_PREFIX_PATH=/home/naveen/bat_robot/install/batrobot_moveit:/home/naveen/bat_robot/install/batrobot_controller:/home/naveen/bat_robot/install/batrobot_msgs:/home/naveen/bat_robot/install/batrobot_description:/home/naveen/roarm_ws_em0/install/ros2web_interfaces:/home/naveen/roarm_ws_em0/install/roarm_msgs:/home/naveen/roarm_ws_em0/install/roarm_moveit_ikfast_plugins:/home/naveen/roarm_ws_em0/install/roarm_moveit_cmd:/home/naveen/roarm_ws_em0/install/roarm_moveit:/home/naveen/roarm_ws_em0/install/roarm_description:/home/naveen/roarm_ws_em0/install/moveit_servo:/home/naveen/roarm_ws_em0/install/alexa_integration:/home/naveen/roarm_ws_em0/install/ros2web_widgets:/home/naveen/roarm_ws_em0/install/ros2web_example_py:/home/naveen/roarm_ws_em0/install/roarm_web_app:/home/naveen/roarm_ws_em0/install/ros2web_app:/home/naveen/roarm_ws_em0/install/ros2web:/home/naveen/roarm_ws_em0/install/roarm_driver:/home/naveen/roarm_ws_em0/install/launch_api:/opt/ros/humble LD_LIBRARY_PATH=/home/naveen/bat_robot/install/batrobot_controller/lib:/home/naveen/bat_robot/install/batrobot_msgs/lib:${LD_LIBRARY_PATH} PYTHONPATH=/home/naveen/bat_robot/install/batrobot_controller/lib/python3.10/site-packages:/home/naveen/bat_robot/install/batrobot_msgs/local/lib/python3.10/dist-packages:${PYTHONPATH} /usr/bin/cmake --build /home/naveen/bat_robot/build/batrobot_alexa -- -j2 -l2
[1.098s] [ 50%] Built target task_server
[1.464s] [100%] Built target task_server_node
[1.857s] [100%] Built target ament_cmake_python_copy_batrobot_alexa
[5.779s] running egg_info
[5.791s] writing batrobot_alexa.egg-info/PKG-INFO
[5.793s] writing dependency_links to batrobot_alexa.egg-info/dependency_links.txt
[5.803s] writing top-level names to batrobot_alexa.egg-info/top_level.txt
[5.830s] reading manifest file 'batrobot_alexa.egg-info/SOURCES.txt'
[5.838s] writing manifest file 'batrobot_alexa.egg-info/SOURCES.txt'
[6.159s] [100%] Built target ament_cmake_python_build_batrobot_alexa_egg
[6.287s] Invoked command in '/home/naveen/bat_robot/build/batrobot_alexa' returned '0': AMENT_PREFIX_PATH=/home/naveen/bat_robot/install/batrobot_moveit:/home/naveen/bat_robot/install/batrobot_controller:/home/naveen/bat_robot/install/batrobot_msgs:/home/naveen/bat_robot/install/batrobot_description:${AMENT_PREFIX_PATH} CMAKE_PREFIX_PATH=/home/naveen/bat_robot/install/batrobot_moveit:/home/naveen/bat_robot/install/batrobot_controller:/home/naveen/bat_robot/install/batrobot_msgs:/home/naveen/bat_robot/install/batrobot_description:/home/naveen/roarm_ws_em0/install/ros2web_interfaces:/home/naveen/roarm_ws_em0/install/roarm_msgs:/home/naveen/roarm_ws_em0/install/roarm_moveit_ikfast_plugins:/home/naveen/roarm_ws_em0/install/roarm_moveit_cmd:/home/naveen/roarm_ws_em0/install/roarm_moveit:/home/naveen/roarm_ws_em0/install/roarm_description:/home/naveen/roarm_ws_em0/install/moveit_servo:/home/naveen/roarm_ws_em0/install/alexa_integration:/home/naveen/roarm_ws_em0/install/ros2web_widgets:/home/naveen/roarm_ws_em0/install/ros2web_example_py:/home/naveen/roarm_ws_em0/install/roarm_web_app:/home/naveen/roarm_ws_em0/install/ros2web_app:/home/naveen/roarm_ws_em0/install/ros2web:/home/naveen/roarm_ws_em0/install/roarm_driver:/home/naveen/roarm_ws_em0/install/launch_api:/opt/ros/humble LD_LIBRARY_PATH=/home/naveen/bat_robot/install/batrobot_controller/lib:/home/naveen/bat_robot/install/batrobot_msgs/lib:${LD_LIBRARY_PATH} PYTHONPATH=/home/naveen/bat_robot/install/batrobot_controller/lib/python3.10/site-packages:/home/naveen/bat_robot/install/batrobot_msgs/local/lib/python3.10/dist-packages:${PYTHONPATH} /usr/bin/cmake --build /home/naveen/bat_robot/build/batrobot_alexa -- -j2 -l2
[6.308s] Invoking command in '/home/naveen/bat_robot/build/batrobot_alexa': AMENT_PREFIX_PATH=/home/naveen/bat_robot/install/batrobot_moveit:/home/naveen/bat_robot/install/batrobot_controller:/home/naveen/bat_robot/install/batrobot_msgs:/home/naveen/bat_robot/install/batrobot_description:${AMENT_PREFIX_PATH} CMAKE_PREFIX_PATH=/home/naveen/bat_robot/install/batrobot_moveit:/home/naveen/bat_robot/install/batrobot_controller:/home/naveen/bat_robot/install/batrobot_msgs:/home/naveen/bat_robot/install/batrobot_description:/home/naveen/roarm_ws_em0/install/ros2web_interfaces:/home/naveen/roarm_ws_em0/install/roarm_msgs:/home/naveen/roarm_ws_em0/install/roarm_moveit_ikfast_plugins:/home/naveen/roarm_ws_em0/install/roarm_moveit_cmd:/home/naveen/roarm_ws_em0/install/roarm_moveit:/home/naveen/roarm_ws_em0/install/roarm_description:/home/naveen/roarm_ws_em0/install/moveit_servo:/home/naveen/roarm_ws_em0/install/alexa_integration:/home/naveen/roarm_ws_em0/install/ros2web_widgets:/home/naveen/roarm_ws_em0/install/ros2web_example_py:/home/naveen/roarm_ws_em0/install/roarm_web_app:/home/naveen/roarm_ws_em0/install/ros2web_app:/home/naveen/roarm_ws_em0/install/ros2web:/home/naveen/roarm_ws_em0/install/roarm_driver:/home/naveen/roarm_ws_em0/install/launch_api:/opt/ros/humble LD_LIBRARY_PATH=/home/naveen/bat_robot/install/batrobot_controller/lib:/home/naveen/bat_robot/install/batrobot_msgs/lib:${LD_LIBRARY_PATH} PYTHONPATH=/home/naveen/bat_robot/install/batrobot_controller/lib/python3.10/site-packages:/home/naveen/bat_robot/install/batrobot_msgs/local/lib/python3.10/dist-packages:${PYTHONPATH} /usr/bin/cmake --install /home/naveen/bat_robot/build/batrobot_alexa
[6.359s] -- Install configuration: ""
[6.368s] -- Up-to-date: /home/naveen/bat_robot/install/batrobot_alexa/lib/batrobot_alexa/task_server_node
[6.368s] -- Up-to-date: /home/naveen/bat_robot/install/batrobot_alexa/share/batrobot_alexa/environment/pythonpath.sh
[6.368s] -- Up-to-date: /home/naveen/bat_robot/install/batrobot_alexa/share/batrobot_alexa/environment/pythonpath.dsv
[6.369s] -- Up-to-date: /home/naveen/bat_robot/install/batrobot_alexa/local/lib/python3.10/dist-packages/batrobot_alexa-0.0.0-py3.10.egg-info
[6.374s] -- Installing: /home/naveen/bat_robot/install/batrobot_alexa/local/lib/python3.10/dist-packages/batrobot_alexa-0.0.0-py3.10.egg-info/dependency_links.txt
[6.375s] -- Installing: /home/naveen/bat_robot/install/batrobot_alexa/local/lib/python3.10/dist-packages/batrobot_alexa-0.0.0-py3.10.egg-info/top_level.txt
[6.375s] -- Installing: /home/naveen/bat_robot/install/batrobot_alexa/local/lib/python3.10/dist-packages/batrobot_alexa-0.0.0-py3.10.egg-info/SOURCES.txt
[6.375s] -- Installing: /home/naveen/bat_robot/install/batrobot_alexa/local/lib/python3.10/dist-packages/batrobot_alexa-0.0.0-py3.10.egg-info/PKG-INFO
[6.375s] -- Up-to-date: /home/naveen/bat_robot/install/batrobot_alexa/local/lib/python3.10/dist-packages/batrobot_alexa
[6.376s] -- Up-to-date: /home/naveen/bat_robot/install/batrobot_alexa/local/lib/python3.10/dist-packages/batrobot_alexa/__init__.py
[6.386s] -- Up-to-date: /home/naveen/bat_robot/install/batrobot_alexa/local/lib/python3.10/dist-packages/batrobot_alexa/alexa_interface.py
[6.834s] Listing '/home/naveen/bat_robot/install/batrobot_alexa/local/lib/python3.10/dist-packages/batrobot_alexa'...
[6.900s] -- Up-to-date: /home/naveen/bat_robot/install/batrobot_alexa/share/batrobot_alexa/launch
[6.900s] -- Up-to-date: /home/naveen/bat_robot/install/batrobot_alexa/share/batrobot_alexa/launch/alexa_interface.launch.py
[6.909s] -- Up-to-date: /home/naveen/bat_robot/install/batrobot_alexa/lib/libtask_server.so
[6.910s] -- Up-to-date: /home/naveen/bat_robot/install/batrobot_alexa/lib/batrobot_alexa/alexa_interface.py
[6.910s] -- Up-to-date: /home/naveen/bat_robot/install/batrobot_alexa/share/ament_index/resource_index/package_run_dependencies/batrobot_alexa
[6.910s] -- Up-to-date: /home/naveen/bat_robot/install/batrobot_alexa/share/ament_index/resource_index/parent_prefix_path/batrobot_alexa
[6.917s] -- Up-to-date: /home/naveen/bat_robot/install/batrobot_alexa/share/batrobot_alexa/environment/ament_prefix_path.sh
[6.918s] -- Up-to-date: /home/naveen/bat_robot/install/batrobot_alexa/share/batrobot_alexa/environment/ament_prefix_path.dsv
[6.918s] -- Up-to-date: /home/naveen/bat_robot/install/batrobot_alexa/share/batrobot_alexa/environment/path.sh
[6.918s] -- Up-to-date: /home/naveen/bat_robot/install/batrobot_alexa/share/batrobot_alexa/environment/path.dsv
[6.929s] -- Up-to-date: /home/naveen/bat_robot/install/batrobot_alexa/share/batrobot_alexa/local_setup.bash
[6.929s] -- Up-to-date: /home/naveen/bat_robot/install/batrobot_alexa/share/batrobot_alexa/local_setup.sh
[6.930s] -- Up-to-date: /home/naveen/bat_robot/install/batrobot_alexa/share/batrobot_alexa/local_setup.zsh
[6.930s] -- Up-to-date: /home/naveen/bat_robot/install/batrobot_alexa/share/batrobot_alexa/local_setup.dsv
[6.930s] -- Installing: /home/naveen/bat_robot/install/batrobot_alexa/share/batrobot_alexa/package.dsv
[6.930s] -- Up-to-date: /home/naveen/bat_robot/install/batrobot_alexa/share/ament_index/resource_index/packages/batrobot_alexa
[6.943s] -- Up-to-date: /home/naveen/bat_robot/install/batrobot_alexa/share/ament_index/resource_index/rclcpp_components/batrobot_alexa
[6.944s] -- Up-to-date: /home/naveen/bat_robot/install/batrobot_alexa/share/batrobot_alexa/cmake/batrobot_alexaConfig.cmake
[6.944s] -- Up-to-date: /home/naveen/bat_robot/install/batrobot_alexa/share/batrobot_alexa/cmake/batrobot_alexaConfig-version.cmake
[6.945s] -- Up-to-date: /home/naveen/bat_robot/install/batrobot_alexa/share/batrobot_alexa/package.xml
[6.961s] Invoked command in '/home/naveen/bat_robot/build/batrobot_alexa' returned '0': AMENT_PREFIX_PATH=/home/naveen/bat_robot/install/batrobot_moveit:/home/naveen/bat_robot/install/batrobot_controller:/home/naveen/bat_robot/install/batrobot_msgs:/home/naveen/bat_robot/install/batrobot_description:${AMENT_PREFIX_PATH} CMAKE_PREFIX_PATH=/home/naveen/bat_robot/install/batrobot_moveit:/home/naveen/bat_robot/install/batrobot_controller:/home/naveen/bat_robot/install/batrobot_msgs:/home/naveen/bat_robot/install/batrobot_description:/home/naveen/roarm_ws_em0/install/ros2web_interfaces:/home/naveen/roarm_ws_em0/install/roarm_msgs:/home/naveen/roarm_ws_em0/install/roarm_moveit_ikfast_plugins:/home/naveen/roarm_ws_em0/install/roarm_moveit_cmd:/home/naveen/roarm_ws_em0/install/roarm_moveit:/home/naveen/roarm_ws_em0/install/roarm_description:/home/naveen/roarm_ws_em0/install/moveit_servo:/home/naveen/roarm_ws_em0/install/alexa_integration:/home/naveen/roarm_ws_em0/install/ros2web_widgets:/home/naveen/roarm_ws_em0/install/ros2web_example_py:/home/naveen/roarm_ws_em0/install/roarm_web_app:/home/naveen/roarm_ws_em0/install/ros2web_app:/home/naveen/roarm_ws_em0/install/ros2web:/home/naveen/roarm_ws_em0/install/roarm_driver:/home/naveen/roarm_ws_em0/install/launch_api:/opt/ros/humble LD_LIBRARY_PATH=/home/naveen/bat_robot/install/batrobot_controller/lib:/home/naveen/bat_robot/install/batrobot_msgs/lib:${LD_LIBRARY_PATH} PYTHONPATH=/home/naveen/bat_robot/install/batrobot_controller/lib/python3.10/site-packages:/home/naveen/bat_robot/install/batrobot_msgs/local/lib/python3.10/dist-packages:${PYTHONPATH} /usr/bin/cmake --install /home/naveen/bat_robot/build/batrobot_alexa
