[0.044s] Invoking command in '/home/naveen/bat_robot/build/batrobot_firmware': CMAKE_PREFIX_PATH=${CMAKE_PREFIX_PATH}:/home/naveen/roarm_ws_em0/install/ros2web_widgets:/home/naveen/roarm_ws_em0/install/ros2web_example_py:/home/naveen/roarm_ws_em0/install/roarm_web_app:/home/naveen/roarm_ws_em0/install/ros2web_app:/home/naveen/roarm_ws_em0/install/ros2web:/home/naveen/roarm_ws_em0/install/roarm_driver:/home/naveen/roarm_ws_em0/install/launch_api:/opt/ros/humble /usr/bin/cmake --build /home/naveen/bat_robot/build/batrobot_firmware -- -j2 -l2
[0.264s] Built target ament_cmake_python_copy_batrobot_firmware
[1.414s] running egg_info
[1.414s] writing batrobot_firmware.egg-info/PKG-INFO
[1.414s] writing dependency_links to batrobot_firmware.egg-info/dependency_links.txt
[1.421s] writing top-level names to batrobot_firmware.egg-info/top_level.txt
[1.431s] reading manifest file 'batrobot_firmware.egg-info/SOURCES.txt'
[1.435s] writing manifest file 'batrobot_firmware.egg-info/SOURCES.txt'
[1.547s] Built target ament_cmake_python_build_batrobot_firmware_egg
[1.585s] Invoked command in '/home/naveen/bat_robot/build/batrobot_firmware' returned '0': CMAKE_PREFIX_PATH=${CMAKE_PREFIX_PATH}:/home/naveen/roarm_ws_em0/install/ros2web_widgets:/home/naveen/roarm_ws_em0/install/ros2web_example_py:/home/naveen/roarm_ws_em0/install/roarm_web_app:/home/naveen/roarm_ws_em0/install/ros2web_app:/home/naveen/roarm_ws_em0/install/ros2web:/home/naveen/roarm_ws_em0/install/roarm_driver:/home/naveen/roarm_ws_em0/install/launch_api:/opt/ros/humble /usr/bin/cmake --build /home/naveen/bat_robot/build/batrobot_firmware -- -j2 -l2
[1.597s] Invoking command in '/home/naveen/bat_robot/build/batrobot_firmware': CMAKE_PREFIX_PATH=${CMAKE_PREFIX_PATH}:/home/naveen/roarm_ws_em0/install/ros2web_widgets:/home/naveen/roarm_ws_em0/install/ros2web_example_py:/home/naveen/roarm_ws_em0/install/roarm_web_app:/home/naveen/roarm_ws_em0/install/ros2web_app:/home/naveen/roarm_ws_em0/install/ros2web:/home/naveen/roarm_ws_em0/install/roarm_driver:/home/naveen/roarm_ws_em0/install/launch_api:/opt/ros/humble /usr/bin/cmake --install /home/naveen/bat_robot/build/batrobot_firmware
[1.617s] -- Install configuration: ""
[1.619s] -- Up-to-date: /home/naveen/bat_robot/install/batrobot_firmware/share/batrobot_firmware/environment/pythonpath.sh
[1.619s] -- Up-to-date: /home/naveen/bat_robot/install/batrobot_firmware/share/batrobot_firmware/environment/pythonpath.dsv
[1.624s] -- Up-to-date: /home/naveen/bat_robot/install/batrobot_firmware/local/lib/python3.10/dist-packages/batrobot_firmware-0.0.0-py3.10.egg-info
[1.625s] -- Installing: /home/naveen/bat_robot/install/batrobot_firmware/local/lib/python3.10/dist-packages/batrobot_firmware-0.0.0-py3.10.egg-info/dependency_links.txt
[1.631s] -- Installing: /home/naveen/bat_robot/install/batrobot_firmware/local/lib/python3.10/dist-packages/batrobot_firmware-0.0.0-py3.10.egg-info/top_level.txt
[1.631s] -- Installing: /home/naveen/bat_robot/install/batrobot_firmware/local/lib/python3.10/dist-packages/batrobot_firmware-0.0.0-py3.10.egg-info/SOURCES.txt
[1.631s] -- Installing: /home/naveen/bat_robot/install/batrobot_firmware/local/lib/python3.10/dist-packages/batrobot_firmware-0.0.0-py3.10.egg-info/PKG-INFO
[1.640s] -- Up-to-date: /home/naveen/bat_robot/install/batrobot_firmware/local/lib/python3.10/dist-packages/batrobot_firmware
[1.640s] -- Up-to-date: /home/naveen/bat_robot/install/batrobot_firmware/local/lib/python3.10/dist-packages/batrobot_firmware/__init__.py
[1.640s] -- Up-to-date: /home/naveen/bat_robot/install/batrobot_firmware/local/lib/python3.10/dist-packages/batrobot_firmware/simple_serial_reciever.py
[1.640s] -- Up-to-date: /home/naveen/bat_robot/install/batrobot_firmware/local/lib/python3.10/dist-packages/batrobot_firmware/simple_serial_transmitter.py
[1.798s] Listing '/home/naveen/bat_robot/install/batrobot_firmware/local/lib/python3.10/dist-packages/batrobot_firmware'...
[1.822s] -- Up-to-date: /home/naveen/bat_robot/install/batrobot_firmware/lib/batrobot_firmware/simple_serial_transmitter.py
[1.822s] -- Up-to-date: /home/naveen/bat_robot/install/batrobot_firmware/lib/batrobot_firmware/simple_serial_reciever.py
[1.823s] -- Up-to-date: /home/naveen/bat_robot/install/batrobot_firmware/share/ament_index/resource_index/package_run_dependencies/batrobot_firmware
[1.823s] -- Up-to-date: /home/naveen/bat_robot/install/batrobot_firmware/share/ament_index/resource_index/parent_prefix_path/batrobot_firmware
[1.829s] -- Up-to-date: /home/naveen/bat_robot/install/batrobot_firmware/share/batrobot_firmware/environment/ament_prefix_path.sh
[1.829s] -- Up-to-date: /home/naveen/bat_robot/install/batrobot_firmware/share/batrobot_firmware/environment/ament_prefix_path.dsv
[1.829s] -- Up-to-date: /home/naveen/bat_robot/install/batrobot_firmware/share/batrobot_firmware/environment/path.sh
[1.829s] -- Up-to-date: /home/naveen/bat_robot/install/batrobot_firmware/share/batrobot_firmware/environment/path.dsv
[1.830s] -- Up-to-date: /home/naveen/bat_robot/install/batrobot_firmware/share/batrobot_firmware/local_setup.bash
[1.830s] -- Up-to-date: /home/naveen/bat_robot/install/batrobot_firmware/share/batrobot_firmware/local_setup.sh
[1.830s] -- Up-to-date: /home/naveen/bat_robot/install/batrobot_firmware/share/batrobot_firmware/local_setup.zsh
[1.840s] -- Up-to-date: /home/naveen/bat_robot/install/batrobot_firmware/share/batrobot_firmware/local_setup.dsv
[1.841s] -- Installing: /home/naveen/bat_robot/install/batrobot_firmware/share/batrobot_firmware/package.dsv
[1.842s] -- Up-to-date: /home/naveen/bat_robot/install/batrobot_firmware/share/ament_index/resource_index/packages/batrobot_firmware
[1.842s] -- Up-to-date: /home/naveen/bat_robot/install/batrobot_firmware/share/batrobot_firmware/cmake/batrobot_firmwareConfig.cmake
[1.845s] -- Up-to-date: /home/naveen/bat_robot/install/batrobot_firmware/share/batrobot_firmware/cmake/batrobot_firmwareConfig-version.cmake
[1.846s] -- Up-to-date: /home/naveen/bat_robot/install/batrobot_firmware/share/batrobot_firmware/package.xml
[1.853s] Invoked command in '/home/naveen/bat_robot/build/batrobot_firmware' returned '0': CMAKE_PREFIX_PATH=${CMAKE_PREFIX_PATH}:/home/naveen/roarm_ws_em0/install/ros2web_widgets:/home/naveen/roarm_ws_em0/install/ros2web_example_py:/home/naveen/roarm_ws_em0/install/roarm_web_app:/home/naveen/roarm_ws_em0/install/ros2web_app:/home/naveen/roarm_ws_em0/install/ros2web:/home/naveen/roarm_ws_em0/install/roarm_driver:/home/naveen/roarm_ws_em0/install/launch_api:/opt/ros/humble /usr/bin/cmake --install /home/naveen/bat_robot/build/batrobot_firmware
