[0.149s] Invoking command in '/home/naveen/bat_robot/build/batrobot_firmware': CMAKE_PREFIX_PATH=${CMAKE_PREFIX_PATH}:/home/naveen/roarm_ws_em0/install/ros2web_widgets:/home/naveen/roarm_ws_em0/install/ros2web_example_py:/home/naveen/roarm_ws_em0/install/roarm_web_app:/home/naveen/roarm_ws_em0/install/ros2web_app:/home/naveen/roarm_ws_em0/install/ros2web:/home/naveen/roarm_ws_em0/install/roarm_driver:/home/naveen/roarm_ws_em0/install/launch_api:/opt/ros/humble /usr/bin/cmake --build /home/naveen/bat_robot/build/batrobot_firmware -- -j2 -l2
[0.614s] Built target ament_cmake_python_copy_batrobot_firmware
[3.688s] running egg_info
[3.693s] writing batrobot_firmware.egg-info/PKG-INFO
[3.697s] writing dependency_links to batrobot_firmware.egg-info/dependency_links.txt
[3.697s] writing top-level names to batrobot_firmware.egg-info/top_level.txt
[3.721s] reading manifest file 'batrobot_firmware.egg-info/SOURCES.txt'
[3.722s] writing manifest file 'batrobot_firmware.egg-info/SOURCES.txt'
[3.875s] Built target ament_cmake_python_build_batrobot_firmware_egg
[3.934s] Invoked command in '/home/naveen/bat_robot/build/batrobot_firmware' returned '0': CMAKE_PREFIX_PATH=${CMAKE_PREFIX_PATH}:/home/naveen/roarm_ws_em0/install/ros2web_widgets:/home/naveen/roarm_ws_em0/install/ros2web_example_py:/home/naveen/roarm_ws_em0/install/roarm_web_app:/home/naveen/roarm_ws_em0/install/ros2web_app:/home/naveen/roarm_ws_em0/install/ros2web:/home/naveen/roarm_ws_em0/install/roarm_driver:/home/naveen/roarm_ws_em0/install/launch_api:/opt/ros/humble /usr/bin/cmake --build /home/naveen/bat_robot/build/batrobot_firmware -- -j2 -l2
[3.947s] Invoking command in '/home/naveen/bat_robot/build/batrobot_firmware': CMAKE_PREFIX_PATH=${CMAKE_PREFIX_PATH}:/home/naveen/roarm_ws_em0/install/ros2web_widgets:/home/naveen/roarm_ws_em0/install/ros2web_example_py:/home/naveen/roarm_ws_em0/install/roarm_web_app:/home/naveen/roarm_ws_em0/install/ros2web_app:/home/naveen/roarm_ws_em0/install/ros2web:/home/naveen/roarm_ws_em0/install/roarm_driver:/home/naveen/roarm_ws_em0/install/launch_api:/opt/ros/humble /usr/bin/cmake --install /home/naveen/bat_robot/build/batrobot_firmware
[4.024s] -- Install configuration: ""
[4.024s] -- Up-to-date: /home/naveen/bat_robot/install/batrobot_firmware/share/batrobot_firmware/environment/pythonpath.sh
[4.025s] -- Up-to-date: /home/naveen/bat_robot/install/batrobot_firmware/share/batrobot_firmware/environment/pythonpath.dsv
[4.025s] -- Up-to-date: /home/naveen/bat_robot/install/batrobot_firmware/local/lib/python3.10/dist-packages/batrobot_firmware-0.0.0-py3.10.egg-info
[4.025s] -- Installing: /home/naveen/bat_robot/install/batrobot_firmware/local/lib/python3.10/dist-packages/batrobot_firmware-0.0.0-py3.10.egg-info/dependency_links.txt
[4.026s] -- Installing: /home/naveen/bat_robot/install/batrobot_firmware/local/lib/python3.10/dist-packages/batrobot_firmware-0.0.0-py3.10.egg-info/top_level.txt
[4.033s] -- Installing: /home/naveen/bat_robot/install/batrobot_firmware/local/lib/python3.10/dist-packages/batrobot_firmware-0.0.0-py3.10.egg-info/SOURCES.txt
[4.033s] -- Installing: /home/naveen/bat_robot/install/batrobot_firmware/local/lib/python3.10/dist-packages/batrobot_firmware-0.0.0-py3.10.egg-info/PKG-INFO
[4.034s] -- Up-to-date: /home/naveen/bat_robot/install/batrobot_firmware/local/lib/python3.10/dist-packages/batrobot_firmware
[4.034s] -- Up-to-date: /home/naveen/bat_robot/install/batrobot_firmware/local/lib/python3.10/dist-packages/batrobot_firmware/__init__.py
[4.034s] -- Up-to-date: /home/naveen/bat_robot/install/batrobot_firmware/local/lib/python3.10/dist-packages/batrobot_firmware/simple_serial_reciever.py
[4.045s] -- Up-to-date: /home/naveen/bat_robot/install/batrobot_firmware/local/lib/python3.10/dist-packages/batrobot_firmware/simple_serial_transmitter.py
[4.329s] Listing '/home/naveen/bat_robot/install/batrobot_firmware/local/lib/python3.10/dist-packages/batrobot_firmware'...
[4.366s] -- Up-to-date: /home/naveen/bat_robot/install/batrobot_firmware/lib/batrobot_firmware/simple_serial_transmitter.py
[4.366s] -- Up-to-date: /home/naveen/bat_robot/install/batrobot_firmware/lib/batrobot_firmware/simple_serial_reciever.py
[4.367s] -- Up-to-date: /home/naveen/bat_robot/install/batrobot_firmware/share/ament_index/resource_index/package_run_dependencies/batrobot_firmware
[4.367s] -- Up-to-date: /home/naveen/bat_robot/install/batrobot_firmware/share/ament_index/resource_index/parent_prefix_path/batrobot_firmware
[4.372s] -- Up-to-date: /home/naveen/bat_robot/install/batrobot_firmware/share/batrobot_firmware/environment/ament_prefix_path.sh
[4.372s] -- Up-to-date: /home/naveen/bat_robot/install/batrobot_firmware/share/batrobot_firmware/environment/ament_prefix_path.dsv
[4.374s] -- Up-to-date: /home/naveen/bat_robot/install/batrobot_firmware/share/batrobot_firmware/environment/path.sh
[4.376s] -- Up-to-date: /home/naveen/bat_robot/install/batrobot_firmware/share/batrobot_firmware/environment/path.dsv
[4.377s] -- Up-to-date: /home/naveen/bat_robot/install/batrobot_firmware/share/batrobot_firmware/local_setup.bash
[4.377s] -- Up-to-date: /home/naveen/bat_robot/install/batrobot_firmware/share/batrobot_firmware/local_setup.sh
[4.377s] -- Up-to-date: /home/naveen/bat_robot/install/batrobot_firmware/share/batrobot_firmware/local_setup.zsh
[4.377s] -- Up-to-date: /home/naveen/bat_robot/install/batrobot_firmware/share/batrobot_firmware/local_setup.dsv
[4.377s] -- Installing: /home/naveen/bat_robot/install/batrobot_firmware/share/batrobot_firmware/package.dsv
[4.380s] -- Up-to-date: /home/naveen/bat_robot/install/batrobot_firmware/share/ament_index/resource_index/packages/batrobot_firmware
[4.380s] -- Up-to-date: /home/naveen/bat_robot/install/batrobot_firmware/share/batrobot_firmware/cmake/batrobot_firmwareConfig.cmake
[4.380s] -- Up-to-date: /home/naveen/bat_robot/install/batrobot_firmware/share/batrobot_firmware/cmake/batrobot_firmwareConfig-version.cmake
[4.381s] -- Up-to-date: /home/naveen/bat_robot/install/batrobot_firmware/share/batrobot_firmware/package.xml
[4.397s] Invoked command in '/home/naveen/bat_robot/build/batrobot_firmware' returned '0': CMAKE_PREFIX_PATH=${CMAKE_PREFIX_PATH}:/home/naveen/roarm_ws_em0/install/ros2web_widgets:/home/naveen/roarm_ws_em0/install/ros2web_example_py:/home/naveen/roarm_ws_em0/install/roarm_web_app:/home/naveen/roarm_ws_em0/install/ros2web_app:/home/naveen/roarm_ws_em0/install/ros2web:/home/naveen/roarm_ws_em0/install/roarm_driver:/home/naveen/roarm_ws_em0/install/launch_api:/opt/ros/humble /usr/bin/cmake --install /home/naveen/bat_robot/build/batrobot_firmware
