[0.067s] Invoking command in '/home/naveen/bat_robot/build/batrobot_moveits': CMAKE_PREFIX_PATH=${CMAKE_PREFIX_PATH}:/home/naveen/roarm_ws_em0/install/ros2web_widgets:/home/naveen/roarm_ws_em0/install/ros2web_example_py:/home/naveen/roarm_ws_em0/install/roarm_web_app:/home/naveen/roarm_ws_em0/install/ros2web_app:/home/naveen/roarm_ws_em0/install/ros2web:/home/naveen/roarm_ws_em0/install/roarm_driver:/home/naveen/roarm_ws_em0/install/launch_api:/opt/ros/humble /usr/bin/cmake --build /home/naveen/bat_robot/build/batrobot_moveits -- -j2 -l2
[0.242s] -- Found ament_cmake: 1.3.11 (/opt/ros/humble/share/ament_cmake/cmake)
[1.411s] -- Found ament_lint_auto: 0.12.11 (/opt/ros/humble/share/ament_lint_auto/cmake)
[2.198s] -- Configuring done
[2.222s] -- Generating done
[2.235s] -- Build files have been written to: /home/naveen/bat_robot/build/batrobot_moveits
[2.342s] Invoked command in '/home/naveen/bat_robot/build/batrobot_moveits' returned '0': CMAKE_PREFIX_PATH=${CMAKE_PREFIX_PATH}:/home/naveen/roarm_ws_em0/install/ros2web_widgets:/home/naveen/roarm_ws_em0/install/ros2web_example_py:/home/naveen/roarm_ws_em0/install/roarm_web_app:/home/naveen/roarm_ws_em0/install/ros2web_app:/home/naveen/roarm_ws_em0/install/ros2web:/home/naveen/roarm_ws_em0/install/roarm_driver:/home/naveen/roarm_ws_em0/install/launch_api:/opt/ros/humble /usr/bin/cmake --build /home/naveen/bat_robot/build/batrobot_moveits -- -j2 -l2
[2.348s] Invoking command in '/home/naveen/bat_robot/build/batrobot_moveits': CMAKE_PREFIX_PATH=${CMAKE_PREFIX_PATH}:/home/naveen/roarm_ws_em0/install/ros2web_widgets:/home/naveen/roarm_ws_em0/install/ros2web_example_py:/home/naveen/roarm_ws_em0/install/roarm_web_app:/home/naveen/roarm_ws_em0/install/ros2web_app:/home/naveen/roarm_ws_em0/install/ros2web:/home/naveen/roarm_ws_em0/install/roarm_driver:/home/naveen/roarm_ws_em0/install/launch_api:/opt/ros/humble /usr/bin/cmake --install /home/naveen/bat_robot/build/batrobot_moveits
[2.389s] -- Install configuration: ""
[2.394s] -- Up-to-date: /home/naveen/bat_robot/install/batrobot_moveits/share/ament_index/resource_index/package_run_dependencies/batrobot_moveits
[2.395s] -- Up-to-date: /home/naveen/bat_robot/install/batrobot_moveits/share/ament_index/resource_index/parent_prefix_path/batrobot_moveits
[2.395s] -- Up-to-date: /home/naveen/bat_robot/install/batrobot_moveits/share/batrobot_moveits/environment/ament_prefix_path.sh
[2.401s] -- Installing: /home/naveen/bat_robot/install/batrobot_moveits/share/batrobot_moveits/environment/ament_prefix_path.dsv
[2.401s] -- Up-to-date: /home/naveen/bat_robot/install/batrobot_moveits/share/batrobot_moveits/environment/path.sh
[2.402s] -- Installing: /home/naveen/bat_robot/install/batrobot_moveits/share/batrobot_moveits/environment/path.dsv
[2.404s] -- Up-to-date: /home/naveen/bat_robot/install/batrobot_moveits/share/batrobot_moveits/local_setup.bash
[2.406s] -- Up-to-date: /home/naveen/bat_robot/install/batrobot_moveits/share/batrobot_moveits/local_setup.sh
[2.407s] -- Up-to-date: /home/naveen/bat_robot/install/batrobot_moveits/share/batrobot_moveits/local_setup.zsh
[2.409s] -- Installing: /home/naveen/bat_robot/install/batrobot_moveits/share/batrobot_moveits/local_setup.dsv
[2.413s] -- Installing: /home/naveen/bat_robot/install/batrobot_moveits/share/batrobot_moveits/package.dsv
[2.415s] -- Up-to-date: /home/naveen/bat_robot/install/batrobot_moveits/share/ament_index/resource_index/packages/batrobot_moveits
[2.416s] -- Up-to-date: /home/naveen/bat_robot/install/batrobot_moveits/share/batrobot_moveits/cmake/batrobot_moveitsConfig.cmake
[2.420s] -- Up-to-date: /home/naveen/bat_robot/install/batrobot_moveits/share/batrobot_moveits/cmake/batrobot_moveitsConfig-version.cmake
[2.420s] -- Installing: /home/naveen/bat_robot/install/batrobot_moveits/share/batrobot_moveits/package.xml
[2.433s] Invoked command in '/home/naveen/bat_robot/build/batrobot_moveits' returned '0': CMAKE_PREFIX_PATH=${CMAKE_PREFIX_PATH}:/home/naveen/roarm_ws_em0/install/ros2web_widgets:/home/naveen/roarm_ws_em0/install/ros2web_example_py:/home/naveen/roarm_ws_em0/install/roarm_web_app:/home/naveen/roarm_ws_em0/install/ros2web_app:/home/naveen/roarm_ws_em0/install/ros2web:/home/naveen/roarm_ws_em0/install/roarm_driver:/home/naveen/roarm_ws_em0/install/launch_api:/opt/ros/humble /usr/bin/cmake --install /home/naveen/bat_robot/build/batrobot_moveits
