[0.204s] Invoking command in '/home/naveen/bat_robot/build/batrobot_controller': AMENT_PREFIX_PATH=/home/naveen/bat_robot/install/batrobot_description:${AMENT_PREFIX_PATH} CMAKE_PREFIX_PATH=/home/naveen/bat_robot/install/batrobot_description:/home/naveen/roarm_ws_em0/install/ros2web_interfaces:/home/naveen/roarm_ws_em0/install/roarm_msgs:/home/naveen/roarm_ws_em0/install/roarm_moveit_ikfast_plugins:/home/naveen/roarm_ws_em0/install/roarm_moveit_cmd:/home/naveen/roarm_ws_em0/install/roarm_moveit:/home/naveen/roarm_ws_em0/install/roarm_description:/home/naveen/roarm_ws_em0/install/moveit_servo:/home/naveen/roarm_ws_em0/install/alexa_integration:/home/naveen/roarm_ws_em0/install/ros2web_widgets:/home/naveen/roarm_ws_em0/install/ros2web_example_py:/home/naveen/roarm_ws_em0/install/roarm_web_app:/home/naveen/roarm_ws_em0/install/ros2web_app:/home/naveen/roarm_ws_em0/install/ros2web:/home/naveen/roarm_ws_em0/install/roarm_driver:/home/naveen/roarm_ws_em0/install/launch_api:/opt/ros/humble /usr/bin/cmake --build /home/naveen/bat_robot/build/batrobot_controller -- -j2 -l2
[1.096s] Invoked command in '/home/naveen/bat_robot/build/batrobot_controller' returned '0': AMENT_PREFIX_PATH=/home/naveen/bat_robot/install/batrobot_description:${AMENT_PREFIX_PATH} CMAKE_PREFIX_PATH=/home/naveen/bat_robot/install/batrobot_description:/home/naveen/roarm_ws_em0/install/ros2web_interfaces:/home/naveen/roarm_ws_em0/install/roarm_msgs:/home/naveen/roarm_ws_em0/install/roarm_moveit_ikfast_plugins:/home/naveen/roarm_ws_em0/install/roarm_moveit_cmd:/home/naveen/roarm_ws_em0/install/roarm_moveit:/home/naveen/roarm_ws_em0/install/roarm_description:/home/naveen/roarm_ws_em0/install/moveit_servo:/home/naveen/roarm_ws_em0/install/alexa_integration:/home/naveen/roarm_ws_em0/install/ros2web_widgets:/home/naveen/roarm_ws_em0/install/ros2web_example_py:/home/naveen/roarm_ws_em0/install/roarm_web_app:/home/naveen/roarm_ws_em0/install/ros2web_app:/home/naveen/roarm_ws_em0/install/ros2web:/home/naveen/roarm_ws_em0/install/roarm_driver:/home/naveen/roarm_ws_em0/install/launch_api:/opt/ros/humble /usr/bin/cmake --build /home/naveen/bat_robot/build/batrobot_controller -- -j2 -l2
[1.131s] Invoking command in '/home/naveen/bat_robot/build/batrobot_controller': AMENT_PREFIX_PATH=/home/naveen/bat_robot/install/batrobot_description:${AMENT_PREFIX_PATH} CMAKE_PREFIX_PATH=/home/naveen/bat_robot/install/batrobot_description:/home/naveen/roarm_ws_em0/install/ros2web_interfaces:/home/naveen/roarm_ws_em0/install/roarm_msgs:/home/naveen/roarm_ws_em0/install/roarm_moveit_ikfast_plugins:/home/naveen/roarm_ws_em0/install/roarm_moveit_cmd:/home/naveen/roarm_ws_em0/install/roarm_moveit:/home/naveen/roarm_ws_em0/install/roarm_description:/home/naveen/roarm_ws_em0/install/moveit_servo:/home/naveen/roarm_ws_em0/install/alexa_integration:/home/naveen/roarm_ws_em0/install/ros2web_widgets:/home/naveen/roarm_ws_em0/install/ros2web_example_py:/home/naveen/roarm_ws_em0/install/roarm_web_app:/home/naveen/roarm_ws_em0/install/ros2web_app:/home/naveen/roarm_ws_em0/install/ros2web:/home/naveen/roarm_ws_em0/install/roarm_driver:/home/naveen/roarm_ws_em0/install/launch_api:/opt/ros/humble /usr/bin/cmake --install /home/naveen/bat_robot/build/batrobot_controller
[1.306s] -- Install configuration: ""
[1.315s] -- Up-to-date: /home/naveen/bat_robot/install/batrobot_controller/share/batrobot_controller/config
[1.316s] -- Up-to-date: /home/naveen/bat_robot/install/batrobot_controller/share/batrobot_controller/config/batrobot_controllers.yaml
[1.316s] -- Up-to-date: /home/naveen/bat_robot/install/batrobot_controller/share/batrobot_controller/launch
[1.332s] -- Up-to-date: /home/naveen/bat_robot/install/batrobot_controller/share/batrobot_controller/launch/controller.launch.py
[1.332s] -- Up-to-date: /home/naveen/bat_robot/install/batrobot_controller/lib/python3.10/site-packages/batrobot_controller
[1.343s] -- Up-to-date: /home/naveen/bat_robot/install/batrobot_controller/lib/python3.10/site-packages/batrobot_controller/__init__.py
[1.346s] -- Up-to-date: /home/naveen/bat_robot/install/batrobot_controller/lib/python3.10/site-packages/batrobot_controller/batrobot_driver.py
[1.347s] -- Up-to-date: /home/naveen/bat_robot/install/batrobot_controller/lib/batrobot_controller/batrobot_driver.py
[1.357s] -- Up-to-date: /home/naveen/bat_robot/install/batrobot_controller/share/ament_index/resource_index/package_run_dependencies/batrobot_controller
[1.361s] -- Up-to-date: /home/naveen/bat_robot/install/batrobot_controller/share/ament_index/resource_index/parent_prefix_path/batrobot_controller
[1.362s] -- Up-to-date: /home/naveen/bat_robot/install/batrobot_controller/share/batrobot_controller/environment/ament_prefix_path.sh
[1.363s] -- Up-to-date: /home/naveen/bat_robot/install/batrobot_controller/share/batrobot_controller/environment/ament_prefix_path.dsv
[1.370s] -- Up-to-date: /home/naveen/bat_robot/install/batrobot_controller/share/batrobot_controller/environment/path.sh
[1.370s] -- Up-to-date: /home/naveen/bat_robot/install/batrobot_controller/share/batrobot_controller/environment/path.dsv
[1.386s] -- Up-to-date: /home/naveen/bat_robot/install/batrobot_controller/share/batrobot_controller/local_setup.bash
[1.387s] -- Up-to-date: /home/naveen/bat_robot/install/batrobot_controller/share/batrobot_controller/local_setup.sh
[1.387s] -- Up-to-date: /home/naveen/bat_robot/install/batrobot_controller/share/batrobot_controller/local_setup.zsh
[1.401s] -- Up-to-date: /home/naveen/bat_robot/install/batrobot_controller/share/batrobot_controller/local_setup.dsv
[1.401s] -- Installing: /home/naveen/bat_robot/install/batrobot_controller/share/batrobot_controller/package.dsv
[1.402s] -- Up-to-date: /home/naveen/bat_robot/install/batrobot_controller/share/ament_index/resource_index/packages/batrobot_controller
[1.402s] -- Up-to-date: /home/naveen/bat_robot/install/batrobot_controller/share/batrobot_controller/cmake/batrobot_controllerConfig.cmake
[1.402s] -- Up-to-date: /home/naveen/bat_robot/install/batrobot_controller/share/batrobot_controller/cmake/batrobot_controllerConfig-version.cmake
[1.412s] -- Up-to-date: /home/naveen/bat_robot/install/batrobot_controller/share/batrobot_controller/package.xml
[1.427s] Invoked command in '/home/naveen/bat_robot/build/batrobot_controller' returned '0': AMENT_PREFIX_PATH=/home/naveen/bat_robot/install/batrobot_description:${AMENT_PREFIX_PATH} CMAKE_PREFIX_PATH=/home/naveen/bat_robot/install/batrobot_description:/home/naveen/roarm_ws_em0/install/ros2web_interfaces:/home/naveen/roarm_ws_em0/install/roarm_msgs:/home/naveen/roarm_ws_em0/install/roarm_moveit_ikfast_plugins:/home/naveen/roarm_ws_em0/install/roarm_moveit_cmd:/home/naveen/roarm_ws_em0/install/roarm_moveit:/home/naveen/roarm_ws_em0/install/roarm_description:/home/naveen/roarm_ws_em0/install/moveit_servo:/home/naveen/roarm_ws_em0/install/alexa_integration:/home/naveen/roarm_ws_em0/install/ros2web_widgets:/home/naveen/roarm_ws_em0/install/ros2web_example_py:/home/naveen/roarm_ws_em0/install/roarm_web_app:/home/naveen/roarm_ws_em0/install/ros2web_app:/home/naveen/roarm_ws_em0/install/ros2web:/home/naveen/roarm_ws_em0/install/roarm_driver:/home/naveen/roarm_ws_em0/install/launch_api:/opt/ros/humble /usr/bin/cmake --install /home/naveen/bat_robot/build/batrobot_controller
