-- Found ament_cmake: 1.3.11 (/opt/ros/humble/share/ament_cmake/cmake)
-- Found hardware_interface: 2.48.0 (/opt/ros/humble/share/hardware_interface/cmake)
-- Found rosidl_generator_c: 3.1.6 (/opt/ros/humble/share/rosidl_generator_c/cmake)
-- Found rosidl_adapter: 3.1.6 (/opt/ros/humble/share/rosidl_adapter/cmake)
-- Found rosidl_generator_cpp: 3.1.6 (/opt/ros/humble/share/rosidl_generator_cpp/cmake)
-- Using all available rosidl_typesupport_c: rosidl_typesupport_fastrtps_c;rosidl_typesupport_introspection_c
-- Using all available rosidl_typesupport_cpp: rosidl_typesupport_fastrtps_cpp;rosidl_typesupport_introspection_cpp
-- Found rmw_implementation_cmake: 6.1.2 (/opt/ros/humble/share/rmw_implementation_cmake/cmake)
-- Found rmw_fastrtps_cpp: 6.2.7 (/opt/ros/humble/share/rmw_fastrtps_cpp/cmake)
-- Found TinyXML2 via Config file: TinyXML2_DIR-NOTFOUND
-- Found OpenSSL: /usr/lib/x86_64-linux-gnu/libcrypto.so (found version "3.0.2")  
-- Found TinyXML2 via Config file: TinyXML2_DIR-NOTFOUND
-- Found FastRTPS: /opt/ros/humble/include  
-- Found TinyXML2 via Config file: TinyXML2_DIR-NOTFOUND
-- Found TinyXML2 via Config file: TinyXML2_DIR-NOTFOUND
-- Using RMW implementation 'rmw_fastrtps_cpp' as default
-- Looking for pthread.h
-- Looking for pthread.h - found
-- Performing Test CMAKE_HAVE_LIBC_PTHREAD
-- Performing Test CMAKE_HAVE_LIBC_PTHREAD - Success
-- Found Threads: TRUE  
-- Found PkgConfig: /usr/bin/pkg-config (found version "0.29.2") 
[31mCMake Error at /usr/share/cmake-3.22/Modules/FindPkgConfig.cmake:822 (if):
  Syntax error in cmake code at

    /usr/share/cmake-3.22/Modules/FindPkgConfig.cmake:823

  when parsing string

    ${__pkg_config_arguments_SERIAL,}

  Invalid character (',') in a variable name: '__pkg_config_arguments_SERIAL'
Call Stack (most recent call first):
  CMakeLists.txt:55 (pkg_check_modules)

[0m
[31mCMake Error at /usr/share/cmake-3.22/Modules/FindPkgConfig.cmake:822 (if):
  Syntax error in cmake code at

    /usr/share/cmake-3.22/Modules/FindPkgConfig.cmake:824

  when parsing string

    ${__pkg_config_arguments_SERIAL,}

  Invalid character (',') in a variable name: '__pkg_config_arguments_SERIAL'
Call Stack (most recent call first):
  CMakeLists.txt:55 (pkg_check_modules)

[0m
-- Configuring incomplete, errors occurred!
See also "/home/naveen/bat_robot/build/batrobot_controller/CMakeFiles/CMakeOutput.log".
gmake: *** [Makefile:226: cmake_check_build_system] Error 1
