[0.134s] Invoking command in '/home/naveen/bat_robot/build/batrobot_description': CMAKE_PREFIX_PATH=${CMAKE_PREFIX_PATH}:/home/naveen/roarm_ws_em0/install/ros2web_widgets:/home/naveen/roarm_ws_em0/install/ros2web_example_py:/home/naveen/roarm_ws_em0/install/roarm_web_app:/home/naveen/roarm_ws_em0/install/ros2web_app:/home/naveen/roarm_ws_em0/install/ros2web:/home/naveen/roarm_ws_em0/install/roarm_driver:/home/naveen/roarm_ws_em0/install/launch_api:/opt/ros/humble /usr/bin/cmake --build /home/naveen/bat_robot/build/batrobot_description -- -j2 -l2
[0.759s] Invoked command in '/home/naveen/bat_robot/build/batrobot_description' returned '0': CMAKE_PREFIX_PATH=${CMAKE_PREFIX_PATH}:/home/naveen/roarm_ws_em0/install/ros2web_widgets:/home/naveen/roarm_ws_em0/install/ros2web_example_py:/home/naveen/roarm_ws_em0/install/roarm_web_app:/home/naveen/roarm_ws_em0/install/ros2web_app:/home/naveen/roarm_ws_em0/install/ros2web:/home/naveen/roarm_ws_em0/install/roarm_driver:/home/naveen/roarm_ws_em0/install/launch_api:/opt/ros/humble /usr/bin/cmake --build /home/naveen/bat_robot/build/batrobot_description -- -j2 -l2
[0.897s] Invoking command in '/home/naveen/bat_robot/build/batrobot_description': CMAKE_PREFIX_PATH=${CMAKE_PREFIX_PATH}:/home/naveen/roarm_ws_em0/install/ros2web_widgets:/home/naveen/roarm_ws_em0/install/ros2web_example_py:/home/naveen/roarm_ws_em0/install/roarm_web_app:/home/naveen/roarm_ws_em0/install/ros2web_app:/home/naveen/roarm_ws_em0/install/ros2web:/home/naveen/roarm_ws_em0/install/roarm_driver:/home/naveen/roarm_ws_em0/install/launch_api:/opt/ros/humble /usr/bin/cmake --install /home/naveen/bat_robot/build/batrobot_description
[1.045s] -- Install configuration: ""
[1.059s] -- Up-to-date: /home/naveen/bat_robot/install/batrobot_description/share/batrobot_description/meshes
[1.060s] -- Up-to-date: /home/naveen/bat_robot/install/batrobot_description/share/batrobot_description/meshes/gripper_right.stl
[1.066s] -- Up-to-date: /home/naveen/bat_robot/install/batrobot_description/share/batrobot_description/meshes/joint3.stl
[1.066s] -- Up-to-date: /home/naveen/bat_robot/install/batrobot_description/share/batrobot_description/meshes/base_plate.stl
[1.070s] -- Up-to-date: /home/naveen/bat_robot/install/batrobot_description/share/batrobot_description/meshes/base.stl
[1.074s] -- Up-to-date: /home/naveen/bat_robot/install/batrobot_description/share/batrobot_description/meshes/joint2.stl
[1.075s] -- Up-to-date: /home/naveen/bat_robot/install/batrobot_description/share/batrobot_description/meshes/joint1.stl
[1.078s] -- Up-to-date: /home/naveen/bat_robot/install/batrobot_description/share/batrobot_description/meshes/gripper_left.stl
[1.079s] -- Up-to-date: /home/naveen/bat_robot/install/batrobot_description/share/batrobot_description/urdf
[1.080s] -- Up-to-date: /home/naveen/bat_robot/install/batrobot_description/share/batrobot_description/urdf/bat_robot_ros2_control.xacro
[1.089s] -- Up-to-date: /home/naveen/bat_robot/install/batrobot_description/share/batrobot_description/urdf/bat_robot.urdf.xacro
[1.104s] -- Up-to-date: /home/naveen/bat_robot/install/batrobot_description/share/batrobot_description/urdf/bat_robot_gazebo.xacro
[1.105s] -- Up-to-date: /home/naveen/bat_robot/install/batrobot_description/share/batrobot_description/launch
[1.106s] -- Up-to-date: /home/naveen/bat_robot/install/batrobot_description/share/batrobot_description/launch/display.launch.py
[1.106s] -- Up-to-date: /home/naveen/bat_robot/install/batrobot_description/share/batrobot_description/launch/gazebo.launch.py
[1.111s] -- Up-to-date: /home/naveen/bat_robot/install/batrobot_description/share/batrobot_description/rviz
[1.114s] -- Up-to-date: /home/naveen/bat_robot/install/batrobot_description/share/batrobot_description/rviz/display.rviz
[1.125s] -- Up-to-date: /home/naveen/bat_robot/install/batrobot_description/share/ament_index/resource_index/package_run_dependencies/batrobot_description
[1.126s] -- Up-to-date: /home/naveen/bat_robot/install/batrobot_description/share/ament_index/resource_index/parent_prefix_path/batrobot_description
[1.135s] -- Up-to-date: /home/naveen/bat_robot/install/batrobot_description/share/batrobot_description/environment/ament_prefix_path.sh
[1.138s] -- Up-to-date: /home/naveen/bat_robot/install/batrobot_description/share/batrobot_description/environment/ament_prefix_path.dsv
[1.138s] -- Up-to-date: /home/naveen/bat_robot/install/batrobot_description/share/batrobot_description/environment/path.sh
[1.138s] -- Up-to-date: /home/naveen/bat_robot/install/batrobot_description/share/batrobot_description/environment/path.dsv
[1.139s] -- Up-to-date: /home/naveen/bat_robot/install/batrobot_description/share/batrobot_description/local_setup.bash
[1.139s] -- Up-to-date: /home/naveen/bat_robot/install/batrobot_description/share/batrobot_description/local_setup.sh
[1.146s] -- Up-to-date: /home/naveen/bat_robot/install/batrobot_description/share/batrobot_description/local_setup.zsh
[1.152s] -- Up-to-date: /home/naveen/bat_robot/install/batrobot_description/share/batrobot_description/local_setup.dsv
[1.156s] -- Installing: /home/naveen/bat_robot/install/batrobot_description/share/batrobot_description/package.dsv
[1.156s] -- Up-to-date: /home/naveen/bat_robot/install/batrobot_description/share/ament_index/resource_index/packages/batrobot_description
[1.163s] -- Up-to-date: /home/naveen/bat_robot/install/batrobot_description/share/batrobot_description/cmake/batrobot_descriptionConfig.cmake
[1.163s] -- Up-to-date: /home/naveen/bat_robot/install/batrobot_description/share/batrobot_description/cmake/batrobot_descriptionConfig-version.cmake
[1.163s] -- Up-to-date: /home/naveen/bat_robot/install/batrobot_description/share/batrobot_description/package.xml
[1.164s] Invoked command in '/home/naveen/bat_robot/build/batrobot_description' returned '0': CMAKE_PREFIX_PATH=${CMAKE_PREFIX_PATH}:/home/naveen/roarm_ws_em0/install/ros2web_widgets:/home/naveen/roarm_ws_em0/install/ros2web_example_py:/home/naveen/roarm_ws_em0/install/roarm_web_app:/home/naveen/roarm_ws_em0/install/ros2web_app:/home/naveen/roarm_ws_em0/install/ros2web:/home/naveen/roarm_ws_em0/install/roarm_driver:/home/naveen/roarm_ws_em0/install/launch_api:/opt/ros/humble /usr/bin/cmake --install /home/naveen/bat_robot/build/batrobot_description
