[3.037s] Invoking command in '/home/naveen/bat_robot/src/batrobot_py_examples': PYTHONPATH=/home/naveen/bat_robot/build/batrobot_py_examples/prefix_override:/usr/lib/python3/dist-packages/colcon_core/task/python/colcon_distutils_commands:/home/naveen/bat_robot/install/batrobot_py_examples/lib/python3.10/site-packages:${PYTHONPATH} /usr/bin/python3 -W ignore:setup.py install is deprecated -W ignore:easy_install command is deprecated setup.py egg_info --egg-base ../../build/batrobot_py_examples build --build-base /home/naveen/bat_robot/build/batrobot_py_examples/build install --record /home/naveen/bat_robot/build/batrobot_py_examples/install.log --single-version-externally-managed install_data
[3.824s] running egg_info
[3.826s] writing ../../build/batrobot_py_examples/batrobot_py_examples.egg-info/PKG-INFO
[3.830s] writing dependency_links to ../../build/batrobot_py_examples/batrobot_py_examples.egg-info/dependency_links.txt
[3.830s] writing entry points to ../../build/batrobot_py_examples/batrobot_py_examples.egg-info/entry_points.txt
[3.831s] writing requirements to ../../build/batrobot_py_examples/batrobot_py_examples.egg-info/requires.txt
[3.831s] writing top-level names to ../../build/batrobot_py_examples/batrobot_py_examples.egg-info/top_level.txt
[3.836s] reading manifest file '../../build/batrobot_py_examples/batrobot_py_examples.egg-info/SOURCES.txt'
[3.838s] writing manifest file '../../build/batrobot_py_examples/batrobot_py_examples.egg-info/SOURCES.txt'
[3.838s] running build
[3.839s] running build_py
[3.841s] running install
[3.842s] running install_lib
[3.846s] running install_data
[3.847s] running install_egg_info
[3.851s] removing '/home/naveen/bat_robot/install/batrobot_py_examples/lib/python3.10/site-packages/batrobot_py_examples-0.0.0-py3.10.egg-info' (and everything under it)
[3.852s] Copying ../../build/batrobot_py_examples/batrobot_py_examples.egg-info to /home/naveen/bat_robot/install/batrobot_py_examples/lib/python3.10/site-packages/batrobot_py_examples-0.0.0-py3.10.egg-info
[3.855s] running install_scripts
[3.916s] writing list of installed files to '/home/naveen/bat_robot/build/batrobot_py_examples/install.log'
[4.003s] Invoked command in '/home/naveen/bat_robot/src/batrobot_py_examples' returned '0': PYTHONPATH=/home/naveen/bat_robot/build/batrobot_py_examples/prefix_override:/usr/lib/python3/dist-packages/colcon_core/task/python/colcon_distutils_commands:/home/naveen/bat_robot/install/batrobot_py_examples/lib/python3.10/site-packages:${PYTHONPATH} /usr/bin/python3 -W ignore:setup.py install is deprecated -W ignore:easy_install command is deprecated setup.py egg_info --egg-base ../../build/batrobot_py_examples build --build-base /home/naveen/bat_robot/build/batrobot_py_examples/build install --record /home/naveen/bat_robot/build/batrobot_py_examples/install.log --single-version-externally-managed install_data
