[0.060s] Invoking command in '/home/naveen/bat_robot/build/batrobot_msgs': CMAKE_PREFIX_PATH=${CMAKE_PREFIX_PATH}:/home/naveen/roarm_ws_em0/install/ros2web_widgets:/home/naveen/roarm_ws_em0/install/ros2web_example_py:/home/naveen/roarm_ws_em0/install/roarm_web_app:/home/naveen/roarm_ws_em0/install/ros2web_app:/home/naveen/roarm_ws_em0/install/ros2web:/home/naveen/roarm_ws_em0/install/roarm_driver:/home/naveen/roarm_ws_em0/install/launch_api:/opt/ros/humble /usr/bin/cmake --build /home/naveen/bat_robot/build/batrobot_msgs -- -j2 -l2
[0.355s] [  3%] Built target batrobot_msgs__cpp
[0.472s] [ 12%] Built target batrobot_msgs__rosidl_generator_c
[0.642s] [ 12%] Built target ament_cmake_python_copy_batrobot_msgs
[0.747s] [ 22%] Built target batrobot_msgs__rosidl_typesupport_cpp
[0.843s] [ 32%] Built target batrobot_msgs__rosidl_typesupport_fastrtps_c
[0.991s] [ 41%] Built target batrobot_msgs__rosidl_typesupport_fastrtps_cpp
[1.130s] [ 51%] Built target batrobot_msgs__rosidl_typesupport_introspection_c
[1.252s] [ 61%] Built target batrobot_msgs__rosidl_typesupport_c
[1.366s] [ 70%] Built target batrobot_msgs__rosidl_typesupport_introspection_cpp
[3.749s] running egg_info
[3.764s] writing batrobot_msgs.egg-info/PKG-INFO
[3.764s] writing dependency_links to batrobot_msgs.egg-info/dependency_links.txt
[3.784s] writing top-level names to batrobot_msgs.egg-info/top_level.txt
[3.804s] reading manifest file 'batrobot_msgs.egg-info/SOURCES.txt'
[3.808s] writing manifest file 'batrobot_msgs.egg-info/SOURCES.txt'
[4.089s] [ 70%] Built target ament_cmake_python_build_batrobot_msgs_egg
[4.221s] [ 70%] Built target batrobot_msgs
[4.330s] [ 74%] Built target batrobot_msgs__py
[4.508s] [ 80%] Built target batrobot_msgs__rosidl_generator_py
[4.626s] [ 87%] Built target batrobot_msgs__rosidl_typesupport_fastrtps_c__pyext
[4.812s] [ 93%] Built target batrobot_msgs__rosidl_typesupport_introspection_c__pyext
[4.946s] [100%] Built target batrobot_msgs__rosidl_typesupport_c__pyext
[6.553s] Invoked command in '/home/naveen/bat_robot/build/batrobot_msgs' returned '0': CMAKE_PREFIX_PATH=${CMAKE_PREFIX_PATH}:/home/naveen/roarm_ws_em0/install/ros2web_widgets:/home/naveen/roarm_ws_em0/install/ros2web_example_py:/home/naveen/roarm_ws_em0/install/roarm_web_app:/home/naveen/roarm_ws_em0/install/ros2web_app:/home/naveen/roarm_ws_em0/install/ros2web:/home/naveen/roarm_ws_em0/install/roarm_driver:/home/naveen/roarm_ws_em0/install/launch_api:/opt/ros/humble /usr/bin/cmake --build /home/naveen/bat_robot/build/batrobot_msgs -- -j2 -l2
[6.571s] Invoking command in '/home/naveen/bat_robot/build/batrobot_msgs': CMAKE_PREFIX_PATH=${CMAKE_PREFIX_PATH}:/home/naveen/roarm_ws_em0/install/ros2web_widgets:/home/naveen/roarm_ws_em0/install/ros2web_example_py:/home/naveen/roarm_ws_em0/install/roarm_web_app:/home/naveen/roarm_ws_em0/install/ros2web_app:/home/naveen/roarm_ws_em0/install/ros2web:/home/naveen/roarm_ws_em0/install/roarm_driver:/home/naveen/roarm_ws_em0/install/launch_api:/opt/ros/humble /usr/bin/cmake --install /home/naveen/bat_robot/build/batrobot_msgs
[6.667s] -- Install configuration: ""
[6.674s] -- Up-to-date: /home/naveen/bat_robot/install/batrobot_msgs/share/ament_index/resource_index/rosidl_interfaces/batrobot_msgs
[6.674s] -- Up-to-date: /home/naveen/bat_robot/install/batrobot_msgs/include/batrobot_msgs/batrobot_msgs
[6.680s] -- Up-to-date: /home/naveen/bat_robot/install/batrobot_msgs/include/batrobot_msgs/batrobot_msgs/msg
[6.685s] -- Up-to-date: /home/naveen/bat_robot/install/batrobot_msgs/include/batrobot_msgs/batrobot_msgs/msg/rosidl_generator_c__visibility_control.h
[6.690s] -- Up-to-date: /home/naveen/bat_robot/install/batrobot_msgs/include/batrobot_msgs/batrobot_msgs/action
[6.690s] -- Up-to-date: /home/naveen/bat_robot/install/batrobot_msgs/include/batrobot_msgs/batrobot_msgs/action/batrobot_task.h
[6.699s] -- Up-to-date: /home/naveen/bat_robot/install/batrobot_msgs/include/batrobot_msgs/batrobot_msgs/action/detail
[6.700s] -- Up-to-date: /home/naveen/bat_robot/install/batrobot_msgs/include/batrobot_msgs/batrobot_msgs/action/detail/batrobot_task__functions.c
[6.704s] -- Up-to-date: /home/naveen/bat_robot/install/batrobot_msgs/include/batrobot_msgs/batrobot_msgs/action/detail/batrobot_task__functions.h
[6.713s] -- Up-to-date: /home/naveen/bat_robot/install/batrobot_msgs/include/batrobot_msgs/batrobot_msgs/action/detail/batrobot_task__struct.h
[6.713s] -- Up-to-date: /home/naveen/bat_robot/install/batrobot_msgs/include/batrobot_msgs/batrobot_msgs/action/detail/batrobot_task__type_support.h
[6.717s] -- Up-to-date: /home/naveen/bat_robot/install/batrobot_msgs/share/batrobot_msgs/environment/library_path.sh
[6.722s] -- Up-to-date: /home/naveen/bat_robot/install/batrobot_msgs/share/batrobot_msgs/environment/library_path.dsv
[6.722s] -- Up-to-date: /home/naveen/bat_robot/install/batrobot_msgs/lib/libbatrobot_msgs__rosidl_generator_c.so
[6.727s] -- Up-to-date: /home/naveen/bat_robot/install/batrobot_msgs/include/batrobot_msgs/batrobot_msgs
[6.732s] -- Up-to-date: /home/naveen/bat_robot/install/batrobot_msgs/include/batrobot_msgs/batrobot_msgs/msg
[6.733s] -- Up-to-date: /home/naveen/bat_robot/install/batrobot_msgs/include/batrobot_msgs/batrobot_msgs/msg/rosidl_typesupport_fastrtps_c__visibility_control.h
[6.733s] -- Up-to-date: /home/naveen/bat_robot/install/batrobot_msgs/include/batrobot_msgs/batrobot_msgs/action
[6.734s] -- Up-to-date: /home/naveen/bat_robot/install/batrobot_msgs/include/batrobot_msgs/batrobot_msgs/action/detail
[6.734s] -- Up-to-date: /home/naveen/bat_robot/install/batrobot_msgs/include/batrobot_msgs/batrobot_msgs/action/detail/batrobot_task__rosidl_typesupport_fastrtps_c.h
[6.747s] -- Up-to-date: /home/naveen/bat_robot/install/batrobot_msgs/lib/libbatrobot_msgs__rosidl_typesupport_fastrtps_c.so
[6.748s] -- Up-to-date: /home/naveen/bat_robot/install/batrobot_msgs/include/batrobot_msgs/batrobot_msgs
[6.748s] -- Up-to-date: /home/naveen/bat_robot/install/batrobot_msgs/include/batrobot_msgs/batrobot_msgs/msg
[6.755s] -- Up-to-date: /home/naveen/bat_robot/install/batrobot_msgs/include/batrobot_msgs/batrobot_msgs/msg/rosidl_generator_cpp__visibility_control.hpp
[6.756s] -- Up-to-date: /home/naveen/bat_robot/install/batrobot_msgs/include/batrobot_msgs/batrobot_msgs/action
[6.757s] -- Up-to-date: /home/naveen/bat_robot/install/batrobot_msgs/include/batrobot_msgs/batrobot_msgs/action/batrobot_task.hpp
[6.757s] -- Up-to-date: /home/naveen/bat_robot/install/batrobot_msgs/include/batrobot_msgs/batrobot_msgs/action/detail
[6.773s] -- Up-to-date: /home/naveen/bat_robot/install/batrobot_msgs/include/batrobot_msgs/batrobot_msgs/action/detail/batrobot_task__type_support.hpp
[6.774s] -- Up-to-date: /home/naveen/bat_robot/install/batrobot_msgs/include/batrobot_msgs/batrobot_msgs/action/detail/batrobot_task__struct.hpp
[6.774s] -- Up-to-date: /home/naveen/bat_robot/install/batrobot_msgs/include/batrobot_msgs/batrobot_msgs/action/detail/batrobot_task__traits.hpp
[6.776s] -- Up-to-date: /home/naveen/bat_robot/install/batrobot_msgs/include/batrobot_msgs/batrobot_msgs/action/detail/batrobot_task__builder.hpp
[6.776s] -- Up-to-date: /home/naveen/bat_robot/install/batrobot_msgs/include/batrobot_msgs/batrobot_msgs
[6.783s] -- Up-to-date: /home/naveen/bat_robot/install/batrobot_msgs/include/batrobot_msgs/batrobot_msgs/msg
[6.783s] -- Up-to-date: /home/naveen/bat_robot/install/batrobot_msgs/include/batrobot_msgs/batrobot_msgs/msg/rosidl_typesupport_fastrtps_cpp__visibility_control.h
[6.787s] -- Up-to-date: /home/naveen/bat_robot/install/batrobot_msgs/include/batrobot_msgs/batrobot_msgs/action
[6.789s] -- Up-to-date: /home/naveen/bat_robot/install/batrobot_msgs/include/batrobot_msgs/batrobot_msgs/action/detail
[6.794s] -- Up-to-date: /home/naveen/bat_robot/install/batrobot_msgs/include/batrobot_msgs/batrobot_msgs/action/detail/dds_fastrtps
[6.799s] -- Up-to-date: /home/naveen/bat_robot/install/batrobot_msgs/include/batrobot_msgs/batrobot_msgs/action/detail/batrobot_task__rosidl_typesupport_fastrtps_cpp.hpp
[6.800s] -- Up-to-date: /home/naveen/bat_robot/install/batrobot_msgs/lib/libbatrobot_msgs__rosidl_typesupport_fastrtps_cpp.so
[6.800s] -- Up-to-date: /home/naveen/bat_robot/install/batrobot_msgs/include/batrobot_msgs/batrobot_msgs
[6.806s] -- Up-to-date: /home/naveen/bat_robot/install/batrobot_msgs/include/batrobot_msgs/batrobot_msgs/msg
[6.806s] -- Up-to-date: /home/naveen/bat_robot/install/batrobot_msgs/include/batrobot_msgs/batrobot_msgs/msg/rosidl_typesupport_introspection_c__visibility_control.h
[6.813s] -- Up-to-date: /home/naveen/bat_robot/install/batrobot_msgs/include/batrobot_msgs/batrobot_msgs/action
[6.813s] -- Up-to-date: /home/naveen/bat_robot/install/batrobot_msgs/include/batrobot_msgs/batrobot_msgs/action/detail
[6.821s] -- Up-to-date: /home/naveen/bat_robot/install/batrobot_msgs/include/batrobot_msgs/batrobot_msgs/action/detail/batrobot_task__type_support.c
[6.825s] -- Up-to-date: /home/naveen/bat_robot/install/batrobot_msgs/include/batrobot_msgs/batrobot_msgs/action/detail/batrobot_task__rosidl_typesupport_introspection_c.h
[6.825s] -- Up-to-date: /home/naveen/bat_robot/install/batrobot_msgs/lib/libbatrobot_msgs__rosidl_typesupport_introspection_c.so
[6.826s] -- Up-to-date: /home/naveen/bat_robot/install/batrobot_msgs/lib/libbatrobot_msgs__rosidl_typesupport_c.so
[6.827s] -- Up-to-date: /home/naveen/bat_robot/install/batrobot_msgs/include/batrobot_msgs/batrobot_msgs
[6.827s] -- Up-to-date: /home/naveen/bat_robot/install/batrobot_msgs/include/batrobot_msgs/batrobot_msgs/action
[6.832s] -- Up-to-date: /home/naveen/bat_robot/install/batrobot_msgs/include/batrobot_msgs/batrobot_msgs/action/detail
[6.832s] -- Up-to-date: /home/naveen/bat_robot/install/batrobot_msgs/include/batrobot_msgs/batrobot_msgs/action/detail/batrobot_task__type_support.cpp
[6.833s] -- Up-to-date: /home/naveen/bat_robot/install/batrobot_msgs/include/batrobot_msgs/batrobot_msgs/action/detail/batrobot_task__rosidl_typesupport_introspection_cpp.hpp
[6.833s] -- Up-to-date: /home/naveen/bat_robot/install/batrobot_msgs/lib/libbatrobot_msgs__rosidl_typesupport_introspection_cpp.so
[6.837s] -- Up-to-date: /home/naveen/bat_robot/install/batrobot_msgs/lib/libbatrobot_msgs__rosidl_typesupport_cpp.so
[6.841s] -- Up-to-date: /home/naveen/bat_robot/install/batrobot_msgs/share/batrobot_msgs/environment/pythonpath.sh
[6.841s] -- Up-to-date: /home/naveen/bat_robot/install/batrobot_msgs/share/batrobot_msgs/environment/pythonpath.dsv
[6.843s] -- Up-to-date: /home/naveen/bat_robot/install/batrobot_msgs/local/lib/python3.10/dist-packages/batrobot_msgs-0.0.0-py3.10.egg-info
[6.847s] -- Installing: /home/naveen/bat_robot/install/batrobot_msgs/local/lib/python3.10/dist-packages/batrobot_msgs-0.0.0-py3.10.egg-info/dependency_links.txt
[6.847s] -- Installing: /home/naveen/bat_robot/install/batrobot_msgs/local/lib/python3.10/dist-packages/batrobot_msgs-0.0.0-py3.10.egg-info/top_level.txt
[6.850s] -- Installing: /home/naveen/bat_robot/install/batrobot_msgs/local/lib/python3.10/dist-packages/batrobot_msgs-0.0.0-py3.10.egg-info/SOURCES.txt
[6.851s] -- Installing: /home/naveen/bat_robot/install/batrobot_msgs/local/lib/python3.10/dist-packages/batrobot_msgs-0.0.0-py3.10.egg-info/PKG-INFO
[6.858s] -- Up-to-date: /home/naveen/bat_robot/install/batrobot_msgs/local/lib/python3.10/dist-packages/batrobot_msgs
[6.858s] -- Up-to-date: /home/naveen/bat_robot/install/batrobot_msgs/local/lib/python3.10/dist-packages/batrobot_msgs/__init__.py
[6.859s] -- Up-to-date: /home/naveen/bat_robot/install/batrobot_msgs/local/lib/python3.10/dist-packages/batrobot_msgs/batrobot_msgs_s__rosidl_typesupport_c.cpython-310-x86_64-linux-gnu.so
[6.859s] -- Up-to-date: /home/naveen/bat_robot/install/batrobot_msgs/local/lib/python3.10/dist-packages/batrobot_msgs/batrobot_msgs_s__rosidl_typesupport_introspection_c.cpython-310-x86_64-linux-gnu.so
[6.859s] -- Up-to-date: /home/naveen/bat_robot/install/batrobot_msgs/local/lib/python3.10/dist-packages/batrobot_msgs/libbatrobot_msgs__rosidl_generator_py.so
[6.859s] -- Up-to-date: /home/naveen/bat_robot/install/batrobot_msgs/local/lib/python3.10/dist-packages/batrobot_msgs/batrobot_msgs_s__rosidl_typesupport_fastrtps_c.cpython-310-x86_64-linux-gnu.so
[6.860s] -- Up-to-date: /home/naveen/bat_robot/install/batrobot_msgs/local/lib/python3.10/dist-packages/batrobot_msgs/_batrobot_msgs_s.ep.rosidl_typesupport_c.c
[6.860s] -- Up-to-date: /home/naveen/bat_robot/install/batrobot_msgs/local/lib/python3.10/dist-packages/batrobot_msgs/_batrobot_msgs_s.ep.rosidl_typesupport_fastrtps_c.c
[6.878s] -- Up-to-date: /home/naveen/bat_robot/install/batrobot_msgs/local/lib/python3.10/dist-packages/batrobot_msgs/action
[6.879s] -- Up-to-date: /home/naveen/bat_robot/install/batrobot_msgs/local/lib/python3.10/dist-packages/batrobot_msgs/action/__init__.py
[6.881s] -- Up-to-date: /home/naveen/bat_robot/install/batrobot_msgs/local/lib/python3.10/dist-packages/batrobot_msgs/action/_batrobot_task_s.c
[6.881s] -- Up-to-date: /home/naveen/bat_robot/install/batrobot_msgs/local/lib/python3.10/dist-packages/batrobot_msgs/action/_batrobot_task.py
[6.885s] -- Up-to-date: /home/naveen/bat_robot/install/batrobot_msgs/local/lib/python3.10/dist-packages/batrobot_msgs/_batrobot_msgs_s.ep.rosidl_typesupport_introspection_c.c
[7.421s] Listing '/home/naveen/bat_robot/install/batrobot_msgs/local/lib/python3.10/dist-packages/batrobot_msgs'...
[7.421s] Listing '/home/naveen/bat_robot/install/batrobot_msgs/local/lib/python3.10/dist-packages/batrobot_msgs/action'...
[7.489s] -- Up-to-date: /home/naveen/bat_robot/install/batrobot_msgs/local/lib/python3.10/dist-packages/batrobot_msgs/batrobot_msgs_s__rosidl_typesupport_fastrtps_c.cpython-310-x86_64-linux-gnu.so
[7.496s] -- Up-to-date: /home/naveen/bat_robot/install/batrobot_msgs/local/lib/python3.10/dist-packages/batrobot_msgs/batrobot_msgs_s__rosidl_typesupport_introspection_c.cpython-310-x86_64-linux-gnu.so
[7.500s] -- Up-to-date: /home/naveen/bat_robot/install/batrobot_msgs/local/lib/python3.10/dist-packages/batrobot_msgs/batrobot_msgs_s__rosidl_typesupport_c.cpython-310-x86_64-linux-gnu.so
[7.503s] -- Up-to-date: /home/naveen/bat_robot/install/batrobot_msgs/lib/libbatrobot_msgs__rosidl_generator_py.so
[7.507s] -- Up-to-date: /home/naveen/bat_robot/install/batrobot_msgs/share/batrobot_msgs/action/BatrobotTask.idl
[7.507s] -- Up-to-date: /home/naveen/bat_robot/install/batrobot_msgs/share/batrobot_msgs/action/BatrobotTask.action
[7.511s] -- Up-to-date: /home/naveen/bat_robot/install/batrobot_msgs/share/ament_index/resource_index/package_run_dependencies/batrobot_msgs
[7.512s] -- Up-to-date: /home/naveen/bat_robot/install/batrobot_msgs/share/ament_index/resource_index/parent_prefix_path/batrobot_msgs
[7.512s] -- Up-to-date: /home/naveen/bat_robot/install/batrobot_msgs/share/batrobot_msgs/environment/ament_prefix_path.sh
[7.515s] -- Up-to-date: /home/naveen/bat_robot/install/batrobot_msgs/share/batrobot_msgs/environment/ament_prefix_path.dsv
[7.515s] -- Up-to-date: /home/naveen/bat_robot/install/batrobot_msgs/share/batrobot_msgs/environment/path.sh
[7.515s] -- Up-to-date: /home/naveen/bat_robot/install/batrobot_msgs/share/batrobot_msgs/environment/path.dsv
[7.516s] -- Up-to-date: /home/naveen/bat_robot/install/batrobot_msgs/share/batrobot_msgs/local_setup.bash
[7.523s] -- Up-to-date: /home/naveen/bat_robot/install/batrobot_msgs/share/batrobot_msgs/local_setup.sh
[7.528s] -- Up-to-date: /home/naveen/bat_robot/install/batrobot_msgs/share/batrobot_msgs/local_setup.zsh
[7.533s] -- Up-to-date: /home/naveen/bat_robot/install/batrobot_msgs/share/batrobot_msgs/local_setup.dsv
[7.534s] -- Installing: /home/naveen/bat_robot/install/batrobot_msgs/share/batrobot_msgs/package.dsv
[7.534s] -- Up-to-date: /home/naveen/bat_robot/install/batrobot_msgs/share/ament_index/resource_index/packages/batrobot_msgs
[7.534s] -- Up-to-date: /home/naveen/bat_robot/install/batrobot_msgs/share/batrobot_msgs/cmake/export_batrobot_msgs__rosidl_generator_cExport.cmake
[7.534s] -- Up-to-date: /home/naveen/bat_robot/install/batrobot_msgs/share/batrobot_msgs/cmake/export_batrobot_msgs__rosidl_generator_cExport-noconfig.cmake
[7.535s] -- Up-to-date: /home/naveen/bat_robot/install/batrobot_msgs/share/batrobot_msgs/cmake/export_batrobot_msgs__rosidl_typesupport_fastrtps_cExport.cmake
[7.535s] -- Up-to-date: /home/naveen/bat_robot/install/batrobot_msgs/share/batrobot_msgs/cmake/export_batrobot_msgs__rosidl_typesupport_fastrtps_cExport-noconfig.cmake
[7.548s] -- Up-to-date: /home/naveen/bat_robot/install/batrobot_msgs/share/batrobot_msgs/cmake/export_batrobot_msgs__rosidl_generator_cppExport.cmake
[7.550s] -- Up-to-date: /home/naveen/bat_robot/install/batrobot_msgs/share/batrobot_msgs/cmake/export_batrobot_msgs__rosidl_typesupport_fastrtps_cppExport.cmake
[7.550s] -- Up-to-date: /home/naveen/bat_robot/install/batrobot_msgs/share/batrobot_msgs/cmake/export_batrobot_msgs__rosidl_typesupport_fastrtps_cppExport-noconfig.cmake
[7.558s] -- Up-to-date: /home/naveen/bat_robot/install/batrobot_msgs/share/batrobot_msgs/cmake/batrobot_msgs__rosidl_typesupport_introspection_cExport.cmake
[7.559s] -- Up-to-date: /home/naveen/bat_robot/install/batrobot_msgs/share/batrobot_msgs/cmake/batrobot_msgs__rosidl_typesupport_introspection_cExport-noconfig.cmake
[7.559s] -- Up-to-date: /home/naveen/bat_robot/install/batrobot_msgs/share/batrobot_msgs/cmake/batrobot_msgs__rosidl_typesupport_cExport.cmake
[7.559s] -- Up-to-date: /home/naveen/bat_robot/install/batrobot_msgs/share/batrobot_msgs/cmake/batrobot_msgs__rosidl_typesupport_cExport-noconfig.cmake
[7.565s] -- Up-to-date: /home/naveen/bat_robot/install/batrobot_msgs/share/batrobot_msgs/cmake/batrobot_msgs__rosidl_typesupport_introspection_cppExport.cmake
[7.565s] -- Up-to-date: /home/naveen/bat_robot/install/batrobot_msgs/share/batrobot_msgs/cmake/batrobot_msgs__rosidl_typesupport_introspection_cppExport-noconfig.cmake
[7.566s] -- Up-to-date: /home/naveen/bat_robot/install/batrobot_msgs/share/batrobot_msgs/cmake/batrobot_msgs__rosidl_typesupport_cppExport.cmake
[7.566s] -- Up-to-date: /home/naveen/bat_robot/install/batrobot_msgs/share/batrobot_msgs/cmake/batrobot_msgs__rosidl_typesupport_cppExport-noconfig.cmake
[7.573s] -- Up-to-date: /home/naveen/bat_robot/install/batrobot_msgs/share/batrobot_msgs/cmake/export_batrobot_msgs__rosidl_generator_pyExport.cmake
[7.573s] -- Up-to-date: /home/naveen/bat_robot/install/batrobot_msgs/share/batrobot_msgs/cmake/export_batrobot_msgs__rosidl_generator_pyExport-noconfig.cmake
[7.573s] -- Up-to-date: /home/naveen/bat_robot/install/batrobot_msgs/share/batrobot_msgs/cmake/rosidl_cmake-extras.cmake
[7.573s] -- Up-to-date: /home/naveen/bat_robot/install/batrobot_msgs/share/batrobot_msgs/cmake/ament_cmake_export_dependencies-extras.cmake
[7.574s] -- Up-to-date: /home/naveen/bat_robot/install/batrobot_msgs/share/batrobot_msgs/cmake/ament_cmake_export_include_directories-extras.cmake
[7.574s] -- Up-to-date: /home/naveen/bat_robot/install/batrobot_msgs/share/batrobot_msgs/cmake/ament_cmake_export_libraries-extras.cmake
[7.584s] -- Up-to-date: /home/naveen/bat_robot/install/batrobot_msgs/share/batrobot_msgs/cmake/ament_cmake_export_targets-extras.cmake
[7.585s] -- Up-to-date: /home/naveen/bat_robot/install/batrobot_msgs/share/batrobot_msgs/cmake/rosidl_cmake_export_typesupport_targets-extras.cmake
[7.592s] -- Up-to-date: /home/naveen/bat_robot/install/batrobot_msgs/share/batrobot_msgs/cmake/rosidl_cmake_export_typesupport_libraries-extras.cmake
[7.593s] -- Up-to-date: /home/naveen/bat_robot/install/batrobot_msgs/share/batrobot_msgs/cmake/batrobot_msgsConfig.cmake
[7.593s] -- Up-to-date: /home/naveen/bat_robot/install/batrobot_msgs/share/batrobot_msgs/cmake/batrobot_msgsConfig-version.cmake
[7.594s] -- Up-to-date: /home/naveen/bat_robot/install/batrobot_msgs/share/batrobot_msgs/package.xml
[7.603s] Invoked command in '/home/naveen/bat_robot/build/batrobot_msgs' returned '0': CMAKE_PREFIX_PATH=${CMAKE_PREFIX_PATH}:/home/naveen/roarm_ws_em0/install/ros2web_widgets:/home/naveen/roarm_ws_em0/install/ros2web_example_py:/home/naveen/roarm_ws_em0/install/roarm_web_app:/home/naveen/roarm_ws_em0/install/ros2web_app:/home/naveen/roarm_ws_em0/install/ros2web:/home/naveen/roarm_ws_em0/install/roarm_driver:/home/naveen/roarm_ws_em0/install/launch_api:/opt/ros/humble /usr/bin/cmake --install /home/naveen/bat_robot/build/batrobot_msgs
