[0.118s] Invoking command in '/home/naveen/bat_robot/build/batrobot_moveit': CMAKE_PREFIX_PATH=${CMAKE_PREFIX_PATH}:/home/naveen/roarm_ws_em0/install/ros2web_widgets:/home/naveen/roarm_ws_em0/install/ros2web_example_py:/home/naveen/roarm_ws_em0/install/roarm_web_app:/home/naveen/roarm_ws_em0/install/ros2web_app:/home/naveen/roarm_ws_em0/install/ros2web:/home/naveen/roarm_ws_em0/install/roarm_driver:/home/naveen/roarm_ws_em0/install/launch_api:/opt/ros/humble /usr/bin/cmake --build /home/naveen/bat_robot/build/batrobot_moveit -- -j2 -l2
[0.540s] Invoked command in '/home/naveen/bat_robot/build/batrobot_moveit' returned '0': CMAKE_PREFIX_PATH=${CMAKE_PREFIX_PATH}:/home/naveen/roarm_ws_em0/install/ros2web_widgets:/home/naveen/roarm_ws_em0/install/ros2web_example_py:/home/naveen/roarm_ws_em0/install/roarm_web_app:/home/naveen/roarm_ws_em0/install/ros2web_app:/home/naveen/roarm_ws_em0/install/ros2web:/home/naveen/roarm_ws_em0/install/roarm_driver:/home/naveen/roarm_ws_em0/install/launch_api:/opt/ros/humble /usr/bin/cmake --build /home/naveen/bat_robot/build/batrobot_moveit -- -j2 -l2
[0.625s] Invoking command in '/home/naveen/bat_robot/build/batrobot_moveit': CMAKE_PREFIX_PATH=${CMAKE_PREFIX_PATH}:/home/naveen/roarm_ws_em0/install/ros2web_widgets:/home/naveen/roarm_ws_em0/install/ros2web_example_py:/home/naveen/roarm_ws_em0/install/roarm_web_app:/home/naveen/roarm_ws_em0/install/ros2web_app:/home/naveen/roarm_ws_em0/install/ros2web:/home/naveen/roarm_ws_em0/install/roarm_driver:/home/naveen/roarm_ws_em0/install/launch_api:/opt/ros/humble /usr/bin/cmake --install /home/naveen/bat_robot/build/batrobot_moveit
[0.736s] -- Install configuration: ""
[0.743s] -- Up-to-date: /home/naveen/bat_robot/install/batrobot_moveit/share/ament_index/resource_index/package_run_dependencies/batrobot_moveit
[0.744s] -- Up-to-date: /home/naveen/bat_robot/install/batrobot_moveit/share/ament_index/resource_index/parent_prefix_path/batrobot_moveit
[0.744s] -- Up-to-date: /home/naveen/bat_robot/install/batrobot_moveit/share/batrobot_moveit/environment/ament_prefix_path.sh
[0.744s] -- Up-to-date: /home/naveen/bat_robot/install/batrobot_moveit/share/batrobot_moveit/environment/ament_prefix_path.dsv
[0.745s] -- Up-to-date: /home/naveen/bat_robot/install/batrobot_moveit/share/batrobot_moveit/environment/path.sh
[0.745s] -- Up-to-date: /home/naveen/bat_robot/install/batrobot_moveit/share/batrobot_moveit/environment/path.dsv
[0.755s] -- Up-to-date: /home/naveen/bat_robot/install/batrobot_moveit/share/batrobot_moveit/local_setup.bash
[0.755s] -- Up-to-date: /home/naveen/bat_robot/install/batrobot_moveit/share/batrobot_moveit/local_setup.sh
[0.756s] -- Up-to-date: /home/naveen/bat_robot/install/batrobot_moveit/share/batrobot_moveit/local_setup.zsh
[0.756s] -- Up-to-date: /home/naveen/bat_robot/install/batrobot_moveit/share/batrobot_moveit/local_setup.dsv
[0.760s] -- Up-to-date: /home/naveen/bat_robot/install/batrobot_moveit/share/batrobot_moveit/package.dsv
[0.764s] -- Up-to-date: /home/naveen/bat_robot/install/batrobot_moveit/share/ament_index/resource_index/packages/batrobot_moveit
[0.765s] -- Up-to-date: /home/naveen/bat_robot/install/batrobot_moveit/share/batrobot_moveit/cmake/batrobot_moveitConfig.cmake
[0.765s] -- Up-to-date: /home/naveen/bat_robot/install/batrobot_moveit/share/batrobot_moveit/cmake/batrobot_moveitConfig-version.cmake
[0.767s] -- Up-to-date: /home/naveen/bat_robot/install/batrobot_moveit/share/batrobot_moveit/package.xml
[0.789s] Invoked command in '/home/naveen/bat_robot/build/batrobot_moveit' returned '0': CMAKE_PREFIX_PATH=${CMAKE_PREFIX_PATH}:/home/naveen/roarm_ws_em0/install/ros2web_widgets:/home/naveen/roarm_ws_em0/install/ros2web_example_py:/home/naveen/roarm_ws_em0/install/roarm_web_app:/home/naveen/roarm_ws_em0/install/ros2web_app:/home/naveen/roarm_ws_em0/install/ros2web:/home/naveen/roarm_ws_em0/install/roarm_driver:/home/naveen/roarm_ws_em0/install/launch_api:/opt/ros/humble /usr/bin/cmake --install /home/naveen/bat_robot/build/batrobot_moveit
