[0.051s] Invoking command in '/home/naveen/bat_robot/build/batrobot_firmware': CMAKE_PREFIX_PATH=${CMAKE_PREFIX_PATH}:/home/naveen/roarm_ws_em0/install/ros2web_widgets:/home/naveen/roarm_ws_em0/install/ros2web_example_py:/home/naveen/roarm_ws_em0/install/roarm_web_app:/home/naveen/roarm_ws_em0/install/ros2web_app:/home/naveen/roarm_ws_em0/install/ros2web:/home/naveen/roarm_ws_em0/install/roarm_driver:/home/naveen/roarm_ws_em0/install/launch_api:/opt/ros/humble /usr/bin/cmake --build /home/naveen/bat_robot/build/batrobot_firmware -- -j2 -l2
[0.357s] Built target ament_cmake_python_copy_batrobot_firmware
[2.932s] running egg_info
[2.939s] writing batrobot_firmware.egg-info/PKG-INFO
[2.942s] writing dependency_links to batrobot_firmware.egg-info/dependency_links.txt
[2.945s] writing top-level names to batrobot_firmware.egg-info/top_level.txt
[2.966s] reading manifest file 'batrobot_firmware.egg-info/SOURCES.txt'
[2.972s] writing manifest file 'batrobot_firmware.egg-info/SOURCES.txt'
[3.212s] Built target ament_cmake_python_build_batrobot_firmware_egg
[3.289s] Invoked command in '/home/naveen/bat_robot/build/batrobot_firmware' returned '0': CMAKE_PREFIX_PATH=${CMAKE_PREFIX_PATH}:/home/naveen/roarm_ws_em0/install/ros2web_widgets:/home/naveen/roarm_ws_em0/install/ros2web_example_py:/home/naveen/roarm_ws_em0/install/roarm_web_app:/home/naveen/roarm_ws_em0/install/ros2web_app:/home/naveen/roarm_ws_em0/install/ros2web:/home/naveen/roarm_ws_em0/install/roarm_driver:/home/naveen/roarm_ws_em0/install/launch_api:/opt/ros/humble /usr/bin/cmake --build /home/naveen/bat_robot/build/batrobot_firmware -- -j2 -l2
[3.294s] Invoking command in '/home/naveen/bat_robot/build/batrobot_firmware': CMAKE_PREFIX_PATH=${CMAKE_PREFIX_PATH}:/home/naveen/roarm_ws_em0/install/ros2web_widgets:/home/naveen/roarm_ws_em0/install/ros2web_example_py:/home/naveen/roarm_ws_em0/install/roarm_web_app:/home/naveen/roarm_ws_em0/install/ros2web_app:/home/naveen/roarm_ws_em0/install/ros2web:/home/naveen/roarm_ws_em0/install/roarm_driver:/home/naveen/roarm_ws_em0/install/launch_api:/opt/ros/humble /usr/bin/cmake --install /home/naveen/bat_robot/build/batrobot_firmware
[3.344s] -- Install configuration: ""
[3.352s] -- Up-to-date: /home/naveen/bat_robot/install/batrobot_firmware/share/batrobot_firmware/environment/pythonpath.sh
[3.352s] -- Up-to-date: /home/naveen/bat_robot/install/batrobot_firmware/share/batrobot_firmware/environment/pythonpath.dsv
[3.352s] -- Up-to-date: /home/naveen/bat_robot/install/batrobot_firmware/local/lib/python3.10/dist-packages/batrobot_firmware-0.0.0-py3.10.egg-info
[3.359s] -- Installing: /home/naveen/bat_robot/install/batrobot_firmware/local/lib/python3.10/dist-packages/batrobot_firmware-0.0.0-py3.10.egg-info/dependency_links.txt
[3.359s] -- Installing: /home/naveen/bat_robot/install/batrobot_firmware/local/lib/python3.10/dist-packages/batrobot_firmware-0.0.0-py3.10.egg-info/top_level.txt
[3.360s] -- Installing: /home/naveen/bat_robot/install/batrobot_firmware/local/lib/python3.10/dist-packages/batrobot_firmware-0.0.0-py3.10.egg-info/SOURCES.txt
[3.360s] -- Installing: /home/naveen/bat_robot/install/batrobot_firmware/local/lib/python3.10/dist-packages/batrobot_firmware-0.0.0-py3.10.egg-info/PKG-INFO
[3.363s] -- Up-to-date: /home/naveen/bat_robot/install/batrobot_firmware/local/lib/python3.10/dist-packages/batrobot_firmware
[3.365s] -- Up-to-date: /home/naveen/bat_robot/install/batrobot_firmware/local/lib/python3.10/dist-packages/batrobot_firmware/__init__.py
[3.366s] -- Up-to-date: /home/naveen/bat_robot/install/batrobot_firmware/local/lib/python3.10/dist-packages/batrobot_firmware/simple_serial_reciever.py
[3.366s] -- Up-to-date: /home/naveen/bat_robot/install/batrobot_firmware/local/lib/python3.10/dist-packages/batrobot_firmware/simple_serial_transmitter.py
[3.661s] Listing '/home/naveen/bat_robot/install/batrobot_firmware/local/lib/python3.10/dist-packages/batrobot_firmware'...
[3.708s] -- Up-to-date: /home/naveen/bat_robot/install/batrobot_firmware/lib/batrobot_firmware/simple_serial_transmitter.py
[3.708s] -- Up-to-date: /home/naveen/bat_robot/install/batrobot_firmware/lib/batrobot_firmware/simple_serial_reciever.py
[3.709s] -- Up-to-date: /home/naveen/bat_robot/install/batrobot_firmware/share/ament_index/resource_index/package_run_dependencies/batrobot_firmware
[3.713s] -- Up-to-date: /home/naveen/bat_robot/install/batrobot_firmware/share/ament_index/resource_index/parent_prefix_path/batrobot_firmware
[3.714s] -- Up-to-date: /home/naveen/bat_robot/install/batrobot_firmware/share/batrobot_firmware/environment/ament_prefix_path.sh
[3.714s] -- Up-to-date: /home/naveen/bat_robot/install/batrobot_firmware/share/batrobot_firmware/environment/ament_prefix_path.dsv
[3.714s] -- Up-to-date: /home/naveen/bat_robot/install/batrobot_firmware/share/batrobot_firmware/environment/path.sh
[3.714s] -- Up-to-date: /home/naveen/bat_robot/install/batrobot_firmware/share/batrobot_firmware/environment/path.dsv
[3.714s] -- Up-to-date: /home/naveen/bat_robot/install/batrobot_firmware/share/batrobot_firmware/local_setup.bash
[3.715s] -- Up-to-date: /home/naveen/bat_robot/install/batrobot_firmware/share/batrobot_firmware/local_setup.sh
[3.720s] -- Up-to-date: /home/naveen/bat_robot/install/batrobot_firmware/share/batrobot_firmware/local_setup.zsh
[3.720s] -- Up-to-date: /home/naveen/bat_robot/install/batrobot_firmware/share/batrobot_firmware/local_setup.dsv
[3.721s] -- Installing: /home/naveen/bat_robot/install/batrobot_firmware/share/batrobot_firmware/package.dsv
[3.723s] -- Up-to-date: /home/naveen/bat_robot/install/batrobot_firmware/share/ament_index/resource_index/packages/batrobot_firmware
[3.724s] -- Up-to-date: /home/naveen/bat_robot/install/batrobot_firmware/share/batrobot_firmware/cmake/batrobot_firmwareConfig.cmake
[3.724s] -- Up-to-date: /home/naveen/bat_robot/install/batrobot_firmware/share/batrobot_firmware/cmake/batrobot_firmwareConfig-version.cmake
[3.724s] -- Up-to-date: /home/naveen/bat_robot/install/batrobot_firmware/share/batrobot_firmware/package.xml
[3.732s] Invoked command in '/home/naveen/bat_robot/build/batrobot_firmware' returned '0': CMAKE_PREFIX_PATH=${CMAKE_PREFIX_PATH}:/home/naveen/roarm_ws_em0/install/ros2web_widgets:/home/naveen/roarm_ws_em0/install/ros2web_example_py:/home/naveen/roarm_ws_em0/install/roarm_web_app:/home/naveen/roarm_ws_em0/install/ros2web_app:/home/naveen/roarm_ws_em0/install/ros2web:/home/naveen/roarm_ws_em0/install/roarm_driver:/home/naveen/roarm_ws_em0/install/launch_api:/opt/ros/humble /usr/bin/cmake --install /home/naveen/bat_robot/build/batrobot_firmware
