[0.123s] Invoking command in '/home/naveen/bat_robot/build/batrobot_msgs': CMAKE_PREFIX_PATH=${CMAKE_PREFIX_PATH}:/home/naveen/roarm_ws_em0/install/ros2web_widgets:/home/naveen/roarm_ws_em0/install/ros2web_example_py:/home/naveen/roarm_ws_em0/install/roarm_web_app:/home/naveen/roarm_ws_em0/install/ros2web_app:/home/naveen/roarm_ws_em0/install/ros2web:/home/naveen/roarm_ws_em0/install/roarm_driver:/home/naveen/roarm_ws_em0/install/launch_api:/opt/ros/humble /usr/bin/cmake --build /home/naveen/bat_robot/build/batrobot_msgs -- -j2 -l2
[0.774s] [  3%] Built target batrobot_msgs__cpp
[0.774s] [ 12%] Built target batrobot_msgs__rosidl_generator_c
[1.137s] [ 22%] Built target batrobot_msgs__rosidl_typesupport_cpp
[1.288s] [ 22%] Built target ament_cmake_python_copy_batrobot_msgs
[1.577s] [ 32%] Built target batrobot_msgs__rosidl_typesupport_fastrtps_c
[1.701s] [ 41%] Built target batrobot_msgs__rosidl_typesupport_fastrtps_cpp
[1.963s] [ 51%] Built target batrobot_msgs__rosidl_typesupport_introspection_c
[2.134s] [ 61%] Built target batrobot_msgs__rosidl_typesupport_c
[2.235s] [ 70%] Built target batrobot_msgs__rosidl_typesupport_introspection_cpp
[2.591s] [ 70%] Built target batrobot_msgs
[2.985s] [ 74%] Built target batrobot_msgs__py
[3.423s] [ 80%] Built target batrobot_msgs__rosidl_generator_py
[3.847s] [ 87%] Built target batrobot_msgs__rosidl_typesupport_fastrtps_c__pyext
[4.251s] [ 93%] Built target batrobot_msgs__rosidl_typesupport_introspection_c__pyext
[4.757s] [100%] Built target batrobot_msgs__rosidl_typesupport_c__pyext
[8.578s] running egg_info
[8.588s] writing batrobot_msgs.egg-info/PKG-INFO
[8.589s] writing dependency_links to batrobot_msgs.egg-info/dependency_links.txt
[8.595s] writing top-level names to batrobot_msgs.egg-info/top_level.txt
[8.646s] reading manifest file 'batrobot_msgs.egg-info/SOURCES.txt'
[8.646s] writing manifest file 'batrobot_msgs.egg-info/SOURCES.txt'
[9.097s] [100%] Built target ament_cmake_python_build_batrobot_msgs_egg
[9.268s] Invoked command in '/home/naveen/bat_robot/build/batrobot_msgs' returned '0': CMAKE_PREFIX_PATH=${CMAKE_PREFIX_PATH}:/home/naveen/roarm_ws_em0/install/ros2web_widgets:/home/naveen/roarm_ws_em0/install/ros2web_example_py:/home/naveen/roarm_ws_em0/install/roarm_web_app:/home/naveen/roarm_ws_em0/install/ros2web_app:/home/naveen/roarm_ws_em0/install/ros2web:/home/naveen/roarm_ws_em0/install/roarm_driver:/home/naveen/roarm_ws_em0/install/launch_api:/opt/ros/humble /usr/bin/cmake --build /home/naveen/bat_robot/build/batrobot_msgs -- -j2 -l2
[9.293s] Invoking command in '/home/naveen/bat_robot/build/batrobot_msgs': CMAKE_PREFIX_PATH=${CMAKE_PREFIX_PATH}:/home/naveen/roarm_ws_em0/install/ros2web_widgets:/home/naveen/roarm_ws_em0/install/ros2web_example_py:/home/naveen/roarm_ws_em0/install/roarm_web_app:/home/naveen/roarm_ws_em0/install/ros2web_app:/home/naveen/roarm_ws_em0/install/ros2web:/home/naveen/roarm_ws_em0/install/roarm_driver:/home/naveen/roarm_ws_em0/install/launch_api:/opt/ros/humble /usr/bin/cmake --install /home/naveen/bat_robot/build/batrobot_msgs
[9.419s] -- Install configuration: ""
[9.419s] -- Up-to-date: /home/naveen/bat_robot/install/batrobot_msgs/share/ament_index/resource_index/rosidl_interfaces/batrobot_msgs
[9.419s] -- Up-to-date: /home/naveen/bat_robot/install/batrobot_msgs/include/batrobot_msgs/batrobot_msgs
[9.423s] -- Up-to-date: /home/naveen/bat_robot/install/batrobot_msgs/include/batrobot_msgs/batrobot_msgs/msg
[9.424s] -- Up-to-date: /home/naveen/bat_robot/install/batrobot_msgs/include/batrobot_msgs/batrobot_msgs/msg/rosidl_generator_c__visibility_control.h
[9.430s] -- Up-to-date: /home/naveen/bat_robot/install/batrobot_msgs/include/batrobot_msgs/batrobot_msgs/action
[9.431s] -- Up-to-date: /home/naveen/bat_robot/install/batrobot_msgs/include/batrobot_msgs/batrobot_msgs/action/batrobot_task.h
[9.431s] -- Up-to-date: /home/naveen/bat_robot/install/batrobot_msgs/include/batrobot_msgs/batrobot_msgs/action/detail
[9.431s] -- Up-to-date: /home/naveen/bat_robot/install/batrobot_msgs/include/batrobot_msgs/batrobot_msgs/action/detail/batrobot_task__functions.c
[9.441s] -- Up-to-date: /home/naveen/bat_robot/install/batrobot_msgs/include/batrobot_msgs/batrobot_msgs/action/detail/batrobot_task__functions.h
[9.442s] -- Up-to-date: /home/naveen/bat_robot/install/batrobot_msgs/include/batrobot_msgs/batrobot_msgs/action/detail/batrobot_task__struct.h
[9.442s] -- Up-to-date: /home/naveen/bat_robot/install/batrobot_msgs/include/batrobot_msgs/batrobot_msgs/action/detail/batrobot_task__type_support.h
[9.442s] -- Up-to-date: /home/naveen/bat_robot/install/batrobot_msgs/share/batrobot_msgs/environment/library_path.sh
[9.442s] -- Up-to-date: /home/naveen/bat_robot/install/batrobot_msgs/share/batrobot_msgs/environment/library_path.dsv
[9.449s] -- Up-to-date: /home/naveen/bat_robot/install/batrobot_msgs/lib/libbatrobot_msgs__rosidl_generator_c.so
[9.450s] -- Up-to-date: /home/naveen/bat_robot/install/batrobot_msgs/include/batrobot_msgs/batrobot_msgs
[9.450s] -- Up-to-date: /home/naveen/bat_robot/install/batrobot_msgs/include/batrobot_msgs/batrobot_msgs/msg
[9.450s] -- Up-to-date: /home/naveen/bat_robot/install/batrobot_msgs/include/batrobot_msgs/batrobot_msgs/msg/rosidl_typesupport_fastrtps_c__visibility_control.h
[9.451s] -- Up-to-date: /home/naveen/bat_robot/install/batrobot_msgs/include/batrobot_msgs/batrobot_msgs/action
[9.451s] -- Up-to-date: /home/naveen/bat_robot/install/batrobot_msgs/include/batrobot_msgs/batrobot_msgs/action/detail
[9.451s] -- Up-to-date: /home/naveen/bat_robot/install/batrobot_msgs/include/batrobot_msgs/batrobot_msgs/action/detail/batrobot_task__rosidl_typesupport_fastrtps_c.h
[9.460s] -- Up-to-date: /home/naveen/bat_robot/install/batrobot_msgs/lib/libbatrobot_msgs__rosidl_typesupport_fastrtps_c.so
[9.460s] -- Up-to-date: /home/naveen/bat_robot/install/batrobot_msgs/include/batrobot_msgs/batrobot_msgs
[9.460s] -- Up-to-date: /home/naveen/bat_robot/install/batrobot_msgs/include/batrobot_msgs/batrobot_msgs/msg
[9.461s] -- Up-to-date: /home/naveen/bat_robot/install/batrobot_msgs/include/batrobot_msgs/batrobot_msgs/msg/rosidl_generator_cpp__visibility_control.hpp
[9.461s] -- Up-to-date: /home/naveen/bat_robot/install/batrobot_msgs/include/batrobot_msgs/batrobot_msgs/action
[9.472s] -- Up-to-date: /home/naveen/bat_robot/install/batrobot_msgs/include/batrobot_msgs/batrobot_msgs/action/batrobot_task.hpp
[9.474s] -- Up-to-date: /home/naveen/bat_robot/install/batrobot_msgs/include/batrobot_msgs/batrobot_msgs/action/detail
[9.475s] -- Up-to-date: /home/naveen/bat_robot/install/batrobot_msgs/include/batrobot_msgs/batrobot_msgs/action/detail/batrobot_task__type_support.hpp
[9.475s] -- Up-to-date: /home/naveen/bat_robot/install/batrobot_msgs/include/batrobot_msgs/batrobot_msgs/action/detail/batrobot_task__struct.hpp
[9.475s] -- Up-to-date: /home/naveen/bat_robot/install/batrobot_msgs/include/batrobot_msgs/batrobot_msgs/action/detail/batrobot_task__traits.hpp
[9.484s] -- Up-to-date: /home/naveen/bat_robot/install/batrobot_msgs/include/batrobot_msgs/batrobot_msgs/action/detail/batrobot_task__builder.hpp
[9.485s] -- Up-to-date: /home/naveen/bat_robot/install/batrobot_msgs/include/batrobot_msgs/batrobot_msgs
[9.493s] -- Up-to-date: /home/naveen/bat_robot/install/batrobot_msgs/include/batrobot_msgs/batrobot_msgs/msg
[9.494s] -- Up-to-date: /home/naveen/bat_robot/install/batrobot_msgs/include/batrobot_msgs/batrobot_msgs/msg/rosidl_typesupport_fastrtps_cpp__visibility_control.h
[9.494s] -- Up-to-date: /home/naveen/bat_robot/install/batrobot_msgs/include/batrobot_msgs/batrobot_msgs/action
[9.494s] -- Up-to-date: /home/naveen/bat_robot/install/batrobot_msgs/include/batrobot_msgs/batrobot_msgs/action/detail
[9.495s] -- Up-to-date: /home/naveen/bat_robot/install/batrobot_msgs/include/batrobot_msgs/batrobot_msgs/action/detail/dds_fastrtps
[9.495s] -- Up-to-date: /home/naveen/bat_robot/install/batrobot_msgs/include/batrobot_msgs/batrobot_msgs/action/detail/batrobot_task__rosidl_typesupport_fastrtps_cpp.hpp
[9.502s] -- Up-to-date: /home/naveen/bat_robot/install/batrobot_msgs/lib/libbatrobot_msgs__rosidl_typesupport_fastrtps_cpp.so
[9.503s] -- Up-to-date: /home/naveen/bat_robot/install/batrobot_msgs/include/batrobot_msgs/batrobot_msgs
[9.503s] -- Up-to-date: /home/naveen/bat_robot/install/batrobot_msgs/include/batrobot_msgs/batrobot_msgs/msg
[9.503s] -- Up-to-date: /home/naveen/bat_robot/install/batrobot_msgs/include/batrobot_msgs/batrobot_msgs/msg/rosidl_typesupport_introspection_c__visibility_control.h
[9.504s] -- Up-to-date: /home/naveen/bat_robot/install/batrobot_msgs/include/batrobot_msgs/batrobot_msgs/action
[9.504s] -- Up-to-date: /home/naveen/bat_robot/install/batrobot_msgs/include/batrobot_msgs/batrobot_msgs/action/detail
[9.504s] -- Up-to-date: /home/naveen/bat_robot/install/batrobot_msgs/include/batrobot_msgs/batrobot_msgs/action/detail/batrobot_task__type_support.c
[9.504s] -- Up-to-date: /home/naveen/bat_robot/install/batrobot_msgs/include/batrobot_msgs/batrobot_msgs/action/detail/batrobot_task__rosidl_typesupport_introspection_c.h
[9.514s] -- Up-to-date: /home/naveen/bat_robot/install/batrobot_msgs/lib/libbatrobot_msgs__rosidl_typesupport_introspection_c.so
[9.514s] -- Up-to-date: /home/naveen/bat_robot/install/batrobot_msgs/lib/libbatrobot_msgs__rosidl_typesupport_c.so
[9.515s] -- Up-to-date: /home/naveen/bat_robot/install/batrobot_msgs/include/batrobot_msgs/batrobot_msgs
[9.515s] -- Up-to-date: /home/naveen/bat_robot/install/batrobot_msgs/include/batrobot_msgs/batrobot_msgs/action
[9.522s] -- Up-to-date: /home/naveen/bat_robot/install/batrobot_msgs/include/batrobot_msgs/batrobot_msgs/action/detail
[9.523s] -- Up-to-date: /home/naveen/bat_robot/install/batrobot_msgs/include/batrobot_msgs/batrobot_msgs/action/detail/batrobot_task__type_support.cpp
[9.523s] -- Up-to-date: /home/naveen/bat_robot/install/batrobot_msgs/include/batrobot_msgs/batrobot_msgs/action/detail/batrobot_task__rosidl_typesupport_introspection_cpp.hpp
[9.523s] -- Up-to-date: /home/naveen/bat_robot/install/batrobot_msgs/lib/libbatrobot_msgs__rosidl_typesupport_introspection_cpp.so
[9.524s] -- Up-to-date: /home/naveen/bat_robot/install/batrobot_msgs/lib/libbatrobot_msgs__rosidl_typesupport_cpp.so
[9.524s] -- Up-to-date: /home/naveen/bat_robot/install/batrobot_msgs/share/batrobot_msgs/environment/pythonpath.sh
[9.524s] -- Up-to-date: /home/naveen/bat_robot/install/batrobot_msgs/share/batrobot_msgs/environment/pythonpath.dsv
[9.533s] -- Up-to-date: /home/naveen/bat_robot/install/batrobot_msgs/local/lib/python3.10/dist-packages/batrobot_msgs-0.0.0-py3.10.egg-info
[9.534s] -- Installing: /home/naveen/bat_robot/install/batrobot_msgs/local/lib/python3.10/dist-packages/batrobot_msgs-0.0.0-py3.10.egg-info/dependency_links.txt
[9.534s] -- Installing: /home/naveen/bat_robot/install/batrobot_msgs/local/lib/python3.10/dist-packages/batrobot_msgs-0.0.0-py3.10.egg-info/top_level.txt
[9.534s] -- Installing: /home/naveen/bat_robot/install/batrobot_msgs/local/lib/python3.10/dist-packages/batrobot_msgs-0.0.0-py3.10.egg-info/SOURCES.txt
[9.535s] -- Installing: /home/naveen/bat_robot/install/batrobot_msgs/local/lib/python3.10/dist-packages/batrobot_msgs-0.0.0-py3.10.egg-info/PKG-INFO
[9.535s] -- Up-to-date: /home/naveen/bat_robot/install/batrobot_msgs/local/lib/python3.10/dist-packages/batrobot_msgs
[9.535s] -- Up-to-date: /home/naveen/bat_robot/install/batrobot_msgs/local/lib/python3.10/dist-packages/batrobot_msgs/__init__.py
[9.547s] -- Up-to-date: /home/naveen/bat_robot/install/batrobot_msgs/local/lib/python3.10/dist-packages/batrobot_msgs/batrobot_msgs_s__rosidl_typesupport_c.cpython-310-x86_64-linux-gnu.so
[9.548s] -- Up-to-date: /home/naveen/bat_robot/install/batrobot_msgs/local/lib/python3.10/dist-packages/batrobot_msgs/batrobot_msgs_s__rosidl_typesupport_introspection_c.cpython-310-x86_64-linux-gnu.so
[9.548s] -- Up-to-date: /home/naveen/bat_robot/install/batrobot_msgs/local/lib/python3.10/dist-packages/batrobot_msgs/libbatrobot_msgs__rosidl_generator_py.so
[9.548s] -- Up-to-date: /home/naveen/bat_robot/install/batrobot_msgs/local/lib/python3.10/dist-packages/batrobot_msgs/batrobot_msgs_s__rosidl_typesupport_fastrtps_c.cpython-310-x86_64-linux-gnu.so
[9.548s] -- Up-to-date: /home/naveen/bat_robot/install/batrobot_msgs/local/lib/python3.10/dist-packages/batrobot_msgs/_batrobot_msgs_s.ep.rosidl_typesupport_c.c
[9.549s] -- Up-to-date: /home/naveen/bat_robot/install/batrobot_msgs/local/lib/python3.10/dist-packages/batrobot_msgs/_batrobot_msgs_s.ep.rosidl_typesupport_fastrtps_c.c
[9.549s] -- Up-to-date: /home/naveen/bat_robot/install/batrobot_msgs/local/lib/python3.10/dist-packages/batrobot_msgs/action
[9.549s] -- Up-to-date: /home/naveen/bat_robot/install/batrobot_msgs/local/lib/python3.10/dist-packages/batrobot_msgs/action/__init__.py
[9.568s] -- Up-to-date: /home/naveen/bat_robot/install/batrobot_msgs/local/lib/python3.10/dist-packages/batrobot_msgs/action/_batrobot_task_s.c
[9.568s] -- Up-to-date: /home/naveen/bat_robot/install/batrobot_msgs/local/lib/python3.10/dist-packages/batrobot_msgs/action/_batrobot_task.py
[9.568s] -- Up-to-date: /home/naveen/bat_robot/install/batrobot_msgs/local/lib/python3.10/dist-packages/batrobot_msgs/_batrobot_msgs_s.ep.rosidl_typesupport_introspection_c.c
[10.104s] Listing '/home/naveen/bat_robot/install/batrobot_msgs/local/lib/python3.10/dist-packages/batrobot_msgs'...
[10.104s] Listing '/home/naveen/bat_robot/install/batrobot_msgs/local/lib/python3.10/dist-packages/batrobot_msgs/action'...
[10.204s] -- Up-to-date: /home/naveen/bat_robot/install/batrobot_msgs/local/lib/python3.10/dist-packages/batrobot_msgs/batrobot_msgs_s__rosidl_typesupport_fastrtps_c.cpython-310-x86_64-linux-gnu.so
[10.207s] -- Up-to-date: /home/naveen/bat_robot/install/batrobot_msgs/local/lib/python3.10/dist-packages/batrobot_msgs/batrobot_msgs_s__rosidl_typesupport_introspection_c.cpython-310-x86_64-linux-gnu.so
[10.220s] -- Up-to-date: /home/naveen/bat_robot/install/batrobot_msgs/local/lib/python3.10/dist-packages/batrobot_msgs/batrobot_msgs_s__rosidl_typesupport_c.cpython-310-x86_64-linux-gnu.so
[10.221s] -- Up-to-date: /home/naveen/bat_robot/install/batrobot_msgs/lib/libbatrobot_msgs__rosidl_generator_py.so
[10.221s] -- Up-to-date: /home/naveen/bat_robot/install/batrobot_msgs/share/batrobot_msgs/action/BatrobotTask.idl
[10.225s] -- Up-to-date: /home/naveen/bat_robot/install/batrobot_msgs/share/batrobot_msgs/action/BatrobotTask.action
[10.225s] -- Up-to-date: /home/naveen/bat_robot/install/batrobot_msgs/share/ament_index/resource_index/package_run_dependencies/batrobot_msgs
[10.225s] -- Up-to-date: /home/naveen/bat_robot/install/batrobot_msgs/share/ament_index/resource_index/parent_prefix_path/batrobot_msgs
[10.225s] -- Up-to-date: /home/naveen/bat_robot/install/batrobot_msgs/share/batrobot_msgs/environment/ament_prefix_path.sh
[10.226s] -- Up-to-date: /home/naveen/bat_robot/install/batrobot_msgs/share/batrobot_msgs/environment/ament_prefix_path.dsv
[10.226s] -- Up-to-date: /home/naveen/bat_robot/install/batrobot_msgs/share/batrobot_msgs/environment/path.sh
[10.237s] -- Up-to-date: /home/naveen/bat_robot/install/batrobot_msgs/share/batrobot_msgs/environment/path.dsv
[10.237s] -- Up-to-date: /home/naveen/bat_robot/install/batrobot_msgs/share/batrobot_msgs/local_setup.bash
[10.238s] -- Up-to-date: /home/naveen/bat_robot/install/batrobot_msgs/share/batrobot_msgs/local_setup.sh
[10.238s] -- Up-to-date: /home/naveen/bat_robot/install/batrobot_msgs/share/batrobot_msgs/local_setup.zsh
[10.244s] -- Up-to-date: /home/naveen/bat_robot/install/batrobot_msgs/share/batrobot_msgs/local_setup.dsv
[10.244s] -- Installing: /home/naveen/bat_robot/install/batrobot_msgs/share/batrobot_msgs/package.dsv
[10.244s] -- Up-to-date: /home/naveen/bat_robot/install/batrobot_msgs/share/ament_index/resource_index/packages/batrobot_msgs
[10.244s] -- Up-to-date: /home/naveen/bat_robot/install/batrobot_msgs/share/batrobot_msgs/cmake/export_batrobot_msgs__rosidl_generator_cExport.cmake
[10.245s] -- Up-to-date: /home/naveen/bat_robot/install/batrobot_msgs/share/batrobot_msgs/cmake/export_batrobot_msgs__rosidl_generator_cExport-noconfig.cmake
[10.245s] -- Up-to-date: /home/naveen/bat_robot/install/batrobot_msgs/share/batrobot_msgs/cmake/export_batrobot_msgs__rosidl_typesupport_fastrtps_cExport.cmake
[10.245s] -- Up-to-date: /home/naveen/bat_robot/install/batrobot_msgs/share/batrobot_msgs/cmake/export_batrobot_msgs__rosidl_typesupport_fastrtps_cExport-noconfig.cmake
[10.251s] -- Up-to-date: /home/naveen/bat_robot/install/batrobot_msgs/share/batrobot_msgs/cmake/export_batrobot_msgs__rosidl_generator_cppExport.cmake
[10.251s] -- Up-to-date: /home/naveen/bat_robot/install/batrobot_msgs/share/batrobot_msgs/cmake/export_batrobot_msgs__rosidl_typesupport_fastrtps_cppExport.cmake
[10.252s] -- Up-to-date: /home/naveen/bat_robot/install/batrobot_msgs/share/batrobot_msgs/cmake/export_batrobot_msgs__rosidl_typesupport_fastrtps_cppExport-noconfig.cmake
[10.252s] -- Up-to-date: /home/naveen/bat_robot/install/batrobot_msgs/share/batrobot_msgs/cmake/batrobot_msgs__rosidl_typesupport_introspection_cExport.cmake
[10.259s] -- Up-to-date: /home/naveen/bat_robot/install/batrobot_msgs/share/batrobot_msgs/cmake/batrobot_msgs__rosidl_typesupport_introspection_cExport-noconfig.cmake
[10.259s] -- Up-to-date: /home/naveen/bat_robot/install/batrobot_msgs/share/batrobot_msgs/cmake/batrobot_msgs__rosidl_typesupport_cExport.cmake
[10.259s] -- Up-to-date: /home/naveen/bat_robot/install/batrobot_msgs/share/batrobot_msgs/cmake/batrobot_msgs__rosidl_typesupport_cExport-noconfig.cmake
[10.260s] -- Up-to-date: /home/naveen/bat_robot/install/batrobot_msgs/share/batrobot_msgs/cmake/batrobot_msgs__rosidl_typesupport_introspection_cppExport.cmake
[10.266s] -- Up-to-date: /home/naveen/bat_robot/install/batrobot_msgs/share/batrobot_msgs/cmake/batrobot_msgs__rosidl_typesupport_introspection_cppExport-noconfig.cmake
[10.267s] -- Up-to-date: /home/naveen/bat_robot/install/batrobot_msgs/share/batrobot_msgs/cmake/batrobot_msgs__rosidl_typesupport_cppExport.cmake
[10.267s] -- Up-to-date: /home/naveen/bat_robot/install/batrobot_msgs/share/batrobot_msgs/cmake/batrobot_msgs__rosidl_typesupport_cppExport-noconfig.cmake
[10.274s] -- Up-to-date: /home/naveen/bat_robot/install/batrobot_msgs/share/batrobot_msgs/cmake/export_batrobot_msgs__rosidl_generator_pyExport.cmake
[10.274s] -- Up-to-date: /home/naveen/bat_robot/install/batrobot_msgs/share/batrobot_msgs/cmake/export_batrobot_msgs__rosidl_generator_pyExport-noconfig.cmake
[10.274s] -- Up-to-date: /home/naveen/bat_robot/install/batrobot_msgs/share/batrobot_msgs/cmake/rosidl_cmake-extras.cmake
[10.275s] -- Up-to-date: /home/naveen/bat_robot/install/batrobot_msgs/share/batrobot_msgs/cmake/ament_cmake_export_dependencies-extras.cmake
[10.275s] -- Up-to-date: /home/naveen/bat_robot/install/batrobot_msgs/share/batrobot_msgs/cmake/ament_cmake_export_include_directories-extras.cmake
[10.275s] -- Up-to-date: /home/naveen/bat_robot/install/batrobot_msgs/share/batrobot_msgs/cmake/ament_cmake_export_libraries-extras.cmake
[10.282s] -- Up-to-date: /home/naveen/bat_robot/install/batrobot_msgs/share/batrobot_msgs/cmake/ament_cmake_export_targets-extras.cmake
[10.282s] -- Up-to-date: /home/naveen/bat_robot/install/batrobot_msgs/share/batrobot_msgs/cmake/rosidl_cmake_export_typesupport_targets-extras.cmake
[10.282s] -- Up-to-date: /home/naveen/bat_robot/install/batrobot_msgs/share/batrobot_msgs/cmake/rosidl_cmake_export_typesupport_libraries-extras.cmake
[10.283s] -- Up-to-date: /home/naveen/bat_robot/install/batrobot_msgs/share/batrobot_msgs/cmake/batrobot_msgsConfig.cmake
[10.283s] -- Up-to-date: /home/naveen/bat_robot/install/batrobot_msgs/share/batrobot_msgs/cmake/batrobot_msgsConfig-version.cmake
[10.283s] -- Up-to-date: /home/naveen/bat_robot/install/batrobot_msgs/share/batrobot_msgs/package.xml
[10.322s] Invoked command in '/home/naveen/bat_robot/build/batrobot_msgs' returned '0': CMAKE_PREFIX_PATH=${CMAKE_PREFIX_PATH}:/home/naveen/roarm_ws_em0/install/ros2web_widgets:/home/naveen/roarm_ws_em0/install/ros2web_example_py:/home/naveen/roarm_ws_em0/install/roarm_web_app:/home/naveen/roarm_ws_em0/install/ros2web_app:/home/naveen/roarm_ws_em0/install/ros2web:/home/naveen/roarm_ws_em0/install/roarm_driver:/home/naveen/roarm_ws_em0/install/launch_api:/opt/ros/humble /usr/bin/cmake --install /home/naveen/bat_robot/build/batrobot_msgs
