[5.945s] Invoking command in '/home/naveen/bat_robot/src/batrobot_py_examples': PYTHONPATH=/home/naveen/bat_robot/build/batrobot_py_examples/prefix_override:/usr/lib/python3/dist-packages/colcon_core/task/python/colcon_distutils_commands:/home/naveen/bat_robot/install/batrobot_py_examples/lib/python3.10/site-packages:${PYTHONPATH} /usr/bin/python3 -W ignore:setup.py install is deprecated -W ignore:easy_install command is deprecated setup.py egg_info --egg-base ../../build/batrobot_py_examples build --build-base /home/naveen/bat_robot/build/batrobot_py_examples/build install --record /home/naveen/bat_robot/build/batrobot_py_examples/install.log --single-version-externally-managed install_data
[8.878s] running egg_info
[8.883s] writing ../../build/batrobot_py_examples/batrobot_py_examples.egg-info/PKG-INFO
[8.886s] writing dependency_links to ../../build/batrobot_py_examples/batrobot_py_examples.egg-info/dependency_links.txt
[8.887s] writing entry points to ../../build/batrobot_py_examples/batrobot_py_examples.egg-info/entry_points.txt
[8.891s] writing requirements to ../../build/batrobot_py_examples/batrobot_py_examples.egg-info/requires.txt
[8.891s] writing top-level names to ../../build/batrobot_py_examples/batrobot_py_examples.egg-info/top_level.txt
[8.897s] reading manifest file '../../build/batrobot_py_examples/batrobot_py_examples.egg-info/SOURCES.txt'
[8.901s] writing manifest file '../../build/batrobot_py_examples/batrobot_py_examples.egg-info/SOURCES.txt'
[8.902s] running build
[8.902s] running build_py
[8.907s] running install
[8.911s] running install_lib
[8.914s] running install_data
[8.914s] running install_egg_info
[8.930s] removing '/home/naveen/bat_robot/install/batrobot_py_examples/lib/python3.10/site-packages/batrobot_py_examples-0.0.0-py3.10.egg-info' (and everything under it)
[8.930s] Copying ../../build/batrobot_py_examples/batrobot_py_examples.egg-info to /home/naveen/bat_robot/install/batrobot_py_examples/lib/python3.10/site-packages/batrobot_py_examples-0.0.0-py3.10.egg-info
[8.932s] running install_scripts
[9.046s] writing list of installed files to '/home/naveen/bat_robot/build/batrobot_py_examples/install.log'
[9.180s] Invoked command in '/home/naveen/bat_robot/src/batrobot_py_examples' returned '0': PYTHONPATH=/home/naveen/bat_robot/build/batrobot_py_examples/prefix_override:/usr/lib/python3/dist-packages/colcon_core/task/python/colcon_distutils_commands:/home/naveen/bat_robot/install/batrobot_py_examples/lib/python3.10/site-packages:${PYTHONPATH} /usr/bin/python3 -W ignore:setup.py install is deprecated -W ignore:easy_install command is deprecated setup.py egg_info --egg-base ../../build/batrobot_py_examples build --build-base /home/naveen/bat_robot/build/batrobot_py_examples/build install --record /home/naveen/bat_robot/build/batrobot_py_examples/install.log --single-version-externally-managed install_data
