[0.847s] DEBUG:colcon:Command line arguments: ['/usr/bin/colcon', 'build']
[0.847s] DEBUG:colcon:Parsed command line arguments: Namespace(log_base=None, log_level=None, verb_name='build', build_base='build', install_base='install', merge_install=False, symlink_install=False, test_result_base=None, continue_on_error=False, executor='parallel', parallel_workers=2, event_handlers=None, ignore_user_meta=False, metas=['./colcon.meta'], base_paths=['.'], packages_ignore=None, packages_ignore_regex=None, paths=None, packages_up_to=None, packages_up_to_regex=None, packages_above=None, packages_above_and_dependencies=None, packages_above_depth=None, packages_select_by_dep=None, packages_skip_by_dep=None, packages_skip_up_to=None, packages_select_build_failed=False, packages_skip_build_finished=False, packages_select_test_failures=False, packages_skip_test_passed=False, packages_select=None, packages_skip=None, packages_select_regex=None, packages_skip_regex=None, packages_start=None, packages_end=None, allow_overriding=[], cmake_args=None, cmake_target=None, cmake_target_skip_unavailable=False, cmake_clean_cache=False, cmake_clean_first=False, cmake_force_configure=False, ament_cmake_args=None, catkin_cmake_args=None, catkin_skip_building_tests=False, mixin_files=None, mixin=None, verb_parser=<colcon_mixin.mixin.mixin_argument.MixinArgumentDecorator object at 0x72229995b5e0>, verb_extension=<colcon_core.verb.build.BuildVerb object at 0x72229995ae60>, main=<bound method BuildVerb.main of <colcon_core.verb.build.BuildVerb object at 0x72229995ae60>>, mixin_verb=('build',))
[2.426s] Level 1:colcon.colcon_core.package_discovery:discover_packages(colcon_meta) check parameters
[2.427s] Level 1:colcon.colcon_core.package_discovery:discover_packages(recursive) check parameters
[2.428s] Level 1:colcon.colcon_core.package_discovery:discover_packages(ignore) check parameters
[2.428s] Level 1:colcon.colcon_core.package_discovery:discover_packages(path) check parameters
[2.428s] Level 1:colcon.colcon_core.package_discovery:discover_packages(colcon_meta) discover
[2.429s] Level 1:colcon.colcon_core.package_discovery:discover_packages(recursive) discover
[2.431s] INFO:colcon.colcon_core.package_discovery:Crawling recursively for packages in '/home/naveen/bat_robot'
[2.433s] Level 1:colcon.colcon_core.package_identification:_identify(.) by extensions ['ignore', 'ignore_ament_install']
[2.434s] Level 1:colcon.colcon_core.package_identification:_identify(.) by extension 'ignore'
[2.434s] Level 1:colcon.colcon_core.package_identification:_identify(.) by extension 'ignore_ament_install'
[2.435s] Level 1:colcon.colcon_core.package_identification:_identify(.) by extensions ['colcon_pkg']
[2.435s] Level 1:colcon.colcon_core.package_identification:_identify(.) by extension 'colcon_pkg'
[2.435s] Level 1:colcon.colcon_core.package_identification:_identify(.) by extensions ['colcon_meta']
[2.435s] Level 1:colcon.colcon_core.package_identification:_identify(.) by extension 'colcon_meta'
[2.435s] Level 1:colcon.colcon_core.package_identification:_identify(.) by extensions ['ros']
[2.435s] Level 1:colcon.colcon_core.package_identification:_identify(.) by extension 'ros'
[2.521s] Level 1:colcon.colcon_core.package_identification:_identify(.) by extensions ['cmake', 'python']
[2.522s] Level 1:colcon.colcon_core.package_identification:_identify(.) by extension 'cmake'
[2.522s] Level 1:colcon.colcon_core.package_identification:_identify(.) by extension 'python'
[2.523s] Level 1:colcon.colcon_core.package_identification:_identify(.) by extensions ['python_setup_py']
[2.523s] Level 1:colcon.colcon_core.package_identification:_identify(.) by extension 'python_setup_py'
[2.525s] Level 1:colcon.colcon_core.package_identification:_identify(build) by extensions ['ignore', 'ignore_ament_install']
[2.526s] Level 1:colcon.colcon_core.package_identification:_identify(build) by extension 'ignore'
[2.526s] Level 1:colcon.colcon_core.package_identification:_identify(build) ignored
[2.528s] Level 1:colcon.colcon_core.package_identification:_identify(install) by extensions ['ignore', 'ignore_ament_install']
[2.528s] Level 1:colcon.colcon_core.package_identification:_identify(install) by extension 'ignore'
[2.529s] Level 1:colcon.colcon_core.package_identification:_identify(install) ignored
[2.531s] Level 1:colcon.colcon_core.package_identification:_identify(log) by extensions ['ignore', 'ignore_ament_install']
[2.532s] Level 1:colcon.colcon_core.package_identification:_identify(log) by extension 'ignore'
[2.532s] Level 1:colcon.colcon_core.package_identification:_identify(log) ignored
[2.533s] Level 1:colcon.colcon_core.package_identification:_identify(src) by extensions ['ignore', 'ignore_ament_install']
[2.534s] Level 1:colcon.colcon_core.package_identification:_identify(src) by extension 'ignore'
[2.534s] Level 1:colcon.colcon_core.package_identification:_identify(src) by extension 'ignore_ament_install'
[2.535s] Level 1:colcon.colcon_core.package_identification:_identify(src) by extensions ['colcon_pkg']
[2.535s] Level 1:colcon.colcon_core.package_identification:_identify(src) by extension 'colcon_pkg'
[2.535s] Level 1:colcon.colcon_core.package_identification:_identify(src) by extensions ['colcon_meta']
[2.535s] Level 1:colcon.colcon_core.package_identification:_identify(src) by extension 'colcon_meta'
[2.535s] Level 1:colcon.colcon_core.package_identification:_identify(src) by extensions ['ros']
[2.536s] Level 1:colcon.colcon_core.package_identification:_identify(src) by extension 'ros'
[2.536s] Level 1:colcon.colcon_core.package_identification:_identify(src) by extensions ['cmake', 'python']
[2.536s] Level 1:colcon.colcon_core.package_identification:_identify(src) by extension 'cmake'
[2.537s] Level 1:colcon.colcon_core.package_identification:_identify(src) by extension 'python'
[2.537s] Level 1:colcon.colcon_core.package_identification:_identify(src) by extensions ['python_setup_py']
[2.537s] Level 1:colcon.colcon_core.package_identification:_identify(src) by extension 'python_setup_py'
[2.538s] Level 1:colcon.colcon_core.package_identification:_identify(src/batrobot_controller) by extensions ['ignore', 'ignore_ament_install']
[2.538s] Level 1:colcon.colcon_core.package_identification:_identify(src/batrobot_controller) by extension 'ignore'
[2.538s] Level 1:colcon.colcon_core.package_identification:_identify(src/batrobot_controller) by extension 'ignore_ament_install'
[2.539s] Level 1:colcon.colcon_core.package_identification:_identify(src/batrobot_controller) by extensions ['colcon_pkg']
[2.539s] Level 1:colcon.colcon_core.package_identification:_identify(src/batrobot_controller) by extension 'colcon_pkg'
[2.539s] Level 1:colcon.colcon_core.package_identification:_identify(src/batrobot_controller) by extensions ['colcon_meta']
[2.539s] Level 1:colcon.colcon_core.package_identification:_identify(src/batrobot_controller) by extension 'colcon_meta'
[2.539s] Level 1:colcon.colcon_core.package_identification:_identify(src/batrobot_controller) by extensions ['ros']
[2.539s] Level 1:colcon.colcon_core.package_identification:_identify(src/batrobot_controller) by extension 'ros'
[2.558s] DEBUG:colcon.colcon_core.package_identification:Package 'src/batrobot_controller' with type 'ros.ament_cmake' and name 'batrobot_controller'
[2.560s] Level 1:colcon.colcon_core.package_identification:_identify(src/batrobot_description) by extensions ['ignore', 'ignore_ament_install']
[2.560s] Level 1:colcon.colcon_core.package_identification:_identify(src/batrobot_description) by extension 'ignore'
[2.560s] Level 1:colcon.colcon_core.package_identification:_identify(src/batrobot_description) by extension 'ignore_ament_install'
[2.561s] Level 1:colcon.colcon_core.package_identification:_identify(src/batrobot_description) by extensions ['colcon_pkg']
[2.561s] Level 1:colcon.colcon_core.package_identification:_identify(src/batrobot_description) by extension 'colcon_pkg'
[2.561s] Level 1:colcon.colcon_core.package_identification:_identify(src/batrobot_description) by extensions ['colcon_meta']
[2.561s] Level 1:colcon.colcon_core.package_identification:_identify(src/batrobot_description) by extension 'colcon_meta'
[2.562s] Level 1:colcon.colcon_core.package_identification:_identify(src/batrobot_description) by extensions ['ros']
[2.562s] Level 1:colcon.colcon_core.package_identification:_identify(src/batrobot_description) by extension 'ros'
[2.639s] DEBUG:colcon.colcon_core.package_identification:Package 'src/batrobot_description' with type 'ros.ament_cmake' and name 'batrobot_description'
[2.639s] Level 1:colcon.colcon_core.package_identification:_identify(src/batrobot_firmware) by extensions ['ignore', 'ignore_ament_install']
[2.640s] Level 1:colcon.colcon_core.package_identification:_identify(src/batrobot_firmware) by extension 'ignore'
[2.640s] Level 1:colcon.colcon_core.package_identification:_identify(src/batrobot_firmware) by extension 'ignore_ament_install'
[2.640s] Level 1:colcon.colcon_core.package_identification:_identify(src/batrobot_firmware) by extensions ['colcon_pkg']
[2.640s] Level 1:colcon.colcon_core.package_identification:_identify(src/batrobot_firmware) by extension 'colcon_pkg'
[2.641s] Level 1:colcon.colcon_core.package_identification:_identify(src/batrobot_firmware) by extensions ['colcon_meta']
[2.641s] Level 1:colcon.colcon_core.package_identification:_identify(src/batrobot_firmware) by extension 'colcon_meta'
[2.641s] Level 1:colcon.colcon_core.package_identification:_identify(src/batrobot_firmware) by extensions ['ros']
[2.641s] Level 1:colcon.colcon_core.package_identification:_identify(src/batrobot_firmware) by extension 'ros'
[2.645s] DEBUG:colcon.colcon_core.package_identification:Package 'src/batrobot_firmware' with type 'ros.ament_cmake' and name 'batrobot_firmware'
[2.647s] Level 1:colcon.colcon_core.package_identification:_identify(src/batrobot_moveit) by extensions ['ignore', 'ignore_ament_install']
[2.648s] Level 1:colcon.colcon_core.package_identification:_identify(src/batrobot_moveit) by extension 'ignore'
[2.648s] Level 1:colcon.colcon_core.package_identification:_identify(src/batrobot_moveit) by extension 'ignore_ament_install'
[2.648s] Level 1:colcon.colcon_core.package_identification:_identify(src/batrobot_moveit) by extensions ['colcon_pkg']
[2.648s] Level 1:colcon.colcon_core.package_identification:_identify(src/batrobot_moveit) by extension 'colcon_pkg'
[2.648s] Level 1:colcon.colcon_core.package_identification:_identify(src/batrobot_moveit) by extensions ['colcon_meta']
[2.648s] Level 1:colcon.colcon_core.package_identification:_identify(src/batrobot_moveit) by extension 'colcon_meta'
[2.649s] Level 1:colcon.colcon_core.package_identification:_identify(src/batrobot_moveit) by extensions ['ros']
[2.649s] Level 1:colcon.colcon_core.package_identification:_identify(src/batrobot_moveit) by extension 'ros'
[2.656s] DEBUG:colcon.colcon_core.package_identification:Package 'src/batrobot_moveit' with type 'ros.ament_cmake' and name 'batrobot_moveit'
[2.656s] Level 1:colcon.colcon_core.package_discovery:discover_packages(recursive) using defaults
[2.657s] Level 1:colcon.colcon_core.package_discovery:discover_packages(ignore) discover
[2.657s] Level 1:colcon.colcon_core.package_discovery:discover_packages(ignore) using defaults
[2.657s] Level 1:colcon.colcon_core.package_discovery:discover_packages(path) discover
[2.657s] Level 1:colcon.colcon_core.package_discovery:discover_packages(path) using defaults
[2.789s] Level 1:colcon.colcon_core.package_discovery:discover_packages(prefix_path) check parameters
[2.789s] Level 1:colcon.colcon_core.package_discovery:discover_packages(prefix_path) discover
[2.810s] DEBUG:colcon.colcon_installed_package_information.package_discovery:Found 15 installed packages in /home/naveen/roarm_ws_em0/install
[2.822s] DEBUG:colcon.colcon_installed_package_information.package_discovery:Found 386 installed packages in /opt/ros/humble
[2.842s] Level 1:colcon.colcon_core.package_discovery:discover_packages(prefix_path) using defaults
[3.216s] Level 5:colcon.colcon_core.verb:set package 'batrobot_description' build argument 'cmake_args' from command line to 'None'
[3.216s] Level 5:colcon.colcon_core.verb:set package 'batrobot_description' build argument 'cmake_target' from command line to 'None'
[3.216s] Level 5:colcon.colcon_core.verb:set package 'batrobot_description' build argument 'cmake_target_skip_unavailable' from command line to 'False'
[3.216s] Level 5:colcon.colcon_core.verb:set package 'batrobot_description' build argument 'cmake_clean_cache' from command line to 'False'
[3.216s] Level 5:colcon.colcon_core.verb:set package 'batrobot_description' build argument 'cmake_clean_first' from command line to 'False'
[3.216s] Level 5:colcon.colcon_core.verb:set package 'batrobot_description' build argument 'cmake_force_configure' from command line to 'False'
[3.217s] Level 5:colcon.colcon_core.verb:set package 'batrobot_description' build argument 'ament_cmake_args' from command line to 'None'
[3.217s] Level 5:colcon.colcon_core.verb:set package 'batrobot_description' build argument 'catkin_cmake_args' from command line to 'None'
[3.217s] Level 5:colcon.colcon_core.verb:set package 'batrobot_description' build argument 'catkin_skip_building_tests' from command line to 'False'
[3.217s] DEBUG:colcon.colcon_core.verb:Building package 'batrobot_description' with the following arguments: {'ament_cmake_args': None, 'build_base': '/home/naveen/bat_robot/build/batrobot_description', 'catkin_cmake_args': None, 'catkin_skip_building_tests': False, 'cmake_args': None, 'cmake_clean_cache': False, 'cmake_clean_first': False, 'cmake_force_configure': False, 'cmake_target': None, 'cmake_target_skip_unavailable': False, 'install_base': '/home/naveen/bat_robot/install/batrobot_description', 'merge_install': False, 'path': '/home/naveen/bat_robot/src/batrobot_description', 'symlink_install': False, 'test_result_base': None}
[3.220s] Level 5:colcon.colcon_core.verb:set package 'batrobot_firmware' build argument 'cmake_args' from command line to 'None'
[3.220s] Level 5:colcon.colcon_core.verb:set package 'batrobot_firmware' build argument 'cmake_target' from command line to 'None'
[3.220s] Level 5:colcon.colcon_core.verb:set package 'batrobot_firmware' build argument 'cmake_target_skip_unavailable' from command line to 'False'
[3.220s] Level 5:colcon.colcon_core.verb:set package 'batrobot_firmware' build argument 'cmake_clean_cache' from command line to 'False'
[3.220s] Level 5:colcon.colcon_core.verb:set package 'batrobot_firmware' build argument 'cmake_clean_first' from command line to 'False'
[3.220s] Level 5:colcon.colcon_core.verb:set package 'batrobot_firmware' build argument 'cmake_force_configure' from command line to 'False'
[3.221s] Level 5:colcon.colcon_core.verb:set package 'batrobot_firmware' build argument 'ament_cmake_args' from command line to 'None'
[3.221s] Level 5:colcon.colcon_core.verb:set package 'batrobot_firmware' build argument 'catkin_cmake_args' from command line to 'None'
[3.221s] Level 5:colcon.colcon_core.verb:set package 'batrobot_firmware' build argument 'catkin_skip_building_tests' from command line to 'False'
[3.221s] DEBUG:colcon.colcon_core.verb:Building package 'batrobot_firmware' with the following arguments: {'ament_cmake_args': None, 'build_base': '/home/naveen/bat_robot/build/batrobot_firmware', 'catkin_cmake_args': None, 'catkin_skip_building_tests': False, 'cmake_args': None, 'cmake_clean_cache': False, 'cmake_clean_first': False, 'cmake_force_configure': False, 'cmake_target': None, 'cmake_target_skip_unavailable': False, 'install_base': '/home/naveen/bat_robot/install/batrobot_firmware', 'merge_install': False, 'path': '/home/naveen/bat_robot/src/batrobot_firmware', 'symlink_install': False, 'test_result_base': None}
[3.223s] Level 5:colcon.colcon_core.verb:set package 'batrobot_controller' build argument 'cmake_args' from command line to 'None'
[3.224s] Level 5:colcon.colcon_core.verb:set package 'batrobot_controller' build argument 'cmake_target' from command line to 'None'
[3.224s] Level 5:colcon.colcon_core.verb:set package 'batrobot_controller' build argument 'cmake_target_skip_unavailable' from command line to 'False'
[3.224s] Level 5:colcon.colcon_core.verb:set package 'batrobot_controller' build argument 'cmake_clean_cache' from command line to 'False'
[3.225s] Level 5:colcon.colcon_core.verb:set package 'batrobot_controller' build argument 'cmake_clean_first' from command line to 'False'
[3.225s] Level 5:colcon.colcon_core.verb:set package 'batrobot_controller' build argument 'cmake_force_configure' from command line to 'False'
[3.226s] Level 5:colcon.colcon_core.verb:set package 'batrobot_controller' build argument 'ament_cmake_args' from command line to 'None'
[3.226s] Level 5:colcon.colcon_core.verb:set package 'batrobot_controller' build argument 'catkin_cmake_args' from command line to 'None'
[3.226s] Level 5:colcon.colcon_core.verb:set package 'batrobot_controller' build argument 'catkin_skip_building_tests' from command line to 'False'
[3.227s] DEBUG:colcon.colcon_core.verb:Building package 'batrobot_controller' with the following arguments: {'ament_cmake_args': None, 'build_base': '/home/naveen/bat_robot/build/batrobot_controller', 'catkin_cmake_args': None, 'catkin_skip_building_tests': False, 'cmake_args': None, 'cmake_clean_cache': False, 'cmake_clean_first': False, 'cmake_force_configure': False, 'cmake_target': None, 'cmake_target_skip_unavailable': False, 'install_base': '/home/naveen/bat_robot/install/batrobot_controller', 'merge_install': False, 'path': '/home/naveen/bat_robot/src/batrobot_controller', 'symlink_install': False, 'test_result_base': None}
[3.230s] Level 5:colcon.colcon_core.verb:set package 'batrobot_moveit' build argument 'cmake_args' from command line to 'None'
[3.231s] Level 5:colcon.colcon_core.verb:set package 'batrobot_moveit' build argument 'cmake_target' from command line to 'None'
[3.231s] Level 5:colcon.colcon_core.verb:set package 'batrobot_moveit' build argument 'cmake_target_skip_unavailable' from command line to 'False'
[3.231s] Level 5:colcon.colcon_core.verb:set package 'batrobot_moveit' build argument 'cmake_clean_cache' from command line to 'False'
[3.231s] Level 5:colcon.colcon_core.verb:set package 'batrobot_moveit' build argument 'cmake_clean_first' from command line to 'False'
[3.231s] Level 5:colcon.colcon_core.verb:set package 'batrobot_moveit' build argument 'cmake_force_configure' from command line to 'False'
[3.231s] Level 5:colcon.colcon_core.verb:set package 'batrobot_moveit' build argument 'ament_cmake_args' from command line to 'None'
[3.231s] Level 5:colcon.colcon_core.verb:set package 'batrobot_moveit' build argument 'catkin_cmake_args' from command line to 'None'
[3.231s] Level 5:colcon.colcon_core.verb:set package 'batrobot_moveit' build argument 'catkin_skip_building_tests' from command line to 'False'
[3.232s] DEBUG:colcon.colcon_core.verb:Building package 'batrobot_moveit' with the following arguments: {'ament_cmake_args': None, 'build_base': '/home/naveen/bat_robot/build/batrobot_moveit', 'catkin_cmake_args': None, 'catkin_skip_building_tests': False, 'cmake_args': None, 'cmake_clean_cache': False, 'cmake_clean_first': False, 'cmake_force_configure': False, 'cmake_target': None, 'cmake_target_skip_unavailable': False, 'install_base': '/home/naveen/bat_robot/install/batrobot_moveit', 'merge_install': False, 'path': '/home/naveen/bat_robot/src/batrobot_moveit', 'symlink_install': False, 'test_result_base': None}
[3.232s] INFO:colcon.colcon_core.executor:Executing jobs using 'parallel' executor
[3.236s] DEBUG:colcon.colcon_parallel_executor.executor.parallel:run_until_complete
[3.238s] INFO:colcon.colcon_ros.task.ament_cmake.build:Building ROS package in '/home/naveen/bat_robot/src/batrobot_description' with build type 'ament_cmake'
[3.238s] INFO:colcon.colcon_cmake.task.cmake.build:Building CMake package in '/home/naveen/bat_robot/src/batrobot_description'
[3.253s] INFO:colcon.colcon_core.plugin_system:Skipping extension 'colcon_core.shell.bat': Not used on non-Windows systems
[3.254s] INFO:colcon.colcon_core.shell:Skip shell extension 'powershell' for command environment: Not usable outside of PowerShell
[3.254s] DEBUG:colcon.colcon_core.shell:Skip shell extension 'dsv' for command environment
[3.278s] INFO:colcon.colcon_ros.task.ament_cmake.build:Building ROS package in '/home/naveen/bat_robot/src/batrobot_firmware' with build type 'ament_cmake'
[3.279s] INFO:colcon.colcon_cmake.task.cmake.build:Building CMake package in '/home/naveen/bat_robot/src/batrobot_firmware'
[3.283s] INFO:colcon.colcon_core.shell:Skip shell extension 'powershell' for command environment: Not usable outside of PowerShell
[3.284s] DEBUG:colcon.colcon_core.shell:Skip shell extension 'dsv' for command environment
[3.338s] DEBUG:colcon.colcon_core.event_handler.log_command:Invoking command in '/home/naveen/bat_robot/build/batrobot_description': CMAKE_PREFIX_PATH=${CMAKE_PREFIX_PATH}:/home/naveen/roarm_ws_em0/install/ros2web_widgets:/home/naveen/roarm_ws_em0/install/ros2web_example_py:/home/naveen/roarm_ws_em0/install/roarm_web_app:/home/naveen/roarm_ws_em0/install/ros2web_app:/home/naveen/roarm_ws_em0/install/ros2web:/home/naveen/roarm_ws_em0/install/roarm_driver:/home/naveen/roarm_ws_em0/install/launch_api:/opt/ros/humble /usr/bin/cmake --build /home/naveen/bat_robot/build/batrobot_description -- -j2 -l2
[3.397s] DEBUG:colcon.colcon_core.event_handler.log_command:Invoking command in '/home/naveen/bat_robot/build/batrobot_firmware': CMAKE_PREFIX_PATH=${CMAKE_PREFIX_PATH}:/home/naveen/roarm_ws_em0/install/ros2web_widgets:/home/naveen/roarm_ws_em0/install/ros2web_example_py:/home/naveen/roarm_ws_em0/install/roarm_web_app:/home/naveen/roarm_ws_em0/install/ros2web_app:/home/naveen/roarm_ws_em0/install/ros2web:/home/naveen/roarm_ws_em0/install/roarm_driver:/home/naveen/roarm_ws_em0/install/launch_api:/opt/ros/humble /usr/bin/cmake --build /home/naveen/bat_robot/build/batrobot_firmware -- -j2 -l2
[3.919s] DEBUG:colcon.colcon_core.event_handler.log_command:Invoked command in '/home/naveen/bat_robot/build/batrobot_description' returned '0': CMAKE_PREFIX_PATH=${CMAKE_PREFIX_PATH}:/home/naveen/roarm_ws_em0/install/ros2web_widgets:/home/naveen/roarm_ws_em0/install/ros2web_example_py:/home/naveen/roarm_ws_em0/install/roarm_web_app:/home/naveen/roarm_ws_em0/install/ros2web_app:/home/naveen/roarm_ws_em0/install/ros2web:/home/naveen/roarm_ws_em0/install/roarm_driver:/home/naveen/roarm_ws_em0/install/launch_api:/opt/ros/humble /usr/bin/cmake --build /home/naveen/bat_robot/build/batrobot_description -- -j2 -l2
[4.070s] DEBUG:colcon.colcon_core.event_handler.log_command:Invoking command in '/home/naveen/bat_robot/build/batrobot_description': CMAKE_PREFIX_PATH=${CMAKE_PREFIX_PATH}:/home/naveen/roarm_ws_em0/install/ros2web_widgets:/home/naveen/roarm_ws_em0/install/ros2web_example_py:/home/naveen/roarm_ws_em0/install/roarm_web_app:/home/naveen/roarm_ws_em0/install/ros2web_app:/home/naveen/roarm_ws_em0/install/ros2web:/home/naveen/roarm_ws_em0/install/roarm_driver:/home/naveen/roarm_ws_em0/install/launch_api:/opt/ros/humble /usr/bin/cmake --install /home/naveen/bat_robot/build/batrobot_description
[4.254s] Level 1:colcon.colcon_core.environment:create_environment_scripts_only(batrobot_description)
[4.316s] DEBUG:colcon.colcon_core.event_handler.log_command:Invoked command in '/home/naveen/bat_robot/build/batrobot_description' returned '0': CMAKE_PREFIX_PATH=${CMAKE_PREFIX_PATH}:/home/naveen/roarm_ws_em0/install/ros2web_widgets:/home/naveen/roarm_ws_em0/install/ros2web_example_py:/home/naveen/roarm_ws_em0/install/roarm_web_app:/home/naveen/roarm_ws_em0/install/ros2web_app:/home/naveen/roarm_ws_em0/install/ros2web:/home/naveen/roarm_ws_em0/install/roarm_driver:/home/naveen/roarm_ws_em0/install/launch_api:/opt/ros/humble /usr/bin/cmake --install /home/naveen/bat_robot/build/batrobot_description
[4.340s] Level 1:colcon.colcon_core.environment:checking '/home/naveen/bat_robot/install/batrobot_description' for CMake module files
[4.350s] Level 1:colcon.colcon_core.environment:checking '/home/naveen/bat_robot/install/batrobot_description' for CMake config files
[4.354s] Level 1:colcon.colcon_core.shell:create_environment_hook('batrobot_description', 'cmake_prefix_path')
[4.358s] INFO:colcon.colcon_core.shell:Creating environment hook '/home/naveen/bat_robot/install/batrobot_description/share/batrobot_description/hook/cmake_prefix_path.ps1'
[4.365s] INFO:colcon.colcon_core.shell:Creating environment descriptor '/home/naveen/bat_robot/install/batrobot_description/share/batrobot_description/hook/cmake_prefix_path.dsv'
[4.370s] INFO:colcon.colcon_core.shell:Creating environment hook '/home/naveen/bat_robot/install/batrobot_description/share/batrobot_description/hook/cmake_prefix_path.sh'
[4.383s] Level 1:colcon.colcon_core.environment:checking '/home/naveen/bat_robot/install/batrobot_description/bin'
[4.383s] Level 1:colcon.colcon_core.environment:checking '/home/naveen/bat_robot/install/batrobot_description/lib/pkgconfig/batrobot_description.pc'
[4.390s] Level 1:colcon.colcon_core.environment:checking '/home/naveen/bat_robot/install/batrobot_description/lib/python3.10/site-packages'
[4.392s] Level 1:colcon.colcon_core.environment:checking '/home/naveen/bat_robot/install/batrobot_description/bin'
[4.394s] INFO:colcon.colcon_core.shell:Creating package script '/home/naveen/bat_robot/install/batrobot_description/share/batrobot_description/package.ps1'
[4.406s] INFO:colcon.colcon_core.shell:Creating package descriptor '/home/naveen/bat_robot/install/batrobot_description/share/batrobot_description/package.dsv'
[4.411s] INFO:colcon.colcon_core.shell:Creating package script '/home/naveen/bat_robot/install/batrobot_description/share/batrobot_description/package.sh'
[4.424s] INFO:colcon.colcon_core.shell:Creating package script '/home/naveen/bat_robot/install/batrobot_description/share/batrobot_description/package.bash'
[4.440s] INFO:colcon.colcon_core.shell:Creating package script '/home/naveen/bat_robot/install/batrobot_description/share/batrobot_description/package.zsh'
[4.454s] Level 1:colcon.colcon_core.environment:create_file_with_runtime_dependencies(/home/naveen/bat_robot/install/batrobot_description/share/colcon-core/packages/batrobot_description)
[4.462s] Level 1:colcon.colcon_core.environment:create_environment_scripts_only(batrobot_description)
[4.474s] Level 1:colcon.colcon_core.environment:checking '/home/naveen/bat_robot/install/batrobot_description' for CMake module files
[4.485s] Level 1:colcon.colcon_core.environment:checking '/home/naveen/bat_robot/install/batrobot_description' for CMake config files
[4.490s] Level 1:colcon.colcon_core.shell:create_environment_hook('batrobot_description', 'cmake_prefix_path')
[4.496s] INFO:colcon.colcon_core.shell:Creating environment hook '/home/naveen/bat_robot/install/batrobot_description/share/batrobot_description/hook/cmake_prefix_path.ps1'
[4.511s] INFO:colcon.colcon_core.shell:Creating environment descriptor '/home/naveen/bat_robot/install/batrobot_description/share/batrobot_description/hook/cmake_prefix_path.dsv'
[4.526s] INFO:colcon.colcon_core.shell:Creating environment hook '/home/naveen/bat_robot/install/batrobot_description/share/batrobot_description/hook/cmake_prefix_path.sh'
[4.539s] Level 1:colcon.colcon_core.environment:checking '/home/naveen/bat_robot/install/batrobot_description/bin'
[4.542s] Level 1:colcon.colcon_core.environment:checking '/home/naveen/bat_robot/install/batrobot_description/lib/pkgconfig/batrobot_description.pc'
[4.543s] Level 1:colcon.colcon_core.environment:checking '/home/naveen/bat_robot/install/batrobot_description/lib/python3.10/site-packages'
[4.549s] Level 1:colcon.colcon_core.environment:checking '/home/naveen/bat_robot/install/batrobot_description/bin'
[4.551s] INFO:colcon.colcon_core.shell:Creating package script '/home/naveen/bat_robot/install/batrobot_description/share/batrobot_description/package.ps1'
[4.564s] INFO:colcon.colcon_core.shell:Creating package descriptor '/home/naveen/bat_robot/install/batrobot_description/share/batrobot_description/package.dsv'
[4.572s] INFO:colcon.colcon_core.shell:Creating package script '/home/naveen/bat_robot/install/batrobot_description/share/batrobot_description/package.sh'
[4.581s] INFO:colcon.colcon_core.shell:Creating package script '/home/naveen/bat_robot/install/batrobot_description/share/batrobot_description/package.bash'
[4.592s] INFO:colcon.colcon_core.shell:Creating package script '/home/naveen/bat_robot/install/batrobot_description/share/batrobot_description/package.zsh'
[4.605s] Level 1:colcon.colcon_core.environment:create_file_with_runtime_dependencies(/home/naveen/bat_robot/install/batrobot_description/share/colcon-core/packages/batrobot_description)
[4.618s] INFO:colcon.colcon_ros.task.ament_cmake.build:Building ROS package in '/home/naveen/bat_robot/src/batrobot_controller' with build type 'ament_cmake'
[4.619s] INFO:colcon.colcon_cmake.task.cmake.build:Building CMake package in '/home/naveen/bat_robot/src/batrobot_controller'
[4.626s] INFO:colcon.colcon_core.shell:Skip shell extension 'powershell' for command environment: Not usable outside of PowerShell
[4.628s] DEBUG:colcon.colcon_core.shell:Skip shell extension 'dsv' for command environment
[4.721s] DEBUG:colcon.colcon_core.event_handler.log_command:Invoking command in '/home/naveen/bat_robot/build/batrobot_controller': AMENT_PREFIX_PATH=/home/naveen/bat_robot/install/batrobot_description:${AMENT_PREFIX_PATH} CMAKE_PREFIX_PATH=/home/naveen/bat_robot/install/batrobot_description:/home/naveen/roarm_ws_em0/install/ros2web_interfaces:/home/naveen/roarm_ws_em0/install/roarm_msgs:/home/naveen/roarm_ws_em0/install/roarm_moveit_ikfast_plugins:/home/naveen/roarm_ws_em0/install/roarm_moveit_cmd:/home/naveen/roarm_ws_em0/install/roarm_moveit:/home/naveen/roarm_ws_em0/install/roarm_description:/home/naveen/roarm_ws_em0/install/moveit_servo:/home/naveen/roarm_ws_em0/install/alexa_integration:/home/naveen/roarm_ws_em0/install/ros2web_widgets:/home/naveen/roarm_ws_em0/install/ros2web_example_py:/home/naveen/roarm_ws_em0/install/roarm_web_app:/home/naveen/roarm_ws_em0/install/ros2web_app:/home/naveen/roarm_ws_em0/install/ros2web:/home/naveen/roarm_ws_em0/install/roarm_driver:/home/naveen/roarm_ws_em0/install/launch_api:/opt/ros/humble /usr/bin/cmake --build /home/naveen/bat_robot/build/batrobot_controller -- -j2 -l2
[5.279s] DEBUG:colcon.colcon_core.event_handler.log_command:Invoked command in '/home/naveen/bat_robot/build/batrobot_controller' returned '0': AMENT_PREFIX_PATH=/home/naveen/bat_robot/install/batrobot_description:${AMENT_PREFIX_PATH} CMAKE_PREFIX_PATH=/home/naveen/bat_robot/install/batrobot_description:/home/naveen/roarm_ws_em0/install/ros2web_interfaces:/home/naveen/roarm_ws_em0/install/roarm_msgs:/home/naveen/roarm_ws_em0/install/roarm_moveit_ikfast_plugins:/home/naveen/roarm_ws_em0/install/roarm_moveit_cmd:/home/naveen/roarm_ws_em0/install/roarm_moveit:/home/naveen/roarm_ws_em0/install/roarm_description:/home/naveen/roarm_ws_em0/install/moveit_servo:/home/naveen/roarm_ws_em0/install/alexa_integration:/home/naveen/roarm_ws_em0/install/ros2web_widgets:/home/naveen/roarm_ws_em0/install/ros2web_example_py:/home/naveen/roarm_ws_em0/install/roarm_web_app:/home/naveen/roarm_ws_em0/install/ros2web_app:/home/naveen/roarm_ws_em0/install/ros2web:/home/naveen/roarm_ws_em0/install/roarm_driver:/home/naveen/roarm_ws_em0/install/launch_api:/opt/ros/humble /usr/bin/cmake --build /home/naveen/bat_robot/build/batrobot_controller -- -j2 -l2
[5.312s] DEBUG:colcon.colcon_core.event_handler.log_command:Invoking command in '/home/naveen/bat_robot/build/batrobot_controller': AMENT_PREFIX_PATH=/home/naveen/bat_robot/install/batrobot_description:${AMENT_PREFIX_PATH} CMAKE_PREFIX_PATH=/home/naveen/bat_robot/install/batrobot_description:/home/naveen/roarm_ws_em0/install/ros2web_interfaces:/home/naveen/roarm_ws_em0/install/roarm_msgs:/home/naveen/roarm_ws_em0/install/roarm_moveit_ikfast_plugins:/home/naveen/roarm_ws_em0/install/roarm_moveit_cmd:/home/naveen/roarm_ws_em0/install/roarm_moveit:/home/naveen/roarm_ws_em0/install/roarm_description:/home/naveen/roarm_ws_em0/install/moveit_servo:/home/naveen/roarm_ws_em0/install/alexa_integration:/home/naveen/roarm_ws_em0/install/ros2web_widgets:/home/naveen/roarm_ws_em0/install/ros2web_example_py:/home/naveen/roarm_ws_em0/install/roarm_web_app:/home/naveen/roarm_ws_em0/install/ros2web_app:/home/naveen/roarm_ws_em0/install/ros2web:/home/naveen/roarm_ws_em0/install/roarm_driver:/home/naveen/roarm_ws_em0/install/launch_api:/opt/ros/humble /usr/bin/cmake --install /home/naveen/bat_robot/build/batrobot_controller
[5.477s] Level 1:colcon.colcon_core.environment:create_environment_scripts_only(batrobot_controller)
[5.483s] Level 1:colcon.colcon_core.environment:checking '/home/naveen/bat_robot/install/batrobot_controller' for CMake module files
[5.488s] DEBUG:colcon.colcon_core.event_handler.log_command:Invoked command in '/home/naveen/bat_robot/build/batrobot_controller' returned '0': AMENT_PREFIX_PATH=/home/naveen/bat_robot/install/batrobot_description:${AMENT_PREFIX_PATH} CMAKE_PREFIX_PATH=/home/naveen/bat_robot/install/batrobot_description:/home/naveen/roarm_ws_em0/install/ros2web_interfaces:/home/naveen/roarm_ws_em0/install/roarm_msgs:/home/naveen/roarm_ws_em0/install/roarm_moveit_ikfast_plugins:/home/naveen/roarm_ws_em0/install/roarm_moveit_cmd:/home/naveen/roarm_ws_em0/install/roarm_moveit:/home/naveen/roarm_ws_em0/install/roarm_description:/home/naveen/roarm_ws_em0/install/moveit_servo:/home/naveen/roarm_ws_em0/install/alexa_integration:/home/naveen/roarm_ws_em0/install/ros2web_widgets:/home/naveen/roarm_ws_em0/install/ros2web_example_py:/home/naveen/roarm_ws_em0/install/roarm_web_app:/home/naveen/roarm_ws_em0/install/ros2web_app:/home/naveen/roarm_ws_em0/install/ros2web:/home/naveen/roarm_ws_em0/install/roarm_driver:/home/naveen/roarm_ws_em0/install/launch_api:/opt/ros/humble /usr/bin/cmake --install /home/naveen/bat_robot/build/batrobot_controller
[5.496s] Level 1:colcon.colcon_core.environment:checking '/home/naveen/bat_robot/install/batrobot_controller' for CMake config files
[5.500s] Level 1:colcon.colcon_core.shell:create_environment_hook('batrobot_controller', 'cmake_prefix_path')
[5.501s] INFO:colcon.colcon_core.shell:Creating environment hook '/home/naveen/bat_robot/install/batrobot_controller/share/batrobot_controller/hook/cmake_prefix_path.ps1'
[5.510s] INFO:colcon.colcon_core.shell:Creating environment descriptor '/home/naveen/bat_robot/install/batrobot_controller/share/batrobot_controller/hook/cmake_prefix_path.dsv'
[5.518s] INFO:colcon.colcon_core.shell:Creating environment hook '/home/naveen/bat_robot/install/batrobot_controller/share/batrobot_controller/hook/cmake_prefix_path.sh'
[5.529s] Level 1:colcon.colcon_core.environment:checking '/home/naveen/bat_robot/install/batrobot_controller/bin'
[5.530s] Level 1:colcon.colcon_core.environment:checking '/home/naveen/bat_robot/install/batrobot_controller/lib/pkgconfig/batrobot_controller.pc'
[5.534s] Level 1:colcon.colcon_core.environment:checking '/home/naveen/bat_robot/install/batrobot_controller/lib/python3.10/site-packages'
[5.539s] Level 1:colcon.colcon_core.environment:checking '/home/naveen/bat_robot/install/batrobot_controller/bin'
[5.540s] INFO:colcon.colcon_core.shell:Creating package script '/home/naveen/bat_robot/install/batrobot_controller/share/batrobot_controller/package.ps1'
[5.552s] INFO:colcon.colcon_core.shell:Creating package descriptor '/home/naveen/bat_robot/install/batrobot_controller/share/batrobot_controller/package.dsv'
[5.560s] INFO:colcon.colcon_core.shell:Creating package script '/home/naveen/bat_robot/install/batrobot_controller/share/batrobot_controller/package.sh'
[5.568s] INFO:colcon.colcon_core.shell:Creating package script '/home/naveen/bat_robot/install/batrobot_controller/share/batrobot_controller/package.bash'
[5.576s] INFO:colcon.colcon_core.shell:Creating package script '/home/naveen/bat_robot/install/batrobot_controller/share/batrobot_controller/package.zsh'
[5.583s] Level 1:colcon.colcon_core.environment:create_file_with_runtime_dependencies(/home/naveen/bat_robot/install/batrobot_controller/share/colcon-core/packages/batrobot_controller)
[5.598s] Level 1:colcon.colcon_core.environment:create_environment_scripts_only(batrobot_controller)
[5.601s] Level 1:colcon.colcon_core.environment:checking '/home/naveen/bat_robot/install/batrobot_controller' for CMake module files
[5.609s] Level 1:colcon.colcon_core.environment:checking '/home/naveen/bat_robot/install/batrobot_controller' for CMake config files
[5.610s] Level 1:colcon.colcon_core.shell:create_environment_hook('batrobot_controller', 'cmake_prefix_path')
[5.619s] INFO:colcon.colcon_core.shell:Creating environment hook '/home/naveen/bat_robot/install/batrobot_controller/share/batrobot_controller/hook/cmake_prefix_path.ps1'
[5.631s] INFO:colcon.colcon_core.shell:Creating environment descriptor '/home/naveen/bat_robot/install/batrobot_controller/share/batrobot_controller/hook/cmake_prefix_path.dsv'
[5.637s] INFO:colcon.colcon_core.shell:Creating environment hook '/home/naveen/bat_robot/install/batrobot_controller/share/batrobot_controller/hook/cmake_prefix_path.sh'
[5.648s] Level 1:colcon.colcon_core.environment:checking '/home/naveen/bat_robot/install/batrobot_controller/bin'
[5.654s] Level 1:colcon.colcon_core.environment:checking '/home/naveen/bat_robot/install/batrobot_controller/lib/pkgconfig/batrobot_controller.pc'
[5.660s] Level 1:colcon.colcon_core.environment:checking '/home/naveen/bat_robot/install/batrobot_controller/lib/python3.10/site-packages'
[5.665s] Level 1:colcon.colcon_core.environment:checking '/home/naveen/bat_robot/install/batrobot_controller/bin'
[5.676s] INFO:colcon.colcon_core.shell:Creating package script '/home/naveen/bat_robot/install/batrobot_controller/share/batrobot_controller/package.ps1'
[5.684s] INFO:colcon.colcon_core.shell:Creating package descriptor '/home/naveen/bat_robot/install/batrobot_controller/share/batrobot_controller/package.dsv'
[5.697s] INFO:colcon.colcon_core.shell:Creating package script '/home/naveen/bat_robot/install/batrobot_controller/share/batrobot_controller/package.sh'
[5.705s] INFO:colcon.colcon_core.shell:Creating package script '/home/naveen/bat_robot/install/batrobot_controller/share/batrobot_controller/package.bash'
[5.719s] INFO:colcon.colcon_core.shell:Creating package script '/home/naveen/bat_robot/install/batrobot_controller/share/batrobot_controller/package.zsh'
[5.731s] Level 1:colcon.colcon_core.environment:create_file_with_runtime_dependencies(/home/naveen/bat_robot/install/batrobot_controller/share/colcon-core/packages/batrobot_controller)
[5.738s] INFO:colcon.colcon_ros.task.ament_cmake.build:Building ROS package in '/home/naveen/bat_robot/src/batrobot_moveit' with build type 'ament_cmake'
[5.741s] INFO:colcon.colcon_cmake.task.cmake.build:Building CMake package in '/home/naveen/bat_robot/src/batrobot_moveit'
[5.742s] INFO:colcon.colcon_core.shell:Skip shell extension 'powershell' for command environment: Not usable outside of PowerShell
[5.748s] DEBUG:colcon.colcon_core.shell:Skip shell extension 'dsv' for command environment
[5.870s] DEBUG:colcon.colcon_core.event_handler.log_command:Invoking command in '/home/naveen/bat_robot/build/batrobot_moveit': AMENT_PREFIX_PATH=/home/naveen/bat_robot/install/batrobot_controller:/home/naveen/bat_robot/install/batrobot_description:${AMENT_PREFIX_PATH} CMAKE_PREFIX_PATH=/home/naveen/bat_robot/install/batrobot_controller:/home/naveen/bat_robot/install/batrobot_description:/home/naveen/roarm_ws_em0/install/ros2web_interfaces:/home/naveen/roarm_ws_em0/install/roarm_msgs:/home/naveen/roarm_ws_em0/install/roarm_moveit_ikfast_plugins:/home/naveen/roarm_ws_em0/install/roarm_moveit_cmd:/home/naveen/roarm_ws_em0/install/roarm_moveit:/home/naveen/roarm_ws_em0/install/roarm_description:/home/naveen/roarm_ws_em0/install/moveit_servo:/home/naveen/roarm_ws_em0/install/alexa_integration:/home/naveen/roarm_ws_em0/install/ros2web_widgets:/home/naveen/roarm_ws_em0/install/ros2web_example_py:/home/naveen/roarm_ws_em0/install/roarm_web_app:/home/naveen/roarm_ws_em0/install/ros2web_app:/home/naveen/roarm_ws_em0/install/ros2web:/home/naveen/roarm_ws_em0/install/roarm_driver:/home/naveen/roarm_ws_em0/install/launch_api:/opt/ros/humble /usr/bin/cmake --build /home/naveen/bat_robot/build/batrobot_moveit -- -j2 -l2
[6.195s] DEBUG:colcon.colcon_core.event_handler.log_command:Invoked command in '/home/naveen/bat_robot/build/batrobot_moveit' returned '0': AMENT_PREFIX_PATH=/home/naveen/bat_robot/install/batrobot_controller:/home/naveen/bat_robot/install/batrobot_description:${AMENT_PREFIX_PATH} CMAKE_PREFIX_PATH=/home/naveen/bat_robot/install/batrobot_controller:/home/naveen/bat_robot/install/batrobot_description:/home/naveen/roarm_ws_em0/install/ros2web_interfaces:/home/naveen/roarm_ws_em0/install/roarm_msgs:/home/naveen/roarm_ws_em0/install/roarm_moveit_ikfast_plugins:/home/naveen/roarm_ws_em0/install/roarm_moveit_cmd:/home/naveen/roarm_ws_em0/install/roarm_moveit:/home/naveen/roarm_ws_em0/install/roarm_description:/home/naveen/roarm_ws_em0/install/moveit_servo:/home/naveen/roarm_ws_em0/install/alexa_integration:/home/naveen/roarm_ws_em0/install/ros2web_widgets:/home/naveen/roarm_ws_em0/install/ros2web_example_py:/home/naveen/roarm_ws_em0/install/roarm_web_app:/home/naveen/roarm_ws_em0/install/ros2web_app:/home/naveen/roarm_ws_em0/install/ros2web:/home/naveen/roarm_ws_em0/install/roarm_driver:/home/naveen/roarm_ws_em0/install/launch_api:/opt/ros/humble /usr/bin/cmake --build /home/naveen/bat_robot/build/batrobot_moveit -- -j2 -l2
[6.201s] DEBUG:colcon.colcon_core.event_handler.log_command:Invoking command in '/home/naveen/bat_robot/build/batrobot_moveit': AMENT_PREFIX_PATH=/home/naveen/bat_robot/install/batrobot_controller:/home/naveen/bat_robot/install/batrobot_description:${AMENT_PREFIX_PATH} CMAKE_PREFIX_PATH=/home/naveen/bat_robot/install/batrobot_controller:/home/naveen/bat_robot/install/batrobot_description:/home/naveen/roarm_ws_em0/install/ros2web_interfaces:/home/naveen/roarm_ws_em0/install/roarm_msgs:/home/naveen/roarm_ws_em0/install/roarm_moveit_ikfast_plugins:/home/naveen/roarm_ws_em0/install/roarm_moveit_cmd:/home/naveen/roarm_ws_em0/install/roarm_moveit:/home/naveen/roarm_ws_em0/install/roarm_description:/home/naveen/roarm_ws_em0/install/moveit_servo:/home/naveen/roarm_ws_em0/install/alexa_integration:/home/naveen/roarm_ws_em0/install/ros2web_widgets:/home/naveen/roarm_ws_em0/install/ros2web_example_py:/home/naveen/roarm_ws_em0/install/roarm_web_app:/home/naveen/roarm_ws_em0/install/ros2web_app:/home/naveen/roarm_ws_em0/install/ros2web:/home/naveen/roarm_ws_em0/install/roarm_driver:/home/naveen/roarm_ws_em0/install/launch_api:/opt/ros/humble /usr/bin/cmake --install /home/naveen/bat_robot/build/batrobot_moveit
[6.312s] Level 1:colcon.colcon_core.environment:create_environment_scripts_only(batrobot_moveit)
[6.315s] Level 1:colcon.colcon_core.environment:checking '/home/naveen/bat_robot/install/batrobot_moveit' for CMake module files
[6.331s] DEBUG:colcon.colcon_core.event_handler.log_command:Invoked command in '/home/naveen/bat_robot/build/batrobot_moveit' returned '0': AMENT_PREFIX_PATH=/home/naveen/bat_robot/install/batrobot_controller:/home/naveen/bat_robot/install/batrobot_description:${AMENT_PREFIX_PATH} CMAKE_PREFIX_PATH=/home/naveen/bat_robot/install/batrobot_controller:/home/naveen/bat_robot/install/batrobot_description:/home/naveen/roarm_ws_em0/install/ros2web_interfaces:/home/naveen/roarm_ws_em0/install/roarm_msgs:/home/naveen/roarm_ws_em0/install/roarm_moveit_ikfast_plugins:/home/naveen/roarm_ws_em0/install/roarm_moveit_cmd:/home/naveen/roarm_ws_em0/install/roarm_moveit:/home/naveen/roarm_ws_em0/install/roarm_description:/home/naveen/roarm_ws_em0/install/moveit_servo:/home/naveen/roarm_ws_em0/install/alexa_integration:/home/naveen/roarm_ws_em0/install/ros2web_widgets:/home/naveen/roarm_ws_em0/install/ros2web_example_py:/home/naveen/roarm_ws_em0/install/roarm_web_app:/home/naveen/roarm_ws_em0/install/ros2web_app:/home/naveen/roarm_ws_em0/install/ros2web:/home/naveen/roarm_ws_em0/install/roarm_driver:/home/naveen/roarm_ws_em0/install/launch_api:/opt/ros/humble /usr/bin/cmake --install /home/naveen/bat_robot/build/batrobot_moveit
[6.336s] Level 1:colcon.colcon_core.environment:checking '/home/naveen/bat_robot/install/batrobot_moveit' for CMake config files
[6.337s] Level 1:colcon.colcon_core.shell:create_environment_hook('batrobot_moveit', 'cmake_prefix_path')
[6.337s] INFO:colcon.colcon_core.shell:Creating environment hook '/home/naveen/bat_robot/install/batrobot_moveit/share/batrobot_moveit/hook/cmake_prefix_path.ps1'
[6.339s] INFO:colcon.colcon_core.shell:Creating environment descriptor '/home/naveen/bat_robot/install/batrobot_moveit/share/batrobot_moveit/hook/cmake_prefix_path.dsv'
[6.343s] INFO:colcon.colcon_core.shell:Creating environment hook '/home/naveen/bat_robot/install/batrobot_moveit/share/batrobot_moveit/hook/cmake_prefix_path.sh'
[6.352s] Level 1:colcon.colcon_core.environment:checking '/home/naveen/bat_robot/install/batrobot_moveit/bin'
[6.353s] Level 1:colcon.colcon_core.environment:checking '/home/naveen/bat_robot/install/batrobot_moveit/lib/pkgconfig/batrobot_moveit.pc'
[6.357s] Level 1:colcon.colcon_core.environment:checking '/home/naveen/bat_robot/install/batrobot_moveit/lib/python3.10/site-packages'
[6.359s] Level 1:colcon.colcon_core.environment:checking '/home/naveen/bat_robot/install/batrobot_moveit/bin'
[6.363s] INFO:colcon.colcon_core.shell:Creating package script '/home/naveen/bat_robot/install/batrobot_moveit/share/batrobot_moveit/package.ps1'
[6.369s] INFO:colcon.colcon_core.shell:Creating package descriptor '/home/naveen/bat_robot/install/batrobot_moveit/share/batrobot_moveit/package.dsv'
[6.371s] INFO:colcon.colcon_core.shell:Creating package script '/home/naveen/bat_robot/install/batrobot_moveit/share/batrobot_moveit/package.sh'
[6.377s] INFO:colcon.colcon_core.shell:Creating package script '/home/naveen/bat_robot/install/batrobot_moveit/share/batrobot_moveit/package.bash'
[6.383s] INFO:colcon.colcon_core.shell:Creating package script '/home/naveen/bat_robot/install/batrobot_moveit/share/batrobot_moveit/package.zsh'
[6.389s] Level 1:colcon.colcon_core.environment:create_file_with_runtime_dependencies(/home/naveen/bat_robot/install/batrobot_moveit/share/colcon-core/packages/batrobot_moveit)
[6.394s] Level 1:colcon.colcon_core.environment:create_environment_scripts_only(batrobot_moveit)
[6.400s] Level 1:colcon.colcon_core.environment:checking '/home/naveen/bat_robot/install/batrobot_moveit' for CMake module files
[6.404s] Level 1:colcon.colcon_core.environment:checking '/home/naveen/bat_robot/install/batrobot_moveit' for CMake config files
[6.407s] Level 1:colcon.colcon_core.shell:create_environment_hook('batrobot_moveit', 'cmake_prefix_path')
[6.411s] INFO:colcon.colcon_core.shell:Creating environment hook '/home/naveen/bat_robot/install/batrobot_moveit/share/batrobot_moveit/hook/cmake_prefix_path.ps1'
[6.418s] INFO:colcon.colcon_core.shell:Creating environment descriptor '/home/naveen/bat_robot/install/batrobot_moveit/share/batrobot_moveit/hook/cmake_prefix_path.dsv'
[6.428s] INFO:colcon.colcon_core.shell:Creating environment hook '/home/naveen/bat_robot/install/batrobot_moveit/share/batrobot_moveit/hook/cmake_prefix_path.sh'
[6.435s] Level 1:colcon.colcon_core.environment:checking '/home/naveen/bat_robot/install/batrobot_moveit/bin'
[6.438s] Level 1:colcon.colcon_core.environment:checking '/home/naveen/bat_robot/install/batrobot_moveit/lib/pkgconfig/batrobot_moveit.pc'
[6.438s] Level 1:colcon.colcon_core.environment:checking '/home/naveen/bat_robot/install/batrobot_moveit/lib/python3.10/site-packages'
[6.443s] Level 1:colcon.colcon_core.environment:checking '/home/naveen/bat_robot/install/batrobot_moveit/bin'
[6.445s] INFO:colcon.colcon_core.shell:Creating package script '/home/naveen/bat_robot/install/batrobot_moveit/share/batrobot_moveit/package.ps1'
[6.448s] INFO:colcon.colcon_core.shell:Creating package descriptor '/home/naveen/bat_robot/install/batrobot_moveit/share/batrobot_moveit/package.dsv'
[6.455s] INFO:colcon.colcon_core.shell:Creating package script '/home/naveen/bat_robot/install/batrobot_moveit/share/batrobot_moveit/package.sh'
[6.461s] INFO:colcon.colcon_core.shell:Creating package script '/home/naveen/bat_robot/install/batrobot_moveit/share/batrobot_moveit/package.bash'
[6.467s] INFO:colcon.colcon_core.shell:Creating package script '/home/naveen/bat_robot/install/batrobot_moveit/share/batrobot_moveit/package.zsh'
[6.472s] Level 1:colcon.colcon_core.environment:create_file_with_runtime_dependencies(/home/naveen/bat_robot/install/batrobot_moveit/share/colcon-core/packages/batrobot_moveit)
[7.700s] DEBUG:colcon.colcon_core.event_handler.log_command:Invoked command in '/home/naveen/bat_robot/build/batrobot_firmware' returned '0': CMAKE_PREFIX_PATH=${CMAKE_PREFIX_PATH}:/home/naveen/roarm_ws_em0/install/ros2web_widgets:/home/naveen/roarm_ws_em0/install/ros2web_example_py:/home/naveen/roarm_ws_em0/install/roarm_web_app:/home/naveen/roarm_ws_em0/install/ros2web_app:/home/naveen/roarm_ws_em0/install/ros2web:/home/naveen/roarm_ws_em0/install/roarm_driver:/home/naveen/roarm_ws_em0/install/launch_api:/opt/ros/humble /usr/bin/cmake --build /home/naveen/bat_robot/build/batrobot_firmware -- -j2 -l2
[7.708s] DEBUG:colcon.colcon_core.event_handler.log_command:Invoking command in '/home/naveen/bat_robot/build/batrobot_firmware': CMAKE_PREFIX_PATH=${CMAKE_PREFIX_PATH}:/home/naveen/roarm_ws_em0/install/ros2web_widgets:/home/naveen/roarm_ws_em0/install/ros2web_example_py:/home/naveen/roarm_ws_em0/install/roarm_web_app:/home/naveen/roarm_ws_em0/install/ros2web_app:/home/naveen/roarm_ws_em0/install/ros2web:/home/naveen/roarm_ws_em0/install/roarm_driver:/home/naveen/roarm_ws_em0/install/launch_api:/opt/ros/humble /usr/bin/cmake --install /home/naveen/bat_robot/build/batrobot_firmware
[7.974s] Level 1:colcon.colcon_core.environment:create_environment_scripts_only(batrobot_firmware)
[7.976s] Level 1:colcon.colcon_core.environment:checking '/home/naveen/bat_robot/install/batrobot_firmware' for CMake module files
[7.994s] Level 1:colcon.colcon_core.environment:checking '/home/naveen/bat_robot/install/batrobot_firmware' for CMake config files
[7.995s] Level 1:colcon.colcon_core.shell:create_environment_hook('batrobot_firmware', 'cmake_prefix_path')
[7.997s] INFO:colcon.colcon_core.shell:Creating environment hook '/home/naveen/bat_robot/install/batrobot_firmware/share/batrobot_firmware/hook/cmake_prefix_path.ps1'
[8.001s] INFO:colcon.colcon_core.shell:Creating environment descriptor '/home/naveen/bat_robot/install/batrobot_firmware/share/batrobot_firmware/hook/cmake_prefix_path.dsv'
[7.998s] DEBUG:colcon.colcon_core.event_handler.log_command:Invoked command in '/home/naveen/bat_robot/build/batrobot_firmware' returned '0': CMAKE_PREFIX_PATH=${CMAKE_PREFIX_PATH}:/home/naveen/roarm_ws_em0/install/ros2web_widgets:/home/naveen/roarm_ws_em0/install/ros2web_example_py:/home/naveen/roarm_ws_em0/install/roarm_web_app:/home/naveen/roarm_ws_em0/install/ros2web_app:/home/naveen/roarm_ws_em0/install/ros2web:/home/naveen/roarm_ws_em0/install/roarm_driver:/home/naveen/roarm_ws_em0/install/launch_api:/opt/ros/humble /usr/bin/cmake --install /home/naveen/bat_robot/build/batrobot_firmware
[8.005s] INFO:colcon.colcon_core.shell:Creating environment hook '/home/naveen/bat_robot/install/batrobot_firmware/share/batrobot_firmware/hook/cmake_prefix_path.sh'
[8.007s] Level 1:colcon.colcon_core.environment:checking '/home/naveen/bat_robot/install/batrobot_firmware/lib'
[8.008s] Level 1:colcon.colcon_core.environment:checking '/home/naveen/bat_robot/install/batrobot_firmware/bin'
[8.009s] Level 1:colcon.colcon_core.environment:checking '/home/naveen/bat_robot/install/batrobot_firmware/lib/pkgconfig/batrobot_firmware.pc'
[8.011s] Level 1:colcon.colcon_core.environment:checking '/home/naveen/bat_robot/install/batrobot_firmware/lib/python3.10/site-packages'
[8.012s] Level 1:colcon.colcon_core.environment:checking '/home/naveen/bat_robot/install/batrobot_firmware/bin'
[8.015s] INFO:colcon.colcon_core.shell:Creating package script '/home/naveen/bat_robot/install/batrobot_firmware/share/batrobot_firmware/package.ps1'
[8.025s] INFO:colcon.colcon_core.shell:Creating package descriptor '/home/naveen/bat_robot/install/batrobot_firmware/share/batrobot_firmware/package.dsv'
[8.028s] INFO:colcon.colcon_core.shell:Creating package script '/home/naveen/bat_robot/install/batrobot_firmware/share/batrobot_firmware/package.sh'
[8.031s] INFO:colcon.colcon_core.shell:Creating package script '/home/naveen/bat_robot/install/batrobot_firmware/share/batrobot_firmware/package.bash'
[8.035s] INFO:colcon.colcon_core.shell:Creating package script '/home/naveen/bat_robot/install/batrobot_firmware/share/batrobot_firmware/package.zsh'
[8.038s] Level 1:colcon.colcon_core.environment:create_file_with_runtime_dependencies(/home/naveen/bat_robot/install/batrobot_firmware/share/colcon-core/packages/batrobot_firmware)
[8.046s] Level 1:colcon.colcon_core.environment:create_environment_scripts_only(batrobot_firmware)
[8.047s] Level 1:colcon.colcon_core.environment:checking '/home/naveen/bat_robot/install/batrobot_firmware' for CMake module files
[8.052s] Level 1:colcon.colcon_core.environment:checking '/home/naveen/bat_robot/install/batrobot_firmware' for CMake config files
[8.056s] Level 1:colcon.colcon_core.shell:create_environment_hook('batrobot_firmware', 'cmake_prefix_path')
[8.059s] INFO:colcon.colcon_core.shell:Creating environment hook '/home/naveen/bat_robot/install/batrobot_firmware/share/batrobot_firmware/hook/cmake_prefix_path.ps1'
[8.063s] INFO:colcon.colcon_core.shell:Creating environment descriptor '/home/naveen/bat_robot/install/batrobot_firmware/share/batrobot_firmware/hook/cmake_prefix_path.dsv'
[8.065s] INFO:colcon.colcon_core.shell:Creating environment hook '/home/naveen/bat_robot/install/batrobot_firmware/share/batrobot_firmware/hook/cmake_prefix_path.sh'
[8.070s] Level 1:colcon.colcon_core.environment:checking '/home/naveen/bat_robot/install/batrobot_firmware/lib'
[8.071s] Level 1:colcon.colcon_core.environment:checking '/home/naveen/bat_robot/install/batrobot_firmware/bin'
[8.071s] Level 1:colcon.colcon_core.environment:checking '/home/naveen/bat_robot/install/batrobot_firmware/lib/pkgconfig/batrobot_firmware.pc'
[8.072s] Level 1:colcon.colcon_core.environment:checking '/home/naveen/bat_robot/install/batrobot_firmware/lib/python3.10/site-packages'
[8.074s] Level 1:colcon.colcon_core.environment:checking '/home/naveen/bat_robot/install/batrobot_firmware/bin'
[8.077s] INFO:colcon.colcon_core.shell:Creating package script '/home/naveen/bat_robot/install/batrobot_firmware/share/batrobot_firmware/package.ps1'
[8.085s] INFO:colcon.colcon_core.shell:Creating package descriptor '/home/naveen/bat_robot/install/batrobot_firmware/share/batrobot_firmware/package.dsv'
[8.088s] INFO:colcon.colcon_core.shell:Creating package script '/home/naveen/bat_robot/install/batrobot_firmware/share/batrobot_firmware/package.sh'
[8.091s] INFO:colcon.colcon_core.shell:Creating package script '/home/naveen/bat_robot/install/batrobot_firmware/share/batrobot_firmware/package.bash'
[8.093s] INFO:colcon.colcon_core.shell:Creating package script '/home/naveen/bat_robot/install/batrobot_firmware/share/batrobot_firmware/package.zsh'
[8.096s] Level 1:colcon.colcon_core.environment:create_file_with_runtime_dependencies(/home/naveen/bat_robot/install/batrobot_firmware/share/colcon-core/packages/batrobot_firmware)
[8.099s] DEBUG:colcon.colcon_parallel_executor.executor.parallel:closing loop
[8.099s] DEBUG:colcon.colcon_parallel_executor.executor.parallel:loop closed
[8.100s] DEBUG:colcon.colcon_parallel_executor.executor.parallel:run_until_complete finished with '0'
[8.100s] DEBUG:colcon.colcon_core.event_reactor:joining thread
[8.127s] INFO:colcon.colcon_core.plugin_system:Skipping extension 'colcon_notification.desktop_notification.terminal_notifier': Not used on non-Darwin systems
[8.127s] INFO:colcon.colcon_core.plugin_system:Skipping extension 'colcon_notification.desktop_notification.win32': Not used on non-Windows systems
[8.128s] INFO:colcon.colcon_notification.desktop_notification:Sending desktop notification using 'notify2'
[8.198s] DEBUG:colcon.colcon_core.event_reactor:joined thread
[8.202s] INFO:colcon.colcon_core.shell:Creating prefix script '/home/naveen/bat_robot/install/local_setup.ps1'
[8.207s] INFO:colcon.colcon_core.shell:Creating prefix util module '/home/naveen/bat_robot/install/_local_setup_util_ps1.py'
[8.218s] INFO:colcon.colcon_core.shell:Creating prefix chain script '/home/naveen/bat_robot/install/setup.ps1'
[8.231s] INFO:colcon.colcon_core.shell:Creating prefix script '/home/naveen/bat_robot/install/local_setup.sh'
[8.238s] INFO:colcon.colcon_core.shell:Creating prefix util module '/home/naveen/bat_robot/install/_local_setup_util_sh.py'
[8.244s] INFO:colcon.colcon_core.shell:Creating prefix chain script '/home/naveen/bat_robot/install/setup.sh'
[8.257s] INFO:colcon.colcon_core.shell:Creating prefix script '/home/naveen/bat_robot/install/local_setup.bash'
[8.262s] INFO:colcon.colcon_core.shell:Creating prefix chain script '/home/naveen/bat_robot/install/setup.bash'
[8.271s] INFO:colcon.colcon_core.shell:Creating prefix script '/home/naveen/bat_robot/install/local_setup.zsh'
[8.277s] INFO:colcon.colcon_core.shell:Creating prefix chain script '/home/naveen/bat_robot/install/setup.zsh'
