[0.141s] Invoking command in '/home/naveen/bat_robot/build/batrobot_description': CMAKE_PREFIX_PATH=${CMAKE_PREFIX_PATH}:/home/naveen/roarm_ws_em0/install/ros2web_widgets:/home/naveen/roarm_ws_em0/install/ros2web_example_py:/home/naveen/roarm_ws_em0/install/roarm_web_app:/home/naveen/roarm_ws_em0/install/ros2web_app:/home/naveen/roarm_ws_em0/install/ros2web:/home/naveen/roarm_ws_em0/install/roarm_driver:/home/naveen/roarm_ws_em0/install/launch_api:/opt/ros/humble /usr/bin/cmake --build /home/naveen/bat_robot/build/batrobot_description -- -j2 -l2
[0.579s] Invoked command in '/home/naveen/bat_robot/build/batrobot_description' returned '0': CMAKE_PREFIX_PATH=${CMAKE_PREFIX_PATH}:/home/naveen/roarm_ws_em0/install/ros2web_widgets:/home/naveen/roarm_ws_em0/install/ros2web_example_py:/home/naveen/roarm_ws_em0/install/roarm_web_app:/home/naveen/roarm_ws_em0/install/ros2web_app:/home/naveen/roarm_ws_em0/install/ros2web:/home/naveen/roarm_ws_em0/install/roarm_driver:/home/naveen/roarm_ws_em0/install/launch_api:/opt/ros/humble /usr/bin/cmake --build /home/naveen/bat_robot/build/batrobot_description -- -j2 -l2
[0.689s] Invoking command in '/home/naveen/bat_robot/build/batrobot_description': CMAKE_PREFIX_PATH=${CMAKE_PREFIX_PATH}:/home/naveen/roarm_ws_em0/install/ros2web_widgets:/home/naveen/roarm_ws_em0/install/ros2web_example_py:/home/naveen/roarm_ws_em0/install/roarm_web_app:/home/naveen/roarm_ws_em0/install/ros2web_app:/home/naveen/roarm_ws_em0/install/ros2web:/home/naveen/roarm_ws_em0/install/roarm_driver:/home/naveen/roarm_ws_em0/install/launch_api:/opt/ros/humble /usr/bin/cmake --install /home/naveen/bat_robot/build/batrobot_description
[0.782s] -- Install configuration: ""
[0.785s] -- Up-to-date: /home/naveen/bat_robot/install/batrobot_description/share/batrobot_description/meshes
[0.789s] -- Up-to-date: /home/naveen/bat_robot/install/batrobot_description/share/batrobot_description/meshes/gripper_right.stl
[0.789s] -- Up-to-date: /home/naveen/bat_robot/install/batrobot_description/share/batrobot_description/meshes/pi_camera.STL
[0.797s] -- Up-to-date: /home/naveen/bat_robot/install/batrobot_description/share/batrobot_description/meshes/joint3.stl
[0.798s] -- Up-to-date: /home/naveen/bat_robot/install/batrobot_description/share/batrobot_description/meshes/base_plate.stl
[0.798s] -- Up-to-date: /home/naveen/bat_robot/install/batrobot_description/share/batrobot_description/meshes/base.stl
[0.798s] -- Up-to-date: /home/naveen/bat_robot/install/batrobot_description/share/batrobot_description/meshes/joint2.stl
[0.798s] -- Up-to-date: /home/naveen/bat_robot/install/batrobot_description/share/batrobot_description/meshes/joint1.stl
[0.806s] -- Up-to-date: /home/naveen/bat_robot/install/batrobot_description/share/batrobot_description/meshes/gripper_left.stl
[0.806s] -- Up-to-date: /home/naveen/bat_robot/install/batrobot_description/share/batrobot_description/urdf
[0.806s] -- Up-to-date: /home/naveen/bat_robot/install/batrobot_description/share/batrobot_description/urdf/bat_robot_ros2_control.xacro
[0.807s] -- Up-to-date: /home/naveen/bat_robot/install/batrobot_description/share/batrobot_description/urdf/bat_robot.urdf.xacro
[0.813s] -- Up-to-date: /home/naveen/bat_robot/install/batrobot_description/share/batrobot_description/urdf/bat_robot_gazebo.xacro
[0.813s] -- Up-to-date: /home/naveen/bat_robot/install/batrobot_description/share/batrobot_description/launch
[0.815s] -- Up-to-date: /home/naveen/bat_robot/install/batrobot_description/share/batrobot_description/launch/display.launch.py
[0.819s] -- Up-to-date: /home/naveen/bat_robot/install/batrobot_description/share/batrobot_description/launch/gazebo.launch.py
[0.819s] -- Up-to-date: /home/naveen/bat_robot/install/batrobot_description/share/batrobot_description/rviz
[0.819s] -- Up-to-date: /home/naveen/bat_robot/install/batrobot_description/share/batrobot_description/rviz/display.rviz
[0.820s] -- Up-to-date: /home/naveen/bat_robot/install/batrobot_description/share/ament_index/resource_index/package_run_dependencies/batrobot_description
[0.824s] -- Up-to-date: /home/naveen/bat_robot/install/batrobot_description/share/ament_index/resource_index/parent_prefix_path/batrobot_description
[0.826s] -- Up-to-date: /home/naveen/bat_robot/install/batrobot_description/share/batrobot_description/environment/ament_prefix_path.sh
[0.827s] -- Up-to-date: /home/naveen/bat_robot/install/batrobot_description/share/batrobot_description/environment/ament_prefix_path.dsv
[0.830s] -- Up-to-date: /home/naveen/bat_robot/install/batrobot_description/share/batrobot_description/environment/path.sh
[0.830s] -- Up-to-date: /home/naveen/bat_robot/install/batrobot_description/share/batrobot_description/environment/path.dsv
[0.831s] -- Up-to-date: /home/naveen/bat_robot/install/batrobot_description/share/batrobot_description/local_setup.bash
[0.831s] -- Up-to-date: /home/naveen/bat_robot/install/batrobot_description/share/batrobot_description/local_setup.sh
[0.833s] -- Up-to-date: /home/naveen/bat_robot/install/batrobot_description/share/batrobot_description/local_setup.zsh
[0.842s] -- Up-to-date: /home/naveen/bat_robot/install/batrobot_description/share/batrobot_description/local_setup.dsv
[0.843s] -- Installing: /home/naveen/bat_robot/install/batrobot_description/share/batrobot_description/package.dsv
[0.843s] -- Up-to-date: /home/naveen/bat_robot/install/batrobot_description/share/ament_index/resource_index/packages/batrobot_description
[0.843s] -- Up-to-date: /home/naveen/bat_robot/install/batrobot_description/share/batrobot_description/cmake/batrobot_descriptionConfig.cmake
[0.843s] -- Up-to-date: /home/naveen/bat_robot/install/batrobot_description/share/batrobot_description/cmake/batrobot_descriptionConfig-version.cmake
[0.849s] -- Up-to-date: /home/naveen/bat_robot/install/batrobot_description/share/batrobot_description/package.xml
[0.850s] Invoked command in '/home/naveen/bat_robot/build/batrobot_description' returned '0': CMAKE_PREFIX_PATH=${CMAKE_PREFIX_PATH}:/home/naveen/roarm_ws_em0/install/ros2web_widgets:/home/naveen/roarm_ws_em0/install/ros2web_example_py:/home/naveen/roarm_ws_em0/install/roarm_web_app:/home/naveen/roarm_ws_em0/install/ros2web_app:/home/naveen/roarm_ws_em0/install/ros2web:/home/naveen/roarm_ws_em0/install/roarm_driver:/home/naveen/roarm_ws_em0/install/launch_api:/opt/ros/humble /usr/bin/cmake --install /home/naveen/bat_robot/build/batrobot_description
