[0.351s] DEBUG:colcon:Command line arguments: ['/usr/bin/colcon', 'build']
[0.352s] DEBUG:colcon:Parsed command line arguments: Namespace(log_base=None, log_level=None, verb_name='build', build_base='build', install_base='install', merge_install=False, symlink_install=False, test_result_base=None, continue_on_error=False, executor='parallel', parallel_workers=2, event_handlers=None, ignore_user_meta=False, metas=['./colcon.meta'], base_paths=['.'], packages_ignore=None, packages_ignore_regex=None, paths=None, packages_up_to=None, packages_up_to_regex=None, packages_above=None, packages_above_and_dependencies=None, packages_above_depth=None, packages_select_by_dep=None, packages_skip_by_dep=None, packages_skip_up_to=None, packages_select_build_failed=False, packages_skip_build_finished=False, packages_select_test_failures=False, packages_skip_test_passed=False, packages_select=None, packages_skip=None, packages_select_regex=None, packages_skip_regex=None, packages_start=None, packages_end=None, allow_overriding=[], cmake_args=None, cmake_target=None, cmake_target_skip_unavailable=False, cmake_clean_cache=False, cmake_clean_first=False, cmake_force_configure=False, ament_cmake_args=None, catkin_cmake_args=None, catkin_skip_building_tests=False, mixin_files=None, mixin=None, verb_parser=<colcon_mixin.mixin.mixin_argument.MixinArgumentDecorator object at 0x72386b15b5e0>, verb_extension=<colcon_core.verb.build.BuildVerb object at 0x72386b15ae60>, main=<bound method BuildVerb.main of <colcon_core.verb.build.BuildVerb object at 0x72386b15ae60>>, mixin_verb=('build',))
[0.859s] Level 1:colcon.colcon_core.package_discovery:discover_packages(colcon_meta) check parameters
[0.859s] Level 1:colcon.colcon_core.package_discovery:discover_packages(recursive) check parameters
[0.859s] Level 1:colcon.colcon_core.package_discovery:discover_packages(ignore) check parameters
[0.859s] Level 1:colcon.colcon_core.package_discovery:discover_packages(path) check parameters
[0.859s] Level 1:colcon.colcon_core.package_discovery:discover_packages(colcon_meta) discover
[0.859s] Level 1:colcon.colcon_core.package_discovery:discover_packages(recursive) discover
[0.859s] INFO:colcon.colcon_core.package_discovery:Crawling recursively for packages in '/home/naveen/bat_robot'
[0.860s] Level 1:colcon.colcon_core.package_identification:_identify(.) by extensions ['ignore', 'ignore_ament_install']
[0.860s] Level 1:colcon.colcon_core.package_identification:_identify(.) by extension 'ignore'
[0.860s] Level 1:colcon.colcon_core.package_identification:_identify(.) by extension 'ignore_ament_install'
[0.860s] Level 1:colcon.colcon_core.package_identification:_identify(.) by extensions ['colcon_pkg']
[0.861s] Level 1:colcon.colcon_core.package_identification:_identify(.) by extension 'colcon_pkg'
[0.861s] Level 1:colcon.colcon_core.package_identification:_identify(.) by extensions ['colcon_meta']
[0.861s] Level 1:colcon.colcon_core.package_identification:_identify(.) by extension 'colcon_meta'
[0.861s] Level 1:colcon.colcon_core.package_identification:_identify(.) by extensions ['ros']
[0.861s] Level 1:colcon.colcon_core.package_identification:_identify(.) by extension 'ros'
[0.889s] Level 1:colcon.colcon_core.package_identification:_identify(.) by extensions ['cmake', 'python']
[0.889s] Level 1:colcon.colcon_core.package_identification:_identify(.) by extension 'cmake'
[0.889s] Level 1:colcon.colcon_core.package_identification:_identify(.) by extension 'python'
[0.889s] Level 1:colcon.colcon_core.package_identification:_identify(.) by extensions ['python_setup_py']
[0.889s] Level 1:colcon.colcon_core.package_identification:_identify(.) by extension 'python_setup_py'
[0.890s] Level 1:colcon.colcon_core.package_identification:_identify(build) by extensions ['ignore', 'ignore_ament_install']
[0.890s] Level 1:colcon.colcon_core.package_identification:_identify(build) by extension 'ignore'
[0.890s] Level 1:colcon.colcon_core.package_identification:_identify(build) ignored
[0.890s] Level 1:colcon.colcon_core.package_identification:_identify(install) by extensions ['ignore', 'ignore_ament_install']
[0.891s] Level 1:colcon.colcon_core.package_identification:_identify(install) by extension 'ignore'
[0.891s] Level 1:colcon.colcon_core.package_identification:_identify(install) ignored
[0.892s] Level 1:colcon.colcon_core.package_identification:_identify(log) by extensions ['ignore', 'ignore_ament_install']
[0.892s] Level 1:colcon.colcon_core.package_identification:_identify(log) by extension 'ignore'
[0.892s] Level 1:colcon.colcon_core.package_identification:_identify(log) ignored
[0.893s] Level 1:colcon.colcon_core.package_identification:_identify(src) by extensions ['ignore', 'ignore_ament_install']
[0.893s] Level 1:colcon.colcon_core.package_identification:_identify(src) by extension 'ignore'
[0.893s] Level 1:colcon.colcon_core.package_identification:_identify(src) by extension 'ignore_ament_install'
[0.893s] Level 1:colcon.colcon_core.package_identification:_identify(src) by extensions ['colcon_pkg']
[0.893s] Level 1:colcon.colcon_core.package_identification:_identify(src) by extension 'colcon_pkg'
[0.894s] Level 1:colcon.colcon_core.package_identification:_identify(src) by extensions ['colcon_meta']
[0.894s] Level 1:colcon.colcon_core.package_identification:_identify(src) by extension 'colcon_meta'
[0.894s] Level 1:colcon.colcon_core.package_identification:_identify(src) by extensions ['ros']
[0.894s] Level 1:colcon.colcon_core.package_identification:_identify(src) by extension 'ros'
[0.894s] Level 1:colcon.colcon_core.package_identification:_identify(src) by extensions ['cmake', 'python']
[0.894s] Level 1:colcon.colcon_core.package_identification:_identify(src) by extension 'cmake'
[0.894s] Level 1:colcon.colcon_core.package_identification:_identify(src) by extension 'python'
[0.894s] Level 1:colcon.colcon_core.package_identification:_identify(src) by extensions ['python_setup_py']
[0.894s] Level 1:colcon.colcon_core.package_identification:_identify(src) by extension 'python_setup_py'
[0.895s] Level 1:colcon.colcon_core.package_identification:_identify(src/batrobot_controller) by extensions ['ignore', 'ignore_ament_install']
[0.895s] Level 1:colcon.colcon_core.package_identification:_identify(src/batrobot_controller) by extension 'ignore'
[0.895s] Level 1:colcon.colcon_core.package_identification:_identify(src/batrobot_controller) by extension 'ignore_ament_install'
[0.895s] Level 1:colcon.colcon_core.package_identification:_identify(src/batrobot_controller) by extensions ['colcon_pkg']
[0.895s] Level 1:colcon.colcon_core.package_identification:_identify(src/batrobot_controller) by extension 'colcon_pkg'
[0.895s] Level 1:colcon.colcon_core.package_identification:_identify(src/batrobot_controller) by extensions ['colcon_meta']
[0.896s] Level 1:colcon.colcon_core.package_identification:_identify(src/batrobot_controller) by extension 'colcon_meta'
[0.896s] Level 1:colcon.colcon_core.package_identification:_identify(src/batrobot_controller) by extensions ['ros']
[0.896s] Level 1:colcon.colcon_core.package_identification:_identify(src/batrobot_controller) by extension 'ros'
[0.902s] DEBUG:colcon.colcon_core.package_identification:Package 'src/batrobot_controller' with type 'ros.ament_cmake' and name 'batrobot_controller'
[0.903s] Level 1:colcon.colcon_core.package_identification:_identify(src/batrobot_description) by extensions ['ignore', 'ignore_ament_install']
[0.903s] Level 1:colcon.colcon_core.package_identification:_identify(src/batrobot_description) by extension 'ignore'
[0.903s] Level 1:colcon.colcon_core.package_identification:_identify(src/batrobot_description) by extension 'ignore_ament_install'
[0.903s] Level 1:colcon.colcon_core.package_identification:_identify(src/batrobot_description) by extensions ['colcon_pkg']
[0.904s] Level 1:colcon.colcon_core.package_identification:_identify(src/batrobot_description) by extension 'colcon_pkg'
[0.904s] Level 1:colcon.colcon_core.package_identification:_identify(src/batrobot_description) by extensions ['colcon_meta']
[0.904s] Level 1:colcon.colcon_core.package_identification:_identify(src/batrobot_description) by extension 'colcon_meta'
[0.904s] Level 1:colcon.colcon_core.package_identification:_identify(src/batrobot_description) by extensions ['ros']
[0.904s] Level 1:colcon.colcon_core.package_identification:_identify(src/batrobot_description) by extension 'ros'
[0.941s] DEBUG:colcon.colcon_core.package_identification:Package 'src/batrobot_description' with type 'ros.ament_cmake' and name 'batrobot_description'
[0.942s] Level 1:colcon.colcon_core.package_identification:_identify(src/batrobot_firmware) by extensions ['ignore', 'ignore_ament_install']
[0.942s] Level 1:colcon.colcon_core.package_identification:_identify(src/batrobot_firmware) by extension 'ignore'
[0.942s] Level 1:colcon.colcon_core.package_identification:_identify(src/batrobot_firmware) by extension 'ignore_ament_install'
[0.942s] Level 1:colcon.colcon_core.package_identification:_identify(src/batrobot_firmware) by extensions ['colcon_pkg']
[0.942s] Level 1:colcon.colcon_core.package_identification:_identify(src/batrobot_firmware) by extension 'colcon_pkg'
[0.943s] Level 1:colcon.colcon_core.package_identification:_identify(src/batrobot_firmware) by extensions ['colcon_meta']
[0.943s] Level 1:colcon.colcon_core.package_identification:_identify(src/batrobot_firmware) by extension 'colcon_meta'
[0.943s] Level 1:colcon.colcon_core.package_identification:_identify(src/batrobot_firmware) by extensions ['ros']
[0.943s] Level 1:colcon.colcon_core.package_identification:_identify(src/batrobot_firmware) by extension 'ros'
[0.945s] DEBUG:colcon.colcon_core.package_identification:Package 'src/batrobot_firmware' with type 'ros.ament_cmake' and name 'batrobot_firmware'
[0.945s] Level 1:colcon.colcon_core.package_identification:_identify(src/batrobot_moveit) by extensions ['ignore', 'ignore_ament_install']
[0.946s] Level 1:colcon.colcon_core.package_identification:_identify(src/batrobot_moveit) by extension 'ignore'
[0.946s] Level 1:colcon.colcon_core.package_identification:_identify(src/batrobot_moveit) by extension 'ignore_ament_install'
[0.946s] Level 1:colcon.colcon_core.package_identification:_identify(src/batrobot_moveit) by extensions ['colcon_pkg']
[0.946s] Level 1:colcon.colcon_core.package_identification:_identify(src/batrobot_moveit) by extension 'colcon_pkg'
[0.947s] Level 1:colcon.colcon_core.package_identification:_identify(src/batrobot_moveit) by extensions ['colcon_meta']
[0.947s] Level 1:colcon.colcon_core.package_identification:_identify(src/batrobot_moveit) by extension 'colcon_meta'
[0.947s] Level 1:colcon.colcon_core.package_identification:_identify(src/batrobot_moveit) by extensions ['ros']
[0.947s] Level 1:colcon.colcon_core.package_identification:_identify(src/batrobot_moveit) by extension 'ros'
[0.950s] DEBUG:colcon.colcon_core.package_identification:Package 'src/batrobot_moveit' with type 'ros.ament_cmake' and name 'batrobot_moveit'
[0.950s] Level 1:colcon.colcon_core.package_discovery:discover_packages(recursive) using defaults
[0.951s] Level 1:colcon.colcon_core.package_discovery:discover_packages(ignore) discover
[0.951s] Level 1:colcon.colcon_core.package_discovery:discover_packages(ignore) using defaults
[0.951s] Level 1:colcon.colcon_core.package_discovery:discover_packages(path) discover
[0.951s] Level 1:colcon.colcon_core.package_discovery:discover_packages(path) using defaults
[1.025s] Level 1:colcon.colcon_core.package_discovery:discover_packages(prefix_path) check parameters
[1.026s] Level 1:colcon.colcon_core.package_discovery:discover_packages(prefix_path) discover
[1.034s] DEBUG:colcon.colcon_installed_package_information.package_discovery:Found 15 installed packages in /home/naveen/roarm_ws_em0/install
[1.040s] DEBUG:colcon.colcon_installed_package_information.package_discovery:Found 386 installed packages in /opt/ros/humble
[1.051s] Level 1:colcon.colcon_core.package_discovery:discover_packages(prefix_path) using defaults
[1.255s] Level 5:colcon.colcon_core.verb:set package 'batrobot_description' build argument 'cmake_args' from command line to 'None'
[1.255s] Level 5:colcon.colcon_core.verb:set package 'batrobot_description' build argument 'cmake_target' from command line to 'None'
[1.255s] Level 5:colcon.colcon_core.verb:set package 'batrobot_description' build argument 'cmake_target_skip_unavailable' from command line to 'False'
[1.256s] Level 5:colcon.colcon_core.verb:set package 'batrobot_description' build argument 'cmake_clean_cache' from command line to 'False'
[1.256s] Level 5:colcon.colcon_core.verb:set package 'batrobot_description' build argument 'cmake_clean_first' from command line to 'False'
[1.256s] Level 5:colcon.colcon_core.verb:set package 'batrobot_description' build argument 'cmake_force_configure' from command line to 'False'
[1.256s] Level 5:colcon.colcon_core.verb:set package 'batrobot_description' build argument 'ament_cmake_args' from command line to 'None'
[1.256s] Level 5:colcon.colcon_core.verb:set package 'batrobot_description' build argument 'catkin_cmake_args' from command line to 'None'
[1.256s] Level 5:colcon.colcon_core.verb:set package 'batrobot_description' build argument 'catkin_skip_building_tests' from command line to 'False'
[1.256s] DEBUG:colcon.colcon_core.verb:Building package 'batrobot_description' with the following arguments: {'ament_cmake_args': None, 'build_base': '/home/naveen/bat_robot/build/batrobot_description', 'catkin_cmake_args': None, 'catkin_skip_building_tests': False, 'cmake_args': None, 'cmake_clean_cache': False, 'cmake_clean_first': False, 'cmake_force_configure': False, 'cmake_target': None, 'cmake_target_skip_unavailable': False, 'install_base': '/home/naveen/bat_robot/install/batrobot_description', 'merge_install': False, 'path': '/home/naveen/bat_robot/src/batrobot_description', 'symlink_install': False, 'test_result_base': None}
[1.257s] Level 5:colcon.colcon_core.verb:set package 'batrobot_firmware' build argument 'cmake_args' from command line to 'None'
[1.257s] Level 5:colcon.colcon_core.verb:set package 'batrobot_firmware' build argument 'cmake_target' from command line to 'None'
[1.257s] Level 5:colcon.colcon_core.verb:set package 'batrobot_firmware' build argument 'cmake_target_skip_unavailable' from command line to 'False'
[1.257s] Level 5:colcon.colcon_core.verb:set package 'batrobot_firmware' build argument 'cmake_clean_cache' from command line to 'False'
[1.257s] Level 5:colcon.colcon_core.verb:set package 'batrobot_firmware' build argument 'cmake_clean_first' from command line to 'False'
[1.258s] Level 5:colcon.colcon_core.verb:set package 'batrobot_firmware' build argument 'cmake_force_configure' from command line to 'False'
[1.258s] Level 5:colcon.colcon_core.verb:set package 'batrobot_firmware' build argument 'ament_cmake_args' from command line to 'None'
[1.258s] Level 5:colcon.colcon_core.verb:set package 'batrobot_firmware' build argument 'catkin_cmake_args' from command line to 'None'
[1.258s] Level 5:colcon.colcon_core.verb:set package 'batrobot_firmware' build argument 'catkin_skip_building_tests' from command line to 'False'
[1.258s] DEBUG:colcon.colcon_core.verb:Building package 'batrobot_firmware' with the following arguments: {'ament_cmake_args': None, 'build_base': '/home/naveen/bat_robot/build/batrobot_firmware', 'catkin_cmake_args': None, 'catkin_skip_building_tests': False, 'cmake_args': None, 'cmake_clean_cache': False, 'cmake_clean_first': False, 'cmake_force_configure': False, 'cmake_target': None, 'cmake_target_skip_unavailable': False, 'install_base': '/home/naveen/bat_robot/install/batrobot_firmware', 'merge_install': False, 'path': '/home/naveen/bat_robot/src/batrobot_firmware', 'symlink_install': False, 'test_result_base': None}
[1.259s] Level 5:colcon.colcon_core.verb:set package 'batrobot_controller' build argument 'cmake_args' from command line to 'None'
[1.259s] Level 5:colcon.colcon_core.verb:set package 'batrobot_controller' build argument 'cmake_target' from command line to 'None'
[1.259s] Level 5:colcon.colcon_core.verb:set package 'batrobot_controller' build argument 'cmake_target_skip_unavailable' from command line to 'False'
[1.259s] Level 5:colcon.colcon_core.verb:set package 'batrobot_controller' build argument 'cmake_clean_cache' from command line to 'False'
[1.259s] Level 5:colcon.colcon_core.verb:set package 'batrobot_controller' build argument 'cmake_clean_first' from command line to 'False'
[1.259s] Level 5:colcon.colcon_core.verb:set package 'batrobot_controller' build argument 'cmake_force_configure' from command line to 'False'
[1.259s] Level 5:colcon.colcon_core.verb:set package 'batrobot_controller' build argument 'ament_cmake_args' from command line to 'None'
[1.259s] Level 5:colcon.colcon_core.verb:set package 'batrobot_controller' build argument 'catkin_cmake_args' from command line to 'None'
[1.260s] Level 5:colcon.colcon_core.verb:set package 'batrobot_controller' build argument 'catkin_skip_building_tests' from command line to 'False'
[1.260s] DEBUG:colcon.colcon_core.verb:Building package 'batrobot_controller' with the following arguments: {'ament_cmake_args': None, 'build_base': '/home/naveen/bat_robot/build/batrobot_controller', 'catkin_cmake_args': None, 'catkin_skip_building_tests': False, 'cmake_args': None, 'cmake_clean_cache': False, 'cmake_clean_first': False, 'cmake_force_configure': False, 'cmake_target': None, 'cmake_target_skip_unavailable': False, 'install_base': '/home/naveen/bat_robot/install/batrobot_controller', 'merge_install': False, 'path': '/home/naveen/bat_robot/src/batrobot_controller', 'symlink_install': False, 'test_result_base': None}
[1.261s] Level 5:colcon.colcon_core.verb:set package 'batrobot_moveit' build argument 'cmake_args' from command line to 'None'
[1.261s] Level 5:colcon.colcon_core.verb:set package 'batrobot_moveit' build argument 'cmake_target' from command line to 'None'
[1.261s] Level 5:colcon.colcon_core.verb:set package 'batrobot_moveit' build argument 'cmake_target_skip_unavailable' from command line to 'False'
[1.261s] Level 5:colcon.colcon_core.verb:set package 'batrobot_moveit' build argument 'cmake_clean_cache' from command line to 'False'
[1.261s] Level 5:colcon.colcon_core.verb:set package 'batrobot_moveit' build argument 'cmake_clean_first' from command line to 'False'
[1.261s] Level 5:colcon.colcon_core.verb:set package 'batrobot_moveit' build argument 'cmake_force_configure' from command line to 'False'
[1.261s] Level 5:colcon.colcon_core.verb:set package 'batrobot_moveit' build argument 'ament_cmake_args' from command line to 'None'
[1.261s] Level 5:colcon.colcon_core.verb:set package 'batrobot_moveit' build argument 'catkin_cmake_args' from command line to 'None'
[1.261s] Level 5:colcon.colcon_core.verb:set package 'batrobot_moveit' build argument 'catkin_skip_building_tests' from command line to 'False'
[1.261s] DEBUG:colcon.colcon_core.verb:Building package 'batrobot_moveit' with the following arguments: {'ament_cmake_args': None, 'build_base': '/home/naveen/bat_robot/build/batrobot_moveit', 'catkin_cmake_args': None, 'catkin_skip_building_tests': False, 'cmake_args': None, 'cmake_clean_cache': False, 'cmake_clean_first': False, 'cmake_force_configure': False, 'cmake_target': None, 'cmake_target_skip_unavailable': False, 'install_base': '/home/naveen/bat_robot/install/batrobot_moveit', 'merge_install': False, 'path': '/home/naveen/bat_robot/src/batrobot_moveit', 'symlink_install': False, 'test_result_base': None}
[1.262s] INFO:colcon.colcon_core.executor:Executing jobs using 'parallel' executor
[1.264s] DEBUG:colcon.colcon_parallel_executor.executor.parallel:run_until_complete
[1.265s] INFO:colcon.colcon_ros.task.ament_cmake.build:Building ROS package in '/home/naveen/bat_robot/src/batrobot_description' with build type 'ament_cmake'
[1.265s] INFO:colcon.colcon_cmake.task.cmake.build:Building CMake package in '/home/naveen/bat_robot/src/batrobot_description'
[1.271s] INFO:colcon.colcon_core.plugin_system:Skipping extension 'colcon_core.shell.bat': Not used on non-Windows systems
[1.271s] INFO:colcon.colcon_core.shell:Skip shell extension 'powershell' for command environment: Not usable outside of PowerShell
[1.271s] DEBUG:colcon.colcon_core.shell:Skip shell extension 'dsv' for command environment
[1.282s] INFO:colcon.colcon_ros.task.ament_cmake.build:Building ROS package in '/home/naveen/bat_robot/src/batrobot_firmware' with build type 'ament_cmake'
[1.282s] INFO:colcon.colcon_cmake.task.cmake.build:Building CMake package in '/home/naveen/bat_robot/src/batrobot_firmware'
[1.283s] INFO:colcon.colcon_core.shell:Skip shell extension 'powershell' for command environment: Not usable outside of PowerShell
[1.284s] DEBUG:colcon.colcon_core.shell:Skip shell extension 'dsv' for command environment
[1.317s] DEBUG:colcon.colcon_core.event_handler.log_command:Invoking command in '/home/naveen/bat_robot/build/batrobot_description': CMAKE_PREFIX_PATH=${CMAKE_PREFIX_PATH}:/home/naveen/roarm_ws_em0/install/ros2web_widgets:/home/naveen/roarm_ws_em0/install/ros2web_example_py:/home/naveen/roarm_ws_em0/install/roarm_web_app:/home/naveen/roarm_ws_em0/install/ros2web_app:/home/naveen/roarm_ws_em0/install/ros2web:/home/naveen/roarm_ws_em0/install/roarm_driver:/home/naveen/roarm_ws_em0/install/launch_api:/opt/ros/humble /usr/bin/cmake --build /home/naveen/bat_robot/build/batrobot_description -- -j2 -l2
[1.342s] DEBUG:colcon.colcon_core.event_handler.log_command:Invoking command in '/home/naveen/bat_robot/build/batrobot_firmware': CMAKE_PREFIX_PATH=${CMAKE_PREFIX_PATH}:/home/naveen/roarm_ws_em0/install/ros2web_widgets:/home/naveen/roarm_ws_em0/install/ros2web_example_py:/home/naveen/roarm_ws_em0/install/roarm_web_app:/home/naveen/roarm_ws_em0/install/ros2web_app:/home/naveen/roarm_ws_em0/install/ros2web:/home/naveen/roarm_ws_em0/install/roarm_driver:/home/naveen/roarm_ws_em0/install/launch_api:/opt/ros/humble /usr/bin/cmake --build /home/naveen/bat_robot/build/batrobot_firmware -- -j2 -l2
[1.451s] DEBUG:colcon.colcon_core.event_handler.log_command:Invoked command in '/home/naveen/bat_robot/build/batrobot_description' returned '0': CMAKE_PREFIX_PATH=${CMAKE_PREFIX_PATH}:/home/naveen/roarm_ws_em0/install/ros2web_widgets:/home/naveen/roarm_ws_em0/install/ros2web_example_py:/home/naveen/roarm_ws_em0/install/roarm_web_app:/home/naveen/roarm_ws_em0/install/ros2web_app:/home/naveen/roarm_ws_em0/install/ros2web:/home/naveen/roarm_ws_em0/install/roarm_driver:/home/naveen/roarm_ws_em0/install/launch_api:/opt/ros/humble /usr/bin/cmake --build /home/naveen/bat_robot/build/batrobot_description -- -j2 -l2
[1.486s] DEBUG:colcon.colcon_core.event_handler.log_command:Invoking command in '/home/naveen/bat_robot/build/batrobot_description': CMAKE_PREFIX_PATH=${CMAKE_PREFIX_PATH}:/home/naveen/roarm_ws_em0/install/ros2web_widgets:/home/naveen/roarm_ws_em0/install/ros2web_example_py:/home/naveen/roarm_ws_em0/install/roarm_web_app:/home/naveen/roarm_ws_em0/install/ros2web_app:/home/naveen/roarm_ws_em0/install/ros2web:/home/naveen/roarm_ws_em0/install/roarm_driver:/home/naveen/roarm_ws_em0/install/launch_api:/opt/ros/humble /usr/bin/cmake --install /home/naveen/bat_robot/build/batrobot_description
[1.580s] Level 1:colcon.colcon_core.environment:create_environment_scripts_only(batrobot_description)
[1.585s] DEBUG:colcon.colcon_core.event_handler.log_command:Invoked command in '/home/naveen/bat_robot/build/batrobot_description' returned '0': CMAKE_PREFIX_PATH=${CMAKE_PREFIX_PATH}:/home/naveen/roarm_ws_em0/install/ros2web_widgets:/home/naveen/roarm_ws_em0/install/ros2web_example_py:/home/naveen/roarm_ws_em0/install/roarm_web_app:/home/naveen/roarm_ws_em0/install/ros2web_app:/home/naveen/roarm_ws_em0/install/ros2web:/home/naveen/roarm_ws_em0/install/roarm_driver:/home/naveen/roarm_ws_em0/install/launch_api:/opt/ros/humble /usr/bin/cmake --install /home/naveen/bat_robot/build/batrobot_description
[1.607s] Level 1:colcon.colcon_core.environment:checking '/home/naveen/bat_robot/install/batrobot_description' for CMake module files
[1.612s] Level 1:colcon.colcon_core.environment:checking '/home/naveen/bat_robot/install/batrobot_description' for CMake config files
[1.612s] Level 1:colcon.colcon_core.shell:create_environment_hook('batrobot_description', 'cmake_prefix_path')
[1.615s] INFO:colcon.colcon_core.shell:Creating environment hook '/home/naveen/bat_robot/install/batrobot_description/share/batrobot_description/hook/cmake_prefix_path.ps1'
[1.620s] INFO:colcon.colcon_core.shell:Creating environment descriptor '/home/naveen/bat_robot/install/batrobot_description/share/batrobot_description/hook/cmake_prefix_path.dsv'
[1.623s] INFO:colcon.colcon_core.shell:Creating environment hook '/home/naveen/bat_robot/install/batrobot_description/share/batrobot_description/hook/cmake_prefix_path.sh'
[1.627s] Level 1:colcon.colcon_core.environment:checking '/home/naveen/bat_robot/install/batrobot_description/bin'
[1.628s] Level 1:colcon.colcon_core.environment:checking '/home/naveen/bat_robot/install/batrobot_description/lib/pkgconfig/batrobot_description.pc'
[1.629s] Level 1:colcon.colcon_core.environment:checking '/home/naveen/bat_robot/install/batrobot_description/lib/python3.10/site-packages'
[1.632s] Level 1:colcon.colcon_core.environment:checking '/home/naveen/bat_robot/install/batrobot_description/bin'
[1.634s] INFO:colcon.colcon_core.shell:Creating package script '/home/naveen/bat_robot/install/batrobot_description/share/batrobot_description/package.ps1'
[1.638s] INFO:colcon.colcon_core.shell:Creating package descriptor '/home/naveen/bat_robot/install/batrobot_description/share/batrobot_description/package.dsv'
[1.643s] INFO:colcon.colcon_core.shell:Creating package script '/home/naveen/bat_robot/install/batrobot_description/share/batrobot_description/package.sh'
[1.648s] INFO:colcon.colcon_core.shell:Creating package script '/home/naveen/bat_robot/install/batrobot_description/share/batrobot_description/package.bash'
[1.652s] INFO:colcon.colcon_core.shell:Creating package script '/home/naveen/bat_robot/install/batrobot_description/share/batrobot_description/package.zsh'
[1.656s] Level 1:colcon.colcon_core.environment:create_file_with_runtime_dependencies(/home/naveen/bat_robot/install/batrobot_description/share/colcon-core/packages/batrobot_description)
[1.658s] Level 1:colcon.colcon_core.environment:create_environment_scripts_only(batrobot_description)
[1.660s] Level 1:colcon.colcon_core.environment:checking '/home/naveen/bat_robot/install/batrobot_description' for CMake module files
[1.662s] Level 1:colcon.colcon_core.environment:checking '/home/naveen/bat_robot/install/batrobot_description' for CMake config files
[1.662s] Level 1:colcon.colcon_core.shell:create_environment_hook('batrobot_description', 'cmake_prefix_path')
[1.663s] INFO:colcon.colcon_core.shell:Creating environment hook '/home/naveen/bat_robot/install/batrobot_description/share/batrobot_description/hook/cmake_prefix_path.ps1'
[1.667s] INFO:colcon.colcon_core.shell:Creating environment descriptor '/home/naveen/bat_robot/install/batrobot_description/share/batrobot_description/hook/cmake_prefix_path.dsv'
[1.669s] INFO:colcon.colcon_core.shell:Creating environment hook '/home/naveen/bat_robot/install/batrobot_description/share/batrobot_description/hook/cmake_prefix_path.sh'
[1.673s] Level 1:colcon.colcon_core.environment:checking '/home/naveen/bat_robot/install/batrobot_description/bin'
[1.673s] Level 1:colcon.colcon_core.environment:checking '/home/naveen/bat_robot/install/batrobot_description/lib/pkgconfig/batrobot_description.pc'
[1.674s] Level 1:colcon.colcon_core.environment:checking '/home/naveen/bat_robot/install/batrobot_description/lib/python3.10/site-packages'
[1.677s] Level 1:colcon.colcon_core.environment:checking '/home/naveen/bat_robot/install/batrobot_description/bin'
[1.680s] INFO:colcon.colcon_core.shell:Creating package script '/home/naveen/bat_robot/install/batrobot_description/share/batrobot_description/package.ps1'
[1.686s] INFO:colcon.colcon_core.shell:Creating package descriptor '/home/naveen/bat_robot/install/batrobot_description/share/batrobot_description/package.dsv'
[1.697s] INFO:colcon.colcon_core.shell:Creating package script '/home/naveen/bat_robot/install/batrobot_description/share/batrobot_description/package.sh'
[1.704s] INFO:colcon.colcon_core.shell:Creating package script '/home/naveen/bat_robot/install/batrobot_description/share/batrobot_description/package.bash'
[1.715s] INFO:colcon.colcon_core.shell:Creating package script '/home/naveen/bat_robot/install/batrobot_description/share/batrobot_description/package.zsh'
[1.723s] Level 1:colcon.colcon_core.environment:create_file_with_runtime_dependencies(/home/naveen/bat_robot/install/batrobot_description/share/colcon-core/packages/batrobot_description)
[1.726s] INFO:colcon.colcon_ros.task.ament_cmake.build:Building ROS package in '/home/naveen/bat_robot/src/batrobot_controller' with build type 'ament_cmake'
[1.727s] INFO:colcon.colcon_cmake.task.cmake.build:Building CMake package in '/home/naveen/bat_robot/src/batrobot_controller'
[1.728s] INFO:colcon.colcon_core.shell:Skip shell extension 'powershell' for command environment: Not usable outside of PowerShell
[1.732s] DEBUG:colcon.colcon_core.shell:Skip shell extension 'dsv' for command environment
[1.790s] DEBUG:colcon.colcon_core.event_handler.log_command:Invoking command in '/home/naveen/bat_robot/build/batrobot_controller': AMENT_PREFIX_PATH=/home/naveen/bat_robot/install/batrobot_description:${AMENT_PREFIX_PATH} CMAKE_PREFIX_PATH=/home/naveen/bat_robot/install/batrobot_description:/home/naveen/roarm_ws_em0/install/ros2web_interfaces:/home/naveen/roarm_ws_em0/install/roarm_msgs:/home/naveen/roarm_ws_em0/install/roarm_moveit_ikfast_plugins:/home/naveen/roarm_ws_em0/install/roarm_moveit_cmd:/home/naveen/roarm_ws_em0/install/roarm_moveit:/home/naveen/roarm_ws_em0/install/roarm_description:/home/naveen/roarm_ws_em0/install/moveit_servo:/home/naveen/roarm_ws_em0/install/alexa_integration:/home/naveen/roarm_ws_em0/install/ros2web_widgets:/home/naveen/roarm_ws_em0/install/ros2web_example_py:/home/naveen/roarm_ws_em0/install/roarm_web_app:/home/naveen/roarm_ws_em0/install/ros2web_app:/home/naveen/roarm_ws_em0/install/ros2web:/home/naveen/roarm_ws_em0/install/roarm_driver:/home/naveen/roarm_ws_em0/install/launch_api:/opt/ros/humble /usr/bin/cmake --build /home/naveen/bat_robot/build/batrobot_controller -- -j2 -l2
[1.911s] DEBUG:colcon.colcon_core.event_handler.log_command:Invoked command in '/home/naveen/bat_robot/build/batrobot_controller' returned '0': AMENT_PREFIX_PATH=/home/naveen/bat_robot/install/batrobot_description:${AMENT_PREFIX_PATH} CMAKE_PREFIX_PATH=/home/naveen/bat_robot/install/batrobot_description:/home/naveen/roarm_ws_em0/install/ros2web_interfaces:/home/naveen/roarm_ws_em0/install/roarm_msgs:/home/naveen/roarm_ws_em0/install/roarm_moveit_ikfast_plugins:/home/naveen/roarm_ws_em0/install/roarm_moveit_cmd:/home/naveen/roarm_ws_em0/install/roarm_moveit:/home/naveen/roarm_ws_em0/install/roarm_description:/home/naveen/roarm_ws_em0/install/moveit_servo:/home/naveen/roarm_ws_em0/install/alexa_integration:/home/naveen/roarm_ws_em0/install/ros2web_widgets:/home/naveen/roarm_ws_em0/install/ros2web_example_py:/home/naveen/roarm_ws_em0/install/roarm_web_app:/home/naveen/roarm_ws_em0/install/ros2web_app:/home/naveen/roarm_ws_em0/install/ros2web:/home/naveen/roarm_ws_em0/install/roarm_driver:/home/naveen/roarm_ws_em0/install/launch_api:/opt/ros/humble /usr/bin/cmake --build /home/naveen/bat_robot/build/batrobot_controller -- -j2 -l2
[1.916s] DEBUG:colcon.colcon_core.event_handler.log_command:Invoking command in '/home/naveen/bat_robot/build/batrobot_controller': AMENT_PREFIX_PATH=/home/naveen/bat_robot/install/batrobot_description:${AMENT_PREFIX_PATH} CMAKE_PREFIX_PATH=/home/naveen/bat_robot/install/batrobot_description:/home/naveen/roarm_ws_em0/install/ros2web_interfaces:/home/naveen/roarm_ws_em0/install/roarm_msgs:/home/naveen/roarm_ws_em0/install/roarm_moveit_ikfast_plugins:/home/naveen/roarm_ws_em0/install/roarm_moveit_cmd:/home/naveen/roarm_ws_em0/install/roarm_moveit:/home/naveen/roarm_ws_em0/install/roarm_description:/home/naveen/roarm_ws_em0/install/moveit_servo:/home/naveen/roarm_ws_em0/install/alexa_integration:/home/naveen/roarm_ws_em0/install/ros2web_widgets:/home/naveen/roarm_ws_em0/install/ros2web_example_py:/home/naveen/roarm_ws_em0/install/roarm_web_app:/home/naveen/roarm_ws_em0/install/ros2web_app:/home/naveen/roarm_ws_em0/install/ros2web:/home/naveen/roarm_ws_em0/install/roarm_driver:/home/naveen/roarm_ws_em0/install/launch_api:/opt/ros/humble /usr/bin/cmake --install /home/naveen/bat_robot/build/batrobot_controller
[1.970s] Level 1:colcon.colcon_core.environment:create_environment_scripts_only(batrobot_controller)
[1.971s] DEBUG:colcon.colcon_core.event_handler.log_command:Invoked command in '/home/naveen/bat_robot/build/batrobot_controller' returned '0': AMENT_PREFIX_PATH=/home/naveen/bat_robot/install/batrobot_description:${AMENT_PREFIX_PATH} CMAKE_PREFIX_PATH=/home/naveen/bat_robot/install/batrobot_description:/home/naveen/roarm_ws_em0/install/ros2web_interfaces:/home/naveen/roarm_ws_em0/install/roarm_msgs:/home/naveen/roarm_ws_em0/install/roarm_moveit_ikfast_plugins:/home/naveen/roarm_ws_em0/install/roarm_moveit_cmd:/home/naveen/roarm_ws_em0/install/roarm_moveit:/home/naveen/roarm_ws_em0/install/roarm_description:/home/naveen/roarm_ws_em0/install/moveit_servo:/home/naveen/roarm_ws_em0/install/alexa_integration:/home/naveen/roarm_ws_em0/install/ros2web_widgets:/home/naveen/roarm_ws_em0/install/ros2web_example_py:/home/naveen/roarm_ws_em0/install/roarm_web_app:/home/naveen/roarm_ws_em0/install/ros2web_app:/home/naveen/roarm_ws_em0/install/ros2web:/home/naveen/roarm_ws_em0/install/roarm_driver:/home/naveen/roarm_ws_em0/install/launch_api:/opt/ros/humble /usr/bin/cmake --install /home/naveen/bat_robot/build/batrobot_controller
[1.974s] Level 1:colcon.colcon_core.environment:checking '/home/naveen/bat_robot/install/batrobot_controller' for CMake module files
[1.981s] Level 1:colcon.colcon_core.environment:checking '/home/naveen/bat_robot/install/batrobot_controller' for CMake config files
[1.982s] Level 1:colcon.colcon_core.shell:create_environment_hook('batrobot_controller', 'cmake_prefix_path')
[1.985s] INFO:colcon.colcon_core.shell:Creating environment hook '/home/naveen/bat_robot/install/batrobot_controller/share/batrobot_controller/hook/cmake_prefix_path.ps1'
[1.986s] INFO:colcon.colcon_core.shell:Creating environment descriptor '/home/naveen/bat_robot/install/batrobot_controller/share/batrobot_controller/hook/cmake_prefix_path.dsv'
[1.992s] INFO:colcon.colcon_core.shell:Creating environment hook '/home/naveen/bat_robot/install/batrobot_controller/share/batrobot_controller/hook/cmake_prefix_path.sh'
[1.998s] Level 1:colcon.colcon_core.environment:checking '/home/naveen/bat_robot/install/batrobot_controller/bin'
[2.000s] Level 1:colcon.colcon_core.environment:checking '/home/naveen/bat_robot/install/batrobot_controller/lib/pkgconfig/batrobot_controller.pc'
[2.003s] Level 1:colcon.colcon_core.environment:checking '/home/naveen/bat_robot/install/batrobot_controller/lib/python3.10/site-packages'
[2.004s] Level 1:colcon.colcon_core.environment:checking '/home/naveen/bat_robot/install/batrobot_controller/bin'
[2.009s] INFO:colcon.colcon_core.shell:Creating package script '/home/naveen/bat_robot/install/batrobot_controller/share/batrobot_controller/package.ps1'
[2.010s] INFO:colcon.colcon_core.shell:Creating package descriptor '/home/naveen/bat_robot/install/batrobot_controller/share/batrobot_controller/package.dsv'
[2.016s] INFO:colcon.colcon_core.shell:Creating package script '/home/naveen/bat_robot/install/batrobot_controller/share/batrobot_controller/package.sh'
[2.021s] INFO:colcon.colcon_core.shell:Creating package script '/home/naveen/bat_robot/install/batrobot_controller/share/batrobot_controller/package.bash'
[2.026s] INFO:colcon.colcon_core.shell:Creating package script '/home/naveen/bat_robot/install/batrobot_controller/share/batrobot_controller/package.zsh'
[2.028s] Level 1:colcon.colcon_core.environment:create_file_with_runtime_dependencies(/home/naveen/bat_robot/install/batrobot_controller/share/colcon-core/packages/batrobot_controller)
[2.033s] Level 1:colcon.colcon_core.environment:create_environment_scripts_only(batrobot_controller)
[2.034s] Level 1:colcon.colcon_core.environment:checking '/home/naveen/bat_robot/install/batrobot_controller' for CMake module files
[2.036s] Level 1:colcon.colcon_core.environment:checking '/home/naveen/bat_robot/install/batrobot_controller' for CMake config files
[2.037s] Level 1:colcon.colcon_core.shell:create_environment_hook('batrobot_controller', 'cmake_prefix_path')
[2.038s] INFO:colcon.colcon_core.shell:Creating environment hook '/home/naveen/bat_robot/install/batrobot_controller/share/batrobot_controller/hook/cmake_prefix_path.ps1'
[2.040s] INFO:colcon.colcon_core.shell:Creating environment descriptor '/home/naveen/bat_robot/install/batrobot_controller/share/batrobot_controller/hook/cmake_prefix_path.dsv'
[2.042s] INFO:colcon.colcon_core.shell:Creating environment hook '/home/naveen/bat_robot/install/batrobot_controller/share/batrobot_controller/hook/cmake_prefix_path.sh'
[2.045s] Level 1:colcon.colcon_core.environment:checking '/home/naveen/bat_robot/install/batrobot_controller/bin'
[2.046s] Level 1:colcon.colcon_core.environment:checking '/home/naveen/bat_robot/install/batrobot_controller/lib/pkgconfig/batrobot_controller.pc'
[2.047s] Level 1:colcon.colcon_core.environment:checking '/home/naveen/bat_robot/install/batrobot_controller/lib/python3.10/site-packages'
[2.048s] Level 1:colcon.colcon_core.environment:checking '/home/naveen/bat_robot/install/batrobot_controller/bin'
[2.050s] INFO:colcon.colcon_core.shell:Creating package script '/home/naveen/bat_robot/install/batrobot_controller/share/batrobot_controller/package.ps1'
[2.052s] INFO:colcon.colcon_core.shell:Creating package descriptor '/home/naveen/bat_robot/install/batrobot_controller/share/batrobot_controller/package.dsv'
[2.055s] INFO:colcon.colcon_core.shell:Creating package script '/home/naveen/bat_robot/install/batrobot_controller/share/batrobot_controller/package.sh'
[2.057s] INFO:colcon.colcon_core.shell:Creating package script '/home/naveen/bat_robot/install/batrobot_controller/share/batrobot_controller/package.bash'
[2.060s] INFO:colcon.colcon_core.shell:Creating package script '/home/naveen/bat_robot/install/batrobot_controller/share/batrobot_controller/package.zsh'
[2.063s] Level 1:colcon.colcon_core.environment:create_file_with_runtime_dependencies(/home/naveen/bat_robot/install/batrobot_controller/share/colcon-core/packages/batrobot_controller)
[2.065s] INFO:colcon.colcon_ros.task.ament_cmake.build:Building ROS package in '/home/naveen/bat_robot/src/batrobot_moveit' with build type 'ament_cmake'
[2.065s] INFO:colcon.colcon_cmake.task.cmake.build:Building CMake package in '/home/naveen/bat_robot/src/batrobot_moveit'
[2.066s] INFO:colcon.colcon_core.shell:Skip shell extension 'powershell' for command environment: Not usable outside of PowerShell
[2.066s] DEBUG:colcon.colcon_core.shell:Skip shell extension 'dsv' for command environment
[2.107s] DEBUG:colcon.colcon_core.event_handler.log_command:Invoking command in '/home/naveen/bat_robot/build/batrobot_moveit': AMENT_PREFIX_PATH=/home/naveen/bat_robot/install/batrobot_description:${AMENT_PREFIX_PATH} CMAKE_PREFIX_PATH=/home/naveen/bat_robot/install/batrobot_description:/home/naveen/roarm_ws_em0/install/ros2web_interfaces:/home/naveen/roarm_ws_em0/install/roarm_msgs:/home/naveen/roarm_ws_em0/install/roarm_moveit_ikfast_plugins:/home/naveen/roarm_ws_em0/install/roarm_moveit_cmd:/home/naveen/roarm_ws_em0/install/roarm_moveit:/home/naveen/roarm_ws_em0/install/roarm_description:/home/naveen/roarm_ws_em0/install/moveit_servo:/home/naveen/roarm_ws_em0/install/alexa_integration:/home/naveen/roarm_ws_em0/install/ros2web_widgets:/home/naveen/roarm_ws_em0/install/ros2web_example_py:/home/naveen/roarm_ws_em0/install/roarm_web_app:/home/naveen/roarm_ws_em0/install/ros2web_app:/home/naveen/roarm_ws_em0/install/ros2web:/home/naveen/roarm_ws_em0/install/roarm_driver:/home/naveen/roarm_ws_em0/install/launch_api:/opt/ros/humble /usr/bin/cmake --build /home/naveen/bat_robot/build/batrobot_moveit -- -j2 -l2
[2.215s] DEBUG:colcon.colcon_core.event_handler.log_command:Invoked command in '/home/naveen/bat_robot/build/batrobot_moveit' returned '0': AMENT_PREFIX_PATH=/home/naveen/bat_robot/install/batrobot_description:${AMENT_PREFIX_PATH} CMAKE_PREFIX_PATH=/home/naveen/bat_robot/install/batrobot_description:/home/naveen/roarm_ws_em0/install/ros2web_interfaces:/home/naveen/roarm_ws_em0/install/roarm_msgs:/home/naveen/roarm_ws_em0/install/roarm_moveit_ikfast_plugins:/home/naveen/roarm_ws_em0/install/roarm_moveit_cmd:/home/naveen/roarm_ws_em0/install/roarm_moveit:/home/naveen/roarm_ws_em0/install/roarm_description:/home/naveen/roarm_ws_em0/install/moveit_servo:/home/naveen/roarm_ws_em0/install/alexa_integration:/home/naveen/roarm_ws_em0/install/ros2web_widgets:/home/naveen/roarm_ws_em0/install/ros2web_example_py:/home/naveen/roarm_ws_em0/install/roarm_web_app:/home/naveen/roarm_ws_em0/install/ros2web_app:/home/naveen/roarm_ws_em0/install/ros2web:/home/naveen/roarm_ws_em0/install/roarm_driver:/home/naveen/roarm_ws_em0/install/launch_api:/opt/ros/humble /usr/bin/cmake --build /home/naveen/bat_robot/build/batrobot_moveit -- -j2 -l2
[2.222s] DEBUG:colcon.colcon_core.event_handler.log_command:Invoking command in '/home/naveen/bat_robot/build/batrobot_moveit': AMENT_PREFIX_PATH=/home/naveen/bat_robot/install/batrobot_description:${AMENT_PREFIX_PATH} CMAKE_PREFIX_PATH=/home/naveen/bat_robot/install/batrobot_description:/home/naveen/roarm_ws_em0/install/ros2web_interfaces:/home/naveen/roarm_ws_em0/install/roarm_msgs:/home/naveen/roarm_ws_em0/install/roarm_moveit_ikfast_plugins:/home/naveen/roarm_ws_em0/install/roarm_moveit_cmd:/home/naveen/roarm_ws_em0/install/roarm_moveit:/home/naveen/roarm_ws_em0/install/roarm_description:/home/naveen/roarm_ws_em0/install/moveit_servo:/home/naveen/roarm_ws_em0/install/alexa_integration:/home/naveen/roarm_ws_em0/install/ros2web_widgets:/home/naveen/roarm_ws_em0/install/ros2web_example_py:/home/naveen/roarm_ws_em0/install/roarm_web_app:/home/naveen/roarm_ws_em0/install/ros2web_app:/home/naveen/roarm_ws_em0/install/ros2web:/home/naveen/roarm_ws_em0/install/roarm_driver:/home/naveen/roarm_ws_em0/install/launch_api:/opt/ros/humble /usr/bin/cmake --install /home/naveen/bat_robot/build/batrobot_moveit
[2.279s] Level 1:colcon.colcon_core.environment:create_environment_scripts_only(batrobot_moveit)
[2.280s] Level 1:colcon.colcon_core.environment:checking '/home/naveen/bat_robot/install/batrobot_moveit' for CMake module files
[2.286s] Level 1:colcon.colcon_core.environment:checking '/home/naveen/bat_robot/install/batrobot_moveit' for CMake config files
[2.290s] DEBUG:colcon.colcon_core.event_handler.log_command:Invoked command in '/home/naveen/bat_robot/build/batrobot_moveit' returned '0': AMENT_PREFIX_PATH=/home/naveen/bat_robot/install/batrobot_description:${AMENT_PREFIX_PATH} CMAKE_PREFIX_PATH=/home/naveen/bat_robot/install/batrobot_description:/home/naveen/roarm_ws_em0/install/ros2web_interfaces:/home/naveen/roarm_ws_em0/install/roarm_msgs:/home/naveen/roarm_ws_em0/install/roarm_moveit_ikfast_plugins:/home/naveen/roarm_ws_em0/install/roarm_moveit_cmd:/home/naveen/roarm_ws_em0/install/roarm_moveit:/home/naveen/roarm_ws_em0/install/roarm_description:/home/naveen/roarm_ws_em0/install/moveit_servo:/home/naveen/roarm_ws_em0/install/alexa_integration:/home/naveen/roarm_ws_em0/install/ros2web_widgets:/home/naveen/roarm_ws_em0/install/ros2web_example_py:/home/naveen/roarm_ws_em0/install/roarm_web_app:/home/naveen/roarm_ws_em0/install/ros2web_app:/home/naveen/roarm_ws_em0/install/ros2web:/home/naveen/roarm_ws_em0/install/roarm_driver:/home/naveen/roarm_ws_em0/install/launch_api:/opt/ros/humble /usr/bin/cmake --install /home/naveen/bat_robot/build/batrobot_moveit
[2.293s] Level 1:colcon.colcon_core.shell:create_environment_hook('batrobot_moveit', 'cmake_prefix_path')
[2.294s] INFO:colcon.colcon_core.shell:Creating environment hook '/home/naveen/bat_robot/install/batrobot_moveit/share/batrobot_moveit/hook/cmake_prefix_path.ps1'
[2.297s] INFO:colcon.colcon_core.shell:Creating environment descriptor '/home/naveen/bat_robot/install/batrobot_moveit/share/batrobot_moveit/hook/cmake_prefix_path.dsv'
[2.301s] INFO:colcon.colcon_core.shell:Creating environment hook '/home/naveen/bat_robot/install/batrobot_moveit/share/batrobot_moveit/hook/cmake_prefix_path.sh'
[2.305s] Level 1:colcon.colcon_core.environment:checking '/home/naveen/bat_robot/install/batrobot_moveit/bin'
[2.305s] Level 1:colcon.colcon_core.environment:checking '/home/naveen/bat_robot/install/batrobot_moveit/lib/pkgconfig/batrobot_moveit.pc'
[2.306s] Level 1:colcon.colcon_core.environment:checking '/home/naveen/bat_robot/install/batrobot_moveit/lib/python3.10/site-packages'
[2.309s] Level 1:colcon.colcon_core.environment:checking '/home/naveen/bat_robot/install/batrobot_moveit/bin'
[2.313s] INFO:colcon.colcon_core.shell:Creating package script '/home/naveen/bat_robot/install/batrobot_moveit/share/batrobot_moveit/package.ps1'
[2.317s] INFO:colcon.colcon_core.shell:Creating package descriptor '/home/naveen/bat_robot/install/batrobot_moveit/share/batrobot_moveit/package.dsv'
[2.318s] INFO:colcon.colcon_core.shell:Creating package script '/home/naveen/bat_robot/install/batrobot_moveit/share/batrobot_moveit/package.sh'
[2.322s] INFO:colcon.colcon_core.shell:Creating package script '/home/naveen/bat_robot/install/batrobot_moveit/share/batrobot_moveit/package.bash'
[2.328s] INFO:colcon.colcon_core.shell:Creating package script '/home/naveen/bat_robot/install/batrobot_moveit/share/batrobot_moveit/package.zsh'
[2.334s] Level 1:colcon.colcon_core.environment:create_file_with_runtime_dependencies(/home/naveen/bat_robot/install/batrobot_moveit/share/colcon-core/packages/batrobot_moveit)
[2.336s] Level 1:colcon.colcon_core.environment:create_environment_scripts_only(batrobot_moveit)
[2.339s] Level 1:colcon.colcon_core.environment:checking '/home/naveen/bat_robot/install/batrobot_moveit' for CMake module files
[2.342s] Level 1:colcon.colcon_core.environment:checking '/home/naveen/bat_robot/install/batrobot_moveit' for CMake config files
[2.343s] Level 1:colcon.colcon_core.shell:create_environment_hook('batrobot_moveit', 'cmake_prefix_path')
[2.344s] INFO:colcon.colcon_core.shell:Creating environment hook '/home/naveen/bat_robot/install/batrobot_moveit/share/batrobot_moveit/hook/cmake_prefix_path.ps1'
[2.347s] INFO:colcon.colcon_core.shell:Creating environment descriptor '/home/naveen/bat_robot/install/batrobot_moveit/share/batrobot_moveit/hook/cmake_prefix_path.dsv'
[2.350s] INFO:colcon.colcon_core.shell:Creating environment hook '/home/naveen/bat_robot/install/batrobot_moveit/share/batrobot_moveit/hook/cmake_prefix_path.sh'
[2.353s] Level 1:colcon.colcon_core.environment:checking '/home/naveen/bat_robot/install/batrobot_moveit/bin'
[2.353s] Level 1:colcon.colcon_core.environment:checking '/home/naveen/bat_robot/install/batrobot_moveit/lib/pkgconfig/batrobot_moveit.pc'
[2.354s] Level 1:colcon.colcon_core.environment:checking '/home/naveen/bat_robot/install/batrobot_moveit/lib/python3.10/site-packages'
[2.356s] Level 1:colcon.colcon_core.environment:checking '/home/naveen/bat_robot/install/batrobot_moveit/bin'
[2.357s] INFO:colcon.colcon_core.shell:Creating package script '/home/naveen/bat_robot/install/batrobot_moveit/share/batrobot_moveit/package.ps1'
[2.359s] INFO:colcon.colcon_core.shell:Creating package descriptor '/home/naveen/bat_robot/install/batrobot_moveit/share/batrobot_moveit/package.dsv'
[2.363s] INFO:colcon.colcon_core.shell:Creating package script '/home/naveen/bat_robot/install/batrobot_moveit/share/batrobot_moveit/package.sh'
[2.365s] INFO:colcon.colcon_core.shell:Creating package script '/home/naveen/bat_robot/install/batrobot_moveit/share/batrobot_moveit/package.bash'
[2.368s] INFO:colcon.colcon_core.shell:Creating package script '/home/naveen/bat_robot/install/batrobot_moveit/share/batrobot_moveit/package.zsh'
[2.370s] Level 1:colcon.colcon_core.environment:create_file_with_runtime_dependencies(/home/naveen/bat_robot/install/batrobot_moveit/share/colcon-core/packages/batrobot_moveit)
[2.982s] DEBUG:colcon.colcon_core.event_handler.log_command:Invoked command in '/home/naveen/bat_robot/build/batrobot_firmware' returned '0': CMAKE_PREFIX_PATH=${CMAKE_PREFIX_PATH}:/home/naveen/roarm_ws_em0/install/ros2web_widgets:/home/naveen/roarm_ws_em0/install/ros2web_example_py:/home/naveen/roarm_ws_em0/install/roarm_web_app:/home/naveen/roarm_ws_em0/install/ros2web_app:/home/naveen/roarm_ws_em0/install/ros2web:/home/naveen/roarm_ws_em0/install/roarm_driver:/home/naveen/roarm_ws_em0/install/launch_api:/opt/ros/humble /usr/bin/cmake --build /home/naveen/bat_robot/build/batrobot_firmware -- -j2 -l2
[2.988s] DEBUG:colcon.colcon_core.event_handler.log_command:Invoking command in '/home/naveen/bat_robot/build/batrobot_firmware': CMAKE_PREFIX_PATH=${CMAKE_PREFIX_PATH}:/home/naveen/roarm_ws_em0/install/ros2web_widgets:/home/naveen/roarm_ws_em0/install/ros2web_example_py:/home/naveen/roarm_ws_em0/install/roarm_web_app:/home/naveen/roarm_ws_em0/install/ros2web_app:/home/naveen/roarm_ws_em0/install/ros2web:/home/naveen/roarm_ws_em0/install/roarm_driver:/home/naveen/roarm_ws_em0/install/launch_api:/opt/ros/humble /usr/bin/cmake --install /home/naveen/bat_robot/build/batrobot_firmware
[3.157s] Level 1:colcon.colcon_core.environment:create_environment_scripts_only(batrobot_firmware)
[3.159s] Level 1:colcon.colcon_core.environment:checking '/home/naveen/bat_robot/install/batrobot_firmware' for CMake module files
[3.158s] DEBUG:colcon.colcon_core.event_handler.log_command:Invoked command in '/home/naveen/bat_robot/build/batrobot_firmware' returned '0': CMAKE_PREFIX_PATH=${CMAKE_PREFIX_PATH}:/home/naveen/roarm_ws_em0/install/ros2web_widgets:/home/naveen/roarm_ws_em0/install/ros2web_example_py:/home/naveen/roarm_ws_em0/install/roarm_web_app:/home/naveen/roarm_ws_em0/install/ros2web_app:/home/naveen/roarm_ws_em0/install/ros2web:/home/naveen/roarm_ws_em0/install/roarm_driver:/home/naveen/roarm_ws_em0/install/launch_api:/opt/ros/humble /usr/bin/cmake --install /home/naveen/bat_robot/build/batrobot_firmware
[3.161s] Level 1:colcon.colcon_core.environment:checking '/home/naveen/bat_robot/install/batrobot_firmware' for CMake config files
[3.161s] Level 1:colcon.colcon_core.shell:create_environment_hook('batrobot_firmware', 'cmake_prefix_path')
[3.162s] INFO:colcon.colcon_core.shell:Creating environment hook '/home/naveen/bat_robot/install/batrobot_firmware/share/batrobot_firmware/hook/cmake_prefix_path.ps1'
[3.163s] INFO:colcon.colcon_core.shell:Creating environment descriptor '/home/naveen/bat_robot/install/batrobot_firmware/share/batrobot_firmware/hook/cmake_prefix_path.dsv'
[3.165s] INFO:colcon.colcon_core.shell:Creating environment hook '/home/naveen/bat_robot/install/batrobot_firmware/share/batrobot_firmware/hook/cmake_prefix_path.sh'
[3.166s] Level 1:colcon.colcon_core.environment:checking '/home/naveen/bat_robot/install/batrobot_firmware/lib'
[3.167s] Level 1:colcon.colcon_core.environment:checking '/home/naveen/bat_robot/install/batrobot_firmware/bin'
[3.167s] Level 1:colcon.colcon_core.environment:checking '/home/naveen/bat_robot/install/batrobot_firmware/lib/pkgconfig/batrobot_firmware.pc'
[3.168s] Level 1:colcon.colcon_core.environment:checking '/home/naveen/bat_robot/install/batrobot_firmware/lib/python3.10/site-packages'
[3.169s] Level 1:colcon.colcon_core.environment:checking '/home/naveen/bat_robot/install/batrobot_firmware/bin'
[3.170s] INFO:colcon.colcon_core.shell:Creating package script '/home/naveen/bat_robot/install/batrobot_firmware/share/batrobot_firmware/package.ps1'
[3.171s] INFO:colcon.colcon_core.shell:Creating package descriptor '/home/naveen/bat_robot/install/batrobot_firmware/share/batrobot_firmware/package.dsv'
[3.173s] INFO:colcon.colcon_core.shell:Creating package script '/home/naveen/bat_robot/install/batrobot_firmware/share/batrobot_firmware/package.sh'
[3.174s] INFO:colcon.colcon_core.shell:Creating package script '/home/naveen/bat_robot/install/batrobot_firmware/share/batrobot_firmware/package.bash'
[3.176s] INFO:colcon.colcon_core.shell:Creating package script '/home/naveen/bat_robot/install/batrobot_firmware/share/batrobot_firmware/package.zsh'
[3.177s] Level 1:colcon.colcon_core.environment:create_file_with_runtime_dependencies(/home/naveen/bat_robot/install/batrobot_firmware/share/colcon-core/packages/batrobot_firmware)
[3.179s] Level 1:colcon.colcon_core.environment:create_environment_scripts_only(batrobot_firmware)
[3.179s] Level 1:colcon.colcon_core.environment:checking '/home/naveen/bat_robot/install/batrobot_firmware' for CMake module files
[3.181s] Level 1:colcon.colcon_core.environment:checking '/home/naveen/bat_robot/install/batrobot_firmware' for CMake config files
[3.181s] Level 1:colcon.colcon_core.shell:create_environment_hook('batrobot_firmware', 'cmake_prefix_path')
[3.182s] INFO:colcon.colcon_core.shell:Creating environment hook '/home/naveen/bat_robot/install/batrobot_firmware/share/batrobot_firmware/hook/cmake_prefix_path.ps1'
[3.184s] INFO:colcon.colcon_core.shell:Creating environment descriptor '/home/naveen/bat_robot/install/batrobot_firmware/share/batrobot_firmware/hook/cmake_prefix_path.dsv'
[3.185s] INFO:colcon.colcon_core.shell:Creating environment hook '/home/naveen/bat_robot/install/batrobot_firmware/share/batrobot_firmware/hook/cmake_prefix_path.sh'
[3.187s] Level 1:colcon.colcon_core.environment:checking '/home/naveen/bat_robot/install/batrobot_firmware/lib'
[3.187s] Level 1:colcon.colcon_core.environment:checking '/home/naveen/bat_robot/install/batrobot_firmware/bin'
[3.187s] Level 1:colcon.colcon_core.environment:checking '/home/naveen/bat_robot/install/batrobot_firmware/lib/pkgconfig/batrobot_firmware.pc'
[3.188s] Level 1:colcon.colcon_core.environment:checking '/home/naveen/bat_robot/install/batrobot_firmware/lib/python3.10/site-packages'
[3.188s] Level 1:colcon.colcon_core.environment:checking '/home/naveen/bat_robot/install/batrobot_firmware/bin'
[3.189s] INFO:colcon.colcon_core.shell:Creating package script '/home/naveen/bat_robot/install/batrobot_firmware/share/batrobot_firmware/package.ps1'
[3.191s] INFO:colcon.colcon_core.shell:Creating package descriptor '/home/naveen/bat_robot/install/batrobot_firmware/share/batrobot_firmware/package.dsv'
[3.193s] INFO:colcon.colcon_core.shell:Creating package script '/home/naveen/bat_robot/install/batrobot_firmware/share/batrobot_firmware/package.sh'
[3.195s] INFO:colcon.colcon_core.shell:Creating package script '/home/naveen/bat_robot/install/batrobot_firmware/share/batrobot_firmware/package.bash'
[3.196s] INFO:colcon.colcon_core.shell:Creating package script '/home/naveen/bat_robot/install/batrobot_firmware/share/batrobot_firmware/package.zsh'
[3.197s] Level 1:colcon.colcon_core.environment:create_file_with_runtime_dependencies(/home/naveen/bat_robot/install/batrobot_firmware/share/colcon-core/packages/batrobot_firmware)
[3.199s] DEBUG:colcon.colcon_parallel_executor.executor.parallel:closing loop
[3.199s] DEBUG:colcon.colcon_parallel_executor.executor.parallel:loop closed
[3.199s] DEBUG:colcon.colcon_parallel_executor.executor.parallel:run_until_complete finished with '0'
[3.199s] DEBUG:colcon.colcon_core.event_reactor:joining thread
[3.217s] INFO:colcon.colcon_core.plugin_system:Skipping extension 'colcon_notification.desktop_notification.terminal_notifier': Not used on non-Darwin systems
[3.217s] INFO:colcon.colcon_core.plugin_system:Skipping extension 'colcon_notification.desktop_notification.win32': Not used on non-Windows systems
[3.217s] INFO:colcon.colcon_notification.desktop_notification:Sending desktop notification using 'notify2'
[3.246s] DEBUG:colcon.colcon_core.event_reactor:joined thread
[3.247s] INFO:colcon.colcon_core.shell:Creating prefix script '/home/naveen/bat_robot/install/local_setup.ps1'
[3.251s] INFO:colcon.colcon_core.shell:Creating prefix util module '/home/naveen/bat_robot/install/_local_setup_util_ps1.py'
[3.258s] INFO:colcon.colcon_core.shell:Creating prefix chain script '/home/naveen/bat_robot/install/setup.ps1'
[3.262s] INFO:colcon.colcon_core.shell:Creating prefix script '/home/naveen/bat_robot/install/local_setup.sh'
[3.265s] INFO:colcon.colcon_core.shell:Creating prefix util module '/home/naveen/bat_robot/install/_local_setup_util_sh.py'
[3.269s] INFO:colcon.colcon_core.shell:Creating prefix chain script '/home/naveen/bat_robot/install/setup.sh'
[3.275s] INFO:colcon.colcon_core.shell:Creating prefix script '/home/naveen/bat_robot/install/local_setup.bash'
[3.278s] INFO:colcon.colcon_core.shell:Creating prefix chain script '/home/naveen/bat_robot/install/setup.bash'
[3.285s] INFO:colcon.colcon_core.shell:Creating prefix script '/home/naveen/bat_robot/install/local_setup.zsh'
[3.289s] INFO:colcon.colcon_core.shell:Creating prefix chain script '/home/naveen/bat_robot/install/setup.zsh'
