[0.169s] Invoking command in '/home/naveen/bat_robot/build/batrobot_controller': AMENT_PREFIX_PATH=/home/naveen/bat_robot/install/batrobot_description:${AMENT_PREFIX_PATH} CMAKE_PREFIX_PATH=/home/naveen/bat_robot/install/batrobot_description:/home/naveen/roarm_ws_em0/install/ros2web_interfaces:/home/naveen/roarm_ws_em0/install/roarm_msgs:/home/naveen/roarm_ws_em0/install/roarm_moveit_ikfast_plugins:/home/naveen/roarm_ws_em0/install/roarm_moveit_cmd:/home/naveen/roarm_ws_em0/install/roarm_moveit:/home/naveen/roarm_ws_em0/install/roarm_description:/home/naveen/roarm_ws_em0/install/moveit_servo:/home/naveen/roarm_ws_em0/install/alexa_integration:/home/naveen/roarm_ws_em0/install/ros2web_widgets:/home/naveen/roarm_ws_em0/install/ros2web_example_py:/home/naveen/roarm_ws_em0/install/roarm_web_app:/home/naveen/roarm_ws_em0/install/ros2web_app:/home/naveen/roarm_ws_em0/install/ros2web:/home/naveen/roarm_ws_em0/install/roarm_driver:/home/naveen/roarm_ws_em0/install/launch_api:/opt/ros/humble /usr/bin/cmake --build /home/naveen/bat_robot/build/batrobot_controller -- -j2 -l2
[0.667s] Invoked command in '/home/naveen/bat_robot/build/batrobot_controller' returned '0': AMENT_PREFIX_PATH=/home/naveen/bat_robot/install/batrobot_description:${AMENT_PREFIX_PATH} CMAKE_PREFIX_PATH=/home/naveen/bat_robot/install/batrobot_description:/home/naveen/roarm_ws_em0/install/ros2web_interfaces:/home/naveen/roarm_ws_em0/install/roarm_msgs:/home/naveen/roarm_ws_em0/install/roarm_moveit_ikfast_plugins:/home/naveen/roarm_ws_em0/install/roarm_moveit_cmd:/home/naveen/roarm_ws_em0/install/roarm_moveit:/home/naveen/roarm_ws_em0/install/roarm_description:/home/naveen/roarm_ws_em0/install/moveit_servo:/home/naveen/roarm_ws_em0/install/alexa_integration:/home/naveen/roarm_ws_em0/install/ros2web_widgets:/home/naveen/roarm_ws_em0/install/ros2web_example_py:/home/naveen/roarm_ws_em0/install/roarm_web_app:/home/naveen/roarm_ws_em0/install/ros2web_app:/home/naveen/roarm_ws_em0/install/ros2web:/home/naveen/roarm_ws_em0/install/roarm_driver:/home/naveen/roarm_ws_em0/install/launch_api:/opt/ros/humble /usr/bin/cmake --build /home/naveen/bat_robot/build/batrobot_controller -- -j2 -l2
[0.700s] Invoking command in '/home/naveen/bat_robot/build/batrobot_controller': AMENT_PREFIX_PATH=/home/naveen/bat_robot/install/batrobot_description:${AMENT_PREFIX_PATH} CMAKE_PREFIX_PATH=/home/naveen/bat_robot/install/batrobot_description:/home/naveen/roarm_ws_em0/install/ros2web_interfaces:/home/naveen/roarm_ws_em0/install/roarm_msgs:/home/naveen/roarm_ws_em0/install/roarm_moveit_ikfast_plugins:/home/naveen/roarm_ws_em0/install/roarm_moveit_cmd:/home/naveen/roarm_ws_em0/install/roarm_moveit:/home/naveen/roarm_ws_em0/install/roarm_description:/home/naveen/roarm_ws_em0/install/moveit_servo:/home/naveen/roarm_ws_em0/install/alexa_integration:/home/naveen/roarm_ws_em0/install/ros2web_widgets:/home/naveen/roarm_ws_em0/install/ros2web_example_py:/home/naveen/roarm_ws_em0/install/roarm_web_app:/home/naveen/roarm_ws_em0/install/ros2web_app:/home/naveen/roarm_ws_em0/install/ros2web:/home/naveen/roarm_ws_em0/install/roarm_driver:/home/naveen/roarm_ws_em0/install/launch_api:/opt/ros/humble /usr/bin/cmake --install /home/naveen/bat_robot/build/batrobot_controller
[0.794s] -- Install configuration: ""
[0.798s] -- Up-to-date: /home/naveen/bat_robot/install/batrobot_controller/share/batrobot_controller/config
[0.798s] -- Up-to-date: /home/naveen/bat_robot/install/batrobot_controller/share/batrobot_controller/config/batrobot_controllers.yaml
[0.806s] -- Up-to-date: /home/naveen/bat_robot/install/batrobot_controller/share/batrobot_controller/launch
[0.808s] -- Up-to-date: /home/naveen/bat_robot/install/batrobot_controller/share/batrobot_controller/launch/controller.launch.py
[0.812s] -- Up-to-date: /home/naveen/bat_robot/install/batrobot_controller/share/ament_index/resource_index/package_run_dependencies/batrobot_controller
[0.813s] -- Up-to-date: /home/naveen/bat_robot/install/batrobot_controller/share/ament_index/resource_index/parent_prefix_path/batrobot_controller
[0.821s] -- Up-to-date: /home/naveen/bat_robot/install/batrobot_controller/share/batrobot_controller/environment/ament_prefix_path.sh
[0.822s] -- Up-to-date: /home/naveen/bat_robot/install/batrobot_controller/share/batrobot_controller/environment/ament_prefix_path.dsv
[0.826s] -- Up-to-date: /home/naveen/bat_robot/install/batrobot_controller/share/batrobot_controller/environment/path.sh
[0.830s] -- Up-to-date: /home/naveen/bat_robot/install/batrobot_controller/share/batrobot_controller/environment/path.dsv
[0.833s] -- Up-to-date: /home/naveen/bat_robot/install/batrobot_controller/share/batrobot_controller/local_setup.bash
[0.833s] -- Up-to-date: /home/naveen/bat_robot/install/batrobot_controller/share/batrobot_controller/local_setup.sh
[0.835s] -- Up-to-date: /home/naveen/bat_robot/install/batrobot_controller/share/batrobot_controller/local_setup.zsh
[0.838s] -- Up-to-date: /home/naveen/bat_robot/install/batrobot_controller/share/batrobot_controller/local_setup.dsv
[0.843s] -- Installing: /home/naveen/bat_robot/install/batrobot_controller/share/batrobot_controller/package.dsv
[0.850s] -- Up-to-date: /home/naveen/bat_robot/install/batrobot_controller/share/ament_index/resource_index/packages/batrobot_controller
[0.853s] -- Up-to-date: /home/naveen/bat_robot/install/batrobot_controller/share/batrobot_controller/cmake/batrobot_controllerConfig.cmake
[0.857s] -- Up-to-date: /home/naveen/bat_robot/install/batrobot_controller/share/batrobot_controller/cmake/batrobot_controllerConfig-version.cmake
[0.858s] -- Up-to-date: /home/naveen/bat_robot/install/batrobot_controller/share/batrobot_controller/package.xml
[0.864s] Invoked command in '/home/naveen/bat_robot/build/batrobot_controller' returned '0': AMENT_PREFIX_PATH=/home/naveen/bat_robot/install/batrobot_description:${AMENT_PREFIX_PATH} CMAKE_PREFIX_PATH=/home/naveen/bat_robot/install/batrobot_description:/home/naveen/roarm_ws_em0/install/ros2web_interfaces:/home/naveen/roarm_ws_em0/install/roarm_msgs:/home/naveen/roarm_ws_em0/install/roarm_moveit_ikfast_plugins:/home/naveen/roarm_ws_em0/install/roarm_moveit_cmd:/home/naveen/roarm_ws_em0/install/roarm_moveit:/home/naveen/roarm_ws_em0/install/roarm_description:/home/naveen/roarm_ws_em0/install/moveit_servo:/home/naveen/roarm_ws_em0/install/alexa_integration:/home/naveen/roarm_ws_em0/install/ros2web_widgets:/home/naveen/roarm_ws_em0/install/ros2web_example_py:/home/naveen/roarm_ws_em0/install/roarm_web_app:/home/naveen/roarm_ws_em0/install/ros2web_app:/home/naveen/roarm_ws_em0/install/ros2web:/home/naveen/roarm_ws_em0/install/roarm_driver:/home/naveen/roarm_ws_em0/install/launch_api:/opt/ros/humble /usr/bin/cmake --install /home/naveen/bat_robot/build/batrobot_controller
