[0.048s] Invoking command in '/home/naveen/bat_robot/build/batrobot_msgs': CMAKE_PREFIX_PATH=${CMAKE_PREFIX_PATH}:/home/naveen/roarm_ws_em0/install/ros2web_widgets:/home/naveen/roarm_ws_em0/install/ros2web_example_py:/home/naveen/roarm_ws_em0/install/roarm_web_app:/home/naveen/roarm_ws_em0/install/ros2web_app:/home/naveen/roarm_ws_em0/install/ros2web:/home/naveen/roarm_ws_em0/install/roarm_driver:/home/naveen/roarm_ws_em0/install/launch_api:/opt/ros/humble /usr/bin/cmake --build /home/naveen/bat_robot/build/batrobot_msgs -- -j2 -l2
[0.254s] [  3%] Built target batrobot_msgs__cpp
[0.271s] [ 12%] Built target batrobot_msgs__rosidl_generator_c
[0.489s] [ 22%] Built target batrobot_msgs__rosidl_typesupport_cpp
[0.513s] [ 22%] Built target ament_cmake_python_copy_batrobot_msgs
[0.607s] [ 32%] Built target batrobot_msgs__rosidl_typesupport_fastrtps_c
[0.634s] [ 41%] Built target batrobot_msgs__rosidl_typesupport_fastrtps_cpp
[0.744s] [ 51%] Built target batrobot_msgs__rosidl_typesupport_introspection_c
[0.783s] [ 61%] Built target batrobot_msgs__rosidl_typesupport_c
[0.939s] [ 70%] Built target batrobot_msgs__rosidl_typesupport_introspection_cpp
[1.160s] [ 70%] Built target batrobot_msgs
[1.303s] [ 74%] Built target batrobot_msgs__py
[1.481s] [ 80%] Built target batrobot_msgs__rosidl_generator_py
[1.719s] [ 87%] Built target batrobot_msgs__rosidl_typesupport_fastrtps_c__pyext
[1.950s] [ 93%] Built target batrobot_msgs__rosidl_typesupport_introspection_c__pyext
[2.108s] [100%] Built target batrobot_msgs__rosidl_typesupport_c__pyext
[3.970s] running egg_info
[3.976s] writing batrobot_msgs.egg-info/PKG-INFO
[3.980s] writing dependency_links to batrobot_msgs.egg-info/dependency_links.txt
[3.980s] writing top-level names to batrobot_msgs.egg-info/top_level.txt
[4.001s] reading manifest file 'batrobot_msgs.egg-info/SOURCES.txt'
[4.005s] writing manifest file 'batrobot_msgs.egg-info/SOURCES.txt'
[4.256s] [100%] Built target ament_cmake_python_build_batrobot_msgs_egg
[4.341s] Invoked command in '/home/naveen/bat_robot/build/batrobot_msgs' returned '0': CMAKE_PREFIX_PATH=${CMAKE_PREFIX_PATH}:/home/naveen/roarm_ws_em0/install/ros2web_widgets:/home/naveen/roarm_ws_em0/install/ros2web_example_py:/home/naveen/roarm_ws_em0/install/roarm_web_app:/home/naveen/roarm_ws_em0/install/ros2web_app:/home/naveen/roarm_ws_em0/install/ros2web:/home/naveen/roarm_ws_em0/install/roarm_driver:/home/naveen/roarm_ws_em0/install/launch_api:/opt/ros/humble /usr/bin/cmake --build /home/naveen/bat_robot/build/batrobot_msgs -- -j2 -l2
[4.354s] Invoking command in '/home/naveen/bat_robot/build/batrobot_msgs': CMAKE_PREFIX_PATH=${CMAKE_PREFIX_PATH}:/home/naveen/roarm_ws_em0/install/ros2web_widgets:/home/naveen/roarm_ws_em0/install/ros2web_example_py:/home/naveen/roarm_ws_em0/install/roarm_web_app:/home/naveen/roarm_ws_em0/install/ros2web_app:/home/naveen/roarm_ws_em0/install/ros2web:/home/naveen/roarm_ws_em0/install/roarm_driver:/home/naveen/roarm_ws_em0/install/launch_api:/opt/ros/humble /usr/bin/cmake --install /home/naveen/bat_robot/build/batrobot_msgs
[4.412s] -- Install configuration: ""
[4.412s] -- Up-to-date: /home/naveen/bat_robot/install/batrobot_msgs/share/ament_index/resource_index/rosidl_interfaces/batrobot_msgs
[4.418s] -- Up-to-date: /home/naveen/bat_robot/install/batrobot_msgs/include/batrobot_msgs/batrobot_msgs
[4.418s] -- Up-to-date: /home/naveen/bat_robot/install/batrobot_msgs/include/batrobot_msgs/batrobot_msgs/msg
[4.418s] -- Up-to-date: /home/naveen/bat_robot/install/batrobot_msgs/include/batrobot_msgs/batrobot_msgs/msg/rosidl_generator_c__visibility_control.h
[4.421s] -- Up-to-date: /home/naveen/bat_robot/install/batrobot_msgs/include/batrobot_msgs/batrobot_msgs/action
[4.421s] -- Up-to-date: /home/naveen/bat_robot/install/batrobot_msgs/include/batrobot_msgs/batrobot_msgs/action/batrobot_task.h
[4.421s] -- Up-to-date: /home/naveen/bat_robot/install/batrobot_msgs/include/batrobot_msgs/batrobot_msgs/action/detail
[4.422s] -- Up-to-date: /home/naveen/bat_robot/install/batrobot_msgs/include/batrobot_msgs/batrobot_msgs/action/detail/batrobot_task__functions.c
[4.422s] -- Up-to-date: /home/naveen/bat_robot/install/batrobot_msgs/include/batrobot_msgs/batrobot_msgs/action/detail/batrobot_task__functions.h
[4.422s] -- Up-to-date: /home/naveen/bat_robot/install/batrobot_msgs/include/batrobot_msgs/batrobot_msgs/action/detail/batrobot_task__struct.h
[4.422s] -- Up-to-date: /home/naveen/bat_robot/install/batrobot_msgs/include/batrobot_msgs/batrobot_msgs/action/detail/batrobot_task__type_support.h
[4.424s] -- Up-to-date: /home/naveen/bat_robot/install/batrobot_msgs/share/batrobot_msgs/environment/library_path.sh
[4.427s] -- Up-to-date: /home/naveen/bat_robot/install/batrobot_msgs/share/batrobot_msgs/environment/library_path.dsv
[4.427s] -- Up-to-date: /home/naveen/bat_robot/install/batrobot_msgs/lib/libbatrobot_msgs__rosidl_generator_c.so
[4.427s] -- Up-to-date: /home/naveen/bat_robot/install/batrobot_msgs/include/batrobot_msgs/batrobot_msgs
[4.427s] -- Up-to-date: /home/naveen/bat_robot/install/batrobot_msgs/include/batrobot_msgs/batrobot_msgs/msg
[4.427s] -- Up-to-date: /home/naveen/bat_robot/install/batrobot_msgs/include/batrobot_msgs/batrobot_msgs/msg/rosidl_typesupport_fastrtps_c__visibility_control.h
[4.428s] -- Up-to-date: /home/naveen/bat_robot/install/batrobot_msgs/include/batrobot_msgs/batrobot_msgs/action
[4.428s] -- Up-to-date: /home/naveen/bat_robot/install/batrobot_msgs/include/batrobot_msgs/batrobot_msgs/action/detail
[4.428s] -- Up-to-date: /home/naveen/bat_robot/install/batrobot_msgs/include/batrobot_msgs/batrobot_msgs/action/detail/batrobot_task__rosidl_typesupport_fastrtps_c.h
[4.435s] -- Up-to-date: /home/naveen/bat_robot/install/batrobot_msgs/lib/libbatrobot_msgs__rosidl_typesupport_fastrtps_c.so
[4.435s] -- Up-to-date: /home/naveen/bat_robot/install/batrobot_msgs/include/batrobot_msgs/batrobot_msgs
[4.435s] -- Up-to-date: /home/naveen/bat_robot/install/batrobot_msgs/include/batrobot_msgs/batrobot_msgs/msg
[4.435s] -- Up-to-date: /home/naveen/bat_robot/install/batrobot_msgs/include/batrobot_msgs/batrobot_msgs/msg/rosidl_generator_cpp__visibility_control.hpp
[4.436s] -- Up-to-date: /home/naveen/bat_robot/install/batrobot_msgs/include/batrobot_msgs/batrobot_msgs/action
[4.436s] -- Up-to-date: /home/naveen/bat_robot/install/batrobot_msgs/include/batrobot_msgs/batrobot_msgs/action/batrobot_task.hpp
[4.436s] -- Up-to-date: /home/naveen/bat_robot/install/batrobot_msgs/include/batrobot_msgs/batrobot_msgs/action/detail
[4.436s] -- Up-to-date: /home/naveen/bat_robot/install/batrobot_msgs/include/batrobot_msgs/batrobot_msgs/action/detail/batrobot_task__type_support.hpp
[4.439s] -- Up-to-date: /home/naveen/bat_robot/install/batrobot_msgs/include/batrobot_msgs/batrobot_msgs/action/detail/batrobot_task__struct.hpp
[4.442s] -- Up-to-date: /home/naveen/bat_robot/install/batrobot_msgs/include/batrobot_msgs/batrobot_msgs/action/detail/batrobot_task__traits.hpp
[4.442s] -- Up-to-date: /home/naveen/bat_robot/install/batrobot_msgs/include/batrobot_msgs/batrobot_msgs/action/detail/batrobot_task__builder.hpp
[4.447s] -- Up-to-date: /home/naveen/bat_robot/install/batrobot_msgs/include/batrobot_msgs/batrobot_msgs
[4.447s] -- Up-to-date: /home/naveen/bat_robot/install/batrobot_msgs/include/batrobot_msgs/batrobot_msgs/msg
[4.447s] -- Up-to-date: /home/naveen/bat_robot/install/batrobot_msgs/include/batrobot_msgs/batrobot_msgs/msg/rosidl_typesupport_fastrtps_cpp__visibility_control.h
[4.448s] -- Up-to-date: /home/naveen/bat_robot/install/batrobot_msgs/include/batrobot_msgs/batrobot_msgs/action
[4.448s] -- Up-to-date: /home/naveen/bat_robot/install/batrobot_msgs/include/batrobot_msgs/batrobot_msgs/action/detail
[4.452s] -- Up-to-date: /home/naveen/bat_robot/install/batrobot_msgs/include/batrobot_msgs/batrobot_msgs/action/detail/dds_fastrtps
[4.452s] -- Up-to-date: /home/naveen/bat_robot/install/batrobot_msgs/include/batrobot_msgs/batrobot_msgs/action/detail/batrobot_task__rosidl_typesupport_fastrtps_cpp.hpp
[4.453s] -- Up-to-date: /home/naveen/bat_robot/install/batrobot_msgs/lib/libbatrobot_msgs__rosidl_typesupport_fastrtps_cpp.so
[4.453s] -- Up-to-date: /home/naveen/bat_robot/install/batrobot_msgs/include/batrobot_msgs/batrobot_msgs
[4.453s] -- Up-to-date: /home/naveen/bat_robot/install/batrobot_msgs/include/batrobot_msgs/batrobot_msgs/msg
[4.460s] -- Up-to-date: /home/naveen/bat_robot/install/batrobot_msgs/include/batrobot_msgs/batrobot_msgs/msg/rosidl_typesupport_introspection_c__visibility_control.h
[4.460s] -- Up-to-date: /home/naveen/bat_robot/install/batrobot_msgs/include/batrobot_msgs/batrobot_msgs/action
[4.460s] -- Up-to-date: /home/naveen/bat_robot/install/batrobot_msgs/include/batrobot_msgs/batrobot_msgs/action/detail
[4.461s] -- Up-to-date: /home/naveen/bat_robot/install/batrobot_msgs/include/batrobot_msgs/batrobot_msgs/action/detail/batrobot_task__type_support.c
[4.461s] -- Up-to-date: /home/naveen/bat_robot/install/batrobot_msgs/include/batrobot_msgs/batrobot_msgs/action/detail/batrobot_task__rosidl_typesupport_introspection_c.h
[4.461s] -- Up-to-date: /home/naveen/bat_robot/install/batrobot_msgs/lib/libbatrobot_msgs__rosidl_typesupport_introspection_c.so
[4.461s] -- Up-to-date: /home/naveen/bat_robot/install/batrobot_msgs/lib/libbatrobot_msgs__rosidl_typesupport_c.so
[4.470s] -- Up-to-date: /home/naveen/bat_robot/install/batrobot_msgs/include/batrobot_msgs/batrobot_msgs
[4.470s] -- Up-to-date: /home/naveen/bat_robot/install/batrobot_msgs/include/batrobot_msgs/batrobot_msgs/action
[4.470s] -- Up-to-date: /home/naveen/bat_robot/install/batrobot_msgs/include/batrobot_msgs/batrobot_msgs/action/detail
[4.470s] -- Up-to-date: /home/naveen/bat_robot/install/batrobot_msgs/include/batrobot_msgs/batrobot_msgs/action/detail/batrobot_task__type_support.cpp
[4.470s] -- Up-to-date: /home/naveen/bat_robot/install/batrobot_msgs/include/batrobot_msgs/batrobot_msgs/action/detail/batrobot_task__rosidl_typesupport_introspection_cpp.hpp
[4.471s] -- Up-to-date: /home/naveen/bat_robot/install/batrobot_msgs/lib/libbatrobot_msgs__rosidl_typesupport_introspection_cpp.so
[4.471s] -- Up-to-date: /home/naveen/bat_robot/install/batrobot_msgs/lib/libbatrobot_msgs__rosidl_typesupport_cpp.so
[4.471s] -- Up-to-date: /home/naveen/bat_robot/install/batrobot_msgs/share/batrobot_msgs/environment/pythonpath.sh
[4.471s] -- Up-to-date: /home/naveen/bat_robot/install/batrobot_msgs/share/batrobot_msgs/environment/pythonpath.dsv
[4.471s] -- Up-to-date: /home/naveen/bat_robot/install/batrobot_msgs/local/lib/python3.10/dist-packages/batrobot_msgs-0.0.0-py3.10.egg-info
[4.474s] -- Installing: /home/naveen/bat_robot/install/batrobot_msgs/local/lib/python3.10/dist-packages/batrobot_msgs-0.0.0-py3.10.egg-info/dependency_links.txt
[4.474s] -- Installing: /home/naveen/bat_robot/install/batrobot_msgs/local/lib/python3.10/dist-packages/batrobot_msgs-0.0.0-py3.10.egg-info/top_level.txt
[4.474s] -- Installing: /home/naveen/bat_robot/install/batrobot_msgs/local/lib/python3.10/dist-packages/batrobot_msgs-0.0.0-py3.10.egg-info/SOURCES.txt
[4.480s] -- Installing: /home/naveen/bat_robot/install/batrobot_msgs/local/lib/python3.10/dist-packages/batrobot_msgs-0.0.0-py3.10.egg-info/PKG-INFO
[4.480s] -- Up-to-date: /home/naveen/bat_robot/install/batrobot_msgs/local/lib/python3.10/dist-packages/batrobot_msgs
[4.480s] -- Up-to-date: /home/naveen/bat_robot/install/batrobot_msgs/local/lib/python3.10/dist-packages/batrobot_msgs/__init__.py
[4.480s] -- Up-to-date: /home/naveen/bat_robot/install/batrobot_msgs/local/lib/python3.10/dist-packages/batrobot_msgs/batrobot_msgs_s__rosidl_typesupport_c.cpython-310-x86_64-linux-gnu.so
[4.481s] -- Up-to-date: /home/naveen/bat_robot/install/batrobot_msgs/local/lib/python3.10/dist-packages/batrobot_msgs/batrobot_msgs_s__rosidl_typesupport_introspection_c.cpython-310-x86_64-linux-gnu.so
[4.481s] -- Up-to-date: /home/naveen/bat_robot/install/batrobot_msgs/local/lib/python3.10/dist-packages/batrobot_msgs/libbatrobot_msgs__rosidl_generator_py.so
[4.481s] -- Up-to-date: /home/naveen/bat_robot/install/batrobot_msgs/local/lib/python3.10/dist-packages/batrobot_msgs/batrobot_msgs_s__rosidl_typesupport_fastrtps_c.cpython-310-x86_64-linux-gnu.so
[4.481s] -- Up-to-date: /home/naveen/bat_robot/install/batrobot_msgs/local/lib/python3.10/dist-packages/batrobot_msgs/_batrobot_msgs_s.ep.rosidl_typesupport_c.c
[4.481s] -- Up-to-date: /home/naveen/bat_robot/install/batrobot_msgs/local/lib/python3.10/dist-packages/batrobot_msgs/_batrobot_msgs_s.ep.rosidl_typesupport_fastrtps_c.c
[4.487s] -- Up-to-date: /home/naveen/bat_robot/install/batrobot_msgs/local/lib/python3.10/dist-packages/batrobot_msgs/action
[4.487s] -- Up-to-date: /home/naveen/bat_robot/install/batrobot_msgs/local/lib/python3.10/dist-packages/batrobot_msgs/action/__init__.py
[4.487s] -- Up-to-date: /home/naveen/bat_robot/install/batrobot_msgs/local/lib/python3.10/dist-packages/batrobot_msgs/action/_batrobot_task_s.c
[4.487s] -- Up-to-date: /home/naveen/bat_robot/install/batrobot_msgs/local/lib/python3.10/dist-packages/batrobot_msgs/action/_batrobot_task.py
[4.488s] -- Up-to-date: /home/naveen/bat_robot/install/batrobot_msgs/local/lib/python3.10/dist-packages/batrobot_msgs/_batrobot_msgs_s.ep.rosidl_typesupport_introspection_c.c
[4.782s] Listing '/home/naveen/bat_robot/install/batrobot_msgs/local/lib/python3.10/dist-packages/batrobot_msgs'...
[4.782s] Listing '/home/naveen/bat_robot/install/batrobot_msgs/local/lib/python3.10/dist-packages/batrobot_msgs/action'...
[4.823s] -- Up-to-date: /home/naveen/bat_robot/install/batrobot_msgs/local/lib/python3.10/dist-packages/batrobot_msgs/batrobot_msgs_s__rosidl_typesupport_fastrtps_c.cpython-310-x86_64-linux-gnu.so
[4.826s] -- Up-to-date: /home/naveen/bat_robot/install/batrobot_msgs/local/lib/python3.10/dist-packages/batrobot_msgs/batrobot_msgs_s__rosidl_typesupport_introspection_c.cpython-310-x86_64-linux-gnu.so
[4.829s] -- Up-to-date: /home/naveen/bat_robot/install/batrobot_msgs/local/lib/python3.10/dist-packages/batrobot_msgs/batrobot_msgs_s__rosidl_typesupport_c.cpython-310-x86_64-linux-gnu.so
[4.836s] -- Up-to-date: /home/naveen/bat_robot/install/batrobot_msgs/lib/libbatrobot_msgs__rosidl_generator_py.so
[4.836s] -- Up-to-date: /home/naveen/bat_robot/install/batrobot_msgs/share/batrobot_msgs/action/BatrobotTask.idl
[4.836s] -- Up-to-date: /home/naveen/bat_robot/install/batrobot_msgs/share/batrobot_msgs/action/BatrobotTask.action
[4.837s] -- Up-to-date: /home/naveen/bat_robot/install/batrobot_msgs/share/ament_index/resource_index/package_run_dependencies/batrobot_msgs
[4.842s] -- Up-to-date: /home/naveen/bat_robot/install/batrobot_msgs/share/ament_index/resource_index/parent_prefix_path/batrobot_msgs
[4.842s] -- Up-to-date: /home/naveen/bat_robot/install/batrobot_msgs/share/batrobot_msgs/environment/ament_prefix_path.sh
[4.842s] -- Up-to-date: /home/naveen/bat_robot/install/batrobot_msgs/share/batrobot_msgs/environment/ament_prefix_path.dsv
[4.842s] -- Up-to-date: /home/naveen/bat_robot/install/batrobot_msgs/share/batrobot_msgs/environment/path.sh
[4.843s] -- Up-to-date: /home/naveen/bat_robot/install/batrobot_msgs/share/batrobot_msgs/environment/path.dsv
[4.843s] -- Up-to-date: /home/naveen/bat_robot/install/batrobot_msgs/share/batrobot_msgs/local_setup.bash
[4.843s] -- Up-to-date: /home/naveen/bat_robot/install/batrobot_msgs/share/batrobot_msgs/local_setup.sh
[4.843s] -- Up-to-date: /home/naveen/bat_robot/install/batrobot_msgs/share/batrobot_msgs/local_setup.zsh
[4.843s] -- Up-to-date: /home/naveen/bat_robot/install/batrobot_msgs/share/batrobot_msgs/local_setup.dsv
[4.843s] -- Installing: /home/naveen/bat_robot/install/batrobot_msgs/share/batrobot_msgs/package.dsv
[4.849s] -- Up-to-date: /home/naveen/bat_robot/install/batrobot_msgs/share/ament_index/resource_index/packages/batrobot_msgs
[4.850s] -- Up-to-date: /home/naveen/bat_robot/install/batrobot_msgs/share/batrobot_msgs/cmake/export_batrobot_msgs__rosidl_generator_cExport.cmake
[4.852s] -- Up-to-date: /home/naveen/bat_robot/install/batrobot_msgs/share/batrobot_msgs/cmake/export_batrobot_msgs__rosidl_generator_cExport-noconfig.cmake
[4.852s] -- Up-to-date: /home/naveen/bat_robot/install/batrobot_msgs/share/batrobot_msgs/cmake/export_batrobot_msgs__rosidl_typesupport_fastrtps_cExport.cmake
[4.852s] -- Up-to-date: /home/naveen/bat_robot/install/batrobot_msgs/share/batrobot_msgs/cmake/export_batrobot_msgs__rosidl_typesupport_fastrtps_cExport-noconfig.cmake
[4.859s] -- Up-to-date: /home/naveen/bat_robot/install/batrobot_msgs/share/batrobot_msgs/cmake/export_batrobot_msgs__rosidl_generator_cppExport.cmake
[4.860s] -- Up-to-date: /home/naveen/bat_robot/install/batrobot_msgs/share/batrobot_msgs/cmake/export_batrobot_msgs__rosidl_typesupport_fastrtps_cppExport.cmake
[4.860s] -- Up-to-date: /home/naveen/bat_robot/install/batrobot_msgs/share/batrobot_msgs/cmake/export_batrobot_msgs__rosidl_typesupport_fastrtps_cppExport-noconfig.cmake
[4.860s] -- Up-to-date: /home/naveen/bat_robot/install/batrobot_msgs/share/batrobot_msgs/cmake/batrobot_msgs__rosidl_typesupport_introspection_cExport.cmake
[4.860s] -- Up-to-date: /home/naveen/bat_robot/install/batrobot_msgs/share/batrobot_msgs/cmake/batrobot_msgs__rosidl_typesupport_introspection_cExport-noconfig.cmake
[4.867s] -- Up-to-date: /home/naveen/bat_robot/install/batrobot_msgs/share/batrobot_msgs/cmake/batrobot_msgs__rosidl_typesupport_cExport.cmake
[4.867s] -- Up-to-date: /home/naveen/bat_robot/install/batrobot_msgs/share/batrobot_msgs/cmake/batrobot_msgs__rosidl_typesupport_cExport-noconfig.cmake
[4.867s] -- Up-to-date: /home/naveen/bat_robot/install/batrobot_msgs/share/batrobot_msgs/cmake/batrobot_msgs__rosidl_typesupport_introspection_cppExport.cmake
[4.867s] -- Up-to-date: /home/naveen/bat_robot/install/batrobot_msgs/share/batrobot_msgs/cmake/batrobot_msgs__rosidl_typesupport_introspection_cppExport-noconfig.cmake
[4.868s] -- Up-to-date: /home/naveen/bat_robot/install/batrobot_msgs/share/batrobot_msgs/cmake/batrobot_msgs__rosidl_typesupport_cppExport.cmake
[4.868s] -- Up-to-date: /home/naveen/bat_robot/install/batrobot_msgs/share/batrobot_msgs/cmake/batrobot_msgs__rosidl_typesupport_cppExport-noconfig.cmake
[4.876s] -- Up-to-date: /home/naveen/bat_robot/install/batrobot_msgs/share/batrobot_msgs/cmake/export_batrobot_msgs__rosidl_generator_pyExport.cmake
[4.876s] -- Up-to-date: /home/naveen/bat_robot/install/batrobot_msgs/share/batrobot_msgs/cmake/export_batrobot_msgs__rosidl_generator_pyExport-noconfig.cmake
[4.876s] -- Up-to-date: /home/naveen/bat_robot/install/batrobot_msgs/share/batrobot_msgs/cmake/rosidl_cmake-extras.cmake
[4.877s] -- Up-to-date: /home/naveen/bat_robot/install/batrobot_msgs/share/batrobot_msgs/cmake/ament_cmake_export_dependencies-extras.cmake
[4.877s] -- Up-to-date: /home/naveen/bat_robot/install/batrobot_msgs/share/batrobot_msgs/cmake/ament_cmake_export_include_directories-extras.cmake
[4.877s] -- Up-to-date: /home/naveen/bat_robot/install/batrobot_msgs/share/batrobot_msgs/cmake/ament_cmake_export_libraries-extras.cmake
[4.877s] -- Up-to-date: /home/naveen/bat_robot/install/batrobot_msgs/share/batrobot_msgs/cmake/ament_cmake_export_targets-extras.cmake
[4.877s] -- Up-to-date: /home/naveen/bat_robot/install/batrobot_msgs/share/batrobot_msgs/cmake/rosidl_cmake_export_typesupport_targets-extras.cmake
[4.882s] -- Up-to-date: /home/naveen/bat_robot/install/batrobot_msgs/share/batrobot_msgs/cmake/rosidl_cmake_export_typesupport_libraries-extras.cmake
[4.882s] -- Up-to-date: /home/naveen/bat_robot/install/batrobot_msgs/share/batrobot_msgs/cmake/batrobot_msgsConfig.cmake
[4.882s] -- Up-to-date: /home/naveen/bat_robot/install/batrobot_msgs/share/batrobot_msgs/cmake/batrobot_msgsConfig-version.cmake
[4.882s] -- Up-to-date: /home/naveen/bat_robot/install/batrobot_msgs/share/batrobot_msgs/package.xml
[4.895s] Invoked command in '/home/naveen/bat_robot/build/batrobot_msgs' returned '0': CMAKE_PREFIX_PATH=${CMAKE_PREFIX_PATH}:/home/naveen/roarm_ws_em0/install/ros2web_widgets:/home/naveen/roarm_ws_em0/install/ros2web_example_py:/home/naveen/roarm_ws_em0/install/roarm_web_app:/home/naveen/roarm_ws_em0/install/ros2web_app:/home/naveen/roarm_ws_em0/install/ros2web:/home/naveen/roarm_ws_em0/install/roarm_driver:/home/naveen/roarm_ws_em0/install/launch_api:/opt/ros/humble /usr/bin/cmake --install /home/naveen/bat_robot/build/batrobot_msgs
