[4.525s] Invoking command in '/home/naveen/bat_robot/src/batrobot_py_examples': PYTHONPATH=/home/naveen/bat_robot/build/batrobot_py_examples/prefix_override:/usr/lib/python3/dist-packages/colcon_core/task/python/colcon_distutils_commands:/home/naveen/bat_robot/install/batrobot_py_examples/lib/python3.10/site-packages:${PYTHONPATH} /usr/bin/python3 -W ignore:setup.py install is deprecated -W ignore:easy_install command is deprecated setup.py egg_info --egg-base ../../build/batrobot_py_examples build --build-base /home/naveen/bat_robot/build/batrobot_py_examples/build install --record /home/naveen/bat_robot/build/batrobot_py_examples/install.log --single-version-externally-managed install_data
[5.791s] running egg_info
[5.796s] writing ../../build/batrobot_py_examples/batrobot_py_examples.egg-info/PKG-INFO
[5.796s] writing dependency_links to ../../build/batrobot_py_examples/batrobot_py_examples.egg-info/dependency_links.txt
[5.796s] writing entry points to ../../build/batrobot_py_examples/batrobot_py_examples.egg-info/entry_points.txt
[5.798s] writing requirements to ../../build/batrobot_py_examples/batrobot_py_examples.egg-info/requires.txt
[5.799s] writing top-level names to ../../build/batrobot_py_examples/batrobot_py_examples.egg-info/top_level.txt
[5.806s] reading manifest file '../../build/batrobot_py_examples/batrobot_py_examples.egg-info/SOURCES.txt'
[5.807s] writing manifest file '../../build/batrobot_py_examples/batrobot_py_examples.egg-info/SOURCES.txt'
[5.809s] running build
[5.809s] running build_py
[5.814s] running install
[5.814s] running install_lib
[5.821s] running install_data
[5.821s] running install_egg_info
[5.829s] removing '/home/naveen/bat_robot/install/batrobot_py_examples/lib/python3.10/site-packages/batrobot_py_examples-0.0.0-py3.10.egg-info' (and everything under it)
[5.832s] Copying ../../build/batrobot_py_examples/batrobot_py_examples.egg-info to /home/naveen/bat_robot/install/batrobot_py_examples/lib/python3.10/site-packages/batrobot_py_examples-0.0.0-py3.10.egg-info
[5.838s] running install_scripts
[5.925s] writing list of installed files to '/home/naveen/bat_robot/build/batrobot_py_examples/install.log'
[6.065s] Invoked command in '/home/naveen/bat_robot/src/batrobot_py_examples' returned '0': PYTHONPATH=/home/naveen/bat_robot/build/batrobot_py_examples/prefix_override:/usr/lib/python3/dist-packages/colcon_core/task/python/colcon_distutils_commands:/home/naveen/bat_robot/install/batrobot_py_examples/lib/python3.10/site-packages:${PYTHONPATH} /usr/bin/python3 -W ignore:setup.py install is deprecated -W ignore:easy_install command is deprecated setup.py egg_info --egg-base ../../build/batrobot_py_examples build --build-base /home/naveen/bat_robot/build/batrobot_py_examples/build install --record /home/naveen/bat_robot/build/batrobot_py_examples/install.log --single-version-externally-managed install_data
