[0.063s] Invoking command in '/home/naveen/bat_robot/build/batrobot_bringup': CMAKE_PREFIX_PATH=${CMAKE_PREFIX_PATH}:/home/naveen/roarm_ws_em0/install/ros2web_widgets:/home/naveen/roarm_ws_em0/install/ros2web_example_py:/home/naveen/roarm_ws_em0/install/roarm_web_app:/home/naveen/roarm_ws_em0/install/ros2web_app:/home/naveen/roarm_ws_em0/install/ros2web:/home/naveen/roarm_ws_em0/install/roarm_driver:/home/naveen/roarm_ws_em0/install/launch_api:/opt/ros/humble /usr/bin/cmake --build /home/naveen/bat_robot/build/batrobot_bringup -- -j2 -l2
[0.236s] Invoked command in '/home/naveen/bat_robot/build/batrobot_bringup' returned '0': CMAKE_PREFIX_PATH=${CMAKE_PREFIX_PATH}:/home/naveen/roarm_ws_em0/install/ros2web_widgets:/home/naveen/roarm_ws_em0/install/ros2web_example_py:/home/naveen/roarm_ws_em0/install/roarm_web_app:/home/naveen/roarm_ws_em0/install/ros2web_app:/home/naveen/roarm_ws_em0/install/ros2web:/home/naveen/roarm_ws_em0/install/roarm_driver:/home/naveen/roarm_ws_em0/install/launch_api:/opt/ros/humble /usr/bin/cmake --build /home/naveen/bat_robot/build/batrobot_bringup -- -j2 -l2
[0.242s] Invoking command in '/home/naveen/bat_robot/build/batrobot_bringup': CMAKE_PREFIX_PATH=${CMAKE_PREFIX_PATH}:/home/naveen/roarm_ws_em0/install/ros2web_widgets:/home/naveen/roarm_ws_em0/install/ros2web_example_py:/home/naveen/roarm_ws_em0/install/roarm_web_app:/home/naveen/roarm_ws_em0/install/ros2web_app:/home/naveen/roarm_ws_em0/install/ros2web:/home/naveen/roarm_ws_em0/install/roarm_driver:/home/naveen/roarm_ws_em0/install/launch_api:/opt/ros/humble /usr/bin/cmake --install /home/naveen/bat_robot/build/batrobot_bringup
[0.275s] -- Install configuration: ""
[0.275s] -- Up-to-date: /home/naveen/bat_robot/install/batrobot_bringup/share/batrobot_bringup/launch
[0.276s] -- Up-to-date: /home/naveen/bat_robot/install/batrobot_bringup/share/batrobot_bringup/launch/simulated_robot.launch.py
[0.277s] -- Up-to-date: /home/naveen/bat_robot/install/batrobot_bringup/share/ament_index/resource_index/package_run_dependencies/batrobot_bringup
[0.278s] -- Up-to-date: /home/naveen/bat_robot/install/batrobot_bringup/share/ament_index/resource_index/parent_prefix_path/batrobot_bringup
[0.279s] -- Up-to-date: /home/naveen/bat_robot/install/batrobot_bringup/share/batrobot_bringup/environment/ament_prefix_path.sh
[0.281s] -- Up-to-date: /home/naveen/bat_robot/install/batrobot_bringup/share/batrobot_bringup/environment/ament_prefix_path.dsv
[0.282s] -- Up-to-date: /home/naveen/bat_robot/install/batrobot_bringup/share/batrobot_bringup/environment/path.sh
[0.284s] -- Up-to-date: /home/naveen/bat_robot/install/batrobot_bringup/share/batrobot_bringup/environment/path.dsv
[0.285s] -- Up-to-date: /home/naveen/bat_robot/install/batrobot_bringup/share/batrobot_bringup/local_setup.bash
[0.285s] -- Up-to-date: /home/naveen/bat_robot/install/batrobot_bringup/share/batrobot_bringup/local_setup.sh
[0.285s] -- Up-to-date: /home/naveen/bat_robot/install/batrobot_bringup/share/batrobot_bringup/local_setup.zsh
[0.285s] -- Up-to-date: /home/naveen/bat_robot/install/batrobot_bringup/share/batrobot_bringup/local_setup.dsv
[0.286s] -- Up-to-date: /home/naveen/bat_robot/install/batrobot_bringup/share/batrobot_bringup/package.dsv
[0.286s] -- Up-to-date: /home/naveen/bat_robot/install/batrobot_bringup/share/ament_index/resource_index/packages/batrobot_bringup
[0.287s] -- Up-to-date: /home/naveen/bat_robot/install/batrobot_bringup/share/batrobot_bringup/cmake/batrobot_bringupConfig.cmake
[0.287s] -- Up-to-date: /home/naveen/bat_robot/install/batrobot_bringup/share/batrobot_bringup/cmake/batrobot_bringupConfig-version.cmake
[0.287s] -- Up-to-date: /home/naveen/bat_robot/install/batrobot_bringup/share/batrobot_bringup/package.xml
[0.373s] Invoked command in '/home/naveen/bat_robot/build/batrobot_bringup' returned '0': CMAKE_PREFIX_PATH=${CMAKE_PREFIX_PATH}:/home/naveen/roarm_ws_em0/install/ros2web_widgets:/home/naveen/roarm_ws_em0/install/ros2web_example_py:/home/naveen/roarm_ws_em0/install/roarm_web_app:/home/naveen/roarm_ws_em0/install/ros2web_app:/home/naveen/roarm_ws_em0/install/ros2web:/home/naveen/roarm_ws_em0/install/roarm_driver:/home/naveen/roarm_ws_em0/install/launch_api:/opt/ros/humble /usr/bin/cmake --install /home/naveen/bat_robot/build/batrobot_bringup
