[0.049s] Invoking command in '/home/naveen/bat_robot/build/batrobot_controller': AMENT_PREFIX_PATH=/home/naveen/bat_robot/install/batrobot_description:${AMENT_PREFIX_PATH} CMAKE_PREFIX_PATH=/home/naveen/bat_robot/install/batrobot_description:/home/naveen/roarm_ws_em0/install/ros2web_interfaces:/home/naveen/roarm_ws_em0/install/roarm_msgs:/home/naveen/roarm_ws_em0/install/roarm_moveit_ikfast_plugins:/home/naveen/roarm_ws_em0/install/roarm_moveit_cmd:/home/naveen/roarm_ws_em0/install/roarm_moveit:/home/naveen/roarm_ws_em0/install/roarm_description:/home/naveen/roarm_ws_em0/install/moveit_servo:/home/naveen/roarm_ws_em0/install/alexa_integration:/home/naveen/roarm_ws_em0/install/ros2web_widgets:/home/naveen/roarm_ws_em0/install/ros2web_example_py:/home/naveen/roarm_ws_em0/install/roarm_web_app:/home/naveen/roarm_ws_em0/install/ros2web_app:/home/naveen/roarm_ws_em0/install/ros2web:/home/naveen/roarm_ws_em0/install/roarm_driver:/home/naveen/roarm_ws_em0/install/launch_api:/opt/ros/humble /usr/bin/cmake --build /home/naveen/bat_robot/build/batrobot_controller -- -j2 -l2
[0.448s] [100%] Built target batrobot_controller
[0.535s] Invoked command in '/home/naveen/bat_robot/build/batrobot_controller' returned '0': AMENT_PREFIX_PATH=/home/naveen/bat_robot/install/batrobot_description:${AMENT_PREFIX_PATH} CMAKE_PREFIX_PATH=/home/naveen/bat_robot/install/batrobot_description:/home/naveen/roarm_ws_em0/install/ros2web_interfaces:/home/naveen/roarm_ws_em0/install/roarm_msgs:/home/naveen/roarm_ws_em0/install/roarm_moveit_ikfast_plugins:/home/naveen/roarm_ws_em0/install/roarm_moveit_cmd:/home/naveen/roarm_ws_em0/install/roarm_moveit:/home/naveen/roarm_ws_em0/install/roarm_description:/home/naveen/roarm_ws_em0/install/moveit_servo:/home/naveen/roarm_ws_em0/install/alexa_integration:/home/naveen/roarm_ws_em0/install/ros2web_widgets:/home/naveen/roarm_ws_em0/install/ros2web_example_py:/home/naveen/roarm_ws_em0/install/roarm_web_app:/home/naveen/roarm_ws_em0/install/ros2web_app:/home/naveen/roarm_ws_em0/install/ros2web:/home/naveen/roarm_ws_em0/install/roarm_driver:/home/naveen/roarm_ws_em0/install/launch_api:/opt/ros/humble /usr/bin/cmake --build /home/naveen/bat_robot/build/batrobot_controller -- -j2 -l2
[0.541s] Invoking command in '/home/naveen/bat_robot/build/batrobot_controller': AMENT_PREFIX_PATH=/home/naveen/bat_robot/install/batrobot_description:${AMENT_PREFIX_PATH} CMAKE_PREFIX_PATH=/home/naveen/bat_robot/install/batrobot_description:/home/naveen/roarm_ws_em0/install/ros2web_interfaces:/home/naveen/roarm_ws_em0/install/roarm_msgs:/home/naveen/roarm_ws_em0/install/roarm_moveit_ikfast_plugins:/home/naveen/roarm_ws_em0/install/roarm_moveit_cmd:/home/naveen/roarm_ws_em0/install/roarm_moveit:/home/naveen/roarm_ws_em0/install/roarm_description:/home/naveen/roarm_ws_em0/install/moveit_servo:/home/naveen/roarm_ws_em0/install/alexa_integration:/home/naveen/roarm_ws_em0/install/ros2web_widgets:/home/naveen/roarm_ws_em0/install/ros2web_example_py:/home/naveen/roarm_ws_em0/install/roarm_web_app:/home/naveen/roarm_ws_em0/install/ros2web_app:/home/naveen/roarm_ws_em0/install/ros2web:/home/naveen/roarm_ws_em0/install/roarm_driver:/home/naveen/roarm_ws_em0/install/launch_api:/opt/ros/humble /usr/bin/cmake --install /home/naveen/bat_robot/build/batrobot_controller
[0.605s] -- Install configuration: ""
[0.611s] -- Up-to-date: /home/naveen/bat_robot/install/batrobot_controller/share/batrobot_controller/batrobot_controller.xml
[0.611s] -- Up-to-date: /home/naveen/bat_robot/install/batrobot_controller/share/batrobot_controller/config
[0.611s] -- Up-to-date: /home/naveen/bat_robot/install/batrobot_controller/share/batrobot_controller/config/batrobot_controllers.yaml
[0.612s] -- Up-to-date: /home/naveen/bat_robot/install/batrobot_controller/share/batrobot_controller/launch
[0.619s] -- Up-to-date: /home/naveen/bat_robot/install/batrobot_controller/share/batrobot_controller/launch/controller.launch.py
[0.619s] -- Up-to-date: /home/naveen/bat_robot/install/batrobot_controller/lib/libbatrobot_controller.so
[0.619s] -- Up-to-date: /home/naveen/bat_robot/install/batrobot_controller/include/include
[0.620s] -- Up-to-date: /home/naveen/bat_robot/install/batrobot_controller/include/include/batrobot_controller
[0.629s] -- Up-to-date: /home/naveen/bat_robot/install/batrobot_controller/include/include/batrobot_controller/batrobot_interface.hpp
[0.630s] -- Up-to-date: /home/naveen/bat_robot/install/batrobot_controller/share/batrobot_controller/environment/library_path.sh
[0.632s] -- Up-to-date: /home/naveen/bat_robot/install/batrobot_controller/share/batrobot_controller/environment/library_path.dsv
[0.632s] -- Up-to-date: /home/naveen/bat_robot/install/batrobot_controller/share/ament_index/resource_index/package_run_dependencies/batrobot_controller
[0.633s] -- Up-to-date: /home/naveen/bat_robot/install/batrobot_controller/share/ament_index/resource_index/parent_prefix_path/batrobot_controller
[0.633s] -- Up-to-date: /home/naveen/bat_robot/install/batrobot_controller/share/batrobot_controller/environment/ament_prefix_path.sh
[0.638s] -- Up-to-date: /home/naveen/bat_robot/install/batrobot_controller/share/batrobot_controller/environment/ament_prefix_path.dsv
[0.638s] -- Up-to-date: /home/naveen/bat_robot/install/batrobot_controller/share/batrobot_controller/environment/path.sh
[0.642s] -- Up-to-date: /home/naveen/bat_robot/install/batrobot_controller/share/batrobot_controller/environment/path.dsv
[0.644s] -- Up-to-date: /home/naveen/bat_robot/install/batrobot_controller/share/batrobot_controller/local_setup.bash
[0.646s] -- Up-to-date: /home/naveen/bat_robot/install/batrobot_controller/share/batrobot_controller/local_setup.sh
[0.652s] -- Up-to-date: /home/naveen/bat_robot/install/batrobot_controller/share/batrobot_controller/local_setup.zsh
[0.653s] -- Up-to-date: /home/naveen/bat_robot/install/batrobot_controller/share/batrobot_controller/local_setup.dsv
[0.654s] -- Installing: /home/naveen/bat_robot/install/batrobot_controller/share/batrobot_controller/package.dsv
[0.654s] -- Up-to-date: /home/naveen/bat_robot/install/batrobot_controller/share/ament_index/resource_index/packages/batrobot_controller
[0.655s] -- Up-to-date: /home/naveen/bat_robot/install/batrobot_controller/share/ament_index/resource_index/hardware_interface__pluginlib__plugin/batrobot_controller
[0.655s] -- Up-to-date: /home/naveen/bat_robot/install/batrobot_controller/share/batrobot_controller/cmake/ament_cmake_export_include_directories-extras.cmake
[0.655s] -- Up-to-date: /home/naveen/bat_robot/install/batrobot_controller/share/batrobot_controller/cmake/ament_cmake_export_libraries-extras.cmake
[0.656s] -- Up-to-date: /home/naveen/bat_robot/install/batrobot_controller/share/batrobot_controller/cmake/ament_cmake_export_dependencies-extras.cmake
[0.661s] -- Up-to-date: /home/naveen/bat_robot/install/batrobot_controller/share/batrobot_controller/cmake/batrobot_controllerConfig.cmake
[0.661s] -- Up-to-date: /home/naveen/bat_robot/install/batrobot_controller/share/batrobot_controller/cmake/batrobot_controllerConfig-version.cmake
[0.661s] -- Up-to-date: /home/naveen/bat_robot/install/batrobot_controller/share/batrobot_controller/package.xml
[0.662s] Invoked command in '/home/naveen/bat_robot/build/batrobot_controller' returned '0': AMENT_PREFIX_PATH=/home/naveen/bat_robot/install/batrobot_description:${AMENT_PREFIX_PATH} CMAKE_PREFIX_PATH=/home/naveen/bat_robot/install/batrobot_description:/home/naveen/roarm_ws_em0/install/ros2web_interfaces:/home/naveen/roarm_ws_em0/install/roarm_msgs:/home/naveen/roarm_ws_em0/install/roarm_moveit_ikfast_plugins:/home/naveen/roarm_ws_em0/install/roarm_moveit_cmd:/home/naveen/roarm_ws_em0/install/roarm_moveit:/home/naveen/roarm_ws_em0/install/roarm_description:/home/naveen/roarm_ws_em0/install/moveit_servo:/home/naveen/roarm_ws_em0/install/alexa_integration:/home/naveen/roarm_ws_em0/install/ros2web_widgets:/home/naveen/roarm_ws_em0/install/ros2web_example_py:/home/naveen/roarm_ws_em0/install/roarm_web_app:/home/naveen/roarm_ws_em0/install/ros2web_app:/home/naveen/roarm_ws_em0/install/ros2web:/home/naveen/roarm_ws_em0/install/roarm_driver:/home/naveen/roarm_ws_em0/install/launch_api:/opt/ros/humble /usr/bin/cmake --install /home/naveen/bat_robot/build/batrobot_controller
