[0.182s] Invoking command in '/home/naveen/bat_robot/build/batrobot_moveit': AMENT_PREFIX_PATH=/home/naveen/bat_robot/install/batrobot_controller:/home/naveen/bat_robot/install/batrobot_description:${AMENT_PREFIX_PATH} CMAKE_PREFIX_PATH=/home/naveen/bat_robot/install/batrobot_controller:/home/naveen/bat_robot/install/batrobot_description:/home/naveen/roarm_ws_em0/install/ros2web_interfaces:/home/naveen/roarm_ws_em0/install/roarm_msgs:/home/naveen/roarm_ws_em0/install/roarm_moveit_ikfast_plugins:/home/naveen/roarm_ws_em0/install/roarm_moveit_cmd:/home/naveen/roarm_ws_em0/install/roarm_moveit:/home/naveen/roarm_ws_em0/install/roarm_description:/home/naveen/roarm_ws_em0/install/moveit_servo:/home/naveen/roarm_ws_em0/install/alexa_integration:/home/naveen/roarm_ws_em0/install/ros2web_widgets:/home/naveen/roarm_ws_em0/install/ros2web_example_py:/home/naveen/roarm_ws_em0/install/roarm_web_app:/home/naveen/roarm_ws_em0/install/ros2web_app:/home/naveen/roarm_ws_em0/install/ros2web:/home/naveen/roarm_ws_em0/install/roarm_driver:/home/naveen/roarm_ws_em0/install/launch_api:/opt/ros/humble /usr/bin/cmake --build /home/naveen/bat_robot/build/batrobot_moveit -- -j2 -l2
[0.653s] Invoked command in '/home/naveen/bat_robot/build/batrobot_moveit' returned '0': AMENT_PREFIX_PATH=/home/naveen/bat_robot/install/batrobot_controller:/home/naveen/bat_robot/install/batrobot_description:${AMENT_PREFIX_PATH} CMAKE_PREFIX_PATH=/home/naveen/bat_robot/install/batrobot_controller:/home/naveen/bat_robot/install/batrobot_description:/home/naveen/roarm_ws_em0/install/ros2web_interfaces:/home/naveen/roarm_ws_em0/install/roarm_msgs:/home/naveen/roarm_ws_em0/install/roarm_moveit_ikfast_plugins:/home/naveen/roarm_ws_em0/install/roarm_moveit_cmd:/home/naveen/roarm_ws_em0/install/roarm_moveit:/home/naveen/roarm_ws_em0/install/roarm_description:/home/naveen/roarm_ws_em0/install/moveit_servo:/home/naveen/roarm_ws_em0/install/alexa_integration:/home/naveen/roarm_ws_em0/install/ros2web_widgets:/home/naveen/roarm_ws_em0/install/ros2web_example_py:/home/naveen/roarm_ws_em0/install/roarm_web_app:/home/naveen/roarm_ws_em0/install/ros2web_app:/home/naveen/roarm_ws_em0/install/ros2web:/home/naveen/roarm_ws_em0/install/roarm_driver:/home/naveen/roarm_ws_em0/install/launch_api:/opt/ros/humble /usr/bin/cmake --build /home/naveen/bat_robot/build/batrobot_moveit -- -j2 -l2
[0.669s] Invoking command in '/home/naveen/bat_robot/build/batrobot_moveit': AMENT_PREFIX_PATH=/home/naveen/bat_robot/install/batrobot_controller:/home/naveen/bat_robot/install/batrobot_description:${AMENT_PREFIX_PATH} CMAKE_PREFIX_PATH=/home/naveen/bat_robot/install/batrobot_controller:/home/naveen/bat_robot/install/batrobot_description:/home/naveen/roarm_ws_em0/install/ros2web_interfaces:/home/naveen/roarm_ws_em0/install/roarm_msgs:/home/naveen/roarm_ws_em0/install/roarm_moveit_ikfast_plugins:/home/naveen/roarm_ws_em0/install/roarm_moveit_cmd:/home/naveen/roarm_ws_em0/install/roarm_moveit:/home/naveen/roarm_ws_em0/install/roarm_description:/home/naveen/roarm_ws_em0/install/moveit_servo:/home/naveen/roarm_ws_em0/install/alexa_integration:/home/naveen/roarm_ws_em0/install/ros2web_widgets:/home/naveen/roarm_ws_em0/install/ros2web_example_py:/home/naveen/roarm_ws_em0/install/roarm_web_app:/home/naveen/roarm_ws_em0/install/ros2web_app:/home/naveen/roarm_ws_em0/install/ros2web:/home/naveen/roarm_ws_em0/install/roarm_driver:/home/naveen/roarm_ws_em0/install/launch_api:/opt/ros/humble /usr/bin/cmake --install /home/naveen/bat_robot/build/batrobot_moveit
[0.837s] -- Install configuration: ""
[0.841s] -- Up-to-date: /home/naveen/bat_robot/install/batrobot_moveit/share/ament_index/resource_index/package_run_dependencies/batrobot_moveit
[0.846s] -- Up-to-date: /home/naveen/bat_robot/install/batrobot_moveit/share/ament_index/resource_index/parent_prefix_path/batrobot_moveit
[0.848s] -- Up-to-date: /home/naveen/bat_robot/install/batrobot_moveit/share/batrobot_moveit/environment/ament_prefix_path.sh
[0.851s] -- Up-to-date: /home/naveen/bat_robot/install/batrobot_moveit/share/batrobot_moveit/environment/ament_prefix_path.dsv
[0.854s] -- Up-to-date: /home/naveen/bat_robot/install/batrobot_moveit/share/batrobot_moveit/environment/path.sh
[0.859s] -- Up-to-date: /home/naveen/bat_robot/install/batrobot_moveit/share/batrobot_moveit/environment/path.dsv
[0.863s] -- Up-to-date: /home/naveen/bat_robot/install/batrobot_moveit/share/batrobot_moveit/local_setup.bash
[0.865s] -- Up-to-date: /home/naveen/bat_robot/install/batrobot_moveit/share/batrobot_moveit/local_setup.sh
[0.871s] -- Up-to-date: /home/naveen/bat_robot/install/batrobot_moveit/share/batrobot_moveit/local_setup.zsh
[0.877s] -- Up-to-date: /home/naveen/bat_robot/install/batrobot_moveit/share/batrobot_moveit/local_setup.dsv
[0.877s] -- Installing: /home/naveen/bat_robot/install/batrobot_moveit/share/batrobot_moveit/package.dsv
[0.877s] -- Up-to-date: /home/naveen/bat_robot/install/batrobot_moveit/share/ament_index/resource_index/packages/batrobot_moveit
[0.878s] -- Up-to-date: /home/naveen/bat_robot/install/batrobot_moveit/share/batrobot_moveit/cmake/batrobot_moveitConfig.cmake
[0.878s] -- Up-to-date: /home/naveen/bat_robot/install/batrobot_moveit/share/batrobot_moveit/cmake/batrobot_moveitConfig-version.cmake
[0.878s] -- Up-to-date: /home/naveen/bat_robot/install/batrobot_moveit/share/batrobot_moveit/package.xml
[0.886s] -- Up-to-date: /home/naveen/bat_robot/install/batrobot_moveit/share/batrobot_moveit/launch
[0.895s] -- Up-to-date: /home/naveen/bat_robot/install/batrobot_moveit/share/batrobot_moveit/launch/static_virtual_joint_tfs.launch.py
[0.898s] -- Up-to-date: /home/naveen/bat_robot/install/batrobot_moveit/share/batrobot_moveit/launch/spawn_controllers.launch.py
[0.898s] -- Up-to-date: /home/naveen/bat_robot/install/batrobot_moveit/share/batrobot_moveit/launch/moveit.launch.py
[0.902s] -- Up-to-date: /home/naveen/bat_robot/install/batrobot_moveit/share/batrobot_moveit/launch/moveit_rviz.launch.py
[0.907s] -- Up-to-date: /home/naveen/bat_robot/install/batrobot_moveit/share/batrobot_moveit/launch/move_group.launch.py
[0.909s] -- Up-to-date: /home/naveen/bat_robot/install/batrobot_moveit/share/batrobot_moveit/launch/rsp.launch.py
[0.912s] -- Up-to-date: /home/naveen/bat_robot/install/batrobot_moveit/share/batrobot_moveit/launch/setup_assistant.launch.py
[0.929s] -- Up-to-date: /home/naveen/bat_robot/install/batrobot_moveit/share/batrobot_moveit/launch/demo.launch.py
[0.929s] -- Up-to-date: /home/naveen/bat_robot/install/batrobot_moveit/share/batrobot_moveit/launch/warehouse_db.launch.py
[0.938s] -- Up-to-date: /home/naveen/bat_robot/install/batrobot_moveit/share/batrobot_moveit/config
[0.940s] -- Up-to-date: /home/naveen/bat_robot/install/batrobot_moveit/share/batrobot_moveit/config/joint_limits.yaml
[0.940s] -- Up-to-date: /home/naveen/bat_robot/install/batrobot_moveit/share/batrobot_moveit/config/moveit.rviz
[0.940s] -- Up-to-date: /home/naveen/bat_robot/install/batrobot_moveit/share/batrobot_moveit/config/kinematics.yaml
[0.946s] -- Up-to-date: /home/naveen/bat_robot/install/batrobot_moveit/share/batrobot_moveit/config/initial_positions.yaml
[0.948s] -- Up-to-date: /home/naveen/bat_robot/install/batrobot_moveit/share/batrobot_moveit/config/batrobot.srdf
[0.950s] -- Up-to-date: /home/naveen/bat_robot/install/batrobot_moveit/share/batrobot_moveit/config/moveit_controllers.yaml
[0.953s] -- Up-to-date: /home/naveen/bat_robot/install/batrobot_moveit/share/batrobot_moveit/config/batrobot.ros2_control.xacro
[0.954s] -- Up-to-date: /home/naveen/bat_robot/install/batrobot_moveit/share/batrobot_moveit/config/ros2_controllers.yaml
[0.957s] -- Up-to-date: /home/naveen/bat_robot/install/batrobot_moveit/share/batrobot_moveit/config/batrobot.urdf.xacro
[0.960s] -- Up-to-date: /home/naveen/bat_robot/install/batrobot_moveit/share/batrobot_moveit/config/pilz_cartesian_limits.yaml
[0.964s] -- Up-to-date: /home/naveen/bat_robot/install/batrobot_moveit/share/batrobot_moveit/.setup_assistant
[0.966s] Invoked command in '/home/naveen/bat_robot/build/batrobot_moveit' returned '0': AMENT_PREFIX_PATH=/home/naveen/bat_robot/install/batrobot_controller:/home/naveen/bat_robot/install/batrobot_description:${AMENT_PREFIX_PATH} CMAKE_PREFIX_PATH=/home/naveen/bat_robot/install/batrobot_controller:/home/naveen/bat_robot/install/batrobot_description:/home/naveen/roarm_ws_em0/install/ros2web_interfaces:/home/naveen/roarm_ws_em0/install/roarm_msgs:/home/naveen/roarm_ws_em0/install/roarm_moveit_ikfast_plugins:/home/naveen/roarm_ws_em0/install/roarm_moveit_cmd:/home/naveen/roarm_ws_em0/install/roarm_moveit:/home/naveen/roarm_ws_em0/install/roarm_description:/home/naveen/roarm_ws_em0/install/moveit_servo:/home/naveen/roarm_ws_em0/install/alexa_integration:/home/naveen/roarm_ws_em0/install/ros2web_widgets:/home/naveen/roarm_ws_em0/install/ros2web_example_py:/home/naveen/roarm_ws_em0/install/roarm_web_app:/home/naveen/roarm_ws_em0/install/ros2web_app:/home/naveen/roarm_ws_em0/install/ros2web:/home/naveen/roarm_ws_em0/install/roarm_driver:/home/naveen/roarm_ws_em0/install/launch_api:/opt/ros/humble /usr/bin/cmake --install /home/naveen/bat_robot/build/batrobot_moveit
