[0.042s] Invoking command in '/home/naveen/bat_robot/build/batrobot_msgs': CMAKE_PREFIX_PATH=${CMAKE_PREFIX_PATH}:/home/naveen/roarm_ws_em0/install/ros2web_widgets:/home/naveen/roarm_ws_em0/install/ros2web_example_py:/home/naveen/roarm_ws_em0/install/roarm_web_app:/home/naveen/roarm_ws_em0/install/ros2web_app:/home/naveen/roarm_ws_em0/install/ros2web:/home/naveen/roarm_ws_em0/install/roarm_driver:/home/naveen/roarm_ws_em0/install/launch_api:/opt/ros/humble /usr/bin/cmake --build /home/naveen/bat_robot/build/batrobot_msgs -- -j2 -l2
[0.215s] [  3%] Built target batrobot_msgs__cpp
[0.283s] [35m[1mConsolidate compiler generated dependencies of target batrobot_msgs__rosidl_generator_c[0m
[0.347s] [ 12%] Built target batrobot_msgs__rosidl_generator_c
[0.451s] [ 12%] Built target ament_cmake_python_copy_batrobot_msgs
[0.512s] [35m[1mConsolidate compiler generated dependencies of target batrobot_msgs__rosidl_typesupport_cpp[0m
[0.610s] [ 22%] Built target batrobot_msgs__rosidl_typesupport_cpp
[0.677s] [35m[1mConsolidate compiler generated dependencies of target batrobot_msgs__rosidl_typesupport_fastrtps_c[0m
[0.768s] [ 32%] Built target batrobot_msgs__rosidl_typesupport_fastrtps_c
[0.836s] [35m[1mConsolidate compiler generated dependencies of target batrobot_msgs__rosidl_typesupport_fastrtps_cpp[0m
[0.906s] [ 41%] Built target batrobot_msgs__rosidl_typesupport_fastrtps_cpp
[0.970s] [35m[1mConsolidate compiler generated dependencies of target batrobot_msgs__rosidl_typesupport_introspection_c[0m
[1.039s] [ 51%] Built target batrobot_msgs__rosidl_typesupport_introspection_c
[1.124s] [35m[1mConsolidate compiler generated dependencies of target batrobot_msgs__rosidl_typesupport_c[0m
[1.210s] [ 61%] Built target batrobot_msgs__rosidl_typesupport_c
[1.319s] [35m[1mConsolidate compiler generated dependencies of target batrobot_msgs__rosidl_typesupport_introspection_cpp[0m
[1.405s] [ 70%] Built target batrobot_msgs__rosidl_typesupport_introspection_cpp
[3.700s] running egg_info
[3.710s] writing batrobot_msgs.egg-info/PKG-INFO
[3.710s] writing dependency_links to batrobot_msgs.egg-info/dependency_links.txt
[3.714s] writing top-level names to batrobot_msgs.egg-info/top_level.txt
[3.735s] reading manifest file 'batrobot_msgs.egg-info/SOURCES.txt'
[3.738s] writing manifest file 'batrobot_msgs.egg-info/SOURCES.txt'
[3.985s] [ 70%] Built target ament_cmake_python_build_batrobot_msgs_egg
[4.129s] [ 70%] Built target batrobot_msgs
[4.261s] [ 74%] Built target batrobot_msgs__py
[4.356s] [35m[1mConsolidate compiler generated dependencies of target batrobot_msgs__rosidl_generator_py[0m
[4.432s] [ 80%] Built target batrobot_msgs__rosidl_generator_py
[4.498s] [35m[1mConsolidate compiler generated dependencies of target batrobot_msgs__rosidl_typesupport_fastrtps_c__pyext[0m
[4.580s] [ 87%] Built target batrobot_msgs__rosidl_typesupport_fastrtps_c__pyext
[4.660s] [35m[1mConsolidate compiler generated dependencies of target batrobot_msgs__rosidl_typesupport_introspection_c__pyext[0m
[4.722s] [ 93%] Built target batrobot_msgs__rosidl_typesupport_introspection_c__pyext
[4.796s] [35m[1mConsolidate compiler generated dependencies of target batrobot_msgs__rosidl_typesupport_c__pyext[0m
[4.878s] [100%] Built target batrobot_msgs__rosidl_typesupport_c__pyext
[4.961s] Invoked command in '/home/naveen/bat_robot/build/batrobot_msgs' returned '0': CMAKE_PREFIX_PATH=${CMAKE_PREFIX_PATH}:/home/naveen/roarm_ws_em0/install/ros2web_widgets:/home/naveen/roarm_ws_em0/install/ros2web_example_py:/home/naveen/roarm_ws_em0/install/roarm_web_app:/home/naveen/roarm_ws_em0/install/ros2web_app:/home/naveen/roarm_ws_em0/install/ros2web:/home/naveen/roarm_ws_em0/install/roarm_driver:/home/naveen/roarm_ws_em0/install/launch_api:/opt/ros/humble /usr/bin/cmake --build /home/naveen/bat_robot/build/batrobot_msgs -- -j2 -l2
[4.963s] Invoking command in '/home/naveen/bat_robot/build/batrobot_msgs': CMAKE_PREFIX_PATH=${CMAKE_PREFIX_PATH}:/home/naveen/roarm_ws_em0/install/ros2web_widgets:/home/naveen/roarm_ws_em0/install/ros2web_example_py:/home/naveen/roarm_ws_em0/install/roarm_web_app:/home/naveen/roarm_ws_em0/install/ros2web_app:/home/naveen/roarm_ws_em0/install/ros2web:/home/naveen/roarm_ws_em0/install/roarm_driver:/home/naveen/roarm_ws_em0/install/launch_api:/opt/ros/humble /usr/bin/cmake --install /home/naveen/bat_robot/build/batrobot_msgs
[5.047s] -- Install configuration: ""
[5.047s] -- Up-to-date: /home/naveen/bat_robot/install/batrobot_msgs/share/ament_index/resource_index/rosidl_interfaces/batrobot_msgs
[5.050s] -- Up-to-date: /home/naveen/bat_robot/install/batrobot_msgs/include/batrobot_msgs/batrobot_msgs
[5.050s] -- Up-to-date: /home/naveen/bat_robot/install/batrobot_msgs/include/batrobot_msgs/batrobot_msgs/msg
[5.050s] -- Up-to-date: /home/naveen/bat_robot/install/batrobot_msgs/include/batrobot_msgs/batrobot_msgs/msg/rosidl_generator_c__visibility_control.h
[5.054s] -- Up-to-date: /home/naveen/bat_robot/install/batrobot_msgs/include/batrobot_msgs/batrobot_msgs/action
[5.055s] -- Up-to-date: /home/naveen/bat_robot/install/batrobot_msgs/include/batrobot_msgs/batrobot_msgs/action/batrobot_task.h
[5.055s] -- Up-to-date: /home/naveen/bat_robot/install/batrobot_msgs/include/batrobot_msgs/batrobot_msgs/action/detail
[5.056s] -- Up-to-date: /home/naveen/bat_robot/install/batrobot_msgs/include/batrobot_msgs/batrobot_msgs/action/detail/batrobot_task__functions.c
[5.056s] -- Up-to-date: /home/naveen/bat_robot/install/batrobot_msgs/include/batrobot_msgs/batrobot_msgs/action/detail/batrobot_task__functions.h
[5.056s] -- Up-to-date: /home/naveen/bat_robot/install/batrobot_msgs/include/batrobot_msgs/batrobot_msgs/action/detail/batrobot_task__struct.h
[5.057s] -- Up-to-date: /home/naveen/bat_robot/install/batrobot_msgs/include/batrobot_msgs/batrobot_msgs/action/detail/batrobot_task__type_support.h
[5.062s] -- Up-to-date: /home/naveen/bat_robot/install/batrobot_msgs/share/batrobot_msgs/environment/library_path.sh
[5.062s] -- Up-to-date: /home/naveen/bat_robot/install/batrobot_msgs/share/batrobot_msgs/environment/library_path.dsv
[5.063s] -- Up-to-date: /home/naveen/bat_robot/install/batrobot_msgs/lib/libbatrobot_msgs__rosidl_generator_c.so
[5.063s] -- Up-to-date: /home/naveen/bat_robot/install/batrobot_msgs/include/batrobot_msgs/batrobot_msgs
[5.063s] -- Up-to-date: /home/naveen/bat_robot/install/batrobot_msgs/include/batrobot_msgs/batrobot_msgs/msg
[5.063s] -- Up-to-date: /home/naveen/bat_robot/install/batrobot_msgs/include/batrobot_msgs/batrobot_msgs/msg/rosidl_typesupport_fastrtps_c__visibility_control.h
[5.069s] -- Up-to-date: /home/naveen/bat_robot/install/batrobot_msgs/include/batrobot_msgs/batrobot_msgs/action
[5.070s] -- Up-to-date: /home/naveen/bat_robot/install/batrobot_msgs/include/batrobot_msgs/batrobot_msgs/action/detail
[5.070s] -- Up-to-date: /home/naveen/bat_robot/install/batrobot_msgs/include/batrobot_msgs/batrobot_msgs/action/detail/batrobot_task__rosidl_typesupport_fastrtps_c.h
[5.070s] -- Up-to-date: /home/naveen/bat_robot/install/batrobot_msgs/lib/libbatrobot_msgs__rosidl_typesupport_fastrtps_c.so
[5.071s] -- Up-to-date: /home/naveen/bat_robot/install/batrobot_msgs/include/batrobot_msgs/batrobot_msgs
[5.074s] -- Up-to-date: /home/naveen/bat_robot/install/batrobot_msgs/include/batrobot_msgs/batrobot_msgs/msg
[5.075s] -- Up-to-date: /home/naveen/bat_robot/install/batrobot_msgs/include/batrobot_msgs/batrobot_msgs/msg/rosidl_generator_cpp__visibility_control.hpp
[5.075s] -- Up-to-date: /home/naveen/bat_robot/install/batrobot_msgs/include/batrobot_msgs/batrobot_msgs/action
[5.078s] -- Up-to-date: /home/naveen/bat_robot/install/batrobot_msgs/include/batrobot_msgs/batrobot_msgs/action/batrobot_task.hpp
[5.078s] -- Up-to-date: /home/naveen/bat_robot/install/batrobot_msgs/include/batrobot_msgs/batrobot_msgs/action/detail
[5.078s] -- Up-to-date: /home/naveen/bat_robot/install/batrobot_msgs/include/batrobot_msgs/batrobot_msgs/action/detail/batrobot_task__type_support.hpp
[5.079s] -- Up-to-date: /home/naveen/bat_robot/install/batrobot_msgs/include/batrobot_msgs/batrobot_msgs/action/detail/batrobot_task__struct.hpp
[5.079s] -- Up-to-date: /home/naveen/bat_robot/install/batrobot_msgs/include/batrobot_msgs/batrobot_msgs/action/detail/batrobot_task__traits.hpp
[5.079s] -- Up-to-date: /home/naveen/bat_robot/install/batrobot_msgs/include/batrobot_msgs/batrobot_msgs/action/detail/batrobot_task__builder.hpp
[5.084s] -- Up-to-date: /home/naveen/bat_robot/install/batrobot_msgs/include/batrobot_msgs/batrobot_msgs
[5.085s] -- Up-to-date: /home/naveen/bat_robot/install/batrobot_msgs/include/batrobot_msgs/batrobot_msgs/msg
[5.085s] -- Up-to-date: /home/naveen/bat_robot/install/batrobot_msgs/include/batrobot_msgs/batrobot_msgs/msg/rosidl_typesupport_fastrtps_cpp__visibility_control.h
[5.085s] -- Up-to-date: /home/naveen/bat_robot/install/batrobot_msgs/include/batrobot_msgs/batrobot_msgs/action
[5.090s] -- Up-to-date: /home/naveen/bat_robot/install/batrobot_msgs/include/batrobot_msgs/batrobot_msgs/action/detail
[5.090s] -- Up-to-date: /home/naveen/bat_robot/install/batrobot_msgs/include/batrobot_msgs/batrobot_msgs/action/detail/dds_fastrtps
[5.091s] -- Up-to-date: /home/naveen/bat_robot/install/batrobot_msgs/include/batrobot_msgs/batrobot_msgs/action/detail/batrobot_task__rosidl_typesupport_fastrtps_cpp.hpp
[5.091s] -- Up-to-date: /home/naveen/bat_robot/install/batrobot_msgs/lib/libbatrobot_msgs__rosidl_typesupport_fastrtps_cpp.so
[5.091s] -- Up-to-date: /home/naveen/bat_robot/install/batrobot_msgs/include/batrobot_msgs/batrobot_msgs
[5.091s] -- Up-to-date: /home/naveen/bat_robot/install/batrobot_msgs/include/batrobot_msgs/batrobot_msgs/msg
[5.091s] -- Up-to-date: /home/naveen/bat_robot/install/batrobot_msgs/include/batrobot_msgs/batrobot_msgs/msg/rosidl_typesupport_introspection_c__visibility_control.h
[5.098s] -- Up-to-date: /home/naveen/bat_robot/install/batrobot_msgs/include/batrobot_msgs/batrobot_msgs/action
[5.100s] -- Up-to-date: /home/naveen/bat_robot/install/batrobot_msgs/include/batrobot_msgs/batrobot_msgs/action/detail
[5.100s] -- Up-to-date: /home/naveen/bat_robot/install/batrobot_msgs/include/batrobot_msgs/batrobot_msgs/action/detail/batrobot_task__type_support.c
[5.100s] -- Up-to-date: /home/naveen/bat_robot/install/batrobot_msgs/include/batrobot_msgs/batrobot_msgs/action/detail/batrobot_task__rosidl_typesupport_introspection_c.h
[5.104s] -- Up-to-date: /home/naveen/bat_robot/install/batrobot_msgs/lib/libbatrobot_msgs__rosidl_typesupport_introspection_c.so
[5.107s] -- Up-to-date: /home/naveen/bat_robot/install/batrobot_msgs/lib/libbatrobot_msgs__rosidl_typesupport_c.so
[5.108s] -- Up-to-date: /home/naveen/bat_robot/install/batrobot_msgs/include/batrobot_msgs/batrobot_msgs
[5.108s] -- Up-to-date: /home/naveen/bat_robot/install/batrobot_msgs/include/batrobot_msgs/batrobot_msgs/action
[5.108s] -- Up-to-date: /home/naveen/bat_robot/install/batrobot_msgs/include/batrobot_msgs/batrobot_msgs/action/detail
[5.108s] -- Up-to-date: /home/naveen/bat_robot/install/batrobot_msgs/include/batrobot_msgs/batrobot_msgs/action/detail/batrobot_task__type_support.cpp
[5.109s] -- Up-to-date: /home/naveen/bat_robot/install/batrobot_msgs/include/batrobot_msgs/batrobot_msgs/action/detail/batrobot_task__rosidl_typesupport_introspection_cpp.hpp
[5.113s] -- Up-to-date: /home/naveen/bat_robot/install/batrobot_msgs/lib/libbatrobot_msgs__rosidl_typesupport_introspection_cpp.so
[5.113s] -- Up-to-date: /home/naveen/bat_robot/install/batrobot_msgs/lib/libbatrobot_msgs__rosidl_typesupport_cpp.so
[5.114s] -- Up-to-date: /home/naveen/bat_robot/install/batrobot_msgs/share/batrobot_msgs/environment/pythonpath.sh
[5.114s] -- Up-to-date: /home/naveen/bat_robot/install/batrobot_msgs/share/batrobot_msgs/environment/pythonpath.dsv
[5.114s] -- Up-to-date: /home/naveen/bat_robot/install/batrobot_msgs/local/lib/python3.10/dist-packages/batrobot_msgs-0.0.0-py3.10.egg-info
[5.114s] -- Installing: /home/naveen/bat_robot/install/batrobot_msgs/local/lib/python3.10/dist-packages/batrobot_msgs-0.0.0-py3.10.egg-info/dependency_links.txt
[5.114s] -- Installing: /home/naveen/bat_robot/install/batrobot_msgs/local/lib/python3.10/dist-packages/batrobot_msgs-0.0.0-py3.10.egg-info/top_level.txt
[5.125s] -- Installing: /home/naveen/bat_robot/install/batrobot_msgs/local/lib/python3.10/dist-packages/batrobot_msgs-0.0.0-py3.10.egg-info/SOURCES.txt
[5.126s] -- Installing: /home/naveen/bat_robot/install/batrobot_msgs/local/lib/python3.10/dist-packages/batrobot_msgs-0.0.0-py3.10.egg-info/PKG-INFO
[5.126s] -- Up-to-date: /home/naveen/bat_robot/install/batrobot_msgs/local/lib/python3.10/dist-packages/batrobot_msgs
[5.126s] -- Up-to-date: /home/naveen/bat_robot/install/batrobot_msgs/local/lib/python3.10/dist-packages/batrobot_msgs/__init__.py
[5.127s] -- Up-to-date: /home/naveen/bat_robot/install/batrobot_msgs/local/lib/python3.10/dist-packages/batrobot_msgs/batrobot_msgs_s__rosidl_typesupport_c.cpython-310-x86_64-linux-gnu.so
[5.127s] -- Up-to-date: /home/naveen/bat_robot/install/batrobot_msgs/local/lib/python3.10/dist-packages/batrobot_msgs/batrobot_msgs_s__rosidl_typesupport_introspection_c.cpython-310-x86_64-linux-gnu.so
[5.127s] -- Up-to-date: /home/naveen/bat_robot/install/batrobot_msgs/local/lib/python3.10/dist-packages/batrobot_msgs/libbatrobot_msgs__rosidl_generator_py.so
[5.127s] -- Up-to-date: /home/naveen/bat_robot/install/batrobot_msgs/local/lib/python3.10/dist-packages/batrobot_msgs/batrobot_msgs_s__rosidl_typesupport_fastrtps_c.cpython-310-x86_64-linux-gnu.so
[5.127s] -- Up-to-date: /home/naveen/bat_robot/install/batrobot_msgs/local/lib/python3.10/dist-packages/batrobot_msgs/_batrobot_msgs_s.ep.rosidl_typesupport_c.c
[5.134s] -- Up-to-date: /home/naveen/bat_robot/install/batrobot_msgs/local/lib/python3.10/dist-packages/batrobot_msgs/_batrobot_msgs_s.ep.rosidl_typesupport_fastrtps_c.c
[5.134s] -- Up-to-date: /home/naveen/bat_robot/install/batrobot_msgs/local/lib/python3.10/dist-packages/batrobot_msgs/action
[5.134s] -- Up-to-date: /home/naveen/bat_robot/install/batrobot_msgs/local/lib/python3.10/dist-packages/batrobot_msgs/action/__init__.py
[5.135s] -- Up-to-date: /home/naveen/bat_robot/install/batrobot_msgs/local/lib/python3.10/dist-packages/batrobot_msgs/action/_batrobot_task_s.c
[5.135s] -- Up-to-date: /home/naveen/bat_robot/install/batrobot_msgs/local/lib/python3.10/dist-packages/batrobot_msgs/action/_batrobot_task.py
[5.135s] -- Up-to-date: /home/naveen/bat_robot/install/batrobot_msgs/local/lib/python3.10/dist-packages/batrobot_msgs/_batrobot_msgs_s.ep.rosidl_typesupport_introspection_c.c
[5.413s] Listing '/home/naveen/bat_robot/install/batrobot_msgs/local/lib/python3.10/dist-packages/batrobot_msgs'...
[5.421s] Listing '/home/naveen/bat_robot/install/batrobot_msgs/local/lib/python3.10/dist-packages/batrobot_msgs/action'...
[5.457s] -- Up-to-date: /home/naveen/bat_robot/install/batrobot_msgs/local/lib/python3.10/dist-packages/batrobot_msgs/batrobot_msgs_s__rosidl_typesupport_fastrtps_c.cpython-310-x86_64-linux-gnu.so
[5.459s] -- Up-to-date: /home/naveen/bat_robot/install/batrobot_msgs/local/lib/python3.10/dist-packages/batrobot_msgs/batrobot_msgs_s__rosidl_typesupport_introspection_c.cpython-310-x86_64-linux-gnu.so
[5.462s] -- Up-to-date: /home/naveen/bat_robot/install/batrobot_msgs/local/lib/python3.10/dist-packages/batrobot_msgs/batrobot_msgs_s__rosidl_typesupport_c.cpython-310-x86_64-linux-gnu.so
[5.464s] -- Up-to-date: /home/naveen/bat_robot/install/batrobot_msgs/lib/libbatrobot_msgs__rosidl_generator_py.so
[5.464s] -- Up-to-date: /home/naveen/bat_robot/install/batrobot_msgs/share/batrobot_msgs/action/BatrobotTask.idl
[5.467s] -- Up-to-date: /home/naveen/bat_robot/install/batrobot_msgs/share/batrobot_msgs/action/BatrobotTask.action
[5.467s] -- Up-to-date: /home/naveen/bat_robot/install/batrobot_msgs/share/ament_index/resource_index/package_run_dependencies/batrobot_msgs
[5.468s] -- Up-to-date: /home/naveen/bat_robot/install/batrobot_msgs/share/ament_index/resource_index/parent_prefix_path/batrobot_msgs
[5.468s] -- Up-to-date: /home/naveen/bat_robot/install/batrobot_msgs/share/batrobot_msgs/environment/ament_prefix_path.sh
[5.468s] -- Up-to-date: /home/naveen/bat_robot/install/batrobot_msgs/share/batrobot_msgs/environment/ament_prefix_path.dsv
[5.468s] -- Up-to-date: /home/naveen/bat_robot/install/batrobot_msgs/share/batrobot_msgs/environment/path.sh
[5.473s] -- Up-to-date: /home/naveen/bat_robot/install/batrobot_msgs/share/batrobot_msgs/environment/path.dsv
[5.473s] -- Up-to-date: /home/naveen/bat_robot/install/batrobot_msgs/share/batrobot_msgs/local_setup.bash
[5.474s] -- Up-to-date: /home/naveen/bat_robot/install/batrobot_msgs/share/batrobot_msgs/local_setup.sh
[5.476s] -- Up-to-date: /home/naveen/bat_robot/install/batrobot_msgs/share/batrobot_msgs/local_setup.zsh
[5.479s] -- Up-to-date: /home/naveen/bat_robot/install/batrobot_msgs/share/batrobot_msgs/local_setup.dsv
[5.479s] -- Installing: /home/naveen/bat_robot/install/batrobot_msgs/share/batrobot_msgs/package.dsv
[5.480s] -- Up-to-date: /home/naveen/bat_robot/install/batrobot_msgs/share/ament_index/resource_index/packages/batrobot_msgs
[5.480s] -- Up-to-date: /home/naveen/bat_robot/install/batrobot_msgs/share/batrobot_msgs/cmake/export_batrobot_msgs__rosidl_generator_cExport.cmake
[5.480s] -- Up-to-date: /home/naveen/bat_robot/install/batrobot_msgs/share/batrobot_msgs/cmake/export_batrobot_msgs__rosidl_generator_cExport-noconfig.cmake
[5.481s] -- Up-to-date: /home/naveen/bat_robot/install/batrobot_msgs/share/batrobot_msgs/cmake/export_batrobot_msgs__rosidl_typesupport_fastrtps_cExport.cmake
[5.481s] -- Up-to-date: /home/naveen/bat_robot/install/batrobot_msgs/share/batrobot_msgs/cmake/export_batrobot_msgs__rosidl_typesupport_fastrtps_cExport-noconfig.cmake
[5.481s] -- Up-to-date: /home/naveen/bat_robot/install/batrobot_msgs/share/batrobot_msgs/cmake/export_batrobot_msgs__rosidl_generator_cppExport.cmake
[5.481s] -- Up-to-date: /home/naveen/bat_robot/install/batrobot_msgs/share/batrobot_msgs/cmake/export_batrobot_msgs__rosidl_typesupport_fastrtps_cppExport.cmake
[5.482s] -- Up-to-date: /home/naveen/bat_robot/install/batrobot_msgs/share/batrobot_msgs/cmake/export_batrobot_msgs__rosidl_typesupport_fastrtps_cppExport-noconfig.cmake
[5.488s] -- Up-to-date: /home/naveen/bat_robot/install/batrobot_msgs/share/batrobot_msgs/cmake/batrobot_msgs__rosidl_typesupport_introspection_cExport.cmake
[5.489s] -- Up-to-date: /home/naveen/bat_robot/install/batrobot_msgs/share/batrobot_msgs/cmake/batrobot_msgs__rosidl_typesupport_introspection_cExport-noconfig.cmake
[5.497s] -- Up-to-date: /home/naveen/bat_robot/install/batrobot_msgs/share/batrobot_msgs/cmake/batrobot_msgs__rosidl_typesupport_cExport.cmake
[5.497s] -- Up-to-date: /home/naveen/bat_robot/install/batrobot_msgs/share/batrobot_msgs/cmake/batrobot_msgs__rosidl_typesupport_cExport-noconfig.cmake
[5.497s] -- Up-to-date: /home/naveen/bat_robot/install/batrobot_msgs/share/batrobot_msgs/cmake/batrobot_msgs__rosidl_typesupport_introspection_cppExport.cmake
[5.500s] -- Up-to-date: /home/naveen/bat_robot/install/batrobot_msgs/share/batrobot_msgs/cmake/batrobot_msgs__rosidl_typesupport_introspection_cppExport-noconfig.cmake
[5.500s] -- Up-to-date: /home/naveen/bat_robot/install/batrobot_msgs/share/batrobot_msgs/cmake/batrobot_msgs__rosidl_typesupport_cppExport.cmake
[5.500s] -- Up-to-date: /home/naveen/bat_robot/install/batrobot_msgs/share/batrobot_msgs/cmake/batrobot_msgs__rosidl_typesupport_cppExport-noconfig.cmake
[5.503s] -- Up-to-date: /home/naveen/bat_robot/install/batrobot_msgs/share/batrobot_msgs/cmake/export_batrobot_msgs__rosidl_generator_pyExport.cmake
[5.503s] -- Up-to-date: /home/naveen/bat_robot/install/batrobot_msgs/share/batrobot_msgs/cmake/export_batrobot_msgs__rosidl_generator_pyExport-noconfig.cmake
[5.504s] -- Up-to-date: /home/naveen/bat_robot/install/batrobot_msgs/share/batrobot_msgs/cmake/rosidl_cmake-extras.cmake
[5.504s] -- Up-to-date: /home/naveen/bat_robot/install/batrobot_msgs/share/batrobot_msgs/cmake/ament_cmake_export_dependencies-extras.cmake
[5.504s] -- Up-to-date: /home/naveen/bat_robot/install/batrobot_msgs/share/batrobot_msgs/cmake/ament_cmake_export_include_directories-extras.cmake
[5.504s] -- Up-to-date: /home/naveen/bat_robot/install/batrobot_msgs/share/batrobot_msgs/cmake/ament_cmake_export_libraries-extras.cmake
[5.505s] -- Up-to-date: /home/naveen/bat_robot/install/batrobot_msgs/share/batrobot_msgs/cmake/ament_cmake_export_targets-extras.cmake
[5.509s] -- Up-to-date: /home/naveen/bat_robot/install/batrobot_msgs/share/batrobot_msgs/cmake/rosidl_cmake_export_typesupport_targets-extras.cmake
[5.510s] -- Up-to-date: /home/naveen/bat_robot/install/batrobot_msgs/share/batrobot_msgs/cmake/rosidl_cmake_export_typesupport_libraries-extras.cmake
[5.512s] -- Up-to-date: /home/naveen/bat_robot/install/batrobot_msgs/share/batrobot_msgs/cmake/batrobot_msgsConfig.cmake
[5.512s] -- Up-to-date: /home/naveen/bat_robot/install/batrobot_msgs/share/batrobot_msgs/cmake/batrobot_msgsConfig-version.cmake
[5.513s] -- Up-to-date: /home/naveen/bat_robot/install/batrobot_msgs/share/batrobot_msgs/package.xml
[5.513s] Invoked command in '/home/naveen/bat_robot/build/batrobot_msgs' returned '0': CMAKE_PREFIX_PATH=${CMAKE_PREFIX_PATH}:/home/naveen/roarm_ws_em0/install/ros2web_widgets:/home/naveen/roarm_ws_em0/install/ros2web_example_py:/home/naveen/roarm_ws_em0/install/roarm_web_app:/home/naveen/roarm_ws_em0/install/ros2web_app:/home/naveen/roarm_ws_em0/install/ros2web:/home/naveen/roarm_ws_em0/install/roarm_driver:/home/naveen/roarm_ws_em0/install/launch_api:/opt/ros/humble /usr/bin/cmake --install /home/naveen/bat_robot/build/batrobot_msgs
