[0.684s] DEBUG:colcon:Command line arguments: ['/usr/bin/colcon', 'build']
[0.686s] DEBUG:colcon:Parsed command line arguments: Namespace(log_base=None, log_level=None, verb_name='build', build_base='build', install_base='install', merge_install=False, symlink_install=False, test_result_base=None, continue_on_error=False, executor='parallel', parallel_workers=2, event_handlers=None, ignore_user_meta=False, metas=['./colcon.meta'], base_paths=['.'], packages_ignore=None, packages_ignore_regex=None, paths=None, packages_up_to=None, packages_up_to_regex=None, packages_above=None, packages_above_and_dependencies=None, packages_above_depth=None, packages_select_by_dep=None, packages_skip_by_dep=None, packages_skip_up_to=None, packages_select_build_failed=False, packages_skip_build_finished=False, packages_select_test_failures=False, packages_skip_test_passed=False, packages_select=None, packages_skip=None, packages_select_regex=None, packages_skip_regex=None, packages_start=None, packages_end=None, allow_overriding=[], cmake_args=None, cmake_target=None, cmake_target_skip_unavailable=False, cmake_clean_cache=False, cmake_clean_first=False, cmake_force_configure=False, ament_cmake_args=None, catkin_cmake_args=None, catkin_skip_building_tests=False, mixin_files=None, mixin=None, verb_parser=<colcon_mixin.mixin.mixin_argument.MixinArgumentDecorator object at 0x78e9e8a67580>, verb_extension=<colcon_core.verb.build.BuildVerb object at 0x78e9e8a66e00>, main=<bound method BuildVerb.main of <colcon_core.verb.build.BuildVerb object at 0x78e9e8a66e00>>, mixin_verb=('build',))
[2.086s] Level 1:colcon.colcon_core.package_discovery:discover_packages(colcon_meta) check parameters
[2.086s] Level 1:colcon.colcon_core.package_discovery:discover_packages(recursive) check parameters
[2.086s] Level 1:colcon.colcon_core.package_discovery:discover_packages(ignore) check parameters
[2.087s] Level 1:colcon.colcon_core.package_discovery:discover_packages(path) check parameters
[2.087s] Level 1:colcon.colcon_core.package_discovery:discover_packages(colcon_meta) discover
[2.087s] Level 1:colcon.colcon_core.package_discovery:discover_packages(recursive) discover
[2.087s] INFO:colcon.colcon_core.package_discovery:Crawling recursively for packages in '/home/naveen/bat_robot'
[2.088s] Level 1:colcon.colcon_core.package_identification:_identify(.) by extensions ['ignore', 'ignore_ament_install']
[2.088s] Level 1:colcon.colcon_core.package_identification:_identify(.) by extension 'ignore'
[2.089s] Level 1:colcon.colcon_core.package_identification:_identify(.) by extension 'ignore_ament_install'
[2.089s] Level 1:colcon.colcon_core.package_identification:_identify(.) by extensions ['colcon_pkg']
[2.089s] Level 1:colcon.colcon_core.package_identification:_identify(.) by extension 'colcon_pkg'
[2.089s] Level 1:colcon.colcon_core.package_identification:_identify(.) by extensions ['colcon_meta']
[2.089s] Level 1:colcon.colcon_core.package_identification:_identify(.) by extension 'colcon_meta'
[2.089s] Level 1:colcon.colcon_core.package_identification:_identify(.) by extensions ['ros']
[2.090s] Level 1:colcon.colcon_core.package_identification:_identify(.) by extension 'ros'
[2.136s] Level 1:colcon.colcon_core.package_identification:_identify(.) by extensions ['cmake', 'python']
[2.136s] Level 1:colcon.colcon_core.package_identification:_identify(.) by extension 'cmake'
[2.136s] Level 1:colcon.colcon_core.package_identification:_identify(.) by extension 'python'
[2.136s] Level 1:colcon.colcon_core.package_identification:_identify(.) by extensions ['python_setup_py']
[2.136s] Level 1:colcon.colcon_core.package_identification:_identify(.) by extension 'python_setup_py'
[2.137s] Level 1:colcon.colcon_core.package_identification:_identify(build) by extensions ['ignore', 'ignore_ament_install']
[2.138s] Level 1:colcon.colcon_core.package_identification:_identify(build) by extension 'ignore'
[2.138s] Level 1:colcon.colcon_core.package_identification:_identify(build) ignored
[2.139s] Level 1:colcon.colcon_core.package_identification:_identify(install) by extensions ['ignore', 'ignore_ament_install']
[2.139s] Level 1:colcon.colcon_core.package_identification:_identify(install) by extension 'ignore'
[2.139s] Level 1:colcon.colcon_core.package_identification:_identify(install) ignored
[2.142s] Level 1:colcon.colcon_core.package_identification:_identify(log) by extensions ['ignore', 'ignore_ament_install']
[2.143s] Level 1:colcon.colcon_core.package_identification:_identify(log) by extension 'ignore'
[2.143s] Level 1:colcon.colcon_core.package_identification:_identify(log) ignored
[2.144s] Level 1:colcon.colcon_core.package_identification:_identify(src) by extensions ['ignore', 'ignore_ament_install']
[2.144s] Level 1:colcon.colcon_core.package_identification:_identify(src) by extension 'ignore'
[2.145s] Level 1:colcon.colcon_core.package_identification:_identify(src) by extension 'ignore_ament_install'
[2.145s] Level 1:colcon.colcon_core.package_identification:_identify(src) by extensions ['colcon_pkg']
[2.145s] Level 1:colcon.colcon_core.package_identification:_identify(src) by extension 'colcon_pkg'
[2.145s] Level 1:colcon.colcon_core.package_identification:_identify(src) by extensions ['colcon_meta']
[2.146s] Level 1:colcon.colcon_core.package_identification:_identify(src) by extension 'colcon_meta'
[2.146s] Level 1:colcon.colcon_core.package_identification:_identify(src) by extensions ['ros']
[2.146s] Level 1:colcon.colcon_core.package_identification:_identify(src) by extension 'ros'
[2.146s] Level 1:colcon.colcon_core.package_identification:_identify(src) by extensions ['cmake', 'python']
[2.147s] Level 1:colcon.colcon_core.package_identification:_identify(src) by extension 'cmake'
[2.147s] Level 1:colcon.colcon_core.package_identification:_identify(src) by extension 'python'
[2.147s] Level 1:colcon.colcon_core.package_identification:_identify(src) by extensions ['python_setup_py']
[2.147s] Level 1:colcon.colcon_core.package_identification:_identify(src) by extension 'python_setup_py'
[2.148s] Level 1:colcon.colcon_core.package_identification:_identify(src/batrobot_controller) by extensions ['ignore', 'ignore_ament_install']
[2.148s] Level 1:colcon.colcon_core.package_identification:_identify(src/batrobot_controller) by extension 'ignore'
[2.148s] Level 1:colcon.colcon_core.package_identification:_identify(src/batrobot_controller) by extension 'ignore_ament_install'
[2.149s] Level 1:colcon.colcon_core.package_identification:_identify(src/batrobot_controller) by extensions ['colcon_pkg']
[2.149s] Level 1:colcon.colcon_core.package_identification:_identify(src/batrobot_controller) by extension 'colcon_pkg'
[2.149s] Level 1:colcon.colcon_core.package_identification:_identify(src/batrobot_controller) by extensions ['colcon_meta']
[2.149s] Level 1:colcon.colcon_core.package_identification:_identify(src/batrobot_controller) by extension 'colcon_meta'
[2.149s] Level 1:colcon.colcon_core.package_identification:_identify(src/batrobot_controller) by extensions ['ros']
[2.150s] Level 1:colcon.colcon_core.package_identification:_identify(src/batrobot_controller) by extension 'ros'
[2.162s] DEBUG:colcon.colcon_core.package_identification:Package 'src/batrobot_controller' with type 'ros.ament_cmake' and name 'batrobot_controller'
[2.164s] Level 1:colcon.colcon_core.package_identification:_identify(src/batrobot_description) by extensions ['ignore', 'ignore_ament_install']
[2.164s] Level 1:colcon.colcon_core.package_identification:_identify(src/batrobot_description) by extension 'ignore'
[2.165s] Level 1:colcon.colcon_core.package_identification:_identify(src/batrobot_description) by extension 'ignore_ament_install'
[2.165s] Level 1:colcon.colcon_core.package_identification:_identify(src/batrobot_description) by extensions ['colcon_pkg']
[2.165s] Level 1:colcon.colcon_core.package_identification:_identify(src/batrobot_description) by extension 'colcon_pkg'
[2.165s] Level 1:colcon.colcon_core.package_identification:_identify(src/batrobot_description) by extensions ['colcon_meta']
[2.165s] Level 1:colcon.colcon_core.package_identification:_identify(src/batrobot_description) by extension 'colcon_meta'
[2.166s] Level 1:colcon.colcon_core.package_identification:_identify(src/batrobot_description) by extensions ['ros']
[2.167s] Level 1:colcon.colcon_core.package_identification:_identify(src/batrobot_description) by extension 'ros'
[2.229s] DEBUG:colcon.colcon_core.package_identification:Package 'src/batrobot_description' with type 'ros.ament_cmake' and name 'batrobot_description'
[2.230s] Level 1:colcon.colcon_core.package_identification:_identify(src/batrobot_firmware) by extensions ['ignore', 'ignore_ament_install']
[2.230s] Level 1:colcon.colcon_core.package_identification:_identify(src/batrobot_firmware) by extension 'ignore'
[2.230s] Level 1:colcon.colcon_core.package_identification:_identify(src/batrobot_firmware) by extension 'ignore_ament_install'
[2.231s] Level 1:colcon.colcon_core.package_identification:_identify(src/batrobot_firmware) by extensions ['colcon_pkg']
[2.231s] Level 1:colcon.colcon_core.package_identification:_identify(src/batrobot_firmware) by extension 'colcon_pkg'
[2.231s] Level 1:colcon.colcon_core.package_identification:_identify(src/batrobot_firmware) by extensions ['colcon_meta']
[2.231s] Level 1:colcon.colcon_core.package_identification:_identify(src/batrobot_firmware) by extension 'colcon_meta'
[2.231s] Level 1:colcon.colcon_core.package_identification:_identify(src/batrobot_firmware) by extensions ['ros']
[2.231s] Level 1:colcon.colcon_core.package_identification:_identify(src/batrobot_firmware) by extension 'ros'
[2.237s] DEBUG:colcon.colcon_core.package_identification:Package 'src/batrobot_firmware' with type 'ros.ament_cmake' and name 'batrobot_firmware'
[2.237s] Level 1:colcon.colcon_core.package_identification:_identify(src/batrobot_moveit) by extensions ['ignore', 'ignore_ament_install']
[2.238s] Level 1:colcon.colcon_core.package_identification:_identify(src/batrobot_moveit) by extension 'ignore'
[2.238s] Level 1:colcon.colcon_core.package_identification:_identify(src/batrobot_moveit) by extension 'ignore_ament_install'
[2.238s] Level 1:colcon.colcon_core.package_identification:_identify(src/batrobot_moveit) by extensions ['colcon_pkg']
[2.238s] Level 1:colcon.colcon_core.package_identification:_identify(src/batrobot_moveit) by extension 'colcon_pkg'
[2.239s] Level 1:colcon.colcon_core.package_identification:_identify(src/batrobot_moveit) by extensions ['colcon_meta']
[2.239s] Level 1:colcon.colcon_core.package_identification:_identify(src/batrobot_moveit) by extension 'colcon_meta'
[2.239s] Level 1:colcon.colcon_core.package_identification:_identify(src/batrobot_moveit) by extensions ['ros']
[2.239s] Level 1:colcon.colcon_core.package_identification:_identify(src/batrobot_moveit) by extension 'ros'
[2.244s] DEBUG:colcon.colcon_core.package_identification:Package 'src/batrobot_moveit' with type 'ros.ament_cmake' and name 'batrobot_moveit'
[2.244s] Level 1:colcon.colcon_core.package_discovery:discover_packages(recursive) using defaults
[2.244s] Level 1:colcon.colcon_core.package_discovery:discover_packages(ignore) discover
[2.244s] Level 1:colcon.colcon_core.package_discovery:discover_packages(ignore) using defaults
[2.245s] Level 1:colcon.colcon_core.package_discovery:discover_packages(path) discover
[2.245s] Level 1:colcon.colcon_core.package_discovery:discover_packages(path) using defaults
[2.381s] Level 1:colcon.colcon_core.package_discovery:discover_packages(prefix_path) check parameters
[2.381s] Level 1:colcon.colcon_core.package_discovery:discover_packages(prefix_path) discover
[2.409s] DEBUG:colcon.colcon_installed_package_information.package_discovery:Found 15 installed packages in /home/naveen/roarm_ws_em0/install
[2.422s] DEBUG:colcon.colcon_installed_package_information.package_discovery:Found 385 installed packages in /opt/ros/humble
[2.438s] Level 1:colcon.colcon_core.package_discovery:discover_packages(prefix_path) using defaults
[2.735s] Level 5:colcon.colcon_core.verb:set package 'batrobot_description' build argument 'cmake_args' from command line to 'None'
[2.736s] Level 5:colcon.colcon_core.verb:set package 'batrobot_description' build argument 'cmake_target' from command line to 'None'
[2.736s] Level 5:colcon.colcon_core.verb:set package 'batrobot_description' build argument 'cmake_target_skip_unavailable' from command line to 'False'
[2.736s] Level 5:colcon.colcon_core.verb:set package 'batrobot_description' build argument 'cmake_clean_cache' from command line to 'False'
[2.736s] Level 5:colcon.colcon_core.verb:set package 'batrobot_description' build argument 'cmake_clean_first' from command line to 'False'
[2.736s] Level 5:colcon.colcon_core.verb:set package 'batrobot_description' build argument 'cmake_force_configure' from command line to 'False'
[2.737s] Level 5:colcon.colcon_core.verb:set package 'batrobot_description' build argument 'ament_cmake_args' from command line to 'None'
[2.737s] Level 5:colcon.colcon_core.verb:set package 'batrobot_description' build argument 'catkin_cmake_args' from command line to 'None'
[2.737s] Level 5:colcon.colcon_core.verb:set package 'batrobot_description' build argument 'catkin_skip_building_tests' from command line to 'False'
[2.737s] DEBUG:colcon.colcon_core.verb:Building package 'batrobot_description' with the following arguments: {'ament_cmake_args': None, 'build_base': '/home/naveen/bat_robot/build/batrobot_description', 'catkin_cmake_args': None, 'catkin_skip_building_tests': False, 'cmake_args': None, 'cmake_clean_cache': False, 'cmake_clean_first': False, 'cmake_force_configure': False, 'cmake_target': None, 'cmake_target_skip_unavailable': False, 'install_base': '/home/naveen/bat_robot/install/batrobot_description', 'merge_install': False, 'path': '/home/naveen/bat_robot/src/batrobot_description', 'symlink_install': False, 'test_result_base': None}
[2.739s] Level 5:colcon.colcon_core.verb:set package 'batrobot_firmware' build argument 'cmake_args' from command line to 'None'
[2.740s] Level 5:colcon.colcon_core.verb:set package 'batrobot_firmware' build argument 'cmake_target' from command line to 'None'
[2.740s] Level 5:colcon.colcon_core.verb:set package 'batrobot_firmware' build argument 'cmake_target_skip_unavailable' from command line to 'False'
[2.740s] Level 5:colcon.colcon_core.verb:set package 'batrobot_firmware' build argument 'cmake_clean_cache' from command line to 'False'
[2.741s] Level 5:colcon.colcon_core.verb:set package 'batrobot_firmware' build argument 'cmake_clean_first' from command line to 'False'
[2.741s] Level 5:colcon.colcon_core.verb:set package 'batrobot_firmware' build argument 'cmake_force_configure' from command line to 'False'
[2.741s] Level 5:colcon.colcon_core.verb:set package 'batrobot_firmware' build argument 'ament_cmake_args' from command line to 'None'
[2.741s] Level 5:colcon.colcon_core.verb:set package 'batrobot_firmware' build argument 'catkin_cmake_args' from command line to 'None'
[2.741s] Level 5:colcon.colcon_core.verb:set package 'batrobot_firmware' build argument 'catkin_skip_building_tests' from command line to 'False'
[2.741s] DEBUG:colcon.colcon_core.verb:Building package 'batrobot_firmware' with the following arguments: {'ament_cmake_args': None, 'build_base': '/home/naveen/bat_robot/build/batrobot_firmware', 'catkin_cmake_args': None, 'catkin_skip_building_tests': False, 'cmake_args': None, 'cmake_clean_cache': False, 'cmake_clean_first': False, 'cmake_force_configure': False, 'cmake_target': None, 'cmake_target_skip_unavailable': False, 'install_base': '/home/naveen/bat_robot/install/batrobot_firmware', 'merge_install': False, 'path': '/home/naveen/bat_robot/src/batrobot_firmware', 'symlink_install': False, 'test_result_base': None}
[2.743s] Level 5:colcon.colcon_core.verb:set package 'batrobot_controller' build argument 'cmake_args' from command line to 'None'
[2.743s] Level 5:colcon.colcon_core.verb:set package 'batrobot_controller' build argument 'cmake_target' from command line to 'None'
[2.743s] Level 5:colcon.colcon_core.verb:set package 'batrobot_controller' build argument 'cmake_target_skip_unavailable' from command line to 'False'
[2.743s] Level 5:colcon.colcon_core.verb:set package 'batrobot_controller' build argument 'cmake_clean_cache' from command line to 'False'
[2.743s] Level 5:colcon.colcon_core.verb:set package 'batrobot_controller' build argument 'cmake_clean_first' from command line to 'False'
[2.743s] Level 5:colcon.colcon_core.verb:set package 'batrobot_controller' build argument 'cmake_force_configure' from command line to 'False'
[2.743s] Level 5:colcon.colcon_core.verb:set package 'batrobot_controller' build argument 'ament_cmake_args' from command line to 'None'
[2.743s] Level 5:colcon.colcon_core.verb:set package 'batrobot_controller' build argument 'catkin_cmake_args' from command line to 'None'
[2.744s] Level 5:colcon.colcon_core.verb:set package 'batrobot_controller' build argument 'catkin_skip_building_tests' from command line to 'False'
[2.744s] DEBUG:colcon.colcon_core.verb:Building package 'batrobot_controller' with the following arguments: {'ament_cmake_args': None, 'build_base': '/home/naveen/bat_robot/build/batrobot_controller', 'catkin_cmake_args': None, 'catkin_skip_building_tests': False, 'cmake_args': None, 'cmake_clean_cache': False, 'cmake_clean_first': False, 'cmake_force_configure': False, 'cmake_target': None, 'cmake_target_skip_unavailable': False, 'install_base': '/home/naveen/bat_robot/install/batrobot_controller', 'merge_install': False, 'path': '/home/naveen/bat_robot/src/batrobot_controller', 'symlink_install': False, 'test_result_base': None}
[2.745s] Level 5:colcon.colcon_core.verb:set package 'batrobot_moveit' build argument 'cmake_args' from command line to 'None'
[2.745s] Level 5:colcon.colcon_core.verb:set package 'batrobot_moveit' build argument 'cmake_target' from command line to 'None'
[2.746s] Level 5:colcon.colcon_core.verb:set package 'batrobot_moveit' build argument 'cmake_target_skip_unavailable' from command line to 'False'
[2.746s] Level 5:colcon.colcon_core.verb:set package 'batrobot_moveit' build argument 'cmake_clean_cache' from command line to 'False'
[2.746s] Level 5:colcon.colcon_core.verb:set package 'batrobot_moveit' build argument 'cmake_clean_first' from command line to 'False'
[2.746s] Level 5:colcon.colcon_core.verb:set package 'batrobot_moveit' build argument 'cmake_force_configure' from command line to 'False'
[2.746s] Level 5:colcon.colcon_core.verb:set package 'batrobot_moveit' build argument 'ament_cmake_args' from command line to 'None'
[2.746s] Level 5:colcon.colcon_core.verb:set package 'batrobot_moveit' build argument 'catkin_cmake_args' from command line to 'None'
[2.746s] Level 5:colcon.colcon_core.verb:set package 'batrobot_moveit' build argument 'catkin_skip_building_tests' from command line to 'False'
[2.746s] DEBUG:colcon.colcon_core.verb:Building package 'batrobot_moveit' with the following arguments: {'ament_cmake_args': None, 'build_base': '/home/naveen/bat_robot/build/batrobot_moveit', 'catkin_cmake_args': None, 'catkin_skip_building_tests': False, 'cmake_args': None, 'cmake_clean_cache': False, 'cmake_clean_first': False, 'cmake_force_configure': False, 'cmake_target': None, 'cmake_target_skip_unavailable': False, 'install_base': '/home/naveen/bat_robot/install/batrobot_moveit', 'merge_install': False, 'path': '/home/naveen/bat_robot/src/batrobot_moveit', 'symlink_install': False, 'test_result_base': None}
[2.747s] INFO:colcon.colcon_core.executor:Executing jobs using 'parallel' executor
[2.751s] DEBUG:colcon.colcon_parallel_executor.executor.parallel:run_until_complete
[2.752s] INFO:colcon.colcon_ros.task.ament_cmake.build:Building ROS package in '/home/naveen/bat_robot/src/batrobot_description' with build type 'ament_cmake'
[2.753s] INFO:colcon.colcon_cmake.task.cmake.build:Building CMake package in '/home/naveen/bat_robot/src/batrobot_description'
[2.768s] INFO:colcon.colcon_core.plugin_system:Skipping extension 'colcon_core.shell.bat': Not used on non-Windows systems
[2.769s] INFO:colcon.colcon_core.shell:Skip shell extension 'powershell' for command environment: Not usable outside of PowerShell
[2.769s] DEBUG:colcon.colcon_core.shell:Skip shell extension 'dsv' for command environment
[2.795s] INFO:colcon.colcon_ros.task.ament_cmake.build:Building ROS package in '/home/naveen/bat_robot/src/batrobot_firmware' with build type 'ament_cmake'
[2.796s] INFO:colcon.colcon_cmake.task.cmake.build:Building CMake package in '/home/naveen/bat_robot/src/batrobot_firmware'
[2.797s] INFO:colcon.colcon_core.shell:Skip shell extension 'powershell' for command environment: Not usable outside of PowerShell
[2.798s] DEBUG:colcon.colcon_core.shell:Skip shell extension 'dsv' for command environment
[2.858s] DEBUG:colcon.colcon_core.event_handler.log_command:Invoking command in '/home/naveen/bat_robot/build/batrobot_description': CMAKE_PREFIX_PATH=${CMAKE_PREFIX_PATH}:/home/naveen/roarm_ws_em0/install/ros2web_widgets:/home/naveen/roarm_ws_em0/install/ros2web_example_py:/home/naveen/roarm_ws_em0/install/roarm_web_app:/home/naveen/roarm_ws_em0/install/ros2web_app:/home/naveen/roarm_ws_em0/install/ros2web:/home/naveen/roarm_ws_em0/install/roarm_driver:/home/naveen/roarm_ws_em0/install/launch_api:/opt/ros/humble /usr/bin/cmake --build /home/naveen/bat_robot/build/batrobot_description -- -j2 -l2
[2.913s] DEBUG:colcon.colcon_core.event_handler.log_command:Invoking command in '/home/naveen/bat_robot/build/batrobot_firmware': CMAKE_PREFIX_PATH=${CMAKE_PREFIX_PATH}:/home/naveen/roarm_ws_em0/install/ros2web_widgets:/home/naveen/roarm_ws_em0/install/ros2web_example_py:/home/naveen/roarm_ws_em0/install/roarm_web_app:/home/naveen/roarm_ws_em0/install/ros2web_app:/home/naveen/roarm_ws_em0/install/ros2web:/home/naveen/roarm_ws_em0/install/roarm_driver:/home/naveen/roarm_ws_em0/install/launch_api:/opt/ros/humble /usr/bin/cmake --build /home/naveen/bat_robot/build/batrobot_firmware -- -j2 -l2
[3.203s] DEBUG:colcon.colcon_core.event_handler.log_command:Invoked command in '/home/naveen/bat_robot/build/batrobot_description' returned '0': CMAKE_PREFIX_PATH=${CMAKE_PREFIX_PATH}:/home/naveen/roarm_ws_em0/install/ros2web_widgets:/home/naveen/roarm_ws_em0/install/ros2web_example_py:/home/naveen/roarm_ws_em0/install/roarm_web_app:/home/naveen/roarm_ws_em0/install/ros2web_app:/home/naveen/roarm_ws_em0/install/ros2web:/home/naveen/roarm_ws_em0/install/roarm_driver:/home/naveen/roarm_ws_em0/install/launch_api:/opt/ros/humble /usr/bin/cmake --build /home/naveen/bat_robot/build/batrobot_description -- -j2 -l2
[3.260s] DEBUG:colcon.colcon_core.event_handler.log_command:Invoking command in '/home/naveen/bat_robot/build/batrobot_description': CMAKE_PREFIX_PATH=${CMAKE_PREFIX_PATH}:/home/naveen/roarm_ws_em0/install/ros2web_widgets:/home/naveen/roarm_ws_em0/install/ros2web_example_py:/home/naveen/roarm_ws_em0/install/roarm_web_app:/home/naveen/roarm_ws_em0/install/ros2web_app:/home/naveen/roarm_ws_em0/install/ros2web:/home/naveen/roarm_ws_em0/install/roarm_driver:/home/naveen/roarm_ws_em0/install/launch_api:/opt/ros/humble /usr/bin/cmake --install /home/naveen/bat_robot/build/batrobot_description
[3.368s] Level 1:colcon.colcon_core.environment:create_environment_scripts_only(batrobot_description)
[3.418s] DEBUG:colcon.colcon_core.event_handler.log_command:Invoked command in '/home/naveen/bat_robot/build/batrobot_description' returned '0': CMAKE_PREFIX_PATH=${CMAKE_PREFIX_PATH}:/home/naveen/roarm_ws_em0/install/ros2web_widgets:/home/naveen/roarm_ws_em0/install/ros2web_example_py:/home/naveen/roarm_ws_em0/install/roarm_web_app:/home/naveen/roarm_ws_em0/install/ros2web_app:/home/naveen/roarm_ws_em0/install/ros2web:/home/naveen/roarm_ws_em0/install/roarm_driver:/home/naveen/roarm_ws_em0/install/launch_api:/opt/ros/humble /usr/bin/cmake --install /home/naveen/bat_robot/build/batrobot_description
[3.426s] Level 1:colcon.colcon_core.environment:checking '/home/naveen/bat_robot/install/batrobot_description' for CMake module files
[3.431s] Level 1:colcon.colcon_core.environment:checking '/home/naveen/bat_robot/install/batrobot_description' for CMake config files
[3.434s] Level 1:colcon.colcon_core.shell:create_environment_hook('batrobot_description', 'cmake_prefix_path')
[3.435s] INFO:colcon.colcon_core.shell:Creating environment hook '/home/naveen/bat_robot/install/batrobot_description/share/batrobot_description/hook/cmake_prefix_path.ps1'
[3.442s] INFO:colcon.colcon_core.shell:Creating environment descriptor '/home/naveen/bat_robot/install/batrobot_description/share/batrobot_description/hook/cmake_prefix_path.dsv'
[3.448s] INFO:colcon.colcon_core.shell:Creating environment hook '/home/naveen/bat_robot/install/batrobot_description/share/batrobot_description/hook/cmake_prefix_path.sh'
[3.455s] Level 1:colcon.colcon_core.environment:checking '/home/naveen/bat_robot/install/batrobot_description/bin'
[3.456s] Level 1:colcon.colcon_core.environment:checking '/home/naveen/bat_robot/install/batrobot_description/lib/pkgconfig/batrobot_description.pc'
[3.459s] Level 1:colcon.colcon_core.environment:checking '/home/naveen/bat_robot/install/batrobot_description/lib/python3.10/site-packages'
[3.461s] Level 1:colcon.colcon_core.environment:checking '/home/naveen/bat_robot/install/batrobot_description/bin'
[3.464s] INFO:colcon.colcon_core.shell:Creating package script '/home/naveen/bat_robot/install/batrobot_description/share/batrobot_description/package.ps1'
[3.476s] INFO:colcon.colcon_core.shell:Creating package descriptor '/home/naveen/bat_robot/install/batrobot_description/share/batrobot_description/package.dsv'
[3.483s] INFO:colcon.colcon_core.shell:Creating package script '/home/naveen/bat_robot/install/batrobot_description/share/batrobot_description/package.sh'
[3.494s] INFO:colcon.colcon_core.shell:Creating package script '/home/naveen/bat_robot/install/batrobot_description/share/batrobot_description/package.bash'
[3.507s] INFO:colcon.colcon_core.shell:Creating package script '/home/naveen/bat_robot/install/batrobot_description/share/batrobot_description/package.zsh'
[3.515s] Level 1:colcon.colcon_core.environment:create_file_with_runtime_dependencies(/home/naveen/bat_robot/install/batrobot_description/share/colcon-core/packages/batrobot_description)
[3.521s] Level 1:colcon.colcon_core.environment:create_environment_scripts_only(batrobot_description)
[3.523s] Level 1:colcon.colcon_core.environment:checking '/home/naveen/bat_robot/install/batrobot_description' for CMake module files
[3.528s] Level 1:colcon.colcon_core.environment:checking '/home/naveen/bat_robot/install/batrobot_description' for CMake config files
[3.529s] Level 1:colcon.colcon_core.shell:create_environment_hook('batrobot_description', 'cmake_prefix_path')
[3.533s] INFO:colcon.colcon_core.shell:Creating environment hook '/home/naveen/bat_robot/install/batrobot_description/share/batrobot_description/hook/cmake_prefix_path.ps1'
[3.538s] INFO:colcon.colcon_core.shell:Creating environment descriptor '/home/naveen/bat_robot/install/batrobot_description/share/batrobot_description/hook/cmake_prefix_path.dsv'
[3.542s] INFO:colcon.colcon_core.shell:Creating environment hook '/home/naveen/bat_robot/install/batrobot_description/share/batrobot_description/hook/cmake_prefix_path.sh'
[3.551s] Level 1:colcon.colcon_core.environment:checking '/home/naveen/bat_robot/install/batrobot_description/bin'
[3.552s] Level 1:colcon.colcon_core.environment:checking '/home/naveen/bat_robot/install/batrobot_description/lib/pkgconfig/batrobot_description.pc'
[3.554s] Level 1:colcon.colcon_core.environment:checking '/home/naveen/bat_robot/install/batrobot_description/lib/python3.10/site-packages'
[3.558s] Level 1:colcon.colcon_core.environment:checking '/home/naveen/bat_robot/install/batrobot_description/bin'
[3.563s] INFO:colcon.colcon_core.shell:Creating package script '/home/naveen/bat_robot/install/batrobot_description/share/batrobot_description/package.ps1'
[3.569s] INFO:colcon.colcon_core.shell:Creating package descriptor '/home/naveen/bat_robot/install/batrobot_description/share/batrobot_description/package.dsv'
[3.574s] INFO:colcon.colcon_core.shell:Creating package script '/home/naveen/bat_robot/install/batrobot_description/share/batrobot_description/package.sh'
[3.576s] INFO:colcon.colcon_core.shell:Creating package script '/home/naveen/bat_robot/install/batrobot_description/share/batrobot_description/package.bash'
[3.579s] INFO:colcon.colcon_core.shell:Creating package script '/home/naveen/bat_robot/install/batrobot_description/share/batrobot_description/package.zsh'
[3.581s] Level 1:colcon.colcon_core.environment:create_file_with_runtime_dependencies(/home/naveen/bat_robot/install/batrobot_description/share/colcon-core/packages/batrobot_description)
[3.584s] INFO:colcon.colcon_ros.task.ament_cmake.build:Building ROS package in '/home/naveen/bat_robot/src/batrobot_controller' with build type 'ament_cmake'
[3.584s] INFO:colcon.colcon_cmake.task.cmake.build:Building CMake package in '/home/naveen/bat_robot/src/batrobot_controller'
[3.588s] INFO:colcon.colcon_core.shell:Skip shell extension 'powershell' for command environment: Not usable outside of PowerShell
[3.588s] DEBUG:colcon.colcon_core.shell:Skip shell extension 'dsv' for command environment
[3.675s] DEBUG:colcon.colcon_core.event_handler.log_command:Invoking command in '/home/naveen/bat_robot/build/batrobot_controller': AMENT_PREFIX_PATH=/home/naveen/bat_robot/install/batrobot_description:${AMENT_PREFIX_PATH} CMAKE_PREFIX_PATH=/home/naveen/bat_robot/install/batrobot_description:/home/naveen/roarm_ws_em0/install/ros2web_interfaces:/home/naveen/roarm_ws_em0/install/roarm_msgs:/home/naveen/roarm_ws_em0/install/roarm_moveit_ikfast_plugins:/home/naveen/roarm_ws_em0/install/roarm_moveit_cmd:/home/naveen/roarm_ws_em0/install/roarm_moveit:/home/naveen/roarm_ws_em0/install/roarm_description:/home/naveen/roarm_ws_em0/install/moveit_servo:/home/naveen/roarm_ws_em0/install/alexa_integration:/home/naveen/roarm_ws_em0/install/ros2web_widgets:/home/naveen/roarm_ws_em0/install/ros2web_example_py:/home/naveen/roarm_ws_em0/install/roarm_web_app:/home/naveen/roarm_ws_em0/install/ros2web_app:/home/naveen/roarm_ws_em0/install/ros2web:/home/naveen/roarm_ws_em0/install/roarm_driver:/home/naveen/roarm_ws_em0/install/launch_api:/opt/ros/humble /usr/bin/cmake --build /home/naveen/bat_robot/build/batrobot_controller -- -j2 -l2
[4.001s] DEBUG:colcon.colcon_core.event_handler.log_command:Invoked command in '/home/naveen/bat_robot/build/batrobot_controller' returned '0': AMENT_PREFIX_PATH=/home/naveen/bat_robot/install/batrobot_description:${AMENT_PREFIX_PATH} CMAKE_PREFIX_PATH=/home/naveen/bat_robot/install/batrobot_description:/home/naveen/roarm_ws_em0/install/ros2web_interfaces:/home/naveen/roarm_ws_em0/install/roarm_msgs:/home/naveen/roarm_ws_em0/install/roarm_moveit_ikfast_plugins:/home/naveen/roarm_ws_em0/install/roarm_moveit_cmd:/home/naveen/roarm_ws_em0/install/roarm_moveit:/home/naveen/roarm_ws_em0/install/roarm_description:/home/naveen/roarm_ws_em0/install/moveit_servo:/home/naveen/roarm_ws_em0/install/alexa_integration:/home/naveen/roarm_ws_em0/install/ros2web_widgets:/home/naveen/roarm_ws_em0/install/ros2web_example_py:/home/naveen/roarm_ws_em0/install/roarm_web_app:/home/naveen/roarm_ws_em0/install/ros2web_app:/home/naveen/roarm_ws_em0/install/ros2web:/home/naveen/roarm_ws_em0/install/roarm_driver:/home/naveen/roarm_ws_em0/install/launch_api:/opt/ros/humble /usr/bin/cmake --build /home/naveen/bat_robot/build/batrobot_controller -- -j2 -l2
[4.013s] DEBUG:colcon.colcon_core.event_handler.log_command:Invoking command in '/home/naveen/bat_robot/build/batrobot_controller': AMENT_PREFIX_PATH=/home/naveen/bat_robot/install/batrobot_description:${AMENT_PREFIX_PATH} CMAKE_PREFIX_PATH=/home/naveen/bat_robot/install/batrobot_description:/home/naveen/roarm_ws_em0/install/ros2web_interfaces:/home/naveen/roarm_ws_em0/install/roarm_msgs:/home/naveen/roarm_ws_em0/install/roarm_moveit_ikfast_plugins:/home/naveen/roarm_ws_em0/install/roarm_moveit_cmd:/home/naveen/roarm_ws_em0/install/roarm_moveit:/home/naveen/roarm_ws_em0/install/roarm_description:/home/naveen/roarm_ws_em0/install/moveit_servo:/home/naveen/roarm_ws_em0/install/alexa_integration:/home/naveen/roarm_ws_em0/install/ros2web_widgets:/home/naveen/roarm_ws_em0/install/ros2web_example_py:/home/naveen/roarm_ws_em0/install/roarm_web_app:/home/naveen/roarm_ws_em0/install/ros2web_app:/home/naveen/roarm_ws_em0/install/ros2web:/home/naveen/roarm_ws_em0/install/roarm_driver:/home/naveen/roarm_ws_em0/install/launch_api:/opt/ros/humble /usr/bin/cmake --install /home/naveen/bat_robot/build/batrobot_controller
[4.143s] Level 1:colcon.colcon_core.environment:create_environment_scripts_only(batrobot_controller)
[4.153s] Level 1:colcon.colcon_core.environment:checking '/home/naveen/bat_robot/install/batrobot_controller' for CMake module files
[4.147s] DEBUG:colcon.colcon_core.event_handler.log_command:Invoked command in '/home/naveen/bat_robot/build/batrobot_controller' returned '0': AMENT_PREFIX_PATH=/home/naveen/bat_robot/install/batrobot_description:${AMENT_PREFIX_PATH} CMAKE_PREFIX_PATH=/home/naveen/bat_robot/install/batrobot_description:/home/naveen/roarm_ws_em0/install/ros2web_interfaces:/home/naveen/roarm_ws_em0/install/roarm_msgs:/home/naveen/roarm_ws_em0/install/roarm_moveit_ikfast_plugins:/home/naveen/roarm_ws_em0/install/roarm_moveit_cmd:/home/naveen/roarm_ws_em0/install/roarm_moveit:/home/naveen/roarm_ws_em0/install/roarm_description:/home/naveen/roarm_ws_em0/install/moveit_servo:/home/naveen/roarm_ws_em0/install/alexa_integration:/home/naveen/roarm_ws_em0/install/ros2web_widgets:/home/naveen/roarm_ws_em0/install/ros2web_example_py:/home/naveen/roarm_ws_em0/install/roarm_web_app:/home/naveen/roarm_ws_em0/install/ros2web_app:/home/naveen/roarm_ws_em0/install/ros2web:/home/naveen/roarm_ws_em0/install/roarm_driver:/home/naveen/roarm_ws_em0/install/launch_api:/opt/ros/humble /usr/bin/cmake --install /home/naveen/bat_robot/build/batrobot_controller
[4.161s] Level 1:colcon.colcon_core.environment:checking '/home/naveen/bat_robot/install/batrobot_controller' for CMake config files
[4.163s] Level 1:colcon.colcon_core.shell:create_environment_hook('batrobot_controller', 'cmake_prefix_path')
[4.165s] INFO:colcon.colcon_core.shell:Creating environment hook '/home/naveen/bat_robot/install/batrobot_controller/share/batrobot_controller/hook/cmake_prefix_path.ps1'
[4.172s] INFO:colcon.colcon_core.shell:Creating environment descriptor '/home/naveen/bat_robot/install/batrobot_controller/share/batrobot_controller/hook/cmake_prefix_path.dsv'
[4.177s] INFO:colcon.colcon_core.shell:Creating environment hook '/home/naveen/bat_robot/install/batrobot_controller/share/batrobot_controller/hook/cmake_prefix_path.sh'
[4.182s] Level 1:colcon.colcon_core.environment:checking '/home/naveen/bat_robot/install/batrobot_controller/bin'
[4.186s] Level 1:colcon.colcon_core.environment:checking '/home/naveen/bat_robot/install/batrobot_controller/lib/pkgconfig/batrobot_controller.pc'
[4.191s] Level 1:colcon.colcon_core.environment:checking '/home/naveen/bat_robot/install/batrobot_controller/lib/python3.10/site-packages'
[4.192s] Level 1:colcon.colcon_core.environment:checking '/home/naveen/bat_robot/install/batrobot_controller/bin'
[4.197s] INFO:colcon.colcon_core.shell:Creating package script '/home/naveen/bat_robot/install/batrobot_controller/share/batrobot_controller/package.ps1'
[4.205s] INFO:colcon.colcon_core.shell:Creating package descriptor '/home/naveen/bat_robot/install/batrobot_controller/share/batrobot_controller/package.dsv'
[4.211s] INFO:colcon.colcon_core.shell:Creating package script '/home/naveen/bat_robot/install/batrobot_controller/share/batrobot_controller/package.sh'
[4.218s] INFO:colcon.colcon_core.shell:Creating package script '/home/naveen/bat_robot/install/batrobot_controller/share/batrobot_controller/package.bash'
[4.223s] INFO:colcon.colcon_core.shell:Creating package script '/home/naveen/bat_robot/install/batrobot_controller/share/batrobot_controller/package.zsh'
[4.230s] Level 1:colcon.colcon_core.environment:create_file_with_runtime_dependencies(/home/naveen/bat_robot/install/batrobot_controller/share/colcon-core/packages/batrobot_controller)
[4.237s] Level 1:colcon.colcon_core.environment:create_environment_scripts_only(batrobot_controller)
[4.243s] Level 1:colcon.colcon_core.environment:checking '/home/naveen/bat_robot/install/batrobot_controller' for CMake module files
[4.247s] Level 1:colcon.colcon_core.environment:checking '/home/naveen/bat_robot/install/batrobot_controller' for CMake config files
[4.249s] Level 1:colcon.colcon_core.shell:create_environment_hook('batrobot_controller', 'cmake_prefix_path')
[4.251s] INFO:colcon.colcon_core.shell:Creating environment hook '/home/naveen/bat_robot/install/batrobot_controller/share/batrobot_controller/hook/cmake_prefix_path.ps1'
[4.257s] INFO:colcon.colcon_core.shell:Creating environment descriptor '/home/naveen/bat_robot/install/batrobot_controller/share/batrobot_controller/hook/cmake_prefix_path.dsv'
[4.259s] INFO:colcon.colcon_core.shell:Creating environment hook '/home/naveen/bat_robot/install/batrobot_controller/share/batrobot_controller/hook/cmake_prefix_path.sh'
[4.268s] Level 1:colcon.colcon_core.environment:checking '/home/naveen/bat_robot/install/batrobot_controller/bin'
[4.271s] Level 1:colcon.colcon_core.environment:checking '/home/naveen/bat_robot/install/batrobot_controller/lib/pkgconfig/batrobot_controller.pc'
[4.273s] Level 1:colcon.colcon_core.environment:checking '/home/naveen/bat_robot/install/batrobot_controller/lib/python3.10/site-packages'
[4.276s] Level 1:colcon.colcon_core.environment:checking '/home/naveen/bat_robot/install/batrobot_controller/bin'
[4.279s] INFO:colcon.colcon_core.shell:Creating package script '/home/naveen/bat_robot/install/batrobot_controller/share/batrobot_controller/package.ps1'
[4.286s] INFO:colcon.colcon_core.shell:Creating package descriptor '/home/naveen/bat_robot/install/batrobot_controller/share/batrobot_controller/package.dsv'
[4.292s] INFO:colcon.colcon_core.shell:Creating package script '/home/naveen/bat_robot/install/batrobot_controller/share/batrobot_controller/package.sh'
[4.294s] INFO:colcon.colcon_core.shell:Creating package script '/home/naveen/bat_robot/install/batrobot_controller/share/batrobot_controller/package.bash'
[4.308s] INFO:colcon.colcon_core.shell:Creating package script '/home/naveen/bat_robot/install/batrobot_controller/share/batrobot_controller/package.zsh'
[4.317s] Level 1:colcon.colcon_core.environment:create_file_with_runtime_dependencies(/home/naveen/bat_robot/install/batrobot_controller/share/colcon-core/packages/batrobot_controller)
[4.322s] INFO:colcon.colcon_ros.task.ament_cmake.build:Building ROS package in '/home/naveen/bat_robot/src/batrobot_moveit' with build type 'ament_cmake'
[4.326s] INFO:colcon.colcon_cmake.task.cmake.build:Building CMake package in '/home/naveen/bat_robot/src/batrobot_moveit'
[4.328s] INFO:colcon.colcon_core.shell:Skip shell extension 'powershell' for command environment: Not usable outside of PowerShell
[4.330s] DEBUG:colcon.colcon_core.shell:Skip shell extension 'dsv' for command environment
[4.412s] DEBUG:colcon.colcon_core.event_handler.log_command:Invoking command in '/home/naveen/bat_robot/build/batrobot_moveit': AMENT_PREFIX_PATH=/home/naveen/bat_robot/install/batrobot_description:${AMENT_PREFIX_PATH} CMAKE_PREFIX_PATH=/home/naveen/bat_robot/install/batrobot_description:/home/naveen/roarm_ws_em0/install/ros2web_interfaces:/home/naveen/roarm_ws_em0/install/roarm_msgs:/home/naveen/roarm_ws_em0/install/roarm_moveit_ikfast_plugins:/home/naveen/roarm_ws_em0/install/roarm_moveit_cmd:/home/naveen/roarm_ws_em0/install/roarm_moveit:/home/naveen/roarm_ws_em0/install/roarm_description:/home/naveen/roarm_ws_em0/install/moveit_servo:/home/naveen/roarm_ws_em0/install/alexa_integration:/home/naveen/roarm_ws_em0/install/ros2web_widgets:/home/naveen/roarm_ws_em0/install/ros2web_example_py:/home/naveen/roarm_ws_em0/install/roarm_web_app:/home/naveen/roarm_ws_em0/install/ros2web_app:/home/naveen/roarm_ws_em0/install/ros2web:/home/naveen/roarm_ws_em0/install/roarm_driver:/home/naveen/roarm_ws_em0/install/launch_api:/opt/ros/humble /usr/bin/cmake --build /home/naveen/bat_robot/build/batrobot_moveit -- -j2 -l2
[4.732s] DEBUG:colcon.colcon_core.event_handler.log_command:Invoked command in '/home/naveen/bat_robot/build/batrobot_moveit' returned '0': AMENT_PREFIX_PATH=/home/naveen/bat_robot/install/batrobot_description:${AMENT_PREFIX_PATH} CMAKE_PREFIX_PATH=/home/naveen/bat_robot/install/batrobot_description:/home/naveen/roarm_ws_em0/install/ros2web_interfaces:/home/naveen/roarm_ws_em0/install/roarm_msgs:/home/naveen/roarm_ws_em0/install/roarm_moveit_ikfast_plugins:/home/naveen/roarm_ws_em0/install/roarm_moveit_cmd:/home/naveen/roarm_ws_em0/install/roarm_moveit:/home/naveen/roarm_ws_em0/install/roarm_description:/home/naveen/roarm_ws_em0/install/moveit_servo:/home/naveen/roarm_ws_em0/install/alexa_integration:/home/naveen/roarm_ws_em0/install/ros2web_widgets:/home/naveen/roarm_ws_em0/install/ros2web_example_py:/home/naveen/roarm_ws_em0/install/roarm_web_app:/home/naveen/roarm_ws_em0/install/ros2web_app:/home/naveen/roarm_ws_em0/install/ros2web:/home/naveen/roarm_ws_em0/install/roarm_driver:/home/naveen/roarm_ws_em0/install/launch_api:/opt/ros/humble /usr/bin/cmake --build /home/naveen/bat_robot/build/batrobot_moveit -- -j2 -l2
[4.745s] DEBUG:colcon.colcon_core.event_handler.log_command:Invoking command in '/home/naveen/bat_robot/build/batrobot_moveit': AMENT_PREFIX_PATH=/home/naveen/bat_robot/install/batrobot_description:${AMENT_PREFIX_PATH} CMAKE_PREFIX_PATH=/home/naveen/bat_robot/install/batrobot_description:/home/naveen/roarm_ws_em0/install/ros2web_interfaces:/home/naveen/roarm_ws_em0/install/roarm_msgs:/home/naveen/roarm_ws_em0/install/roarm_moveit_ikfast_plugins:/home/naveen/roarm_ws_em0/install/roarm_moveit_cmd:/home/naveen/roarm_ws_em0/install/roarm_moveit:/home/naveen/roarm_ws_em0/install/roarm_description:/home/naveen/roarm_ws_em0/install/moveit_servo:/home/naveen/roarm_ws_em0/install/alexa_integration:/home/naveen/roarm_ws_em0/install/ros2web_widgets:/home/naveen/roarm_ws_em0/install/ros2web_example_py:/home/naveen/roarm_ws_em0/install/roarm_web_app:/home/naveen/roarm_ws_em0/install/ros2web_app:/home/naveen/roarm_ws_em0/install/ros2web:/home/naveen/roarm_ws_em0/install/roarm_driver:/home/naveen/roarm_ws_em0/install/launch_api:/opt/ros/humble /usr/bin/cmake --install /home/naveen/bat_robot/build/batrobot_moveit
[4.887s] Level 1:colcon.colcon_core.environment:create_environment_scripts_only(batrobot_moveit)
[4.888s] Level 1:colcon.colcon_core.environment:checking '/home/naveen/bat_robot/install/batrobot_moveit' for CMake module files
[4.891s] DEBUG:colcon.colcon_core.event_handler.log_command:Invoked command in '/home/naveen/bat_robot/build/batrobot_moveit' returned '0': AMENT_PREFIX_PATH=/home/naveen/bat_robot/install/batrobot_description:${AMENT_PREFIX_PATH} CMAKE_PREFIX_PATH=/home/naveen/bat_robot/install/batrobot_description:/home/naveen/roarm_ws_em0/install/ros2web_interfaces:/home/naveen/roarm_ws_em0/install/roarm_msgs:/home/naveen/roarm_ws_em0/install/roarm_moveit_ikfast_plugins:/home/naveen/roarm_ws_em0/install/roarm_moveit_cmd:/home/naveen/roarm_ws_em0/install/roarm_moveit:/home/naveen/roarm_ws_em0/install/roarm_description:/home/naveen/roarm_ws_em0/install/moveit_servo:/home/naveen/roarm_ws_em0/install/alexa_integration:/home/naveen/roarm_ws_em0/install/ros2web_widgets:/home/naveen/roarm_ws_em0/install/ros2web_example_py:/home/naveen/roarm_ws_em0/install/roarm_web_app:/home/naveen/roarm_ws_em0/install/ros2web_app:/home/naveen/roarm_ws_em0/install/ros2web:/home/naveen/roarm_ws_em0/install/roarm_driver:/home/naveen/roarm_ws_em0/install/launch_api:/opt/ros/humble /usr/bin/cmake --install /home/naveen/bat_robot/build/batrobot_moveit
[4.896s] Level 1:colcon.colcon_core.environment:checking '/home/naveen/bat_robot/install/batrobot_moveit' for CMake config files
[4.899s] Level 1:colcon.colcon_core.shell:create_environment_hook('batrobot_moveit', 'cmake_prefix_path')
[4.902s] INFO:colcon.colcon_core.shell:Creating environment hook '/home/naveen/bat_robot/install/batrobot_moveit/share/batrobot_moveit/hook/cmake_prefix_path.ps1'
[4.908s] INFO:colcon.colcon_core.shell:Creating environment descriptor '/home/naveen/bat_robot/install/batrobot_moveit/share/batrobot_moveit/hook/cmake_prefix_path.dsv'
[4.918s] INFO:colcon.colcon_core.shell:Creating environment hook '/home/naveen/bat_robot/install/batrobot_moveit/share/batrobot_moveit/hook/cmake_prefix_path.sh'
[4.922s] Level 1:colcon.colcon_core.environment:checking '/home/naveen/bat_robot/install/batrobot_moveit/bin'
[4.924s] Level 1:colcon.colcon_core.environment:checking '/home/naveen/bat_robot/install/batrobot_moveit/lib/pkgconfig/batrobot_moveit.pc'
[4.927s] Level 1:colcon.colcon_core.environment:checking '/home/naveen/bat_robot/install/batrobot_moveit/lib/python3.10/site-packages'
[4.927s] Level 1:colcon.colcon_core.environment:checking '/home/naveen/bat_robot/install/batrobot_moveit/bin'
[4.933s] INFO:colcon.colcon_core.shell:Creating package script '/home/naveen/bat_robot/install/batrobot_moveit/share/batrobot_moveit/package.ps1'
[4.939s] INFO:colcon.colcon_core.shell:Creating package descriptor '/home/naveen/bat_robot/install/batrobot_moveit/share/batrobot_moveit/package.dsv'
[4.944s] INFO:colcon.colcon_core.shell:Creating package script '/home/naveen/bat_robot/install/batrobot_moveit/share/batrobot_moveit/package.sh'
[4.948s] INFO:colcon.colcon_core.shell:Creating package script '/home/naveen/bat_robot/install/batrobot_moveit/share/batrobot_moveit/package.bash'
[4.955s] INFO:colcon.colcon_core.shell:Creating package script '/home/naveen/bat_robot/install/batrobot_moveit/share/batrobot_moveit/package.zsh'
[4.962s] Level 1:colcon.colcon_core.environment:create_file_with_runtime_dependencies(/home/naveen/bat_robot/install/batrobot_moveit/share/colcon-core/packages/batrobot_moveit)
[4.969s] Level 1:colcon.colcon_core.environment:create_environment_scripts_only(batrobot_moveit)
[4.972s] Level 1:colcon.colcon_core.environment:checking '/home/naveen/bat_robot/install/batrobot_moveit' for CMake module files
[4.975s] Level 1:colcon.colcon_core.environment:checking '/home/naveen/bat_robot/install/batrobot_moveit' for CMake config files
[4.976s] Level 1:colcon.colcon_core.shell:create_environment_hook('batrobot_moveit', 'cmake_prefix_path')
[4.979s] INFO:colcon.colcon_core.shell:Creating environment hook '/home/naveen/bat_robot/install/batrobot_moveit/share/batrobot_moveit/hook/cmake_prefix_path.ps1'
[4.984s] INFO:colcon.colcon_core.shell:Creating environment descriptor '/home/naveen/bat_robot/install/batrobot_moveit/share/batrobot_moveit/hook/cmake_prefix_path.dsv'
[4.987s] INFO:colcon.colcon_core.shell:Creating environment hook '/home/naveen/bat_robot/install/batrobot_moveit/share/batrobot_moveit/hook/cmake_prefix_path.sh'
[4.990s] Level 1:colcon.colcon_core.environment:checking '/home/naveen/bat_robot/install/batrobot_moveit/bin'
[4.991s] Level 1:colcon.colcon_core.environment:checking '/home/naveen/bat_robot/install/batrobot_moveit/lib/pkgconfig/batrobot_moveit.pc'
[4.991s] Level 1:colcon.colcon_core.environment:checking '/home/naveen/bat_robot/install/batrobot_moveit/lib/python3.10/site-packages'
[4.995s] Level 1:colcon.colcon_core.environment:checking '/home/naveen/bat_robot/install/batrobot_moveit/bin'
[4.999s] INFO:colcon.colcon_core.shell:Creating package script '/home/naveen/bat_robot/install/batrobot_moveit/share/batrobot_moveit/package.ps1'
[5.002s] INFO:colcon.colcon_core.shell:Creating package descriptor '/home/naveen/bat_robot/install/batrobot_moveit/share/batrobot_moveit/package.dsv'
[5.005s] INFO:colcon.colcon_core.shell:Creating package script '/home/naveen/bat_robot/install/batrobot_moveit/share/batrobot_moveit/package.sh'
[5.010s] INFO:colcon.colcon_core.shell:Creating package script '/home/naveen/bat_robot/install/batrobot_moveit/share/batrobot_moveit/package.bash'
[5.015s] INFO:colcon.colcon_core.shell:Creating package script '/home/naveen/bat_robot/install/batrobot_moveit/share/batrobot_moveit/package.zsh'
[5.023s] Level 1:colcon.colcon_core.environment:create_file_with_runtime_dependencies(/home/naveen/bat_robot/install/batrobot_moveit/share/colcon-core/packages/batrobot_moveit)
[5.924s] DEBUG:colcon.colcon_core.event_handler.log_command:Invoked command in '/home/naveen/bat_robot/build/batrobot_firmware' returned '0': CMAKE_PREFIX_PATH=${CMAKE_PREFIX_PATH}:/home/naveen/roarm_ws_em0/install/ros2web_widgets:/home/naveen/roarm_ws_em0/install/ros2web_example_py:/home/naveen/roarm_ws_em0/install/roarm_web_app:/home/naveen/roarm_ws_em0/install/ros2web_app:/home/naveen/roarm_ws_em0/install/ros2web:/home/naveen/roarm_ws_em0/install/roarm_driver:/home/naveen/roarm_ws_em0/install/launch_api:/opt/ros/humble /usr/bin/cmake --build /home/naveen/bat_robot/build/batrobot_firmware -- -j2 -l2
[5.933s] DEBUG:colcon.colcon_core.event_handler.log_command:Invoking command in '/home/naveen/bat_robot/build/batrobot_firmware': CMAKE_PREFIX_PATH=${CMAKE_PREFIX_PATH}:/home/naveen/roarm_ws_em0/install/ros2web_widgets:/home/naveen/roarm_ws_em0/install/ros2web_example_py:/home/naveen/roarm_ws_em0/install/roarm_web_app:/home/naveen/roarm_ws_em0/install/ros2web_app:/home/naveen/roarm_ws_em0/install/ros2web:/home/naveen/roarm_ws_em0/install/roarm_driver:/home/naveen/roarm_ws_em0/install/launch_api:/opt/ros/humble /usr/bin/cmake --install /home/naveen/bat_robot/build/batrobot_firmware
[6.245s] Level 1:colcon.colcon_core.environment:create_environment_scripts_only(batrobot_firmware)
[6.249s] Level 1:colcon.colcon_core.environment:checking '/home/naveen/bat_robot/install/batrobot_firmware' for CMake module files
[6.250s] DEBUG:colcon.colcon_core.event_handler.log_command:Invoked command in '/home/naveen/bat_robot/build/batrobot_firmware' returned '0': CMAKE_PREFIX_PATH=${CMAKE_PREFIX_PATH}:/home/naveen/roarm_ws_em0/install/ros2web_widgets:/home/naveen/roarm_ws_em0/install/ros2web_example_py:/home/naveen/roarm_ws_em0/install/roarm_web_app:/home/naveen/roarm_ws_em0/install/ros2web_app:/home/naveen/roarm_ws_em0/install/ros2web:/home/naveen/roarm_ws_em0/install/roarm_driver:/home/naveen/roarm_ws_em0/install/launch_api:/opt/ros/humble /usr/bin/cmake --install /home/naveen/bat_robot/build/batrobot_firmware
[6.257s] Level 1:colcon.colcon_core.environment:checking '/home/naveen/bat_robot/install/batrobot_firmware' for CMake config files
[6.258s] Level 1:colcon.colcon_core.shell:create_environment_hook('batrobot_firmware', 'cmake_prefix_path')
[6.260s] INFO:colcon.colcon_core.shell:Creating environment hook '/home/naveen/bat_robot/install/batrobot_firmware/share/batrobot_firmware/hook/cmake_prefix_path.ps1'
[6.263s] INFO:colcon.colcon_core.shell:Creating environment descriptor '/home/naveen/bat_robot/install/batrobot_firmware/share/batrobot_firmware/hook/cmake_prefix_path.dsv'
[6.266s] INFO:colcon.colcon_core.shell:Creating environment hook '/home/naveen/bat_robot/install/batrobot_firmware/share/batrobot_firmware/hook/cmake_prefix_path.sh'
[6.270s] Level 1:colcon.colcon_core.environment:checking '/home/naveen/bat_robot/install/batrobot_firmware/lib'
[6.272s] Level 1:colcon.colcon_core.environment:checking '/home/naveen/bat_robot/install/batrobot_firmware/bin'
[6.273s] Level 1:colcon.colcon_core.environment:checking '/home/naveen/bat_robot/install/batrobot_firmware/lib/pkgconfig/batrobot_firmware.pc'
[6.274s] Level 1:colcon.colcon_core.environment:checking '/home/naveen/bat_robot/install/batrobot_firmware/lib/python3.10/site-packages'
[6.275s] Level 1:colcon.colcon_core.environment:checking '/home/naveen/bat_robot/install/batrobot_firmware/bin'
[6.277s] INFO:colcon.colcon_core.shell:Creating package script '/home/naveen/bat_robot/install/batrobot_firmware/share/batrobot_firmware/package.ps1'
[6.282s] INFO:colcon.colcon_core.shell:Creating package descriptor '/home/naveen/bat_robot/install/batrobot_firmware/share/batrobot_firmware/package.dsv'
[6.287s] INFO:colcon.colcon_core.shell:Creating package script '/home/naveen/bat_robot/install/batrobot_firmware/share/batrobot_firmware/package.sh'
[6.293s] INFO:colcon.colcon_core.shell:Creating package script '/home/naveen/bat_robot/install/batrobot_firmware/share/batrobot_firmware/package.bash'
[6.296s] INFO:colcon.colcon_core.shell:Creating package script '/home/naveen/bat_robot/install/batrobot_firmware/share/batrobot_firmware/package.zsh'
[6.298s] Level 1:colcon.colcon_core.environment:create_file_with_runtime_dependencies(/home/naveen/bat_robot/install/batrobot_firmware/share/colcon-core/packages/batrobot_firmware)
[6.300s] Level 1:colcon.colcon_core.environment:create_environment_scripts_only(batrobot_firmware)
[6.301s] Level 1:colcon.colcon_core.environment:checking '/home/naveen/bat_robot/install/batrobot_firmware' for CMake module files
[6.303s] Level 1:colcon.colcon_core.environment:checking '/home/naveen/bat_robot/install/batrobot_firmware' for CMake config files
[6.304s] Level 1:colcon.colcon_core.shell:create_environment_hook('batrobot_firmware', 'cmake_prefix_path')
[6.305s] INFO:colcon.colcon_core.shell:Creating environment hook '/home/naveen/bat_robot/install/batrobot_firmware/share/batrobot_firmware/hook/cmake_prefix_path.ps1'
[6.307s] INFO:colcon.colcon_core.shell:Creating environment descriptor '/home/naveen/bat_robot/install/batrobot_firmware/share/batrobot_firmware/hook/cmake_prefix_path.dsv'
[6.308s] INFO:colcon.colcon_core.shell:Creating environment hook '/home/naveen/bat_robot/install/batrobot_firmware/share/batrobot_firmware/hook/cmake_prefix_path.sh'
[6.311s] Level 1:colcon.colcon_core.environment:checking '/home/naveen/bat_robot/install/batrobot_firmware/lib'
[6.312s] Level 1:colcon.colcon_core.environment:checking '/home/naveen/bat_robot/install/batrobot_firmware/bin'
[6.312s] Level 1:colcon.colcon_core.environment:checking '/home/naveen/bat_robot/install/batrobot_firmware/lib/pkgconfig/batrobot_firmware.pc'
[6.313s] Level 1:colcon.colcon_core.environment:checking '/home/naveen/bat_robot/install/batrobot_firmware/lib/python3.10/site-packages'
[6.314s] Level 1:colcon.colcon_core.environment:checking '/home/naveen/bat_robot/install/batrobot_firmware/bin'
[6.315s] INFO:colcon.colcon_core.shell:Creating package script '/home/naveen/bat_robot/install/batrobot_firmware/share/batrobot_firmware/package.ps1'
[6.318s] INFO:colcon.colcon_core.shell:Creating package descriptor '/home/naveen/bat_robot/install/batrobot_firmware/share/batrobot_firmware/package.dsv'
[6.320s] INFO:colcon.colcon_core.shell:Creating package script '/home/naveen/bat_robot/install/batrobot_firmware/share/batrobot_firmware/package.sh'
[6.323s] INFO:colcon.colcon_core.shell:Creating package script '/home/naveen/bat_robot/install/batrobot_firmware/share/batrobot_firmware/package.bash'
[6.326s] INFO:colcon.colcon_core.shell:Creating package script '/home/naveen/bat_robot/install/batrobot_firmware/share/batrobot_firmware/package.zsh'
[6.328s] Level 1:colcon.colcon_core.environment:create_file_with_runtime_dependencies(/home/naveen/bat_robot/install/batrobot_firmware/share/colcon-core/packages/batrobot_firmware)
[6.330s] DEBUG:colcon.colcon_parallel_executor.executor.parallel:closing loop
[6.331s] DEBUG:colcon.colcon_parallel_executor.executor.parallel:loop closed
[6.333s] DEBUG:colcon.colcon_parallel_executor.executor.parallel:run_until_complete finished with '0'
[6.333s] DEBUG:colcon.colcon_core.event_reactor:joining thread
[6.381s] INFO:colcon.colcon_core.plugin_system:Skipping extension 'colcon_notification.desktop_notification.terminal_notifier': Not used on non-Darwin systems
[6.382s] INFO:colcon.colcon_core.plugin_system:Skipping extension 'colcon_notification.desktop_notification.win32': Not used on non-Windows systems
[6.382s] INFO:colcon.colcon_notification.desktop_notification:Sending desktop notification using 'notify2'
[6.528s] DEBUG:colcon.colcon_core.event_reactor:joined thread
[6.529s] INFO:colcon.colcon_core.shell:Creating prefix script '/home/naveen/bat_robot/install/local_setup.ps1'
[6.540s] INFO:colcon.colcon_core.shell:Creating prefix util module '/home/naveen/bat_robot/install/_local_setup_util_ps1.py'
[6.555s] INFO:colcon.colcon_core.shell:Creating prefix chain script '/home/naveen/bat_robot/install/setup.ps1'
[6.567s] INFO:colcon.colcon_core.shell:Creating prefix script '/home/naveen/bat_robot/install/local_setup.sh'
[6.572s] INFO:colcon.colcon_core.shell:Creating prefix util module '/home/naveen/bat_robot/install/_local_setup_util_sh.py'
[6.575s] INFO:colcon.colcon_core.shell:Creating prefix chain script '/home/naveen/bat_robot/install/setup.sh'
[6.582s] INFO:colcon.colcon_core.shell:Creating prefix script '/home/naveen/bat_robot/install/local_setup.bash'
[6.585s] INFO:colcon.colcon_core.shell:Creating prefix chain script '/home/naveen/bat_robot/install/setup.bash'
[6.593s] INFO:colcon.colcon_core.shell:Creating prefix script '/home/naveen/bat_robot/install/local_setup.zsh'
[6.597s] INFO:colcon.colcon_core.shell:Creating prefix chain script '/home/naveen/bat_robot/install/setup.zsh'
