[0.548s] DEBUG:colcon:Command line arguments: ['/usr/bin/colcon', 'build']
[0.548s] DEBUG:colcon:Parsed command line arguments: Namespace(log_base=None, log_level=None, verb_name='build', build_base='build', install_base='install', merge_install=False, symlink_install=False, test_result_base=None, continue_on_error=False, executor='parallel', parallel_workers=2, event_handlers=None, ignore_user_meta=False, metas=['./colcon.meta'], base_paths=['.'], packages_ignore=None, packages_ignore_regex=None, paths=None, packages_up_to=None, packages_up_to_regex=None, packages_above=None, packages_above_and_dependencies=None, packages_above_depth=None, packages_select_by_dep=None, packages_skip_by_dep=None, packages_skip_up_to=None, packages_select_build_failed=False, packages_skip_build_finished=False, packages_select_test_failures=False, packages_skip_test_passed=False, packages_select=None, packages_skip=None, packages_select_regex=None, packages_skip_regex=None, packages_start=None, packages_end=None, allow_overriding=[], cmake_args=None, cmake_target=None, cmake_target_skip_unavailable=False, cmake_clean_cache=False, cmake_clean_first=False, cmake_force_configure=False, ament_cmake_args=None, catkin_cmake_args=None, catkin_skip_building_tests=False, mixin_files=None, mixin=None, verb_parser=<colcon_mixin.mixin.mixin_argument.MixinArgumentDecorator object at 0x7fa1de6675e0>, verb_extension=<colcon_core.verb.build.BuildVerb object at 0x7fa1de666e60>, main=<bound method BuildVerb.main of <colcon_core.verb.build.BuildVerb object at 0x7fa1de666e60>>, mixin_verb=('build',))
[1.545s] Level 1:colcon.colcon_core.package_discovery:discover_packages(colcon_meta) check parameters
[1.546s] Level 1:colcon.colcon_core.package_discovery:discover_packages(recursive) check parameters
[1.548s] Level 1:colcon.colcon_core.package_discovery:discover_packages(ignore) check parameters
[1.548s] Level 1:colcon.colcon_core.package_discovery:discover_packages(path) check parameters
[1.548s] Level 1:colcon.colcon_core.package_discovery:discover_packages(colcon_meta) discover
[1.549s] Level 1:colcon.colcon_core.package_discovery:discover_packages(recursive) discover
[1.549s] INFO:colcon.colcon_core.package_discovery:Crawling recursively for packages in '/home/naveen/bat_robot'
[1.549s] Level 1:colcon.colcon_core.package_identification:_identify(.) by extensions ['ignore', 'ignore_ament_install']
[1.551s] Level 1:colcon.colcon_core.package_identification:_identify(.) by extension 'ignore'
[1.551s] Level 1:colcon.colcon_core.package_identification:_identify(.) by extension 'ignore_ament_install'
[1.552s] Level 1:colcon.colcon_core.package_identification:_identify(.) by extensions ['colcon_pkg']
[1.553s] Level 1:colcon.colcon_core.package_identification:_identify(.) by extension 'colcon_pkg'
[1.553s] Level 1:colcon.colcon_core.package_identification:_identify(.) by extensions ['colcon_meta']
[1.554s] Level 1:colcon.colcon_core.package_identification:_identify(.) by extension 'colcon_meta'
[1.555s] Level 1:colcon.colcon_core.package_identification:_identify(.) by extensions ['ros']
[1.555s] Level 1:colcon.colcon_core.package_identification:_identify(.) by extension 'ros'
[1.627s] Level 1:colcon.colcon_core.package_identification:_identify(.) by extensions ['cmake', 'python']
[1.627s] Level 1:colcon.colcon_core.package_identification:_identify(.) by extension 'cmake'
[1.627s] Level 1:colcon.colcon_core.package_identification:_identify(.) by extension 'python'
[1.627s] Level 1:colcon.colcon_core.package_identification:_identify(.) by extensions ['python_setup_py']
[1.627s] Level 1:colcon.colcon_core.package_identification:_identify(.) by extension 'python_setup_py'
[1.630s] Level 1:colcon.colcon_core.package_identification:_identify(build) by extensions ['ignore', 'ignore_ament_install']
[1.630s] Level 1:colcon.colcon_core.package_identification:_identify(build) by extension 'ignore'
[1.631s] Level 1:colcon.colcon_core.package_identification:_identify(build) ignored
[1.631s] Level 1:colcon.colcon_core.package_identification:_identify(install) by extensions ['ignore', 'ignore_ament_install']
[1.632s] Level 1:colcon.colcon_core.package_identification:_identify(install) by extension 'ignore'
[1.634s] Level 1:colcon.colcon_core.package_identification:_identify(install) ignored
[1.635s] Level 1:colcon.colcon_core.package_identification:_identify(log) by extensions ['ignore', 'ignore_ament_install']
[1.636s] Level 1:colcon.colcon_core.package_identification:_identify(log) by extension 'ignore'
[1.636s] Level 1:colcon.colcon_core.package_identification:_identify(log) ignored
[1.637s] Level 1:colcon.colcon_core.package_identification:_identify(src) by extensions ['ignore', 'ignore_ament_install']
[1.637s] Level 1:colcon.colcon_core.package_identification:_identify(src) by extension 'ignore'
[1.637s] Level 1:colcon.colcon_core.package_identification:_identify(src) by extension 'ignore_ament_install'
[1.638s] Level 1:colcon.colcon_core.package_identification:_identify(src) by extensions ['colcon_pkg']
[1.638s] Level 1:colcon.colcon_core.package_identification:_identify(src) by extension 'colcon_pkg'
[1.639s] Level 1:colcon.colcon_core.package_identification:_identify(src) by extensions ['colcon_meta']
[1.639s] Level 1:colcon.colcon_core.package_identification:_identify(src) by extension 'colcon_meta'
[1.640s] Level 1:colcon.colcon_core.package_identification:_identify(src) by extensions ['ros']
[1.640s] Level 1:colcon.colcon_core.package_identification:_identify(src) by extension 'ros'
[1.640s] Level 1:colcon.colcon_core.package_identification:_identify(src) by extensions ['cmake', 'python']
[1.640s] Level 1:colcon.colcon_core.package_identification:_identify(src) by extension 'cmake'
[1.640s] Level 1:colcon.colcon_core.package_identification:_identify(src) by extension 'python'
[1.641s] Level 1:colcon.colcon_core.package_identification:_identify(src) by extensions ['python_setup_py']
[1.641s] Level 1:colcon.colcon_core.package_identification:_identify(src) by extension 'python_setup_py'
[1.642s] Level 1:colcon.colcon_core.package_identification:_identify(src/batrobot_controller) by extensions ['ignore', 'ignore_ament_install']
[1.643s] Level 1:colcon.colcon_core.package_identification:_identify(src/batrobot_controller) by extension 'ignore'
[1.643s] Level 1:colcon.colcon_core.package_identification:_identify(src/batrobot_controller) by extension 'ignore_ament_install'
[1.643s] Level 1:colcon.colcon_core.package_identification:_identify(src/batrobot_controller) by extensions ['colcon_pkg']
[1.643s] Level 1:colcon.colcon_core.package_identification:_identify(src/batrobot_controller) by extension 'colcon_pkg'
[1.643s] Level 1:colcon.colcon_core.package_identification:_identify(src/batrobot_controller) by extensions ['colcon_meta']
[1.644s] Level 1:colcon.colcon_core.package_identification:_identify(src/batrobot_controller) by extension 'colcon_meta'
[1.644s] Level 1:colcon.colcon_core.package_identification:_identify(src/batrobot_controller) by extensions ['ros']
[1.645s] Level 1:colcon.colcon_core.package_identification:_identify(src/batrobot_controller) by extension 'ros'
[1.656s] DEBUG:colcon.colcon_core.package_identification:Package 'src/batrobot_controller' with type 'ros.ament_cmake' and name 'batrobot_controller'
[1.656s] Level 1:colcon.colcon_core.package_identification:_identify(src/batrobot_description) by extensions ['ignore', 'ignore_ament_install']
[1.657s] Level 1:colcon.colcon_core.package_identification:_identify(src/batrobot_description) by extension 'ignore'
[1.657s] Level 1:colcon.colcon_core.package_identification:_identify(src/batrobot_description) by extension 'ignore_ament_install'
[1.657s] Level 1:colcon.colcon_core.package_identification:_identify(src/batrobot_description) by extensions ['colcon_pkg']
[1.657s] Level 1:colcon.colcon_core.package_identification:_identify(src/batrobot_description) by extension 'colcon_pkg'
[1.658s] Level 1:colcon.colcon_core.package_identification:_identify(src/batrobot_description) by extensions ['colcon_meta']
[1.658s] Level 1:colcon.colcon_core.package_identification:_identify(src/batrobot_description) by extension 'colcon_meta'
[1.658s] Level 1:colcon.colcon_core.package_identification:_identify(src/batrobot_description) by extensions ['ros']
[1.658s] Level 1:colcon.colcon_core.package_identification:_identify(src/batrobot_description) by extension 'ros'
[1.706s] DEBUG:colcon.colcon_core.package_identification:Package 'src/batrobot_description' with type 'ros.ament_cmake' and name 'batrobot_description'
[1.706s] Level 1:colcon.colcon_core.package_identification:_identify(src/batrobot_firmware) by extensions ['ignore', 'ignore_ament_install']
[1.707s] Level 1:colcon.colcon_core.package_identification:_identify(src/batrobot_firmware) by extension 'ignore'
[1.707s] Level 1:colcon.colcon_core.package_identification:_identify(src/batrobot_firmware) by extension 'ignore_ament_install'
[1.707s] Level 1:colcon.colcon_core.package_identification:_identify(src/batrobot_firmware) by extensions ['colcon_pkg']
[1.707s] Level 1:colcon.colcon_core.package_identification:_identify(src/batrobot_firmware) by extension 'colcon_pkg'
[1.707s] Level 1:colcon.colcon_core.package_identification:_identify(src/batrobot_firmware) by extensions ['colcon_meta']
[1.708s] Level 1:colcon.colcon_core.package_identification:_identify(src/batrobot_firmware) by extension 'colcon_meta'
[1.708s] Level 1:colcon.colcon_core.package_identification:_identify(src/batrobot_firmware) by extensions ['ros']
[1.708s] Level 1:colcon.colcon_core.package_identification:_identify(src/batrobot_firmware) by extension 'ros'
[1.711s] DEBUG:colcon.colcon_core.package_identification:Package 'src/batrobot_firmware' with type 'ros.ament_cmake' and name 'batrobot_firmware'
[1.711s] Level 1:colcon.colcon_core.package_identification:_identify(src/batrobot_moveit) by extensions ['ignore', 'ignore_ament_install']
[1.712s] Level 1:colcon.colcon_core.package_identification:_identify(src/batrobot_moveit) by extension 'ignore'
[1.712s] Level 1:colcon.colcon_core.package_identification:_identify(src/batrobot_moveit) by extension 'ignore_ament_install'
[1.712s] Level 1:colcon.colcon_core.package_identification:_identify(src/batrobot_moveit) by extensions ['colcon_pkg']
[1.712s] Level 1:colcon.colcon_core.package_identification:_identify(src/batrobot_moveit) by extension 'colcon_pkg'
[1.713s] Level 1:colcon.colcon_core.package_identification:_identify(src/batrobot_moveit) by extensions ['colcon_meta']
[1.713s] Level 1:colcon.colcon_core.package_identification:_identify(src/batrobot_moveit) by extension 'colcon_meta'
[1.713s] Level 1:colcon.colcon_core.package_identification:_identify(src/batrobot_moveit) by extensions ['ros']
[1.713s] Level 1:colcon.colcon_core.package_identification:_identify(src/batrobot_moveit) by extension 'ros'
[1.717s] DEBUG:colcon.colcon_core.package_identification:Package 'src/batrobot_moveit' with type 'ros.ament_cmake' and name 'batrobot_moveit'
[1.718s] Level 1:colcon.colcon_core.package_discovery:discover_packages(recursive) using defaults
[1.718s] Level 1:colcon.colcon_core.package_discovery:discover_packages(ignore) discover
[1.718s] Level 1:colcon.colcon_core.package_discovery:discover_packages(ignore) using defaults
[1.718s] Level 1:colcon.colcon_core.package_discovery:discover_packages(path) discover
[1.718s] Level 1:colcon.colcon_core.package_discovery:discover_packages(path) using defaults
[1.821s] Level 1:colcon.colcon_core.package_discovery:discover_packages(prefix_path) check parameters
[1.822s] Level 1:colcon.colcon_core.package_discovery:discover_packages(prefix_path) discover
[1.833s] DEBUG:colcon.colcon_installed_package_information.package_discovery:Found 15 installed packages in /home/naveen/roarm_ws_em0/install
[1.841s] DEBUG:colcon.colcon_installed_package_information.package_discovery:Found 385 installed packages in /opt/ros/humble
[1.857s] Level 1:colcon.colcon_core.package_discovery:discover_packages(prefix_path) using defaults
[2.110s] Level 5:colcon.colcon_core.verb:set package 'batrobot_description' build argument 'cmake_args' from command line to 'None'
[2.110s] Level 5:colcon.colcon_core.verb:set package 'batrobot_description' build argument 'cmake_target' from command line to 'None'
[2.111s] Level 5:colcon.colcon_core.verb:set package 'batrobot_description' build argument 'cmake_target_skip_unavailable' from command line to 'False'
[2.111s] Level 5:colcon.colcon_core.verb:set package 'batrobot_description' build argument 'cmake_clean_cache' from command line to 'False'
[2.113s] Level 5:colcon.colcon_core.verb:set package 'batrobot_description' build argument 'cmake_clean_first' from command line to 'False'
[2.113s] Level 5:colcon.colcon_core.verb:set package 'batrobot_description' build argument 'cmake_force_configure' from command line to 'False'
[2.113s] Level 5:colcon.colcon_core.verb:set package 'batrobot_description' build argument 'ament_cmake_args' from command line to 'None'
[2.113s] Level 5:colcon.colcon_core.verb:set package 'batrobot_description' build argument 'catkin_cmake_args' from command line to 'None'
[2.113s] Level 5:colcon.colcon_core.verb:set package 'batrobot_description' build argument 'catkin_skip_building_tests' from command line to 'False'
[2.114s] DEBUG:colcon.colcon_core.verb:Building package 'batrobot_description' with the following arguments: {'ament_cmake_args': None, 'build_base': '/home/naveen/bat_robot/build/batrobot_description', 'catkin_cmake_args': None, 'catkin_skip_building_tests': False, 'cmake_args': None, 'cmake_clean_cache': False, 'cmake_clean_first': False, 'cmake_force_configure': False, 'cmake_target': None, 'cmake_target_skip_unavailable': False, 'install_base': '/home/naveen/bat_robot/install/batrobot_description', 'merge_install': False, 'path': '/home/naveen/bat_robot/src/batrobot_description', 'symlink_install': False, 'test_result_base': None}
[2.117s] Level 5:colcon.colcon_core.verb:set package 'batrobot_firmware' build argument 'cmake_args' from command line to 'None'
[2.118s] Level 5:colcon.colcon_core.verb:set package 'batrobot_firmware' build argument 'cmake_target' from command line to 'None'
[2.118s] Level 5:colcon.colcon_core.verb:set package 'batrobot_firmware' build argument 'cmake_target_skip_unavailable' from command line to 'False'
[2.118s] Level 5:colcon.colcon_core.verb:set package 'batrobot_firmware' build argument 'cmake_clean_cache' from command line to 'False'
[2.118s] Level 5:colcon.colcon_core.verb:set package 'batrobot_firmware' build argument 'cmake_clean_first' from command line to 'False'
[2.118s] Level 5:colcon.colcon_core.verb:set package 'batrobot_firmware' build argument 'cmake_force_configure' from command line to 'False'
[2.118s] Level 5:colcon.colcon_core.verb:set package 'batrobot_firmware' build argument 'ament_cmake_args' from command line to 'None'
[2.118s] Level 5:colcon.colcon_core.verb:set package 'batrobot_firmware' build argument 'catkin_cmake_args' from command line to 'None'
[2.118s] Level 5:colcon.colcon_core.verb:set package 'batrobot_firmware' build argument 'catkin_skip_building_tests' from command line to 'False'
[2.118s] DEBUG:colcon.colcon_core.verb:Building package 'batrobot_firmware' with the following arguments: {'ament_cmake_args': None, 'build_base': '/home/naveen/bat_robot/build/batrobot_firmware', 'catkin_cmake_args': None, 'catkin_skip_building_tests': False, 'cmake_args': None, 'cmake_clean_cache': False, 'cmake_clean_first': False, 'cmake_force_configure': False, 'cmake_target': None, 'cmake_target_skip_unavailable': False, 'install_base': '/home/naveen/bat_robot/install/batrobot_firmware', 'merge_install': False, 'path': '/home/naveen/bat_robot/src/batrobot_firmware', 'symlink_install': False, 'test_result_base': None}
[2.122s] Level 5:colcon.colcon_core.verb:set package 'batrobot_controller' build argument 'cmake_args' from command line to 'None'
[2.122s] Level 5:colcon.colcon_core.verb:set package 'batrobot_controller' build argument 'cmake_target' from command line to 'None'
[2.122s] Level 5:colcon.colcon_core.verb:set package 'batrobot_controller' build argument 'cmake_target_skip_unavailable' from command line to 'False'
[2.123s] Level 5:colcon.colcon_core.verb:set package 'batrobot_controller' build argument 'cmake_clean_cache' from command line to 'False'
[2.123s] Level 5:colcon.colcon_core.verb:set package 'batrobot_controller' build argument 'cmake_clean_first' from command line to 'False'
[2.125s] Level 5:colcon.colcon_core.verb:set package 'batrobot_controller' build argument 'cmake_force_configure' from command line to 'False'
[2.125s] Level 5:colcon.colcon_core.verb:set package 'batrobot_controller' build argument 'ament_cmake_args' from command line to 'None'
[2.125s] Level 5:colcon.colcon_core.verb:set package 'batrobot_controller' build argument 'catkin_cmake_args' from command line to 'None'
[2.125s] Level 5:colcon.colcon_core.verb:set package 'batrobot_controller' build argument 'catkin_skip_building_tests' from command line to 'False'
[2.125s] DEBUG:colcon.colcon_core.verb:Building package 'batrobot_controller' with the following arguments: {'ament_cmake_args': None, 'build_base': '/home/naveen/bat_robot/build/batrobot_controller', 'catkin_cmake_args': None, 'catkin_skip_building_tests': False, 'cmake_args': None, 'cmake_clean_cache': False, 'cmake_clean_first': False, 'cmake_force_configure': False, 'cmake_target': None, 'cmake_target_skip_unavailable': False, 'install_base': '/home/naveen/bat_robot/install/batrobot_controller', 'merge_install': False, 'path': '/home/naveen/bat_robot/src/batrobot_controller', 'symlink_install': False, 'test_result_base': None}
[2.129s] Level 5:colcon.colcon_core.verb:set package 'batrobot_moveit' build argument 'cmake_args' from command line to 'None'
[2.129s] Level 5:colcon.colcon_core.verb:set package 'batrobot_moveit' build argument 'cmake_target' from command line to 'None'
[2.130s] Level 5:colcon.colcon_core.verb:set package 'batrobot_moveit' build argument 'cmake_target_skip_unavailable' from command line to 'False'
[2.130s] Level 5:colcon.colcon_core.verb:set package 'batrobot_moveit' build argument 'cmake_clean_cache' from command line to 'False'
[2.130s] Level 5:colcon.colcon_core.verb:set package 'batrobot_moveit' build argument 'cmake_clean_first' from command line to 'False'
[2.130s] Level 5:colcon.colcon_core.verb:set package 'batrobot_moveit' build argument 'cmake_force_configure' from command line to 'False'
[2.130s] Level 5:colcon.colcon_core.verb:set package 'batrobot_moveit' build argument 'ament_cmake_args' from command line to 'None'
[2.130s] Level 5:colcon.colcon_core.verb:set package 'batrobot_moveit' build argument 'catkin_cmake_args' from command line to 'None'
[2.130s] Level 5:colcon.colcon_core.verb:set package 'batrobot_moveit' build argument 'catkin_skip_building_tests' from command line to 'False'
[2.130s] DEBUG:colcon.colcon_core.verb:Building package 'batrobot_moveit' with the following arguments: {'ament_cmake_args': None, 'build_base': '/home/naveen/bat_robot/build/batrobot_moveit', 'catkin_cmake_args': None, 'catkin_skip_building_tests': False, 'cmake_args': None, 'cmake_clean_cache': False, 'cmake_clean_first': False, 'cmake_force_configure': False, 'cmake_target': None, 'cmake_target_skip_unavailable': False, 'install_base': '/home/naveen/bat_robot/install/batrobot_moveit', 'merge_install': False, 'path': '/home/naveen/bat_robot/src/batrobot_moveit', 'symlink_install': False, 'test_result_base': None}
[2.133s] INFO:colcon.colcon_core.executor:Executing jobs using 'parallel' executor
[2.139s] DEBUG:colcon.colcon_parallel_executor.executor.parallel:run_until_complete
[2.140s] INFO:colcon.colcon_ros.task.ament_cmake.build:Building ROS package in '/home/naveen/bat_robot/src/batrobot_description' with build type 'ament_cmake'
[2.145s] INFO:colcon.colcon_cmake.task.cmake.build:Building CMake package in '/home/naveen/bat_robot/src/batrobot_description'
[2.170s] INFO:colcon.colcon_core.plugin_system:Skipping extension 'colcon_core.shell.bat': Not used on non-Windows systems
[2.170s] INFO:colcon.colcon_core.shell:Skip shell extension 'powershell' for command environment: Not usable outside of PowerShell
[2.170s] DEBUG:colcon.colcon_core.shell:Skip shell extension 'dsv' for command environment
[2.231s] INFO:colcon.colcon_ros.task.ament_cmake.build:Building ROS package in '/home/naveen/bat_robot/src/batrobot_firmware' with build type 'ament_cmake'
[2.232s] INFO:colcon.colcon_cmake.task.cmake.build:Building CMake package in '/home/naveen/bat_robot/src/batrobot_firmware'
[2.245s] INFO:colcon.colcon_core.shell:Skip shell extension 'powershell' for command environment: Not usable outside of PowerShell
[2.248s] DEBUG:colcon.colcon_core.shell:Skip shell extension 'dsv' for command environment
[2.336s] DEBUG:colcon.colcon_core.event_handler.log_command:Invoking command in '/home/naveen/bat_robot/build/batrobot_description': CMAKE_PREFIX_PATH=${CMAKE_PREFIX_PATH}:/home/naveen/roarm_ws_em0/install/ros2web_widgets:/home/naveen/roarm_ws_em0/install/ros2web_example_py:/home/naveen/roarm_ws_em0/install/roarm_web_app:/home/naveen/roarm_ws_em0/install/ros2web_app:/home/naveen/roarm_ws_em0/install/ros2web:/home/naveen/roarm_ws_em0/install/roarm_driver:/home/naveen/roarm_ws_em0/install/launch_api:/opt/ros/humble /usr/bin/cmake --build /home/naveen/bat_robot/build/batrobot_description -- -j2 -l2
[2.428s] DEBUG:colcon.colcon_core.event_handler.log_command:Invoking command in '/home/naveen/bat_robot/build/batrobot_firmware': CMAKE_PREFIX_PATH=${CMAKE_PREFIX_PATH}:/home/naveen/roarm_ws_em0/install/ros2web_widgets:/home/naveen/roarm_ws_em0/install/ros2web_example_py:/home/naveen/roarm_ws_em0/install/roarm_web_app:/home/naveen/roarm_ws_em0/install/ros2web_app:/home/naveen/roarm_ws_em0/install/ros2web:/home/naveen/roarm_ws_em0/install/roarm_driver:/home/naveen/roarm_ws_em0/install/launch_api:/opt/ros/humble /usr/bin/cmake --build /home/naveen/bat_robot/build/batrobot_firmware -- -j2 -l2
[2.914s] DEBUG:colcon.colcon_core.event_handler.log_command:Invoked command in '/home/naveen/bat_robot/build/batrobot_description' returned '0': CMAKE_PREFIX_PATH=${CMAKE_PREFIX_PATH}:/home/naveen/roarm_ws_em0/install/ros2web_widgets:/home/naveen/roarm_ws_em0/install/ros2web_example_py:/home/naveen/roarm_ws_em0/install/roarm_web_app:/home/naveen/roarm_ws_em0/install/ros2web_app:/home/naveen/roarm_ws_em0/install/ros2web:/home/naveen/roarm_ws_em0/install/roarm_driver:/home/naveen/roarm_ws_em0/install/launch_api:/opt/ros/humble /usr/bin/cmake --build /home/naveen/bat_robot/build/batrobot_description -- -j2 -l2
[3.022s] DEBUG:colcon.colcon_core.event_handler.log_command:Invoking command in '/home/naveen/bat_robot/build/batrobot_description': CMAKE_PREFIX_PATH=${CMAKE_PREFIX_PATH}:/home/naveen/roarm_ws_em0/install/ros2web_widgets:/home/naveen/roarm_ws_em0/install/ros2web_example_py:/home/naveen/roarm_ws_em0/install/roarm_web_app:/home/naveen/roarm_ws_em0/install/ros2web_app:/home/naveen/roarm_ws_em0/install/ros2web:/home/naveen/roarm_ws_em0/install/roarm_driver:/home/naveen/roarm_ws_em0/install/launch_api:/opt/ros/humble /usr/bin/cmake --install /home/naveen/bat_robot/build/batrobot_description
[3.192s] Level 1:colcon.colcon_core.environment:create_environment_scripts_only(batrobot_description)
[3.264s] DEBUG:colcon.colcon_core.event_handler.log_command:Invoked command in '/home/naveen/bat_robot/build/batrobot_description' returned '0': CMAKE_PREFIX_PATH=${CMAKE_PREFIX_PATH}:/home/naveen/roarm_ws_em0/install/ros2web_widgets:/home/naveen/roarm_ws_em0/install/ros2web_example_py:/home/naveen/roarm_ws_em0/install/roarm_web_app:/home/naveen/roarm_ws_em0/install/ros2web_app:/home/naveen/roarm_ws_em0/install/ros2web:/home/naveen/roarm_ws_em0/install/roarm_driver:/home/naveen/roarm_ws_em0/install/launch_api:/opt/ros/humble /usr/bin/cmake --install /home/naveen/bat_robot/build/batrobot_description
[3.273s] Level 1:colcon.colcon_core.environment:checking '/home/naveen/bat_robot/install/batrobot_description' for CMake module files
[3.280s] Level 1:colcon.colcon_core.environment:checking '/home/naveen/bat_robot/install/batrobot_description' for CMake config files
[3.282s] Level 1:colcon.colcon_core.shell:create_environment_hook('batrobot_description', 'cmake_prefix_path')
[3.287s] INFO:colcon.colcon_core.shell:Creating environment hook '/home/naveen/bat_robot/install/batrobot_description/share/batrobot_description/hook/cmake_prefix_path.ps1'
[3.305s] INFO:colcon.colcon_core.shell:Creating environment descriptor '/home/naveen/bat_robot/install/batrobot_description/share/batrobot_description/hook/cmake_prefix_path.dsv'
[3.314s] INFO:colcon.colcon_core.shell:Creating environment hook '/home/naveen/bat_robot/install/batrobot_description/share/batrobot_description/hook/cmake_prefix_path.sh'
[3.324s] Level 1:colcon.colcon_core.environment:checking '/home/naveen/bat_robot/install/batrobot_description/bin'
[3.325s] Level 1:colcon.colcon_core.environment:checking '/home/naveen/bat_robot/install/batrobot_description/lib/pkgconfig/batrobot_description.pc'
[3.327s] Level 1:colcon.colcon_core.environment:checking '/home/naveen/bat_robot/install/batrobot_description/lib/python3.10/site-packages'
[3.330s] Level 1:colcon.colcon_core.environment:checking '/home/naveen/bat_robot/install/batrobot_description/bin'
[3.334s] INFO:colcon.colcon_core.shell:Creating package script '/home/naveen/bat_robot/install/batrobot_description/share/batrobot_description/package.ps1'
[3.348s] INFO:colcon.colcon_core.shell:Creating package descriptor '/home/naveen/bat_robot/install/batrobot_description/share/batrobot_description/package.dsv'
[3.356s] INFO:colcon.colcon_core.shell:Creating package script '/home/naveen/bat_robot/install/batrobot_description/share/batrobot_description/package.sh'
[3.365s] INFO:colcon.colcon_core.shell:Creating package script '/home/naveen/bat_robot/install/batrobot_description/share/batrobot_description/package.bash'
[3.376s] INFO:colcon.colcon_core.shell:Creating package script '/home/naveen/bat_robot/install/batrobot_description/share/batrobot_description/package.zsh'
[3.386s] Level 1:colcon.colcon_core.environment:create_file_with_runtime_dependencies(/home/naveen/bat_robot/install/batrobot_description/share/colcon-core/packages/batrobot_description)
[3.396s] Level 1:colcon.colcon_core.environment:create_environment_scripts_only(batrobot_description)
[3.397s] Level 1:colcon.colcon_core.environment:checking '/home/naveen/bat_robot/install/batrobot_description' for CMake module files
[3.408s] Level 1:colcon.colcon_core.environment:checking '/home/naveen/bat_robot/install/batrobot_description' for CMake config files
[3.411s] Level 1:colcon.colcon_core.shell:create_environment_hook('batrobot_description', 'cmake_prefix_path')
[3.418s] INFO:colcon.colcon_core.shell:Creating environment hook '/home/naveen/bat_robot/install/batrobot_description/share/batrobot_description/hook/cmake_prefix_path.ps1'
[3.423s] INFO:colcon.colcon_core.shell:Creating environment descriptor '/home/naveen/bat_robot/install/batrobot_description/share/batrobot_description/hook/cmake_prefix_path.dsv'
[3.430s] INFO:colcon.colcon_core.shell:Creating environment hook '/home/naveen/bat_robot/install/batrobot_description/share/batrobot_description/hook/cmake_prefix_path.sh'
[3.440s] Level 1:colcon.colcon_core.environment:checking '/home/naveen/bat_robot/install/batrobot_description/bin'
[3.441s] Level 1:colcon.colcon_core.environment:checking '/home/naveen/bat_robot/install/batrobot_description/lib/pkgconfig/batrobot_description.pc'
[3.445s] Level 1:colcon.colcon_core.environment:checking '/home/naveen/bat_robot/install/batrobot_description/lib/python3.10/site-packages'
[3.448s] Level 1:colcon.colcon_core.environment:checking '/home/naveen/bat_robot/install/batrobot_description/bin'
[3.451s] INFO:colcon.colcon_core.shell:Creating package script '/home/naveen/bat_robot/install/batrobot_description/share/batrobot_description/package.ps1'
[3.464s] INFO:colcon.colcon_core.shell:Creating package descriptor '/home/naveen/bat_robot/install/batrobot_description/share/batrobot_description/package.dsv'
[3.472s] INFO:colcon.colcon_core.shell:Creating package script '/home/naveen/bat_robot/install/batrobot_description/share/batrobot_description/package.sh'
[3.483s] INFO:colcon.colcon_core.shell:Creating package script '/home/naveen/bat_robot/install/batrobot_description/share/batrobot_description/package.bash'
[3.492s] INFO:colcon.colcon_core.shell:Creating package script '/home/naveen/bat_robot/install/batrobot_description/share/batrobot_description/package.zsh'
[3.502s] Level 1:colcon.colcon_core.environment:create_file_with_runtime_dependencies(/home/naveen/bat_robot/install/batrobot_description/share/colcon-core/packages/batrobot_description)
[3.507s] INFO:colcon.colcon_ros.task.ament_cmake.build:Building ROS package in '/home/naveen/bat_robot/src/batrobot_controller' with build type 'ament_cmake'
[3.512s] INFO:colcon.colcon_cmake.task.cmake.build:Building CMake package in '/home/naveen/bat_robot/src/batrobot_controller'
[3.523s] INFO:colcon.colcon_core.shell:Skip shell extension 'powershell' for command environment: Not usable outside of PowerShell
[3.523s] DEBUG:colcon.colcon_core.shell:Skip shell extension 'dsv' for command environment
[3.650s] DEBUG:colcon.colcon_core.event_handler.log_command:Invoking command in '/home/naveen/bat_robot/build/batrobot_controller': AMENT_PREFIX_PATH=/home/naveen/bat_robot/install/batrobot_description:${AMENT_PREFIX_PATH} CMAKE_PREFIX_PATH=/home/naveen/bat_robot/install/batrobot_description:/home/naveen/roarm_ws_em0/install/ros2web_interfaces:/home/naveen/roarm_ws_em0/install/roarm_msgs:/home/naveen/roarm_ws_em0/install/roarm_moveit_ikfast_plugins:/home/naveen/roarm_ws_em0/install/roarm_moveit_cmd:/home/naveen/roarm_ws_em0/install/roarm_moveit:/home/naveen/roarm_ws_em0/install/roarm_description:/home/naveen/roarm_ws_em0/install/moveit_servo:/home/naveen/roarm_ws_em0/install/alexa_integration:/home/naveen/roarm_ws_em0/install/ros2web_widgets:/home/naveen/roarm_ws_em0/install/ros2web_example_py:/home/naveen/roarm_ws_em0/install/roarm_web_app:/home/naveen/roarm_ws_em0/install/ros2web_app:/home/naveen/roarm_ws_em0/install/ros2web:/home/naveen/roarm_ws_em0/install/roarm_driver:/home/naveen/roarm_ws_em0/install/launch_api:/opt/ros/humble /usr/bin/cmake --build /home/naveen/bat_robot/build/batrobot_controller -- -j2 -l2
[4.196s] DEBUG:colcon.colcon_core.event_handler.log_command:Invoked command in '/home/naveen/bat_robot/build/batrobot_controller' returned '0': AMENT_PREFIX_PATH=/home/naveen/bat_robot/install/batrobot_description:${AMENT_PREFIX_PATH} CMAKE_PREFIX_PATH=/home/naveen/bat_robot/install/batrobot_description:/home/naveen/roarm_ws_em0/install/ros2web_interfaces:/home/naveen/roarm_ws_em0/install/roarm_msgs:/home/naveen/roarm_ws_em0/install/roarm_moveit_ikfast_plugins:/home/naveen/roarm_ws_em0/install/roarm_moveit_cmd:/home/naveen/roarm_ws_em0/install/roarm_moveit:/home/naveen/roarm_ws_em0/install/roarm_description:/home/naveen/roarm_ws_em0/install/moveit_servo:/home/naveen/roarm_ws_em0/install/alexa_integration:/home/naveen/roarm_ws_em0/install/ros2web_widgets:/home/naveen/roarm_ws_em0/install/ros2web_example_py:/home/naveen/roarm_ws_em0/install/roarm_web_app:/home/naveen/roarm_ws_em0/install/ros2web_app:/home/naveen/roarm_ws_em0/install/ros2web:/home/naveen/roarm_ws_em0/install/roarm_driver:/home/naveen/roarm_ws_em0/install/launch_api:/opt/ros/humble /usr/bin/cmake --build /home/naveen/bat_robot/build/batrobot_controller -- -j2 -l2
[4.217s] DEBUG:colcon.colcon_core.event_handler.log_command:Invoking command in '/home/naveen/bat_robot/build/batrobot_controller': AMENT_PREFIX_PATH=/home/naveen/bat_robot/install/batrobot_description:${AMENT_PREFIX_PATH} CMAKE_PREFIX_PATH=/home/naveen/bat_robot/install/batrobot_description:/home/naveen/roarm_ws_em0/install/ros2web_interfaces:/home/naveen/roarm_ws_em0/install/roarm_msgs:/home/naveen/roarm_ws_em0/install/roarm_moveit_ikfast_plugins:/home/naveen/roarm_ws_em0/install/roarm_moveit_cmd:/home/naveen/roarm_ws_em0/install/roarm_moveit:/home/naveen/roarm_ws_em0/install/roarm_description:/home/naveen/roarm_ws_em0/install/moveit_servo:/home/naveen/roarm_ws_em0/install/alexa_integration:/home/naveen/roarm_ws_em0/install/ros2web_widgets:/home/naveen/roarm_ws_em0/install/ros2web_example_py:/home/naveen/roarm_ws_em0/install/roarm_web_app:/home/naveen/roarm_ws_em0/install/ros2web_app:/home/naveen/roarm_ws_em0/install/ros2web:/home/naveen/roarm_ws_em0/install/roarm_driver:/home/naveen/roarm_ws_em0/install/launch_api:/opt/ros/humble /usr/bin/cmake --install /home/naveen/bat_robot/build/batrobot_controller
[4.377s] Level 1:colcon.colcon_core.environment:create_environment_scripts_only(batrobot_controller)
[4.382s] Level 1:colcon.colcon_core.environment:checking '/home/naveen/bat_robot/install/batrobot_controller' for CMake module files
[4.392s] DEBUG:colcon.colcon_core.event_handler.log_command:Invoked command in '/home/naveen/bat_robot/build/batrobot_controller' returned '0': AMENT_PREFIX_PATH=/home/naveen/bat_robot/install/batrobot_description:${AMENT_PREFIX_PATH} CMAKE_PREFIX_PATH=/home/naveen/bat_robot/install/batrobot_description:/home/naveen/roarm_ws_em0/install/ros2web_interfaces:/home/naveen/roarm_ws_em0/install/roarm_msgs:/home/naveen/roarm_ws_em0/install/roarm_moveit_ikfast_plugins:/home/naveen/roarm_ws_em0/install/roarm_moveit_cmd:/home/naveen/roarm_ws_em0/install/roarm_moveit:/home/naveen/roarm_ws_em0/install/roarm_description:/home/naveen/roarm_ws_em0/install/moveit_servo:/home/naveen/roarm_ws_em0/install/alexa_integration:/home/naveen/roarm_ws_em0/install/ros2web_widgets:/home/naveen/roarm_ws_em0/install/ros2web_example_py:/home/naveen/roarm_ws_em0/install/roarm_web_app:/home/naveen/roarm_ws_em0/install/ros2web_app:/home/naveen/roarm_ws_em0/install/ros2web:/home/naveen/roarm_ws_em0/install/roarm_driver:/home/naveen/roarm_ws_em0/install/launch_api:/opt/ros/humble /usr/bin/cmake --install /home/naveen/bat_robot/build/batrobot_controller
[4.399s] Level 1:colcon.colcon_core.environment:checking '/home/naveen/bat_robot/install/batrobot_controller' for CMake config files
[4.400s] Level 1:colcon.colcon_core.shell:create_environment_hook('batrobot_controller', 'cmake_prefix_path')
[4.403s] INFO:colcon.colcon_core.shell:Creating environment hook '/home/naveen/bat_robot/install/batrobot_controller/share/batrobot_controller/hook/cmake_prefix_path.ps1'
[4.411s] INFO:colcon.colcon_core.shell:Creating environment descriptor '/home/naveen/bat_robot/install/batrobot_controller/share/batrobot_controller/hook/cmake_prefix_path.dsv'
[4.418s] INFO:colcon.colcon_core.shell:Creating environment hook '/home/naveen/bat_robot/install/batrobot_controller/share/batrobot_controller/hook/cmake_prefix_path.sh'
[4.432s] Level 1:colcon.colcon_core.environment:checking '/home/naveen/bat_robot/install/batrobot_controller/bin'
[4.433s] Level 1:colcon.colcon_core.environment:checking '/home/naveen/bat_robot/install/batrobot_controller/lib/pkgconfig/batrobot_controller.pc'
[4.437s] Level 1:colcon.colcon_core.environment:checking '/home/naveen/bat_robot/install/batrobot_controller/lib/python3.10/site-packages'
[4.443s] Level 1:colcon.colcon_core.environment:checking '/home/naveen/bat_robot/install/batrobot_controller/bin'
[4.448s] INFO:colcon.colcon_core.shell:Creating package script '/home/naveen/bat_robot/install/batrobot_controller/share/batrobot_controller/package.ps1'
[4.455s] INFO:colcon.colcon_core.shell:Creating package descriptor '/home/naveen/bat_robot/install/batrobot_controller/share/batrobot_controller/package.dsv'
[4.466s] INFO:colcon.colcon_core.shell:Creating package script '/home/naveen/bat_robot/install/batrobot_controller/share/batrobot_controller/package.sh'
[4.475s] INFO:colcon.colcon_core.shell:Creating package script '/home/naveen/bat_robot/install/batrobot_controller/share/batrobot_controller/package.bash'
[4.483s] INFO:colcon.colcon_core.shell:Creating package script '/home/naveen/bat_robot/install/batrobot_controller/share/batrobot_controller/package.zsh'
[4.488s] Level 1:colcon.colcon_core.environment:create_file_with_runtime_dependencies(/home/naveen/bat_robot/install/batrobot_controller/share/colcon-core/packages/batrobot_controller)
[4.500s] Level 1:colcon.colcon_core.environment:create_environment_scripts_only(batrobot_controller)
[4.504s] Level 1:colcon.colcon_core.environment:checking '/home/naveen/bat_robot/install/batrobot_controller' for CMake module files
[4.514s] Level 1:colcon.colcon_core.environment:checking '/home/naveen/bat_robot/install/batrobot_controller' for CMake config files
[4.517s] Level 1:colcon.colcon_core.shell:create_environment_hook('batrobot_controller', 'cmake_prefix_path')
[4.522s] INFO:colcon.colcon_core.shell:Creating environment hook '/home/naveen/bat_robot/install/batrobot_controller/share/batrobot_controller/hook/cmake_prefix_path.ps1'
[4.528s] INFO:colcon.colcon_core.shell:Creating environment descriptor '/home/naveen/bat_robot/install/batrobot_controller/share/batrobot_controller/hook/cmake_prefix_path.dsv'
[4.535s] INFO:colcon.colcon_core.shell:Creating environment hook '/home/naveen/bat_robot/install/batrobot_controller/share/batrobot_controller/hook/cmake_prefix_path.sh'
[4.545s] Level 1:colcon.colcon_core.environment:checking '/home/naveen/bat_robot/install/batrobot_controller/bin'
[4.548s] Level 1:colcon.colcon_core.environment:checking '/home/naveen/bat_robot/install/batrobot_controller/lib/pkgconfig/batrobot_controller.pc'
[4.550s] Level 1:colcon.colcon_core.environment:checking '/home/naveen/bat_robot/install/batrobot_controller/lib/python3.10/site-packages'
[4.555s] Level 1:colcon.colcon_core.environment:checking '/home/naveen/bat_robot/install/batrobot_controller/bin'
[4.562s] INFO:colcon.colcon_core.shell:Creating package script '/home/naveen/bat_robot/install/batrobot_controller/share/batrobot_controller/package.ps1'
[4.570s] INFO:colcon.colcon_core.shell:Creating package descriptor '/home/naveen/bat_robot/install/batrobot_controller/share/batrobot_controller/package.dsv'
[4.579s] INFO:colcon.colcon_core.shell:Creating package script '/home/naveen/bat_robot/install/batrobot_controller/share/batrobot_controller/package.sh'
[4.588s] INFO:colcon.colcon_core.shell:Creating package script '/home/naveen/bat_robot/install/batrobot_controller/share/batrobot_controller/package.bash'
[4.599s] INFO:colcon.colcon_core.shell:Creating package script '/home/naveen/bat_robot/install/batrobot_controller/share/batrobot_controller/package.zsh'
[4.607s] Level 1:colcon.colcon_core.environment:create_file_with_runtime_dependencies(/home/naveen/bat_robot/install/batrobot_controller/share/colcon-core/packages/batrobot_controller)
[4.615s] INFO:colcon.colcon_ros.task.ament_cmake.build:Building ROS package in '/home/naveen/bat_robot/src/batrobot_moveit' with build type 'ament_cmake'
[4.616s] INFO:colcon.colcon_cmake.task.cmake.build:Building CMake package in '/home/naveen/bat_robot/src/batrobot_moveit'
[4.620s] INFO:colcon.colcon_core.shell:Skip shell extension 'powershell' for command environment: Not usable outside of PowerShell
[4.625s] DEBUG:colcon.colcon_core.shell:Skip shell extension 'dsv' for command environment
[4.772s] DEBUG:colcon.colcon_core.event_handler.log_command:Invoking command in '/home/naveen/bat_robot/build/batrobot_moveit': AMENT_PREFIX_PATH=/home/naveen/bat_robot/install/batrobot_description:${AMENT_PREFIX_PATH} CMAKE_PREFIX_PATH=/home/naveen/bat_robot/install/batrobot_description:/home/naveen/roarm_ws_em0/install/ros2web_interfaces:/home/naveen/roarm_ws_em0/install/roarm_msgs:/home/naveen/roarm_ws_em0/install/roarm_moveit_ikfast_plugins:/home/naveen/roarm_ws_em0/install/roarm_moveit_cmd:/home/naveen/roarm_ws_em0/install/roarm_moveit:/home/naveen/roarm_ws_em0/install/roarm_description:/home/naveen/roarm_ws_em0/install/moveit_servo:/home/naveen/roarm_ws_em0/install/alexa_integration:/home/naveen/roarm_ws_em0/install/ros2web_widgets:/home/naveen/roarm_ws_em0/install/ros2web_example_py:/home/naveen/roarm_ws_em0/install/roarm_web_app:/home/naveen/roarm_ws_em0/install/ros2web_app:/home/naveen/roarm_ws_em0/install/ros2web:/home/naveen/roarm_ws_em0/install/roarm_driver:/home/naveen/roarm_ws_em0/install/launch_api:/opt/ros/humble /usr/bin/cmake --build /home/naveen/bat_robot/build/batrobot_moveit -- -j2 -l2
[5.455s] DEBUG:colcon.colcon_core.event_handler.log_command:Invoked command in '/home/naveen/bat_robot/build/batrobot_moveit' returned '0': AMENT_PREFIX_PATH=/home/naveen/bat_robot/install/batrobot_description:${AMENT_PREFIX_PATH} CMAKE_PREFIX_PATH=/home/naveen/bat_robot/install/batrobot_description:/home/naveen/roarm_ws_em0/install/ros2web_interfaces:/home/naveen/roarm_ws_em0/install/roarm_msgs:/home/naveen/roarm_ws_em0/install/roarm_moveit_ikfast_plugins:/home/naveen/roarm_ws_em0/install/roarm_moveit_cmd:/home/naveen/roarm_ws_em0/install/roarm_moveit:/home/naveen/roarm_ws_em0/install/roarm_description:/home/naveen/roarm_ws_em0/install/moveit_servo:/home/naveen/roarm_ws_em0/install/alexa_integration:/home/naveen/roarm_ws_em0/install/ros2web_widgets:/home/naveen/roarm_ws_em0/install/ros2web_example_py:/home/naveen/roarm_ws_em0/install/roarm_web_app:/home/naveen/roarm_ws_em0/install/ros2web_app:/home/naveen/roarm_ws_em0/install/ros2web:/home/naveen/roarm_ws_em0/install/roarm_driver:/home/naveen/roarm_ws_em0/install/launch_api:/opt/ros/humble /usr/bin/cmake --build /home/naveen/bat_robot/build/batrobot_moveit -- -j2 -l2
[5.468s] DEBUG:colcon.colcon_core.event_handler.log_command:Invoking command in '/home/naveen/bat_robot/build/batrobot_moveit': AMENT_PREFIX_PATH=/home/naveen/bat_robot/install/batrobot_description:${AMENT_PREFIX_PATH} CMAKE_PREFIX_PATH=/home/naveen/bat_robot/install/batrobot_description:/home/naveen/roarm_ws_em0/install/ros2web_interfaces:/home/naveen/roarm_ws_em0/install/roarm_msgs:/home/naveen/roarm_ws_em0/install/roarm_moveit_ikfast_plugins:/home/naveen/roarm_ws_em0/install/roarm_moveit_cmd:/home/naveen/roarm_ws_em0/install/roarm_moveit:/home/naveen/roarm_ws_em0/install/roarm_description:/home/naveen/roarm_ws_em0/install/moveit_servo:/home/naveen/roarm_ws_em0/install/alexa_integration:/home/naveen/roarm_ws_em0/install/ros2web_widgets:/home/naveen/roarm_ws_em0/install/ros2web_example_py:/home/naveen/roarm_ws_em0/install/roarm_web_app:/home/naveen/roarm_ws_em0/install/ros2web_app:/home/naveen/roarm_ws_em0/install/ros2web:/home/naveen/roarm_ws_em0/install/roarm_driver:/home/naveen/roarm_ws_em0/install/launch_api:/opt/ros/humble /usr/bin/cmake --install /home/naveen/bat_robot/build/batrobot_moveit
[5.690s] Level 1:colcon.colcon_core.environment:create_environment_scripts_only(batrobot_moveit)
[5.696s] Level 1:colcon.colcon_core.environment:checking '/home/naveen/bat_robot/install/batrobot_moveit' for CMake module files
[5.719s] Level 1:colcon.colcon_core.environment:checking '/home/naveen/bat_robot/install/batrobot_moveit' for CMake config files
[5.719s] Level 1:colcon.colcon_core.shell:create_environment_hook('batrobot_moveit', 'cmake_prefix_path')
[5.735s] INFO:colcon.colcon_core.shell:Creating environment hook '/home/naveen/bat_robot/install/batrobot_moveit/share/batrobot_moveit/hook/cmake_prefix_path.ps1'
[5.758s] INFO:colcon.colcon_core.shell:Creating environment descriptor '/home/naveen/bat_robot/install/batrobot_moveit/share/batrobot_moveit/hook/cmake_prefix_path.dsv'
[5.779s] INFO:colcon.colcon_core.shell:Creating environment hook '/home/naveen/bat_robot/install/batrobot_moveit/share/batrobot_moveit/hook/cmake_prefix_path.sh'
[5.794s] DEBUG:colcon.colcon_core.event_handler.log_command:Invoked command in '/home/naveen/bat_robot/build/batrobot_moveit' returned '0': AMENT_PREFIX_PATH=/home/naveen/bat_robot/install/batrobot_description:${AMENT_PREFIX_PATH} CMAKE_PREFIX_PATH=/home/naveen/bat_robot/install/batrobot_description:/home/naveen/roarm_ws_em0/install/ros2web_interfaces:/home/naveen/roarm_ws_em0/install/roarm_msgs:/home/naveen/roarm_ws_em0/install/roarm_moveit_ikfast_plugins:/home/naveen/roarm_ws_em0/install/roarm_moveit_cmd:/home/naveen/roarm_ws_em0/install/roarm_moveit:/home/naveen/roarm_ws_em0/install/roarm_description:/home/naveen/roarm_ws_em0/install/moveit_servo:/home/naveen/roarm_ws_em0/install/alexa_integration:/home/naveen/roarm_ws_em0/install/ros2web_widgets:/home/naveen/roarm_ws_em0/install/ros2web_example_py:/home/naveen/roarm_ws_em0/install/roarm_web_app:/home/naveen/roarm_ws_em0/install/ros2web_app:/home/naveen/roarm_ws_em0/install/ros2web:/home/naveen/roarm_ws_em0/install/roarm_driver:/home/naveen/roarm_ws_em0/install/launch_api:/opt/ros/humble /usr/bin/cmake --install /home/naveen/bat_robot/build/batrobot_moveit
[5.805s] Level 1:colcon.colcon_core.environment:checking '/home/naveen/bat_robot/install/batrobot_moveit/bin'
[5.806s] Level 1:colcon.colcon_core.environment:checking '/home/naveen/bat_robot/install/batrobot_moveit/lib/pkgconfig/batrobot_moveit.pc'
[5.811s] Level 1:colcon.colcon_core.environment:checking '/home/naveen/bat_robot/install/batrobot_moveit/lib/python3.10/site-packages'
[5.814s] Level 1:colcon.colcon_core.environment:checking '/home/naveen/bat_robot/install/batrobot_moveit/bin'
[5.823s] INFO:colcon.colcon_core.shell:Creating package script '/home/naveen/bat_robot/install/batrobot_moveit/share/batrobot_moveit/package.ps1'
[5.835s] INFO:colcon.colcon_core.shell:Creating package descriptor '/home/naveen/bat_robot/install/batrobot_moveit/share/batrobot_moveit/package.dsv'
[5.845s] INFO:colcon.colcon_core.shell:Creating package script '/home/naveen/bat_robot/install/batrobot_moveit/share/batrobot_moveit/package.sh'
[5.853s] INFO:colcon.colcon_core.shell:Creating package script '/home/naveen/bat_robot/install/batrobot_moveit/share/batrobot_moveit/package.bash'
[5.870s] INFO:colcon.colcon_core.shell:Creating package script '/home/naveen/bat_robot/install/batrobot_moveit/share/batrobot_moveit/package.zsh'
[5.876s] Level 1:colcon.colcon_core.environment:create_file_with_runtime_dependencies(/home/naveen/bat_robot/install/batrobot_moveit/share/colcon-core/packages/batrobot_moveit)
[5.892s] Level 1:colcon.colcon_core.environment:create_environment_scripts_only(batrobot_moveit)
[5.893s] Level 1:colcon.colcon_core.environment:checking '/home/naveen/bat_robot/install/batrobot_moveit' for CMake module files
[5.903s] Level 1:colcon.colcon_core.environment:checking '/home/naveen/bat_robot/install/batrobot_moveit' for CMake config files
[5.917s] Level 1:colcon.colcon_core.shell:create_environment_hook('batrobot_moveit', 'cmake_prefix_path')
[5.918s] INFO:colcon.colcon_core.shell:Creating environment hook '/home/naveen/bat_robot/install/batrobot_moveit/share/batrobot_moveit/hook/cmake_prefix_path.ps1'
[5.934s] INFO:colcon.colcon_core.shell:Creating environment descriptor '/home/naveen/bat_robot/install/batrobot_moveit/share/batrobot_moveit/hook/cmake_prefix_path.dsv'
[5.948s] INFO:colcon.colcon_core.shell:Creating environment hook '/home/naveen/bat_robot/install/batrobot_moveit/share/batrobot_moveit/hook/cmake_prefix_path.sh'
[5.965s] Level 1:colcon.colcon_core.environment:checking '/home/naveen/bat_robot/install/batrobot_moveit/bin'
[5.969s] Level 1:colcon.colcon_core.environment:checking '/home/naveen/bat_robot/install/batrobot_moveit/lib/pkgconfig/batrobot_moveit.pc'
[5.970s] Level 1:colcon.colcon_core.environment:checking '/home/naveen/bat_robot/install/batrobot_moveit/lib/python3.10/site-packages'
[5.983s] Level 1:colcon.colcon_core.environment:checking '/home/naveen/bat_robot/install/batrobot_moveit/bin'
[5.988s] INFO:colcon.colcon_core.shell:Creating package script '/home/naveen/bat_robot/install/batrobot_moveit/share/batrobot_moveit/package.ps1'
[6.002s] INFO:colcon.colcon_core.shell:Creating package descriptor '/home/naveen/bat_robot/install/batrobot_moveit/share/batrobot_moveit/package.dsv'
[6.014s] INFO:colcon.colcon_core.shell:Creating package script '/home/naveen/bat_robot/install/batrobot_moveit/share/batrobot_moveit/package.sh'
[6.029s] INFO:colcon.colcon_core.shell:Creating package script '/home/naveen/bat_robot/install/batrobot_moveit/share/batrobot_moveit/package.bash'
[6.045s] INFO:colcon.colcon_core.shell:Creating package script '/home/naveen/bat_robot/install/batrobot_moveit/share/batrobot_moveit/package.zsh'
[6.058s] Level 1:colcon.colcon_core.environment:create_file_with_runtime_dependencies(/home/naveen/bat_robot/install/batrobot_moveit/share/colcon-core/packages/batrobot_moveit)
[8.300s] DEBUG:colcon.colcon_core.event_handler.log_command:Invoked command in '/home/naveen/bat_robot/build/batrobot_firmware' returned '0': CMAKE_PREFIX_PATH=${CMAKE_PREFIX_PATH}:/home/naveen/roarm_ws_em0/install/ros2web_widgets:/home/naveen/roarm_ws_em0/install/ros2web_example_py:/home/naveen/roarm_ws_em0/install/roarm_web_app:/home/naveen/roarm_ws_em0/install/ros2web_app:/home/naveen/roarm_ws_em0/install/ros2web:/home/naveen/roarm_ws_em0/install/roarm_driver:/home/naveen/roarm_ws_em0/install/launch_api:/opt/ros/humble /usr/bin/cmake --build /home/naveen/bat_robot/build/batrobot_firmware -- -j2 -l2
[8.317s] DEBUG:colcon.colcon_core.event_handler.log_command:Invoking command in '/home/naveen/bat_robot/build/batrobot_firmware': CMAKE_PREFIX_PATH=${CMAKE_PREFIX_PATH}:/home/naveen/roarm_ws_em0/install/ros2web_widgets:/home/naveen/roarm_ws_em0/install/ros2web_example_py:/home/naveen/roarm_ws_em0/install/roarm_web_app:/home/naveen/roarm_ws_em0/install/ros2web_app:/home/naveen/roarm_ws_em0/install/ros2web:/home/naveen/roarm_ws_em0/install/roarm_driver:/home/naveen/roarm_ws_em0/install/launch_api:/opt/ros/humble /usr/bin/cmake --install /home/naveen/bat_robot/build/batrobot_firmware
[8.970s] Level 1:colcon.colcon_core.environment:create_environment_scripts_only(batrobot_firmware)
[8.976s] Level 1:colcon.colcon_core.environment:checking '/home/naveen/bat_robot/install/batrobot_firmware' for CMake module files
[8.975s] DEBUG:colcon.colcon_core.event_handler.log_command:Invoked command in '/home/naveen/bat_robot/build/batrobot_firmware' returned '0': CMAKE_PREFIX_PATH=${CMAKE_PREFIX_PATH}:/home/naveen/roarm_ws_em0/install/ros2web_widgets:/home/naveen/roarm_ws_em0/install/ros2web_example_py:/home/naveen/roarm_ws_em0/install/roarm_web_app:/home/naveen/roarm_ws_em0/install/ros2web_app:/home/naveen/roarm_ws_em0/install/ros2web:/home/naveen/roarm_ws_em0/install/roarm_driver:/home/naveen/roarm_ws_em0/install/launch_api:/opt/ros/humble /usr/bin/cmake --install /home/naveen/bat_robot/build/batrobot_firmware
[8.990s] Level 1:colcon.colcon_core.environment:checking '/home/naveen/bat_robot/install/batrobot_firmware' for CMake config files
[8.990s] Level 1:colcon.colcon_core.shell:create_environment_hook('batrobot_firmware', 'cmake_prefix_path')
[8.998s] INFO:colcon.colcon_core.shell:Creating environment hook '/home/naveen/bat_robot/install/batrobot_firmware/share/batrobot_firmware/hook/cmake_prefix_path.ps1'
[9.005s] INFO:colcon.colcon_core.shell:Creating environment descriptor '/home/naveen/bat_robot/install/batrobot_firmware/share/batrobot_firmware/hook/cmake_prefix_path.dsv'
[9.011s] INFO:colcon.colcon_core.shell:Creating environment hook '/home/naveen/bat_robot/install/batrobot_firmware/share/batrobot_firmware/hook/cmake_prefix_path.sh'
[9.022s] Level 1:colcon.colcon_core.environment:checking '/home/naveen/bat_robot/install/batrobot_firmware/lib'
[9.022s] Level 1:colcon.colcon_core.environment:checking '/home/naveen/bat_robot/install/batrobot_firmware/bin'
[9.023s] Level 1:colcon.colcon_core.environment:checking '/home/naveen/bat_robot/install/batrobot_firmware/lib/pkgconfig/batrobot_firmware.pc'
[9.024s] Level 1:colcon.colcon_core.environment:checking '/home/naveen/bat_robot/install/batrobot_firmware/lib/python3.10/site-packages'
[9.032s] Level 1:colcon.colcon_core.environment:checking '/home/naveen/bat_robot/install/batrobot_firmware/bin'
[9.036s] INFO:colcon.colcon_core.shell:Creating package script '/home/naveen/bat_robot/install/batrobot_firmware/share/batrobot_firmware/package.ps1'
[9.046s] INFO:colcon.colcon_core.shell:Creating package descriptor '/home/naveen/bat_robot/install/batrobot_firmware/share/batrobot_firmware/package.dsv'
[9.048s] INFO:colcon.colcon_core.shell:Creating package script '/home/naveen/bat_robot/install/batrobot_firmware/share/batrobot_firmware/package.sh'
[9.052s] INFO:colcon.colcon_core.shell:Creating package script '/home/naveen/bat_robot/install/batrobot_firmware/share/batrobot_firmware/package.bash'
[9.061s] INFO:colcon.colcon_core.shell:Creating package script '/home/naveen/bat_robot/install/batrobot_firmware/share/batrobot_firmware/package.zsh'
[9.066s] Level 1:colcon.colcon_core.environment:create_file_with_runtime_dependencies(/home/naveen/bat_robot/install/batrobot_firmware/share/colcon-core/packages/batrobot_firmware)
[9.069s] Level 1:colcon.colcon_core.environment:create_environment_scripts_only(batrobot_firmware)
[9.071s] Level 1:colcon.colcon_core.environment:checking '/home/naveen/bat_robot/install/batrobot_firmware' for CMake module files
[9.075s] Level 1:colcon.colcon_core.environment:checking '/home/naveen/bat_robot/install/batrobot_firmware' for CMake config files
[9.076s] Level 1:colcon.colcon_core.shell:create_environment_hook('batrobot_firmware', 'cmake_prefix_path')
[9.082s] INFO:colcon.colcon_core.shell:Creating environment hook '/home/naveen/bat_robot/install/batrobot_firmware/share/batrobot_firmware/hook/cmake_prefix_path.ps1'
[9.088s] INFO:colcon.colcon_core.shell:Creating environment descriptor '/home/naveen/bat_robot/install/batrobot_firmware/share/batrobot_firmware/hook/cmake_prefix_path.dsv'
[9.090s] INFO:colcon.colcon_core.shell:Creating environment hook '/home/naveen/bat_robot/install/batrobot_firmware/share/batrobot_firmware/hook/cmake_prefix_path.sh'
[9.100s] Level 1:colcon.colcon_core.environment:checking '/home/naveen/bat_robot/install/batrobot_firmware/lib'
[9.100s] Level 1:colcon.colcon_core.environment:checking '/home/naveen/bat_robot/install/batrobot_firmware/bin'
[9.100s] Level 1:colcon.colcon_core.environment:checking '/home/naveen/bat_robot/install/batrobot_firmware/lib/pkgconfig/batrobot_firmware.pc'
[9.102s] Level 1:colcon.colcon_core.environment:checking '/home/naveen/bat_robot/install/batrobot_firmware/lib/python3.10/site-packages'
[9.105s] Level 1:colcon.colcon_core.environment:checking '/home/naveen/bat_robot/install/batrobot_firmware/bin'
[9.108s] INFO:colcon.colcon_core.shell:Creating package script '/home/naveen/bat_robot/install/batrobot_firmware/share/batrobot_firmware/package.ps1'
[9.115s] INFO:colcon.colcon_core.shell:Creating package descriptor '/home/naveen/bat_robot/install/batrobot_firmware/share/batrobot_firmware/package.dsv'
[9.119s] INFO:colcon.colcon_core.shell:Creating package script '/home/naveen/bat_robot/install/batrobot_firmware/share/batrobot_firmware/package.sh'
[9.123s] INFO:colcon.colcon_core.shell:Creating package script '/home/naveen/bat_robot/install/batrobot_firmware/share/batrobot_firmware/package.bash'
[9.128s] INFO:colcon.colcon_core.shell:Creating package script '/home/naveen/bat_robot/install/batrobot_firmware/share/batrobot_firmware/package.zsh'
[9.132s] Level 1:colcon.colcon_core.environment:create_file_with_runtime_dependencies(/home/naveen/bat_robot/install/batrobot_firmware/share/colcon-core/packages/batrobot_firmware)
[9.133s] DEBUG:colcon.colcon_parallel_executor.executor.parallel:closing loop
[9.134s] DEBUG:colcon.colcon_parallel_executor.executor.parallel:loop closed
[9.134s] DEBUG:colcon.colcon_parallel_executor.executor.parallel:run_until_complete finished with '0'
[9.136s] DEBUG:colcon.colcon_core.event_reactor:joining thread
[9.209s] INFO:colcon.colcon_core.plugin_system:Skipping extension 'colcon_notification.desktop_notification.terminal_notifier': Not used on non-Darwin systems
[9.209s] INFO:colcon.colcon_core.plugin_system:Skipping extension 'colcon_notification.desktop_notification.win32': Not used on non-Windows systems
[9.209s] INFO:colcon.colcon_notification.desktop_notification:Sending desktop notification using 'notify2'
[9.347s] DEBUG:colcon.colcon_core.event_reactor:joined thread
[9.348s] INFO:colcon.colcon_core.shell:Creating prefix script '/home/naveen/bat_robot/install/local_setup.ps1'
[9.363s] INFO:colcon.colcon_core.shell:Creating prefix util module '/home/naveen/bat_robot/install/_local_setup_util_ps1.py'
[9.384s] INFO:colcon.colcon_core.shell:Creating prefix chain script '/home/naveen/bat_robot/install/setup.ps1'
[9.400s] INFO:colcon.colcon_core.shell:Creating prefix script '/home/naveen/bat_robot/install/local_setup.sh'
[9.410s] INFO:colcon.colcon_core.shell:Creating prefix util module '/home/naveen/bat_robot/install/_local_setup_util_sh.py'
[9.417s] INFO:colcon.colcon_core.shell:Creating prefix chain script '/home/naveen/bat_robot/install/setup.sh'
[9.434s] INFO:colcon.colcon_core.shell:Creating prefix script '/home/naveen/bat_robot/install/local_setup.bash'
[9.444s] INFO:colcon.colcon_core.shell:Creating prefix chain script '/home/naveen/bat_robot/install/setup.bash'
[9.460s] INFO:colcon.colcon_core.shell:Creating prefix script '/home/naveen/bat_robot/install/local_setup.zsh'
[9.467s] INFO:colcon.colcon_core.shell:Creating prefix chain script '/home/naveen/bat_robot/install/setup.zsh'
