[0.052s] Invoking command in '/home/naveen/bat_robot/build/batrobot_moveit': AMENT_PREFIX_PATH=/home/naveen/bat_robot/install/batrobot_controller:/home/naveen/bat_robot/install/batrobot_description:${AMENT_PREFIX_PATH} CMAKE_PREFIX_PATH=/home/naveen/bat_robot/install/batrobot_controller:/home/naveen/bat_robot/install/batrobot_description:/home/naveen/roarm_ws_em0/install/ros2web_interfaces:/home/naveen/roarm_ws_em0/install/roarm_msgs:/home/naveen/roarm_ws_em0/install/roarm_moveit_ikfast_plugins:/home/naveen/roarm_ws_em0/install/roarm_moveit_cmd:/home/naveen/roarm_ws_em0/install/roarm_moveit:/home/naveen/roarm_ws_em0/install/roarm_description:/home/naveen/roarm_ws_em0/install/moveit_servo:/home/naveen/roarm_ws_em0/install/alexa_integration:/home/naveen/roarm_ws_em0/install/ros2web_widgets:/home/naveen/roarm_ws_em0/install/ros2web_example_py:/home/naveen/roarm_ws_em0/install/roarm_web_app:/home/naveen/roarm_ws_em0/install/ros2web_app:/home/naveen/roarm_ws_em0/install/ros2web:/home/naveen/roarm_ws_em0/install/roarm_driver:/home/naveen/roarm_ws_em0/install/launch_api:/opt/ros/humble PYTHONPATH=/home/naveen/bat_robot/install/batrobot_controller/lib/python3.10/site-packages:${PYTHONPATH} /usr/bin/cmake --build /home/naveen/bat_robot/build/batrobot_moveit -- -j2 -l2
[0.217s] Invoked command in '/home/naveen/bat_robot/build/batrobot_moveit' returned '0': AMENT_PREFIX_PATH=/home/naveen/bat_robot/install/batrobot_controller:/home/naveen/bat_robot/install/batrobot_description:${AMENT_PREFIX_PATH} CMAKE_PREFIX_PATH=/home/naveen/bat_robot/install/batrobot_controller:/home/naveen/bat_robot/install/batrobot_description:/home/naveen/roarm_ws_em0/install/ros2web_interfaces:/home/naveen/roarm_ws_em0/install/roarm_msgs:/home/naveen/roarm_ws_em0/install/roarm_moveit_ikfast_plugins:/home/naveen/roarm_ws_em0/install/roarm_moveit_cmd:/home/naveen/roarm_ws_em0/install/roarm_moveit:/home/naveen/roarm_ws_em0/install/roarm_description:/home/naveen/roarm_ws_em0/install/moveit_servo:/home/naveen/roarm_ws_em0/install/alexa_integration:/home/naveen/roarm_ws_em0/install/ros2web_widgets:/home/naveen/roarm_ws_em0/install/ros2web_example_py:/home/naveen/roarm_ws_em0/install/roarm_web_app:/home/naveen/roarm_ws_em0/install/ros2web_app:/home/naveen/roarm_ws_em0/install/ros2web:/home/naveen/roarm_ws_em0/install/roarm_driver:/home/naveen/roarm_ws_em0/install/launch_api:/opt/ros/humble PYTHONPATH=/home/naveen/bat_robot/install/batrobot_controller/lib/python3.10/site-packages:${PYTHONPATH} /usr/bin/cmake --build /home/naveen/bat_robot/build/batrobot_moveit -- -j2 -l2
[0.229s] Invoking command in '/home/naveen/bat_robot/build/batrobot_moveit': AMENT_PREFIX_PATH=/home/naveen/bat_robot/install/batrobot_controller:/home/naveen/bat_robot/install/batrobot_description:${AMENT_PREFIX_PATH} CMAKE_PREFIX_PATH=/home/naveen/bat_robot/install/batrobot_controller:/home/naveen/bat_robot/install/batrobot_description:/home/naveen/roarm_ws_em0/install/ros2web_interfaces:/home/naveen/roarm_ws_em0/install/roarm_msgs:/home/naveen/roarm_ws_em0/install/roarm_moveit_ikfast_plugins:/home/naveen/roarm_ws_em0/install/roarm_moveit_cmd:/home/naveen/roarm_ws_em0/install/roarm_moveit:/home/naveen/roarm_ws_em0/install/roarm_description:/home/naveen/roarm_ws_em0/install/moveit_servo:/home/naveen/roarm_ws_em0/install/alexa_integration:/home/naveen/roarm_ws_em0/install/ros2web_widgets:/home/naveen/roarm_ws_em0/install/ros2web_example_py:/home/naveen/roarm_ws_em0/install/roarm_web_app:/home/naveen/roarm_ws_em0/install/ros2web_app:/home/naveen/roarm_ws_em0/install/ros2web:/home/naveen/roarm_ws_em0/install/roarm_driver:/home/naveen/roarm_ws_em0/install/launch_api:/opt/ros/humble PYTHONPATH=/home/naveen/bat_robot/install/batrobot_controller/lib/python3.10/site-packages:${PYTHONPATH} /usr/bin/cmake --install /home/naveen/bat_robot/build/batrobot_moveit
[0.294s] -- Install configuration: ""
[0.295s] -- Up-to-date: /home/naveen/bat_robot/install/batrobot_moveit/share/ament_index/resource_index/package_run_dependencies/batrobot_moveit
[0.297s] -- Up-to-date: /home/naveen/bat_robot/install/batrobot_moveit/share/ament_index/resource_index/parent_prefix_path/batrobot_moveit
[0.297s] -- Up-to-date: /home/naveen/bat_robot/install/batrobot_moveit/share/batrobot_moveit/environment/ament_prefix_path.sh
[0.304s] -- Up-to-date: /home/naveen/bat_robot/install/batrobot_moveit/share/batrobot_moveit/environment/ament_prefix_path.dsv
[0.304s] -- Up-to-date: /home/naveen/bat_robot/install/batrobot_moveit/share/batrobot_moveit/environment/path.sh
[0.304s] -- Up-to-date: /home/naveen/bat_robot/install/batrobot_moveit/share/batrobot_moveit/environment/path.dsv
[0.305s] -- Up-to-date: /home/naveen/bat_robot/install/batrobot_moveit/share/batrobot_moveit/local_setup.bash
[0.305s] -- Up-to-date: /home/naveen/bat_robot/install/batrobot_moveit/share/batrobot_moveit/local_setup.sh
[0.305s] -- Up-to-date: /home/naveen/bat_robot/install/batrobot_moveit/share/batrobot_moveit/local_setup.zsh
[0.309s] -- Up-to-date: /home/naveen/bat_robot/install/batrobot_moveit/share/batrobot_moveit/local_setup.dsv
[0.310s] -- Installing: /home/naveen/bat_robot/install/batrobot_moveit/share/batrobot_moveit/package.dsv
[0.310s] -- Up-to-date: /home/naveen/bat_robot/install/batrobot_moveit/share/ament_index/resource_index/packages/batrobot_moveit
[0.314s] -- Up-to-date: /home/naveen/bat_robot/install/batrobot_moveit/share/batrobot_moveit/cmake/batrobot_moveitConfig.cmake
[0.317s] -- Up-to-date: /home/naveen/bat_robot/install/batrobot_moveit/share/batrobot_moveit/cmake/batrobot_moveitConfig-version.cmake
[0.318s] -- Up-to-date: /home/naveen/bat_robot/install/batrobot_moveit/share/batrobot_moveit/package.xml
[0.318s] -- Up-to-date: /home/naveen/bat_robot/install/batrobot_moveit/share/batrobot_moveit/launch
[0.318s] -- Up-to-date: /home/naveen/bat_robot/install/batrobot_moveit/share/batrobot_moveit/launch/static_virtual_joint_tfs.launch.py
[0.319s] -- Up-to-date: /home/naveen/bat_robot/install/batrobot_moveit/share/batrobot_moveit/launch/spawn_controllers.launch.py
[0.319s] -- Up-to-date: /home/naveen/bat_robot/install/batrobot_moveit/share/batrobot_moveit/launch/moveit.launch.py
[0.319s] -- Up-to-date: /home/naveen/bat_robot/install/batrobot_moveit/share/batrobot_moveit/launch/moveit_rviz.launch.py
[0.325s] -- Up-to-date: /home/naveen/bat_robot/install/batrobot_moveit/share/batrobot_moveit/launch/move_group.launch.py
[0.325s] -- Up-to-date: /home/naveen/bat_robot/install/batrobot_moveit/share/batrobot_moveit/launch/rsp.launch.py
[0.325s] -- Up-to-date: /home/naveen/bat_robot/install/batrobot_moveit/share/batrobot_moveit/launch/setup_assistant.launch.py
[0.326s] -- Up-to-date: /home/naveen/bat_robot/install/batrobot_moveit/share/batrobot_moveit/launch/demo.launch.py
[0.326s] -- Up-to-date: /home/naveen/bat_robot/install/batrobot_moveit/share/batrobot_moveit/launch/warehouse_db.launch.py
[0.326s] -- Up-to-date: /home/naveen/bat_robot/install/batrobot_moveit/share/batrobot_moveit/config
[0.336s] -- Up-to-date: /home/naveen/bat_robot/install/batrobot_moveit/share/batrobot_moveit/config/joint_limits.yaml
[0.337s] -- Up-to-date: /home/naveen/bat_robot/install/batrobot_moveit/share/batrobot_moveit/config/moveit.rviz
[0.339s] -- Up-to-date: /home/naveen/bat_robot/install/batrobot_moveit/share/batrobot_moveit/config/kinematics.yaml
[0.339s] -- Up-to-date: /home/naveen/bat_robot/install/batrobot_moveit/share/batrobot_moveit/config/initial_positions.yaml
[0.339s] -- Up-to-date: /home/naveen/bat_robot/install/batrobot_moveit/share/batrobot_moveit/config/batrobot.srdf
[0.340s] -- Up-to-date: /home/naveen/bat_robot/install/batrobot_moveit/share/batrobot_moveit/config/moveit_controllers.yaml
[0.340s] -- Up-to-date: /home/naveen/bat_robot/install/batrobot_moveit/share/batrobot_moveit/config/batrobot.ros2_control.xacro
[0.340s] -- Up-to-date: /home/naveen/bat_robot/install/batrobot_moveit/share/batrobot_moveit/config/ros2_controllers.yaml
[0.344s] -- Up-to-date: /home/naveen/bat_robot/install/batrobot_moveit/share/batrobot_moveit/config/batrobot.urdf.xacro
[0.345s] -- Up-to-date: /home/naveen/bat_robot/install/batrobot_moveit/share/batrobot_moveit/config/pilz_cartesian_limits.yaml
[0.345s] -- Up-to-date: /home/naveen/bat_robot/install/batrobot_moveit/share/batrobot_moveit/.setup_assistant
[0.346s] Invoked command in '/home/naveen/bat_robot/build/batrobot_moveit' returned '0': AMENT_PREFIX_PATH=/home/naveen/bat_robot/install/batrobot_controller:/home/naveen/bat_robot/install/batrobot_description:${AMENT_PREFIX_PATH} CMAKE_PREFIX_PATH=/home/naveen/bat_robot/install/batrobot_controller:/home/naveen/bat_robot/install/batrobot_description:/home/naveen/roarm_ws_em0/install/ros2web_interfaces:/home/naveen/roarm_ws_em0/install/roarm_msgs:/home/naveen/roarm_ws_em0/install/roarm_moveit_ikfast_plugins:/home/naveen/roarm_ws_em0/install/roarm_moveit_cmd:/home/naveen/roarm_ws_em0/install/roarm_moveit:/home/naveen/roarm_ws_em0/install/roarm_description:/home/naveen/roarm_ws_em0/install/moveit_servo:/home/naveen/roarm_ws_em0/install/alexa_integration:/home/naveen/roarm_ws_em0/install/ros2web_widgets:/home/naveen/roarm_ws_em0/install/ros2web_example_py:/home/naveen/roarm_ws_em0/install/roarm_web_app:/home/naveen/roarm_ws_em0/install/ros2web_app:/home/naveen/roarm_ws_em0/install/ros2web:/home/naveen/roarm_ws_em0/install/roarm_driver:/home/naveen/roarm_ws_em0/install/launch_api:/opt/ros/humble PYTHONPATH=/home/naveen/bat_robot/install/batrobot_controller/lib/python3.10/site-packages:${PYTHONPATH} /usr/bin/cmake --install /home/naveen/bat_robot/build/batrobot_moveit
