[0.201s] Invoking command in '/home/naveen/bat_robot/build/batrobot_moveit': AMENT_PREFIX_PATH=/home/naveen/bat_robot/install/batrobot_description:${AMENT_PREFIX_PATH} CMAKE_PREFIX_PATH=/home/naveen/bat_robot/install/batrobot_description:/home/naveen/roarm_ws_em0/install/ros2web_interfaces:/home/naveen/roarm_ws_em0/install/roarm_msgs:/home/naveen/roarm_ws_em0/install/roarm_moveit_ikfast_plugins:/home/naveen/roarm_ws_em0/install/roarm_moveit_cmd:/home/naveen/roarm_ws_em0/install/roarm_moveit:/home/naveen/roarm_ws_em0/install/roarm_description:/home/naveen/roarm_ws_em0/install/moveit_servo:/home/naveen/roarm_ws_em0/install/alexa_integration:/home/naveen/roarm_ws_em0/install/ros2web_widgets:/home/naveen/roarm_ws_em0/install/ros2web_example_py:/home/naveen/roarm_ws_em0/install/roarm_web_app:/home/naveen/roarm_ws_em0/install/ros2web_app:/home/naveen/roarm_ws_em0/install/ros2web:/home/naveen/roarm_ws_em0/install/roarm_driver:/home/naveen/roarm_ws_em0/install/launch_api:/opt/ros/humble /usr/bin/cmake --build /home/naveen/bat_robot/build/batrobot_moveit -- -j2 -l2
[0.987s] Invoked command in '/home/naveen/bat_robot/build/batrobot_moveit' returned '0': AMENT_PREFIX_PATH=/home/naveen/bat_robot/install/batrobot_description:${AMENT_PREFIX_PATH} CMAKE_PREFIX_PATH=/home/naveen/bat_robot/install/batrobot_description:/home/naveen/roarm_ws_em0/install/ros2web_interfaces:/home/naveen/roarm_ws_em0/install/roarm_msgs:/home/naveen/roarm_ws_em0/install/roarm_moveit_ikfast_plugins:/home/naveen/roarm_ws_em0/install/roarm_moveit_cmd:/home/naveen/roarm_ws_em0/install/roarm_moveit:/home/naveen/roarm_ws_em0/install/roarm_description:/home/naveen/roarm_ws_em0/install/moveit_servo:/home/naveen/roarm_ws_em0/install/alexa_integration:/home/naveen/roarm_ws_em0/install/ros2web_widgets:/home/naveen/roarm_ws_em0/install/ros2web_example_py:/home/naveen/roarm_ws_em0/install/roarm_web_app:/home/naveen/roarm_ws_em0/install/ros2web_app:/home/naveen/roarm_ws_em0/install/ros2web:/home/naveen/roarm_ws_em0/install/roarm_driver:/home/naveen/roarm_ws_em0/install/launch_api:/opt/ros/humble /usr/bin/cmake --build /home/naveen/bat_robot/build/batrobot_moveit -- -j2 -l2
[1.012s] Invoking command in '/home/naveen/bat_robot/build/batrobot_moveit': AMENT_PREFIX_PATH=/home/naveen/bat_robot/install/batrobot_description:${AMENT_PREFIX_PATH} CMAKE_PREFIX_PATH=/home/naveen/bat_robot/install/batrobot_description:/home/naveen/roarm_ws_em0/install/ros2web_interfaces:/home/naveen/roarm_ws_em0/install/roarm_msgs:/home/naveen/roarm_ws_em0/install/roarm_moveit_ikfast_plugins:/home/naveen/roarm_ws_em0/install/roarm_moveit_cmd:/home/naveen/roarm_ws_em0/install/roarm_moveit:/home/naveen/roarm_ws_em0/install/roarm_description:/home/naveen/roarm_ws_em0/install/moveit_servo:/home/naveen/roarm_ws_em0/install/alexa_integration:/home/naveen/roarm_ws_em0/install/ros2web_widgets:/home/naveen/roarm_ws_em0/install/ros2web_example_py:/home/naveen/roarm_ws_em0/install/roarm_web_app:/home/naveen/roarm_ws_em0/install/ros2web_app:/home/naveen/roarm_ws_em0/install/ros2web:/home/naveen/roarm_ws_em0/install/roarm_driver:/home/naveen/roarm_ws_em0/install/launch_api:/opt/ros/humble /usr/bin/cmake --install /home/naveen/bat_robot/build/batrobot_moveit
[1.140s] -- Install configuration: ""
[1.146s] -- Up-to-date: /home/naveen/bat_robot/install/batrobot_moveit/share/ament_index/resource_index/package_run_dependencies/batrobot_moveit
[1.154s] -- Up-to-date: /home/naveen/bat_robot/install/batrobot_moveit/share/ament_index/resource_index/parent_prefix_path/batrobot_moveit
[1.160s] -- Up-to-date: /home/naveen/bat_robot/install/batrobot_moveit/share/batrobot_moveit/environment/ament_prefix_path.sh
[1.164s] -- Up-to-date: /home/naveen/bat_robot/install/batrobot_moveit/share/batrobot_moveit/environment/ament_prefix_path.dsv
[1.168s] -- Up-to-date: /home/naveen/bat_robot/install/batrobot_moveit/share/batrobot_moveit/environment/path.sh
[1.172s] -- Up-to-date: /home/naveen/bat_robot/install/batrobot_moveit/share/batrobot_moveit/environment/path.dsv
[1.178s] -- Up-to-date: /home/naveen/bat_robot/install/batrobot_moveit/share/batrobot_moveit/local_setup.bash
[1.183s] -- Up-to-date: /home/naveen/bat_robot/install/batrobot_moveit/share/batrobot_moveit/local_setup.sh
[1.189s] -- Up-to-date: /home/naveen/bat_robot/install/batrobot_moveit/share/batrobot_moveit/local_setup.zsh
[1.195s] -- Up-to-date: /home/naveen/bat_robot/install/batrobot_moveit/share/batrobot_moveit/local_setup.dsv
[1.198s] -- Installing: /home/naveen/bat_robot/install/batrobot_moveit/share/batrobot_moveit/package.dsv
[1.202s] -- Up-to-date: /home/naveen/bat_robot/install/batrobot_moveit/share/ament_index/resource_index/packages/batrobot_moveit
[1.207s] -- Up-to-date: /home/naveen/bat_robot/install/batrobot_moveit/share/batrobot_moveit/cmake/batrobot_moveitConfig.cmake
[1.208s] -- Up-to-date: /home/naveen/bat_robot/install/batrobot_moveit/share/batrobot_moveit/cmake/batrobot_moveitConfig-version.cmake
[1.218s] -- Up-to-date: /home/naveen/bat_robot/install/batrobot_moveit/share/batrobot_moveit/package.xml
[1.224s] -- Up-to-date: /home/naveen/bat_robot/install/batrobot_moveit/share/batrobot_moveit/launch
[1.224s] -- Up-to-date: /home/naveen/bat_robot/install/batrobot_moveit/share/batrobot_moveit/launch/static_virtual_joint_tfs.launch.py
[1.224s] -- Up-to-date: /home/naveen/bat_robot/install/batrobot_moveit/share/batrobot_moveit/launch/spawn_controllers.launch.py
[1.234s] -- Up-to-date: /home/naveen/bat_robot/install/batrobot_moveit/share/batrobot_moveit/launch/moveit.launch.py
[1.246s] -- Up-to-date: /home/naveen/bat_robot/install/batrobot_moveit/share/batrobot_moveit/launch/moveit_rviz.launch.py
[1.255s] -- Up-to-date: /home/naveen/bat_robot/install/batrobot_moveit/share/batrobot_moveit/launch/move_group.launch.py
[1.262s] -- Up-to-date: /home/naveen/bat_robot/install/batrobot_moveit/share/batrobot_moveit/launch/rsp.launch.py
[1.262s] -- Up-to-date: /home/naveen/bat_robot/install/batrobot_moveit/share/batrobot_moveit/launch/setup_assistant.launch.py
[1.266s] -- Up-to-date: /home/naveen/bat_robot/install/batrobot_moveit/share/batrobot_moveit/launch/demo.launch.py
[1.274s] -- Up-to-date: /home/naveen/bat_robot/install/batrobot_moveit/share/batrobot_moveit/launch/warehouse_db.launch.py
[1.277s] -- Up-to-date: /home/naveen/bat_robot/install/batrobot_moveit/share/batrobot_moveit/config
[1.277s] -- Up-to-date: /home/naveen/bat_robot/install/batrobot_moveit/share/batrobot_moveit/config/joint_limits.yaml
[1.277s] -- Up-to-date: /home/naveen/bat_robot/install/batrobot_moveit/share/batrobot_moveit/config/moveit.rviz
[1.287s] -- Up-to-date: /home/naveen/bat_robot/install/batrobot_moveit/share/batrobot_moveit/config/kinematics.yaml
[1.291s] -- Up-to-date: /home/naveen/bat_robot/install/batrobot_moveit/share/batrobot_moveit/config/initial_positions.yaml
[1.302s] -- Installing: /home/naveen/bat_robot/install/batrobot_moveit/share/batrobot_moveit/config/batrobot.srdf
[1.304s] -- Up-to-date: /home/naveen/bat_robot/install/batrobot_moveit/share/batrobot_moveit/config/moveit_controllers.yaml
[1.314s] -- Up-to-date: /home/naveen/bat_robot/install/batrobot_moveit/share/batrobot_moveit/config/batrobot.ros2_control.xacro
[1.325s] -- Up-to-date: /home/naveen/bat_robot/install/batrobot_moveit/share/batrobot_moveit/config/ros2_controllers.yaml
[1.327s] -- Up-to-date: /home/naveen/bat_robot/install/batrobot_moveit/share/batrobot_moveit/config/batrobot.urdf.xacro
[1.337s] -- Up-to-date: /home/naveen/bat_robot/install/batrobot_moveit/share/batrobot_moveit/config/pilz_cartesian_limits.yaml
[1.337s] -- Up-to-date: /home/naveen/bat_robot/install/batrobot_moveit/share/batrobot_moveit/.setup_assistant
[1.353s] Invoked command in '/home/naveen/bat_robot/build/batrobot_moveit' returned '0': AMENT_PREFIX_PATH=/home/naveen/bat_robot/install/batrobot_description:${AMENT_PREFIX_PATH} CMAKE_PREFIX_PATH=/home/naveen/bat_robot/install/batrobot_description:/home/naveen/roarm_ws_em0/install/ros2web_interfaces:/home/naveen/roarm_ws_em0/install/roarm_msgs:/home/naveen/roarm_ws_em0/install/roarm_moveit_ikfast_plugins:/home/naveen/roarm_ws_em0/install/roarm_moveit_cmd:/home/naveen/roarm_ws_em0/install/roarm_moveit:/home/naveen/roarm_ws_em0/install/roarm_description:/home/naveen/roarm_ws_em0/install/moveit_servo:/home/naveen/roarm_ws_em0/install/alexa_integration:/home/naveen/roarm_ws_em0/install/ros2web_widgets:/home/naveen/roarm_ws_em0/install/ros2web_example_py:/home/naveen/roarm_ws_em0/install/roarm_web_app:/home/naveen/roarm_ws_em0/install/ros2web_app:/home/naveen/roarm_ws_em0/install/ros2web:/home/naveen/roarm_ws_em0/install/roarm_driver:/home/naveen/roarm_ws_em0/install/launch_api:/opt/ros/humble /usr/bin/cmake --install /home/naveen/bat_robot/build/batrobot_moveit
