[0.045s] Invoking command in '/home/naveen/bat_robot/build/batrobot_description': CMAKE_PREFIX_PATH=${CMAKE_PREFIX_PATH}:/home/naveen/roarm_ws_em0/install/ros2web_widgets:/home/naveen/roarm_ws_em0/install/ros2web_example_py:/home/naveen/roarm_ws_em0/install/roarm_web_app:/home/naveen/roarm_ws_em0/install/ros2web_app:/home/naveen/roarm_ws_em0/install/ros2web:/home/naveen/roarm_ws_em0/install/roarm_driver:/home/naveen/roarm_ws_em0/install/launch_api:/opt/ros/humble /usr/bin/cmake --build /home/naveen/bat_robot/build/batrobot_description -- -j2 -l2
[0.160s] Invoked command in '/home/naveen/bat_robot/build/batrobot_description' returned '0': CMAKE_PREFIX_PATH=${CMAKE_PREFIX_PATH}:/home/naveen/roarm_ws_em0/install/ros2web_widgets:/home/naveen/roarm_ws_em0/install/ros2web_example_py:/home/naveen/roarm_ws_em0/install/roarm_web_app:/home/naveen/roarm_ws_em0/install/ros2web_app:/home/naveen/roarm_ws_em0/install/ros2web:/home/naveen/roarm_ws_em0/install/roarm_driver:/home/naveen/roarm_ws_em0/install/launch_api:/opt/ros/humble /usr/bin/cmake --build /home/naveen/bat_robot/build/batrobot_description -- -j2 -l2
[0.194s] Invoking command in '/home/naveen/bat_robot/build/batrobot_description': CMAKE_PREFIX_PATH=${CMAKE_PREFIX_PATH}:/home/naveen/roarm_ws_em0/install/ros2web_widgets:/home/naveen/roarm_ws_em0/install/ros2web_example_py:/home/naveen/roarm_ws_em0/install/roarm_web_app:/home/naveen/roarm_ws_em0/install/ros2web_app:/home/naveen/roarm_ws_em0/install/ros2web:/home/naveen/roarm_ws_em0/install/roarm_driver:/home/naveen/roarm_ws_em0/install/launch_api:/opt/ros/humble /usr/bin/cmake --install /home/naveen/bat_robot/build/batrobot_description
[0.231s] -- Install configuration: ""
[0.231s] -- Up-to-date: /home/naveen/bat_robot/install/batrobot_description/share/batrobot_description/meshes
[0.233s] -- Up-to-date: /home/naveen/bat_robot/install/batrobot_description/share/batrobot_description/meshes/gripper_right.stl
[0.237s] -- Up-to-date: /home/naveen/bat_robot/install/batrobot_description/share/batrobot_description/meshes/joint3.stl
[0.243s] -- Up-to-date: /home/naveen/bat_robot/install/batrobot_description/share/batrobot_description/meshes/base_plate.stl
[0.243s] -- Up-to-date: /home/naveen/bat_robot/install/batrobot_description/share/batrobot_description/meshes/base.stl
[0.243s] -- Up-to-date: /home/naveen/bat_robot/install/batrobot_description/share/batrobot_description/meshes/joint2.stl
[0.244s] -- Up-to-date: /home/naveen/bat_robot/install/batrobot_description/share/batrobot_description/meshes/joint1.stl
[0.244s] -- Up-to-date: /home/naveen/bat_robot/install/batrobot_description/share/batrobot_description/meshes/gripper_left.stl
[0.244s] -- Up-to-date: /home/naveen/bat_robot/install/batrobot_description/share/batrobot_description/urdf
[0.244s] -- Installing: /home/naveen/bat_robot/install/batrobot_description/share/batrobot_description/urdf/bat_robot.urdf.xacro
[0.257s] -- Up-to-date: /home/naveen/bat_robot/install/batrobot_description/share/ament_index/resource_index/package_run_dependencies/batrobot_description
[0.258s] -- Up-to-date: /home/naveen/bat_robot/install/batrobot_description/share/ament_index/resource_index/parent_prefix_path/batrobot_description
[0.258s] -- Up-to-date: /home/naveen/bat_robot/install/batrobot_description/share/batrobot_description/environment/ament_prefix_path.sh
[0.258s] -- Up-to-date: /home/naveen/bat_robot/install/batrobot_description/share/batrobot_description/environment/ament_prefix_path.dsv
[0.258s] -- Up-to-date: /home/naveen/bat_robot/install/batrobot_description/share/batrobot_description/environment/path.sh
[0.262s] -- Up-to-date: /home/naveen/bat_robot/install/batrobot_description/share/batrobot_description/environment/path.dsv
[0.262s] -- Up-to-date: /home/naveen/bat_robot/install/batrobot_description/share/batrobot_description/local_setup.bash
[0.262s] -- Up-to-date: /home/naveen/bat_robot/install/batrobot_description/share/batrobot_description/local_setup.sh
[0.262s] -- Up-to-date: /home/naveen/bat_robot/install/batrobot_description/share/batrobot_description/local_setup.zsh
[0.263s] -- Up-to-date: /home/naveen/bat_robot/install/batrobot_description/share/batrobot_description/local_setup.dsv
[0.263s] -- Installing: /home/naveen/bat_robot/install/batrobot_description/share/batrobot_description/package.dsv
[0.263s] -- Up-to-date: /home/naveen/bat_robot/install/batrobot_description/share/ament_index/resource_index/packages/batrobot_description
[0.263s] -- Up-to-date: /home/naveen/bat_robot/install/batrobot_description/share/batrobot_description/cmake/batrobot_descriptionConfig.cmake
[0.263s] -- Up-to-date: /home/naveen/bat_robot/install/batrobot_description/share/batrobot_description/cmake/batrobot_descriptionConfig-version.cmake
[0.273s] -- Up-to-date: /home/naveen/bat_robot/install/batrobot_description/share/batrobot_description/package.xml
[0.280s] Invoked command in '/home/naveen/bat_robot/build/batrobot_description' returned '0': CMAKE_PREFIX_PATH=${CMAKE_PREFIX_PATH}:/home/naveen/roarm_ws_em0/install/ros2web_widgets:/home/naveen/roarm_ws_em0/install/ros2web_example_py:/home/naveen/roarm_ws_em0/install/roarm_web_app:/home/naveen/roarm_ws_em0/install/ros2web_app:/home/naveen/roarm_ws_em0/install/ros2web:/home/naveen/roarm_ws_em0/install/roarm_driver:/home/naveen/roarm_ws_em0/install/launch_api:/opt/ros/humble /usr/bin/cmake --install /home/naveen/bat_robot/build/batrobot_description
