[0.067s] Invoking command in '/home/naveen/bat_robot/build/batrobot_bringup': CMAKE_PREFIX_PATH=${CMAKE_PREFIX_PATH}:/home/naveen/roarm_ws_em0/install/ros2web_widgets:/home/naveen/roarm_ws_em0/install/ros2web_example_py:/home/naveen/roarm_ws_em0/install/roarm_web_app:/home/naveen/roarm_ws_em0/install/ros2web_app:/home/naveen/roarm_ws_em0/install/ros2web:/home/naveen/roarm_ws_em0/install/roarm_driver:/home/naveen/roarm_ws_em0/install/launch_api:/opt/ros/humble /usr/bin/cmake --build /home/naveen/bat_robot/build/batrobot_bringup -- -j2 -l2
[0.150s] -- Found ament_cmake: 1.3.11 (/opt/ros/humble/share/ament_cmake/cmake)
[1.032s] -- Found ament_lint_auto: 0.12.11 (/opt/ros/humble/share/ament_lint_auto/cmake)
[1.480s] -- Added test 'flake8' to check Python code syntax and style conventions
[1.481s] -- Added test 'lint_cmake' to check CMake code style
[1.484s] -- Added test 'pep257' to check Python code against some of the docstring style conventions in PEP 257
[1.492s] -- Added test 'xmllint' to check XML markup files
[1.501s] -- Configuring done
[1.530s] -- Generating done
[1.557s] -- Build files have been written to: /home/naveen/bat_robot/build/batrobot_bringup
[1.626s] Invoked command in '/home/naveen/bat_robot/build/batrobot_bringup' returned '0': CMAKE_PREFIX_PATH=${CMAKE_PREFIX_PATH}:/home/naveen/roarm_ws_em0/install/ros2web_widgets:/home/naveen/roarm_ws_em0/install/ros2web_example_py:/home/naveen/roarm_ws_em0/install/roarm_web_app:/home/naveen/roarm_ws_em0/install/ros2web_app:/home/naveen/roarm_ws_em0/install/ros2web:/home/naveen/roarm_ws_em0/install/roarm_driver:/home/naveen/roarm_ws_em0/install/launch_api:/opt/ros/humble /usr/bin/cmake --build /home/naveen/bat_robot/build/batrobot_bringup -- -j2 -l2
[1.638s] Invoking command in '/home/naveen/bat_robot/build/batrobot_bringup': CMAKE_PREFIX_PATH=${CMAKE_PREFIX_PATH}:/home/naveen/roarm_ws_em0/install/ros2web_widgets:/home/naveen/roarm_ws_em0/install/ros2web_example_py:/home/naveen/roarm_ws_em0/install/roarm_web_app:/home/naveen/roarm_ws_em0/install/ros2web_app:/home/naveen/roarm_ws_em0/install/ros2web:/home/naveen/roarm_ws_em0/install/roarm_driver:/home/naveen/roarm_ws_em0/install/launch_api:/opt/ros/humble /usr/bin/cmake --install /home/naveen/bat_robot/build/batrobot_bringup
[1.659s] -- Install configuration: ""
[1.663s] -- Installing: /home/naveen/bat_robot/install/batrobot_bringup/share/batrobot_bringup/launch
[1.663s] -- Installing: /home/naveen/bat_robot/install/batrobot_bringup/share/batrobot_bringup/launch/simulated_robot.launch.py
[1.670s] -- Up-to-date: /home/naveen/bat_robot/install/batrobot_bringup/share/ament_index/resource_index/package_run_dependencies/batrobot_bringup
[1.674s] -- Up-to-date: /home/naveen/bat_robot/install/batrobot_bringup/share/ament_index/resource_index/parent_prefix_path/batrobot_bringup
[1.674s] -- Up-to-date: /home/naveen/bat_robot/install/batrobot_bringup/share/batrobot_bringup/environment/ament_prefix_path.sh
[1.675s] -- Installing: /home/naveen/bat_robot/install/batrobot_bringup/share/batrobot_bringup/environment/ament_prefix_path.dsv
[1.681s] -- Up-to-date: /home/naveen/bat_robot/install/batrobot_bringup/share/batrobot_bringup/environment/path.sh
[1.681s] -- Installing: /home/naveen/bat_robot/install/batrobot_bringup/share/batrobot_bringup/environment/path.dsv
[1.681s] -- Up-to-date: /home/naveen/bat_robot/install/batrobot_bringup/share/batrobot_bringup/local_setup.bash
[1.682s] -- Up-to-date: /home/naveen/bat_robot/install/batrobot_bringup/share/batrobot_bringup/local_setup.sh
[1.687s] -- Up-to-date: /home/naveen/bat_robot/install/batrobot_bringup/share/batrobot_bringup/local_setup.zsh
[1.691s] -- Installing: /home/naveen/bat_robot/install/batrobot_bringup/share/batrobot_bringup/local_setup.dsv
[1.691s] -- Installing: /home/naveen/bat_robot/install/batrobot_bringup/share/batrobot_bringup/package.dsv
[1.698s] -- Up-to-date: /home/naveen/bat_robot/install/batrobot_bringup/share/ament_index/resource_index/packages/batrobot_bringup
[1.706s] -- Up-to-date: /home/naveen/bat_robot/install/batrobot_bringup/share/batrobot_bringup/cmake/batrobot_bringupConfig.cmake
[1.707s] -- Up-to-date: /home/naveen/bat_robot/install/batrobot_bringup/share/batrobot_bringup/cmake/batrobot_bringupConfig-version.cmake
[1.707s] -- Up-to-date: /home/naveen/bat_robot/install/batrobot_bringup/share/batrobot_bringup/package.xml
[1.713s] Invoked command in '/home/naveen/bat_robot/build/batrobot_bringup' returned '0': CMAKE_PREFIX_PATH=${CMAKE_PREFIX_PATH}:/home/naveen/roarm_ws_em0/install/ros2web_widgets:/home/naveen/roarm_ws_em0/install/ros2web_example_py:/home/naveen/roarm_ws_em0/install/roarm_web_app:/home/naveen/roarm_ws_em0/install/ros2web_app:/home/naveen/roarm_ws_em0/install/ros2web:/home/naveen/roarm_ws_em0/install/roarm_driver:/home/naveen/roarm_ws_em0/install/launch_api:/opt/ros/humble /usr/bin/cmake --install /home/naveen/bat_robot/build/batrobot_bringup
