[0.097s] Invoking command in '/home/naveen/bat_robot/build/batrobot_alexa': AMENT_PREFIX_PATH=/home/naveen/bat_robot/install/batrobot_moveit:/home/naveen/bat_robot/install/batrobot_controller:/home/naveen/bat_robot/install/batrobot_msgs:/home/naveen/bat_robot/install/batrobot_description:${AMENT_PREFIX_PATH} CMAKE_PREFIX_PATH=/home/naveen/bat_robot/install/batrobot_moveit:/home/naveen/bat_robot/install/batrobot_controller:/home/naveen/bat_robot/install/batrobot_msgs:/home/naveen/bat_robot/install/batrobot_description:/home/naveen/roarm_ws_em0/install/ros2web_interfaces:/home/naveen/roarm_ws_em0/install/roarm_msgs:/home/naveen/roarm_ws_em0/install/roarm_moveit_ikfast_plugins:/home/naveen/roarm_ws_em0/install/roarm_moveit_cmd:/home/naveen/roarm_ws_em0/install/roarm_moveit:/home/naveen/roarm_ws_em0/install/roarm_description:/home/naveen/roarm_ws_em0/install/moveit_servo:/home/naveen/roarm_ws_em0/install/alexa_integration:/home/naveen/roarm_ws_em0/install/ros2web_widgets:/home/naveen/roarm_ws_em0/install/ros2web_example_py:/home/naveen/roarm_ws_em0/install/roarm_web_app:/home/naveen/roarm_ws_em0/install/ros2web_app:/home/naveen/roarm_ws_em0/install/ros2web:/home/naveen/roarm_ws_em0/install/roarm_driver:/home/naveen/roarm_ws_em0/install/launch_api:/opt/ros/humble LD_LIBRARY_PATH=/home/naveen/bat_robot/install/batrobot_controller/lib:/home/naveen/bat_robot/install/batrobot_msgs/lib:${LD_LIBRARY_PATH} PYTHONPATH=/home/naveen/bat_robot/install/batrobot_controller/lib/python3.10/site-packages:/home/naveen/bat_robot/install/batrobot_msgs/local/lib/python3.10/dist-packages:${PYTHONPATH} /usr/bin/cmake --build /home/naveen/bat_robot/build/batrobot_alexa -- -j2 -l2
[0.653s] [ 50%] Built target task_server_node
[0.689s] [100%] Built target task_server
[0.861s] [100%] Built target ament_cmake_python_copy_batrobot_alexa
[4.314s] running egg_info
[4.323s] writing batrobot_alexa.egg-info/PKG-INFO
[4.323s] writing dependency_links to batrobot_alexa.egg-info/dependency_links.txt
[4.326s] writing top-level names to batrobot_alexa.egg-info/top_level.txt
[4.363s] reading manifest file 'batrobot_alexa.egg-info/SOURCES.txt'
[4.363s] writing manifest file 'batrobot_alexa.egg-info/SOURCES.txt'
[4.581s] [100%] Built target ament_cmake_python_build_batrobot_alexa_egg
[4.663s] Invoked command in '/home/naveen/bat_robot/build/batrobot_alexa' returned '0': AMENT_PREFIX_PATH=/home/naveen/bat_robot/install/batrobot_moveit:/home/naveen/bat_robot/install/batrobot_controller:/home/naveen/bat_robot/install/batrobot_msgs:/home/naveen/bat_robot/install/batrobot_description:${AMENT_PREFIX_PATH} CMAKE_PREFIX_PATH=/home/naveen/bat_robot/install/batrobot_moveit:/home/naveen/bat_robot/install/batrobot_controller:/home/naveen/bat_robot/install/batrobot_msgs:/home/naveen/bat_robot/install/batrobot_description:/home/naveen/roarm_ws_em0/install/ros2web_interfaces:/home/naveen/roarm_ws_em0/install/roarm_msgs:/home/naveen/roarm_ws_em0/install/roarm_moveit_ikfast_plugins:/home/naveen/roarm_ws_em0/install/roarm_moveit_cmd:/home/naveen/roarm_ws_em0/install/roarm_moveit:/home/naveen/roarm_ws_em0/install/roarm_description:/home/naveen/roarm_ws_em0/install/moveit_servo:/home/naveen/roarm_ws_em0/install/alexa_integration:/home/naveen/roarm_ws_em0/install/ros2web_widgets:/home/naveen/roarm_ws_em0/install/ros2web_example_py:/home/naveen/roarm_ws_em0/install/roarm_web_app:/home/naveen/roarm_ws_em0/install/ros2web_app:/home/naveen/roarm_ws_em0/install/ros2web:/home/naveen/roarm_ws_em0/install/roarm_driver:/home/naveen/roarm_ws_em0/install/launch_api:/opt/ros/humble LD_LIBRARY_PATH=/home/naveen/bat_robot/install/batrobot_controller/lib:/home/naveen/bat_robot/install/batrobot_msgs/lib:${LD_LIBRARY_PATH} PYTHONPATH=/home/naveen/bat_robot/install/batrobot_controller/lib/python3.10/site-packages:/home/naveen/bat_robot/install/batrobot_msgs/local/lib/python3.10/dist-packages:${PYTHONPATH} /usr/bin/cmake --build /home/naveen/bat_robot/build/batrobot_alexa -- -j2 -l2
[4.676s] Invoking command in '/home/naveen/bat_robot/build/batrobot_alexa': AMENT_PREFIX_PATH=/home/naveen/bat_robot/install/batrobot_moveit:/home/naveen/bat_robot/install/batrobot_controller:/home/naveen/bat_robot/install/batrobot_msgs:/home/naveen/bat_robot/install/batrobot_description:${AMENT_PREFIX_PATH} CMAKE_PREFIX_PATH=/home/naveen/bat_robot/install/batrobot_moveit:/home/naveen/bat_robot/install/batrobot_controller:/home/naveen/bat_robot/install/batrobot_msgs:/home/naveen/bat_robot/install/batrobot_description:/home/naveen/roarm_ws_em0/install/ros2web_interfaces:/home/naveen/roarm_ws_em0/install/roarm_msgs:/home/naveen/roarm_ws_em0/install/roarm_moveit_ikfast_plugins:/home/naveen/roarm_ws_em0/install/roarm_moveit_cmd:/home/naveen/roarm_ws_em0/install/roarm_moveit:/home/naveen/roarm_ws_em0/install/roarm_description:/home/naveen/roarm_ws_em0/install/moveit_servo:/home/naveen/roarm_ws_em0/install/alexa_integration:/home/naveen/roarm_ws_em0/install/ros2web_widgets:/home/naveen/roarm_ws_em0/install/ros2web_example_py:/home/naveen/roarm_ws_em0/install/roarm_web_app:/home/naveen/roarm_ws_em0/install/ros2web_app:/home/naveen/roarm_ws_em0/install/ros2web:/home/naveen/roarm_ws_em0/install/roarm_driver:/home/naveen/roarm_ws_em0/install/launch_api:/opt/ros/humble LD_LIBRARY_PATH=/home/naveen/bat_robot/install/batrobot_controller/lib:/home/naveen/bat_robot/install/batrobot_msgs/lib:${LD_LIBRARY_PATH} PYTHONPATH=/home/naveen/bat_robot/install/batrobot_controller/lib/python3.10/site-packages:/home/naveen/bat_robot/install/batrobot_msgs/local/lib/python3.10/dist-packages:${PYTHONPATH} /usr/bin/cmake --install /home/naveen/bat_robot/build/batrobot_alexa
[4.757s] -- Install configuration: ""
[4.764s] -- Up-to-date: /home/naveen/bat_robot/install/batrobot_alexa/lib/batrobot_alexa/task_server_node
[4.767s] -- Up-to-date: /home/naveen/bat_robot/install/batrobot_alexa/share/batrobot_alexa/environment/pythonpath.sh
[4.767s] -- Up-to-date: /home/naveen/bat_robot/install/batrobot_alexa/share/batrobot_alexa/environment/pythonpath.dsv
[4.771s] -- Up-to-date: /home/naveen/bat_robot/install/batrobot_alexa/local/lib/python3.10/dist-packages/batrobot_alexa-0.0.0-py3.10.egg-info
[4.772s] -- Installing: /home/naveen/bat_robot/install/batrobot_alexa/local/lib/python3.10/dist-packages/batrobot_alexa-0.0.0-py3.10.egg-info/dependency_links.txt
[4.775s] -- Installing: /home/naveen/bat_robot/install/batrobot_alexa/local/lib/python3.10/dist-packages/batrobot_alexa-0.0.0-py3.10.egg-info/top_level.txt
[4.776s] -- Installing: /home/naveen/bat_robot/install/batrobot_alexa/local/lib/python3.10/dist-packages/batrobot_alexa-0.0.0-py3.10.egg-info/SOURCES.txt
[4.779s] -- Installing: /home/naveen/bat_robot/install/batrobot_alexa/local/lib/python3.10/dist-packages/batrobot_alexa-0.0.0-py3.10.egg-info/PKG-INFO
[4.779s] -- Up-to-date: /home/naveen/bat_robot/install/batrobot_alexa/local/lib/python3.10/dist-packages/batrobot_alexa
[4.782s] -- Up-to-date: /home/naveen/bat_robot/install/batrobot_alexa/local/lib/python3.10/dist-packages/batrobot_alexa/__init__.py
[4.782s] -- Up-to-date: /home/naveen/bat_robot/install/batrobot_alexa/local/lib/python3.10/dist-packages/batrobot_alexa/alexa_interface.py
[5.116s] Listing '/home/naveen/bat_robot/install/batrobot_alexa/local/lib/python3.10/dist-packages/batrobot_alexa'...
[5.164s] -- Up-to-date: /home/naveen/bat_robot/install/batrobot_alexa/share/batrobot_alexa/launch
[5.167s] -- Up-to-date: /home/naveen/bat_robot/install/batrobot_alexa/share/batrobot_alexa/launch/alexa_interface.launch.py
[5.176s] -- Up-to-date: /home/naveen/bat_robot/install/batrobot_alexa/lib/libtask_server.so
[5.178s] -- Up-to-date: /home/naveen/bat_robot/install/batrobot_alexa/lib/batrobot_alexa/alexa_interface.py
[5.178s] -- Up-to-date: /home/naveen/bat_robot/install/batrobot_alexa/share/ament_index/resource_index/package_run_dependencies/batrobot_alexa
[5.182s] -- Up-to-date: /home/naveen/bat_robot/install/batrobot_alexa/share/ament_index/resource_index/parent_prefix_path/batrobot_alexa
[5.182s] -- Up-to-date: /home/naveen/bat_robot/install/batrobot_alexa/share/batrobot_alexa/environment/ament_prefix_path.sh
[5.183s] -- Up-to-date: /home/naveen/bat_robot/install/batrobot_alexa/share/batrobot_alexa/environment/ament_prefix_path.dsv
[5.183s] -- Up-to-date: /home/naveen/bat_robot/install/batrobot_alexa/share/batrobot_alexa/environment/path.sh
[5.183s] -- Up-to-date: /home/naveen/bat_robot/install/batrobot_alexa/share/batrobot_alexa/environment/path.dsv
[5.184s] -- Up-to-date: /home/naveen/bat_robot/install/batrobot_alexa/share/batrobot_alexa/local_setup.bash
[5.188s] -- Up-to-date: /home/naveen/bat_robot/install/batrobot_alexa/share/batrobot_alexa/local_setup.sh
[5.188s] -- Up-to-date: /home/naveen/bat_robot/install/batrobot_alexa/share/batrobot_alexa/local_setup.zsh
[5.192s] -- Up-to-date: /home/naveen/bat_robot/install/batrobot_alexa/share/batrobot_alexa/local_setup.dsv
[5.192s] -- Installing: /home/naveen/bat_robot/install/batrobot_alexa/share/batrobot_alexa/package.dsv
[5.193s] -- Up-to-date: /home/naveen/bat_robot/install/batrobot_alexa/share/ament_index/resource_index/packages/batrobot_alexa
[5.195s] -- Up-to-date: /home/naveen/bat_robot/install/batrobot_alexa/share/ament_index/resource_index/rclcpp_components/batrobot_alexa
[5.195s] -- Up-to-date: /home/naveen/bat_robot/install/batrobot_alexa/share/batrobot_alexa/cmake/batrobot_alexaConfig.cmake
[5.196s] -- Up-to-date: /home/naveen/bat_robot/install/batrobot_alexa/share/batrobot_alexa/cmake/batrobot_alexaConfig-version.cmake
[5.196s] -- Up-to-date: /home/naveen/bat_robot/install/batrobot_alexa/share/batrobot_alexa/package.xml
[5.222s] Invoked command in '/home/naveen/bat_robot/build/batrobot_alexa' returned '0': AMENT_PREFIX_PATH=/home/naveen/bat_robot/install/batrobot_moveit:/home/naveen/bat_robot/install/batrobot_controller:/home/naveen/bat_robot/install/batrobot_msgs:/home/naveen/bat_robot/install/batrobot_description:${AMENT_PREFIX_PATH} CMAKE_PREFIX_PATH=/home/naveen/bat_robot/install/batrobot_moveit:/home/naveen/bat_robot/install/batrobot_controller:/home/naveen/bat_robot/install/batrobot_msgs:/home/naveen/bat_robot/install/batrobot_description:/home/naveen/roarm_ws_em0/install/ros2web_interfaces:/home/naveen/roarm_ws_em0/install/roarm_msgs:/home/naveen/roarm_ws_em0/install/roarm_moveit_ikfast_plugins:/home/naveen/roarm_ws_em0/install/roarm_moveit_cmd:/home/naveen/roarm_ws_em0/install/roarm_moveit:/home/naveen/roarm_ws_em0/install/roarm_description:/home/naveen/roarm_ws_em0/install/moveit_servo:/home/naveen/roarm_ws_em0/install/alexa_integration:/home/naveen/roarm_ws_em0/install/ros2web_widgets:/home/naveen/roarm_ws_em0/install/ros2web_example_py:/home/naveen/roarm_ws_em0/install/roarm_web_app:/home/naveen/roarm_ws_em0/install/ros2web_app:/home/naveen/roarm_ws_em0/install/ros2web:/home/naveen/roarm_ws_em0/install/roarm_driver:/home/naveen/roarm_ws_em0/install/launch_api:/opt/ros/humble LD_LIBRARY_PATH=/home/naveen/bat_robot/install/batrobot_controller/lib:/home/naveen/bat_robot/install/batrobot_msgs/lib:${LD_LIBRARY_PATH} PYTHONPATH=/home/naveen/bat_robot/install/batrobot_controller/lib/python3.10/site-packages:/home/naveen/bat_robot/install/batrobot_msgs/local/lib/python3.10/dist-packages:${PYTHONPATH} /usr/bin/cmake --install /home/naveen/bat_robot/build/batrobot_alexa
