[0.200s] Invoking command in '/home/naveen/bat_robot/build/batrobot_msgs': CMAKE_PREFIX_PATH=${CMAKE_PREFIX_PATH}:/home/naveen/roarm_ws_em0/install/ros2web_widgets:/home/naveen/roarm_ws_em0/install/ros2web_example_py:/home/naveen/roarm_ws_em0/install/roarm_web_app:/home/naveen/roarm_ws_em0/install/ros2web_app:/home/naveen/roarm_ws_em0/install/ros2web:/home/naveen/roarm_ws_em0/install/roarm_driver:/home/naveen/roarm_ws_em0/install/launch_api:/opt/ros/humble /usr/bin/cmake --build /home/naveen/bat_robot/build/batrobot_msgs -- -j2 -l2
[0.987s] [  3%] Built target batrobot_msgs__cpp
[1.422s] [ 12%] Built target batrobot_msgs__rosidl_generator_c
[1.949s] [ 12%] Built target ament_cmake_python_copy_batrobot_msgs
[2.411s] [ 22%] Built target batrobot_msgs__rosidl_typesupport_cpp
[2.752s] [ 32%] Built target batrobot_msgs__rosidl_typesupport_fastrtps_c
[3.162s] [ 41%] Built target batrobot_msgs__rosidl_typesupport_fastrtps_cpp
[3.661s] [ 51%] Built target batrobot_msgs__rosidl_typesupport_introspection_c
[4.025s] [ 61%] Built target batrobot_msgs__rosidl_typesupport_c
[4.449s] [ 70%] Built target batrobot_msgs__rosidl_typesupport_introspection_cpp
[11.727s] running egg_info
[11.753s] writing batrobot_msgs.egg-info/PKG-INFO
[11.757s] writing dependency_links to batrobot_msgs.egg-info/dependency_links.txt
[11.767s] writing top-level names to batrobot_msgs.egg-info/top_level.txt
[11.805s] reading manifest file 'batrobot_msgs.egg-info/SOURCES.txt'
[11.828s] writing manifest file 'batrobot_msgs.egg-info/SOURCES.txt'
[12.381s] [ 70%] Built target ament_cmake_python_build_batrobot_msgs_egg
[12.664s] [ 70%] Built target batrobot_msgs
[12.963s] [ 74%] Built target batrobot_msgs__py
[13.340s] [ 80%] Built target batrobot_msgs__rosidl_generator_py
[13.748s] [ 87%] Built target batrobot_msgs__rosidl_typesupport_fastrtps_c__pyext
[14.183s] [ 93%] Built target batrobot_msgs__rosidl_typesupport_introspection_c__pyext
[14.564s] [100%] Built target batrobot_msgs__rosidl_typesupport_c__pyext
[14.773s] Invoked command in '/home/naveen/bat_robot/build/batrobot_msgs' returned '0': CMAKE_PREFIX_PATH=${CMAKE_PREFIX_PATH}:/home/naveen/roarm_ws_em0/install/ros2web_widgets:/home/naveen/roarm_ws_em0/install/ros2web_example_py:/home/naveen/roarm_ws_em0/install/roarm_web_app:/home/naveen/roarm_ws_em0/install/ros2web_app:/home/naveen/roarm_ws_em0/install/ros2web:/home/naveen/roarm_ws_em0/install/roarm_driver:/home/naveen/roarm_ws_em0/install/launch_api:/opt/ros/humble /usr/bin/cmake --build /home/naveen/bat_robot/build/batrobot_msgs -- -j2 -l2
[14.813s] Invoking command in '/home/naveen/bat_robot/build/batrobot_msgs': CMAKE_PREFIX_PATH=${CMAKE_PREFIX_PATH}:/home/naveen/roarm_ws_em0/install/ros2web_widgets:/home/naveen/roarm_ws_em0/install/ros2web_example_py:/home/naveen/roarm_ws_em0/install/roarm_web_app:/home/naveen/roarm_ws_em0/install/ros2web_app:/home/naveen/roarm_ws_em0/install/ros2web:/home/naveen/roarm_ws_em0/install/roarm_driver:/home/naveen/roarm_ws_em0/install/launch_api:/opt/ros/humble /usr/bin/cmake --install /home/naveen/bat_robot/build/batrobot_msgs
[14.982s] -- Install configuration: ""
[14.982s] -- Up-to-date: /home/naveen/bat_robot/install/batrobot_msgs/share/ament_index/resource_index/rosidl_interfaces/batrobot_msgs
[14.993s] -- Up-to-date: /home/naveen/bat_robot/install/batrobot_msgs/include/batrobot_msgs/batrobot_msgs
[14.993s] -- Up-to-date: /home/naveen/bat_robot/install/batrobot_msgs/include/batrobot_msgs/batrobot_msgs/msg
[14.996s] -- Up-to-date: /home/naveen/bat_robot/install/batrobot_msgs/include/batrobot_msgs/batrobot_msgs/msg/rosidl_generator_c__visibility_control.h
[14.996s] -- Up-to-date: /home/naveen/bat_robot/install/batrobot_msgs/include/batrobot_msgs/batrobot_msgs/action
[15.003s] -- Up-to-date: /home/naveen/bat_robot/install/batrobot_msgs/include/batrobot_msgs/batrobot_msgs/action/batrobot_task.h
[15.008s] -- Up-to-date: /home/naveen/bat_robot/install/batrobot_msgs/include/batrobot_msgs/batrobot_msgs/action/detail
[15.008s] -- Up-to-date: /home/naveen/bat_robot/install/batrobot_msgs/include/batrobot_msgs/batrobot_msgs/action/detail/batrobot_task__functions.c
[15.016s] -- Up-to-date: /home/naveen/bat_robot/install/batrobot_msgs/include/batrobot_msgs/batrobot_msgs/action/detail/batrobot_task__functions.h
[15.017s] -- Up-to-date: /home/naveen/bat_robot/install/batrobot_msgs/include/batrobot_msgs/batrobot_msgs/action/detail/batrobot_task__struct.h
[15.017s] -- Up-to-date: /home/naveen/bat_robot/install/batrobot_msgs/include/batrobot_msgs/batrobot_msgs/action/detail/batrobot_task__type_support.h
[15.018s] -- Up-to-date: /home/naveen/bat_robot/install/batrobot_msgs/share/batrobot_msgs/environment/library_path.sh
[15.027s] -- Up-to-date: /home/naveen/bat_robot/install/batrobot_msgs/share/batrobot_msgs/environment/library_path.dsv
[15.027s] -- Up-to-date: /home/naveen/bat_robot/install/batrobot_msgs/lib/libbatrobot_msgs__rosidl_generator_c.so
[15.036s] -- Up-to-date: /home/naveen/bat_robot/install/batrobot_msgs/include/batrobot_msgs/batrobot_msgs
[15.039s] -- Up-to-date: /home/naveen/bat_robot/install/batrobot_msgs/include/batrobot_msgs/batrobot_msgs/msg
[15.040s] -- Up-to-date: /home/naveen/bat_robot/install/batrobot_msgs/include/batrobot_msgs/batrobot_msgs/msg/rosidl_typesupport_fastrtps_c__visibility_control.h
[15.040s] -- Up-to-date: /home/naveen/bat_robot/install/batrobot_msgs/include/batrobot_msgs/batrobot_msgs/action
[15.041s] -- Up-to-date: /home/naveen/bat_robot/install/batrobot_msgs/include/batrobot_msgs/batrobot_msgs/action/detail
[15.044s] -- Up-to-date: /home/naveen/bat_robot/install/batrobot_msgs/include/batrobot_msgs/batrobot_msgs/action/detail/batrobot_task__rosidl_typesupport_fastrtps_c.h
[15.047s] -- Up-to-date: /home/naveen/bat_robot/install/batrobot_msgs/lib/libbatrobot_msgs__rosidl_typesupport_fastrtps_c.so
[15.053s] -- Up-to-date: /home/naveen/bat_robot/install/batrobot_msgs/include/batrobot_msgs/batrobot_msgs
[15.054s] -- Up-to-date: /home/naveen/bat_robot/install/batrobot_msgs/include/batrobot_msgs/batrobot_msgs/msg
[15.054s] -- Up-to-date: /home/naveen/bat_robot/install/batrobot_msgs/include/batrobot_msgs/batrobot_msgs/msg/rosidl_generator_cpp__visibility_control.hpp
[15.061s] -- Up-to-date: /home/naveen/bat_robot/install/batrobot_msgs/include/batrobot_msgs/batrobot_msgs/action
[15.064s] -- Up-to-date: /home/naveen/bat_robot/install/batrobot_msgs/include/batrobot_msgs/batrobot_msgs/action/batrobot_task.hpp
[15.067s] -- Up-to-date: /home/naveen/bat_robot/install/batrobot_msgs/include/batrobot_msgs/batrobot_msgs/action/detail
[15.072s] -- Up-to-date: /home/naveen/bat_robot/install/batrobot_msgs/include/batrobot_msgs/batrobot_msgs/action/detail/batrobot_task__type_support.hpp
[15.079s] -- Up-to-date: /home/naveen/bat_robot/install/batrobot_msgs/include/batrobot_msgs/batrobot_msgs/action/detail/batrobot_task__struct.hpp
[15.080s] -- Up-to-date: /home/naveen/bat_robot/install/batrobot_msgs/include/batrobot_msgs/batrobot_msgs/action/detail/batrobot_task__traits.hpp
[15.080s] -- Up-to-date: /home/naveen/bat_robot/install/batrobot_msgs/include/batrobot_msgs/batrobot_msgs/action/detail/batrobot_task__builder.hpp
[15.081s] -- Up-to-date: /home/naveen/bat_robot/install/batrobot_msgs/include/batrobot_msgs/batrobot_msgs
[15.085s] -- Up-to-date: /home/naveen/bat_robot/install/batrobot_msgs/include/batrobot_msgs/batrobot_msgs/msg
[15.085s] -- Up-to-date: /home/naveen/bat_robot/install/batrobot_msgs/include/batrobot_msgs/batrobot_msgs/msg/rosidl_typesupport_fastrtps_cpp__visibility_control.h
[15.089s] -- Up-to-date: /home/naveen/bat_robot/install/batrobot_msgs/include/batrobot_msgs/batrobot_msgs/action
[15.090s] -- Up-to-date: /home/naveen/bat_robot/install/batrobot_msgs/include/batrobot_msgs/batrobot_msgs/action/detail
[15.095s] -- Up-to-date: /home/naveen/bat_robot/install/batrobot_msgs/include/batrobot_msgs/batrobot_msgs/action/detail/dds_fastrtps
[15.096s] -- Up-to-date: /home/naveen/bat_robot/install/batrobot_msgs/include/batrobot_msgs/batrobot_msgs/action/detail/batrobot_task__rosidl_typesupport_fastrtps_cpp.hpp
[15.100s] -- Up-to-date: /home/naveen/bat_robot/install/batrobot_msgs/lib/libbatrobot_msgs__rosidl_typesupport_fastrtps_cpp.so
[15.101s] -- Up-to-date: /home/naveen/bat_robot/install/batrobot_msgs/include/batrobot_msgs/batrobot_msgs
[15.101s] -- Up-to-date: /home/naveen/bat_robot/install/batrobot_msgs/include/batrobot_msgs/batrobot_msgs/msg
[15.101s] -- Up-to-date: /home/naveen/bat_robot/install/batrobot_msgs/include/batrobot_msgs/batrobot_msgs/msg/rosidl_typesupport_introspection_c__visibility_control.h
[15.112s] -- Up-to-date: /home/naveen/bat_robot/install/batrobot_msgs/include/batrobot_msgs/batrobot_msgs/action
[15.113s] -- Up-to-date: /home/naveen/bat_robot/install/batrobot_msgs/include/batrobot_msgs/batrobot_msgs/action/detail
[15.113s] -- Up-to-date: /home/naveen/bat_robot/install/batrobot_msgs/include/batrobot_msgs/batrobot_msgs/action/detail/batrobot_task__type_support.c
[15.113s] -- Up-to-date: /home/naveen/bat_robot/install/batrobot_msgs/include/batrobot_msgs/batrobot_msgs/action/detail/batrobot_task__rosidl_typesupport_introspection_c.h
[15.127s] -- Up-to-date: /home/naveen/bat_robot/install/batrobot_msgs/lib/libbatrobot_msgs__rosidl_typesupport_introspection_c.so
[15.136s] -- Up-to-date: /home/naveen/bat_robot/install/batrobot_msgs/lib/libbatrobot_msgs__rosidl_typesupport_c.so
[15.139s] -- Up-to-date: /home/naveen/bat_robot/install/batrobot_msgs/include/batrobot_msgs/batrobot_msgs
[15.151s] -- Up-to-date: /home/naveen/bat_robot/install/batrobot_msgs/include/batrobot_msgs/batrobot_msgs/action
[15.152s] -- Up-to-date: /home/naveen/bat_robot/install/batrobot_msgs/include/batrobot_msgs/batrobot_msgs/action/detail
[15.152s] -- Up-to-date: /home/naveen/bat_robot/install/batrobot_msgs/include/batrobot_msgs/batrobot_msgs/action/detail/batrobot_task__type_support.cpp
[15.155s] -- Up-to-date: /home/naveen/bat_robot/install/batrobot_msgs/include/batrobot_msgs/batrobot_msgs/action/detail/batrobot_task__rosidl_typesupport_introspection_cpp.hpp
[15.169s] -- Up-to-date: /home/naveen/bat_robot/install/batrobot_msgs/lib/libbatrobot_msgs__rosidl_typesupport_introspection_cpp.so
[15.169s] -- Up-to-date: /home/naveen/bat_robot/install/batrobot_msgs/lib/libbatrobot_msgs__rosidl_typesupport_cpp.so
[15.169s] -- Up-to-date: /home/naveen/bat_robot/install/batrobot_msgs/share/batrobot_msgs/environment/pythonpath.sh
[15.186s] -- Up-to-date: /home/naveen/bat_robot/install/batrobot_msgs/share/batrobot_msgs/environment/pythonpath.dsv
[15.187s] -- Up-to-date: /home/naveen/bat_robot/install/batrobot_msgs/local/lib/python3.10/dist-packages/batrobot_msgs-0.0.0-py3.10.egg-info
[15.187s] -- Installing: /home/naveen/bat_robot/install/batrobot_msgs/local/lib/python3.10/dist-packages/batrobot_msgs-0.0.0-py3.10.egg-info/dependency_links.txt
[15.188s] -- Installing: /home/naveen/bat_robot/install/batrobot_msgs/local/lib/python3.10/dist-packages/batrobot_msgs-0.0.0-py3.10.egg-info/top_level.txt
[15.207s] -- Installing: /home/naveen/bat_robot/install/batrobot_msgs/local/lib/python3.10/dist-packages/batrobot_msgs-0.0.0-py3.10.egg-info/SOURCES.txt
[15.208s] -- Installing: /home/naveen/bat_robot/install/batrobot_msgs/local/lib/python3.10/dist-packages/batrobot_msgs-0.0.0-py3.10.egg-info/PKG-INFO
[15.208s] -- Up-to-date: /home/naveen/bat_robot/install/batrobot_msgs/local/lib/python3.10/dist-packages/batrobot_msgs
[15.209s] -- Up-to-date: /home/naveen/bat_robot/install/batrobot_msgs/local/lib/python3.10/dist-packages/batrobot_msgs/__init__.py
[15.218s] -- Up-to-date: /home/naveen/bat_robot/install/batrobot_msgs/local/lib/python3.10/dist-packages/batrobot_msgs/batrobot_msgs_s__rosidl_typesupport_c.cpython-310-x86_64-linux-gnu.so
[15.218s] -- Up-to-date: /home/naveen/bat_robot/install/batrobot_msgs/local/lib/python3.10/dist-packages/batrobot_msgs/batrobot_msgs_s__rosidl_typesupport_introspection_c.cpython-310-x86_64-linux-gnu.so
[15.229s] -- Up-to-date: /home/naveen/bat_robot/install/batrobot_msgs/local/lib/python3.10/dist-packages/batrobot_msgs/libbatrobot_msgs__rosidl_generator_py.so
[15.230s] -- Up-to-date: /home/naveen/bat_robot/install/batrobot_msgs/local/lib/python3.10/dist-packages/batrobot_msgs/batrobot_msgs_s__rosidl_typesupport_fastrtps_c.cpython-310-x86_64-linux-gnu.so
[15.230s] -- Up-to-date: /home/naveen/bat_robot/install/batrobot_msgs/local/lib/python3.10/dist-packages/batrobot_msgs/_batrobot_msgs_s.ep.rosidl_typesupport_c.c
[15.231s] -- Up-to-date: /home/naveen/bat_robot/install/batrobot_msgs/local/lib/python3.10/dist-packages/batrobot_msgs/_batrobot_msgs_s.ep.rosidl_typesupport_fastrtps_c.c
[15.231s] -- Up-to-date: /home/naveen/bat_robot/install/batrobot_msgs/local/lib/python3.10/dist-packages/batrobot_msgs/action
[15.231s] -- Up-to-date: /home/naveen/bat_robot/install/batrobot_msgs/local/lib/python3.10/dist-packages/batrobot_msgs/action/__init__.py
[15.232s] -- Up-to-date: /home/naveen/bat_robot/install/batrobot_msgs/local/lib/python3.10/dist-packages/batrobot_msgs/action/_batrobot_task_s.c
[15.243s] -- Up-to-date: /home/naveen/bat_robot/install/batrobot_msgs/local/lib/python3.10/dist-packages/batrobot_msgs/action/_batrobot_task.py
[15.246s] -- Up-to-date: /home/naveen/bat_robot/install/batrobot_msgs/local/lib/python3.10/dist-packages/batrobot_msgs/_batrobot_msgs_s.ep.rosidl_typesupport_introspection_c.c
[16.036s] Listing '/home/naveen/bat_robot/install/batrobot_msgs/local/lib/python3.10/dist-packages/batrobot_msgs'...
[16.037s] Listing '/home/naveen/bat_robot/install/batrobot_msgs/local/lib/python3.10/dist-packages/batrobot_msgs/action'...
[16.135s] -- Up-to-date: /home/naveen/bat_robot/install/batrobot_msgs/local/lib/python3.10/dist-packages/batrobot_msgs/batrobot_msgs_s__rosidl_typesupport_fastrtps_c.cpython-310-x86_64-linux-gnu.so
[16.143s] -- Up-to-date: /home/naveen/bat_robot/install/batrobot_msgs/local/lib/python3.10/dist-packages/batrobot_msgs/batrobot_msgs_s__rosidl_typesupport_introspection_c.cpython-310-x86_64-linux-gnu.so
[16.153s] -- Up-to-date: /home/naveen/bat_robot/install/batrobot_msgs/local/lib/python3.10/dist-packages/batrobot_msgs/batrobot_msgs_s__rosidl_typesupport_c.cpython-310-x86_64-linux-gnu.so
[16.154s] -- Up-to-date: /home/naveen/bat_robot/install/batrobot_msgs/lib/libbatrobot_msgs__rosidl_generator_py.so
[16.158s] -- Up-to-date: /home/naveen/bat_robot/install/batrobot_msgs/share/batrobot_msgs/action/BatrobotTask.idl
[16.165s] -- Up-to-date: /home/naveen/bat_robot/install/batrobot_msgs/share/batrobot_msgs/action/BatrobotTask.action
[16.165s] -- Up-to-date: /home/naveen/bat_robot/install/batrobot_msgs/share/ament_index/resource_index/package_run_dependencies/batrobot_msgs
[16.174s] -- Up-to-date: /home/naveen/bat_robot/install/batrobot_msgs/share/ament_index/resource_index/parent_prefix_path/batrobot_msgs
[16.174s] -- Up-to-date: /home/naveen/bat_robot/install/batrobot_msgs/share/batrobot_msgs/environment/ament_prefix_path.sh
[16.174s] -- Up-to-date: /home/naveen/bat_robot/install/batrobot_msgs/share/batrobot_msgs/environment/ament_prefix_path.dsv
[16.182s] -- Up-to-date: /home/naveen/bat_robot/install/batrobot_msgs/share/batrobot_msgs/environment/path.sh
[16.183s] -- Up-to-date: /home/naveen/bat_robot/install/batrobot_msgs/share/batrobot_msgs/environment/path.dsv
[16.183s] -- Up-to-date: /home/naveen/bat_robot/install/batrobot_msgs/share/batrobot_msgs/local_setup.bash
[16.193s] -- Up-to-date: /home/naveen/bat_robot/install/batrobot_msgs/share/batrobot_msgs/local_setup.sh
[16.194s] -- Up-to-date: /home/naveen/bat_robot/install/batrobot_msgs/share/batrobot_msgs/local_setup.zsh
[16.195s] -- Up-to-date: /home/naveen/bat_robot/install/batrobot_msgs/share/batrobot_msgs/local_setup.dsv
[16.203s] -- Installing: /home/naveen/bat_robot/install/batrobot_msgs/share/batrobot_msgs/package.dsv
[16.204s] -- Up-to-date: /home/naveen/bat_robot/install/batrobot_msgs/share/ament_index/resource_index/packages/batrobot_msgs
[16.204s] -- Up-to-date: /home/naveen/bat_robot/install/batrobot_msgs/share/batrobot_msgs/cmake/export_batrobot_msgs__rosidl_generator_cExport.cmake
[16.211s] -- Up-to-date: /home/naveen/bat_robot/install/batrobot_msgs/share/batrobot_msgs/cmake/export_batrobot_msgs__rosidl_generator_cExport-noconfig.cmake
[16.213s] -- Up-to-date: /home/naveen/bat_robot/install/batrobot_msgs/share/batrobot_msgs/cmake/export_batrobot_msgs__rosidl_typesupport_fastrtps_cExport.cmake
[16.213s] -- Up-to-date: /home/naveen/bat_robot/install/batrobot_msgs/share/batrobot_msgs/cmake/export_batrobot_msgs__rosidl_typesupport_fastrtps_cExport-noconfig.cmake
[16.220s] -- Up-to-date: /home/naveen/bat_robot/install/batrobot_msgs/share/batrobot_msgs/cmake/export_batrobot_msgs__rosidl_generator_cppExport.cmake
[16.227s] -- Up-to-date: /home/naveen/bat_robot/install/batrobot_msgs/share/batrobot_msgs/cmake/export_batrobot_msgs__rosidl_typesupport_fastrtps_cppExport.cmake
[16.227s] -- Up-to-date: /home/naveen/bat_robot/install/batrobot_msgs/share/batrobot_msgs/cmake/export_batrobot_msgs__rosidl_typesupport_fastrtps_cppExport-noconfig.cmake
[16.233s] -- Up-to-date: /home/naveen/bat_robot/install/batrobot_msgs/share/batrobot_msgs/cmake/batrobot_msgs__rosidl_typesupport_introspection_cExport.cmake
[16.240s] -- Up-to-date: /home/naveen/bat_robot/install/batrobot_msgs/share/batrobot_msgs/cmake/batrobot_msgs__rosidl_typesupport_introspection_cExport-noconfig.cmake
[16.241s] -- Up-to-date: /home/naveen/bat_robot/install/batrobot_msgs/share/batrobot_msgs/cmake/batrobot_msgs__rosidl_typesupport_cExport.cmake
[16.241s] -- Up-to-date: /home/naveen/bat_robot/install/batrobot_msgs/share/batrobot_msgs/cmake/batrobot_msgs__rosidl_typesupport_cExport-noconfig.cmake
[16.241s] -- Up-to-date: /home/naveen/bat_robot/install/batrobot_msgs/share/batrobot_msgs/cmake/batrobot_msgs__rosidl_typesupport_introspection_cppExport.cmake
[16.242s] -- Up-to-date: /home/naveen/bat_robot/install/batrobot_msgs/share/batrobot_msgs/cmake/batrobot_msgs__rosidl_typesupport_introspection_cppExport-noconfig.cmake
[16.256s] -- Up-to-date: /home/naveen/bat_robot/install/batrobot_msgs/share/batrobot_msgs/cmake/batrobot_msgs__rosidl_typesupport_cppExport.cmake
[16.265s] -- Up-to-date: /home/naveen/bat_robot/install/batrobot_msgs/share/batrobot_msgs/cmake/batrobot_msgs__rosidl_typesupport_cppExport-noconfig.cmake
[16.266s] -- Up-to-date: /home/naveen/bat_robot/install/batrobot_msgs/share/batrobot_msgs/cmake/export_batrobot_msgs__rosidl_generator_pyExport.cmake
[16.273s] -- Up-to-date: /home/naveen/bat_robot/install/batrobot_msgs/share/batrobot_msgs/cmake/export_batrobot_msgs__rosidl_generator_pyExport-noconfig.cmake
[16.274s] -- Up-to-date: /home/naveen/bat_robot/install/batrobot_msgs/share/batrobot_msgs/cmake/rosidl_cmake-extras.cmake
[16.274s] -- Up-to-date: /home/naveen/bat_robot/install/batrobot_msgs/share/batrobot_msgs/cmake/ament_cmake_export_dependencies-extras.cmake
[16.286s] -- Up-to-date: /home/naveen/bat_robot/install/batrobot_msgs/share/batrobot_msgs/cmake/ament_cmake_export_include_directories-extras.cmake
[16.286s] -- Up-to-date: /home/naveen/bat_robot/install/batrobot_msgs/share/batrobot_msgs/cmake/ament_cmake_export_libraries-extras.cmake
[16.287s] -- Up-to-date: /home/naveen/bat_robot/install/batrobot_msgs/share/batrobot_msgs/cmake/ament_cmake_export_targets-extras.cmake
[16.287s] -- Up-to-date: /home/naveen/bat_robot/install/batrobot_msgs/share/batrobot_msgs/cmake/rosidl_cmake_export_typesupport_targets-extras.cmake
[16.287s] -- Up-to-date: /home/naveen/bat_robot/install/batrobot_msgs/share/batrobot_msgs/cmake/rosidl_cmake_export_typesupport_libraries-extras.cmake
[16.296s] -- Up-to-date: /home/naveen/bat_robot/install/batrobot_msgs/share/batrobot_msgs/cmake/batrobot_msgsConfig.cmake
[16.297s] -- Up-to-date: /home/naveen/bat_robot/install/batrobot_msgs/share/batrobot_msgs/cmake/batrobot_msgsConfig-version.cmake
[16.301s] -- Up-to-date: /home/naveen/bat_robot/install/batrobot_msgs/share/batrobot_msgs/package.xml
[19.665s] Invoked command in '/home/naveen/bat_robot/build/batrobot_msgs' returned '0': CMAKE_PREFIX_PATH=${CMAKE_PREFIX_PATH}:/home/naveen/roarm_ws_em0/install/ros2web_widgets:/home/naveen/roarm_ws_em0/install/ros2web_example_py:/home/naveen/roarm_ws_em0/install/roarm_web_app:/home/naveen/roarm_ws_em0/install/ros2web_app:/home/naveen/roarm_ws_em0/install/ros2web:/home/naveen/roarm_ws_em0/install/roarm_driver:/home/naveen/roarm_ws_em0/install/launch_api:/opt/ros/humble /usr/bin/cmake --install /home/naveen/bat_robot/build/batrobot_msgs
