-- Found ament_cmake: 1.3.11 (/opt/ros/humble/share/ament_cmake/cmake)
-- Found ament_lint_auto: 0.12.11 (/opt/ros/humble/share/ament_lint_auto/cmake)
-- Configuring done
-- Generating done
-- Build files have been written to: /home/naveen/bat_robot/build/batrobot_moveits
-- Install configuration: ""
-- Up-to-date: /home/naveen/bat_robot/install/batrobot_moveits/share/ament_index/resource_index/package_run_dependencies/batrobot_moveits
-- Up-to-date: /home/naveen/bat_robot/install/batrobot_moveits/share/ament_index/resource_index/parent_prefix_path/batrobot_moveits
-- Up-to-date: /home/naveen/bat_robot/install/batrobot_moveits/share/batrobot_moveits/environment/ament_prefix_path.sh
-- Installing: /home/naveen/bat_robot/install/batrobot_moveits/share/batrobot_moveits/environment/ament_prefix_path.dsv
-- Up-to-date: /home/naveen/bat_robot/install/batrobot_moveits/share/batrobot_moveits/environment/path.sh
-- Installing: /home/naveen/bat_robot/install/batrobot_moveits/share/batrobot_moveits/environment/path.dsv
-- Up-to-date: /home/naveen/bat_robot/install/batrobot_moveits/share/batrobot_moveits/local_setup.bash
-- Up-to-date: /home/naveen/bat_robot/install/batrobot_moveits/share/batrobot_moveits/local_setup.sh
-- Up-to-date: /home/naveen/bat_robot/install/batrobot_moveits/share/batrobot_moveits/local_setup.zsh
-- Installing: /home/naveen/bat_robot/install/batrobot_moveits/share/batrobot_moveits/local_setup.dsv
-- Installing: /home/naveen/bat_robot/install/batrobot_moveits/share/batrobot_moveits/package.dsv
-- Up-to-date: /home/naveen/bat_robot/install/batrobot_moveits/share/ament_index/resource_index/packages/batrobot_moveits
-- Up-to-date: /home/naveen/bat_robot/install/batrobot_moveits/share/batrobot_moveits/cmake/batrobot_moveitsConfig.cmake
-- Up-to-date: /home/naveen/bat_robot/install/batrobot_moveits/share/batrobot_moveits/cmake/batrobot_moveitsConfig-version.cmake
-- Installing: /home/naveen/bat_robot/install/batrobot_moveits/share/batrobot_moveits/package.xml
