[0.383s] DEBUG:colcon:Command line arguments: ['/usr/bin/colcon', 'build']
[0.383s] DEBUG:colcon:Parsed command line arguments: Namespace(log_base=None, log_level=None, verb_name='build', build_base='build', install_base='install', merge_install=False, symlink_install=False, test_result_base=None, continue_on_error=False, executor='parallel', parallel_workers=2, event_handlers=None, ignore_user_meta=False, metas=['./colcon.meta'], base_paths=['.'], packages_ignore=None, packages_ignore_regex=None, paths=None, packages_up_to=None, packages_up_to_regex=None, packages_above=None, packages_above_and_dependencies=None, packages_above_depth=None, packages_select_by_dep=None, packages_skip_by_dep=None, packages_skip_up_to=None, packages_select_build_failed=False, packages_skip_build_finished=False, packages_select_test_failures=False, packages_skip_test_passed=False, packages_select=None, packages_skip=None, packages_select_regex=None, packages_skip_regex=None, packages_start=None, packages_end=None, allow_overriding=[], cmake_args=None, cmake_target=None, cmake_target_skip_unavailable=False, cmake_clean_cache=False, cmake_clean_first=False, cmake_force_configure=False, ament_cmake_args=None, catkin_cmake_args=None, catkin_skip_building_tests=False, mixin_files=None, mixin=None, verb_parser=<colcon_mixin.mixin.mixin_argument.MixinArgumentDecorator object at 0x787ff476b5e0>, verb_extension=<colcon_core.verb.build.BuildVerb object at 0x787ff476ae60>, main=<bound method BuildVerb.main of <colcon_core.verb.build.BuildVerb object at 0x787ff476ae60>>, mixin_verb=('build',))
[0.922s] Level 1:colcon.colcon_core.package_discovery:discover_packages(colcon_meta) check parameters
[0.922s] Level 1:colcon.colcon_core.package_discovery:discover_packages(recursive) check parameters
[0.923s] Level 1:colcon.colcon_core.package_discovery:discover_packages(ignore) check parameters
[0.923s] Level 1:colcon.colcon_core.package_discovery:discover_packages(path) check parameters
[0.923s] Level 1:colcon.colcon_core.package_discovery:discover_packages(colcon_meta) discover
[0.923s] Level 1:colcon.colcon_core.package_discovery:discover_packages(recursive) discover
[0.923s] INFO:colcon.colcon_core.package_discovery:Crawling recursively for packages in '/home/naveen/bat_robot'
[0.923s] Level 1:colcon.colcon_core.package_identification:_identify(.) by extensions ['ignore', 'ignore_ament_install']
[0.923s] Level 1:colcon.colcon_core.package_identification:_identify(.) by extension 'ignore'
[0.924s] Level 1:colcon.colcon_core.package_identification:_identify(.) by extension 'ignore_ament_install'
[0.924s] Level 1:colcon.colcon_core.package_identification:_identify(.) by extensions ['colcon_pkg']
[0.924s] Level 1:colcon.colcon_core.package_identification:_identify(.) by extension 'colcon_pkg'
[0.924s] Level 1:colcon.colcon_core.package_identification:_identify(.) by extensions ['colcon_meta']
[0.924s] Level 1:colcon.colcon_core.package_identification:_identify(.) by extension 'colcon_meta'
[0.924s] Level 1:colcon.colcon_core.package_identification:_identify(.) by extensions ['ros']
[0.924s] Level 1:colcon.colcon_core.package_identification:_identify(.) by extension 'ros'
[0.957s] Level 1:colcon.colcon_core.package_identification:_identify(.) by extensions ['cmake', 'python']
[0.957s] Level 1:colcon.colcon_core.package_identification:_identify(.) by extension 'cmake'
[0.957s] Level 1:colcon.colcon_core.package_identification:_identify(.) by extension 'python'
[0.957s] Level 1:colcon.colcon_core.package_identification:_identify(.) by extensions ['python_setup_py']
[0.957s] Level 1:colcon.colcon_core.package_identification:_identify(.) by extension 'python_setup_py'
[0.958s] Level 1:colcon.colcon_core.package_identification:_identify(build) by extensions ['ignore', 'ignore_ament_install']
[0.958s] Level 1:colcon.colcon_core.package_identification:_identify(build) by extension 'ignore'
[0.958s] Level 1:colcon.colcon_core.package_identification:_identify(build) ignored
[0.958s] Level 1:colcon.colcon_core.package_identification:_identify(install) by extensions ['ignore', 'ignore_ament_install']
[0.959s] Level 1:colcon.colcon_core.package_identification:_identify(install) by extension 'ignore'
[0.959s] Level 1:colcon.colcon_core.package_identification:_identify(install) ignored
[0.960s] Level 1:colcon.colcon_core.package_identification:_identify(log) by extensions ['ignore', 'ignore_ament_install']
[0.961s] Level 1:colcon.colcon_core.package_identification:_identify(log) by extension 'ignore'
[0.961s] Level 1:colcon.colcon_core.package_identification:_identify(log) ignored
[0.963s] Level 1:colcon.colcon_core.package_identification:_identify(src) by extensions ['ignore', 'ignore_ament_install']
[0.964s] Level 1:colcon.colcon_core.package_identification:_identify(src) by extension 'ignore'
[0.964s] Level 1:colcon.colcon_core.package_identification:_identify(src) by extension 'ignore_ament_install'
[0.964s] Level 1:colcon.colcon_core.package_identification:_identify(src) by extensions ['colcon_pkg']
[0.964s] Level 1:colcon.colcon_core.package_identification:_identify(src) by extension 'colcon_pkg'
[0.964s] Level 1:colcon.colcon_core.package_identification:_identify(src) by extensions ['colcon_meta']
[0.964s] Level 1:colcon.colcon_core.package_identification:_identify(src) by extension 'colcon_meta'
[0.964s] Level 1:colcon.colcon_core.package_identification:_identify(src) by extensions ['ros']
[0.964s] Level 1:colcon.colcon_core.package_identification:_identify(src) by extension 'ros'
[0.965s] Level 1:colcon.colcon_core.package_identification:_identify(src) by extensions ['cmake', 'python']
[0.965s] Level 1:colcon.colcon_core.package_identification:_identify(src) by extension 'cmake'
[0.965s] Level 1:colcon.colcon_core.package_identification:_identify(src) by extension 'python'
[0.969s] Level 1:colcon.colcon_core.package_identification:_identify(src) by extensions ['python_setup_py']
[0.969s] Level 1:colcon.colcon_core.package_identification:_identify(src) by extension 'python_setup_py'
[0.970s] Level 1:colcon.colcon_core.package_identification:_identify(src/batrobot_controller) by extensions ['ignore', 'ignore_ament_install']
[0.970s] Level 1:colcon.colcon_core.package_identification:_identify(src/batrobot_controller) by extension 'ignore'
[0.970s] Level 1:colcon.colcon_core.package_identification:_identify(src/batrobot_controller) by extension 'ignore_ament_install'
[0.970s] Level 1:colcon.colcon_core.package_identification:_identify(src/batrobot_controller) by extensions ['colcon_pkg']
[0.970s] Level 1:colcon.colcon_core.package_identification:_identify(src/batrobot_controller) by extension 'colcon_pkg'
[0.971s] Level 1:colcon.colcon_core.package_identification:_identify(src/batrobot_controller) by extensions ['colcon_meta']
[0.971s] Level 1:colcon.colcon_core.package_identification:_identify(src/batrobot_controller) by extension 'colcon_meta'
[0.971s] Level 1:colcon.colcon_core.package_identification:_identify(src/batrobot_controller) by extensions ['ros']
[0.971s] Level 1:colcon.colcon_core.package_identification:_identify(src/batrobot_controller) by extension 'ros'
[0.979s] DEBUG:colcon.colcon_core.package_identification:Package 'src/batrobot_controller' with type 'ros.ament_cmake' and name 'batrobot_controller'
[0.980s] Level 1:colcon.colcon_core.package_identification:_identify(src/batrobot_description) by extensions ['ignore', 'ignore_ament_install']
[0.980s] Level 1:colcon.colcon_core.package_identification:_identify(src/batrobot_description) by extension 'ignore'
[0.980s] Level 1:colcon.colcon_core.package_identification:_identify(src/batrobot_description) by extension 'ignore_ament_install'
[0.980s] Level 1:colcon.colcon_core.package_identification:_identify(src/batrobot_description) by extensions ['colcon_pkg']
[0.980s] Level 1:colcon.colcon_core.package_identification:_identify(src/batrobot_description) by extension 'colcon_pkg'
[0.981s] Level 1:colcon.colcon_core.package_identification:_identify(src/batrobot_description) by extensions ['colcon_meta']
[0.981s] Level 1:colcon.colcon_core.package_identification:_identify(src/batrobot_description) by extension 'colcon_meta'
[0.981s] Level 1:colcon.colcon_core.package_identification:_identify(src/batrobot_description) by extensions ['ros']
[0.981s] Level 1:colcon.colcon_core.package_identification:_identify(src/batrobot_description) by extension 'ros'
[1.022s] DEBUG:colcon.colcon_core.package_identification:Package 'src/batrobot_description' with type 'ros.ament_cmake' and name 'batrobot_description'
[1.022s] Level 1:colcon.colcon_core.package_identification:_identify(src/batrobot_firmware) by extensions ['ignore', 'ignore_ament_install']
[1.023s] Level 1:colcon.colcon_core.package_identification:_identify(src/batrobot_firmware) by extension 'ignore'
[1.023s] Level 1:colcon.colcon_core.package_identification:_identify(src/batrobot_firmware) by extension 'ignore_ament_install'
[1.023s] Level 1:colcon.colcon_core.package_identification:_identify(src/batrobot_firmware) by extensions ['colcon_pkg']
[1.023s] Level 1:colcon.colcon_core.package_identification:_identify(src/batrobot_firmware) by extension 'colcon_pkg'
[1.023s] Level 1:colcon.colcon_core.package_identification:_identify(src/batrobot_firmware) by extensions ['colcon_meta']
[1.024s] Level 1:colcon.colcon_core.package_identification:_identify(src/batrobot_firmware) by extension 'colcon_meta'
[1.024s] Level 1:colcon.colcon_core.package_identification:_identify(src/batrobot_firmware) by extensions ['ros']
[1.024s] Level 1:colcon.colcon_core.package_identification:_identify(src/batrobot_firmware) by extension 'ros'
[1.026s] DEBUG:colcon.colcon_core.package_identification:Package 'src/batrobot_firmware' with type 'ros.ament_cmake' and name 'batrobot_firmware'
[1.026s] Level 1:colcon.colcon_core.package_identification:_identify(src/batrobot_moveit) by extensions ['ignore', 'ignore_ament_install']
[1.026s] Level 1:colcon.colcon_core.package_identification:_identify(src/batrobot_moveit) by extension 'ignore'
[1.027s] Level 1:colcon.colcon_core.package_identification:_identify(src/batrobot_moveit) by extension 'ignore_ament_install'
[1.027s] Level 1:colcon.colcon_core.package_identification:_identify(src/batrobot_moveit) by extensions ['colcon_pkg']
[1.027s] Level 1:colcon.colcon_core.package_identification:_identify(src/batrobot_moveit) by extension 'colcon_pkg'
[1.027s] Level 1:colcon.colcon_core.package_identification:_identify(src/batrobot_moveit) by extensions ['colcon_meta']
[1.027s] Level 1:colcon.colcon_core.package_identification:_identify(src/batrobot_moveit) by extension 'colcon_meta'
[1.027s] Level 1:colcon.colcon_core.package_identification:_identify(src/batrobot_moveit) by extensions ['ros']
[1.027s] Level 1:colcon.colcon_core.package_identification:_identify(src/batrobot_moveit) by extension 'ros'
[1.030s] DEBUG:colcon.colcon_core.package_identification:Package 'src/batrobot_moveit' with type 'ros.ament_cmake' and name 'batrobot_moveit'
[1.031s] Level 1:colcon.colcon_core.package_identification:_identify(src/batrobot_py_examples) by extensions ['ignore', 'ignore_ament_install']
[1.031s] Level 1:colcon.colcon_core.package_identification:_identify(src/batrobot_py_examples) by extension 'ignore'
[1.031s] Level 1:colcon.colcon_core.package_identification:_identify(src/batrobot_py_examples) by extension 'ignore_ament_install'
[1.032s] Level 1:colcon.colcon_core.package_identification:_identify(src/batrobot_py_examples) by extensions ['colcon_pkg']
[1.032s] Level 1:colcon.colcon_core.package_identification:_identify(src/batrobot_py_examples) by extension 'colcon_pkg'
[1.032s] Level 1:colcon.colcon_core.package_identification:_identify(src/batrobot_py_examples) by extensions ['colcon_meta']
[1.032s] Level 1:colcon.colcon_core.package_identification:_identify(src/batrobot_py_examples) by extension 'colcon_meta'
[1.032s] Level 1:colcon.colcon_core.package_identification:_identify(src/batrobot_py_examples) by extensions ['ros']
[1.032s] Level 1:colcon.colcon_core.package_identification:_identify(src/batrobot_py_examples) by extension 'ros'
[1.034s] DEBUG:colcon.colcon_core.package_identification:Package 'src/batrobot_py_examples' with type 'ros.ament_python' and name 'batrobot_py_examples'
[1.035s] Level 1:colcon.colcon_core.package_discovery:discover_packages(recursive) using defaults
[1.035s] Level 1:colcon.colcon_core.package_discovery:discover_packages(ignore) discover
[1.035s] Level 1:colcon.colcon_core.package_discovery:discover_packages(ignore) using defaults
[1.035s] Level 1:colcon.colcon_core.package_discovery:discover_packages(path) discover
[1.035s] Level 1:colcon.colcon_core.package_discovery:discover_packages(path) using defaults
[1.096s] Level 1:colcon.colcon_core.package_discovery:discover_packages(prefix_path) check parameters
[1.096s] Level 1:colcon.colcon_core.package_discovery:discover_packages(prefix_path) discover
[1.103s] DEBUG:colcon.colcon_installed_package_information.package_discovery:Found 15 installed packages in /home/naveen/roarm_ws_em0/install
[1.108s] DEBUG:colcon.colcon_installed_package_information.package_discovery:Found 386 installed packages in /opt/ros/humble
[1.116s] Level 1:colcon.colcon_core.package_discovery:discover_packages(prefix_path) using defaults
[1.259s] Level 5:colcon.colcon_core.verb:set package 'batrobot_description' build argument 'cmake_args' from command line to 'None'
[1.259s] Level 5:colcon.colcon_core.verb:set package 'batrobot_description' build argument 'cmake_target' from command line to 'None'
[1.259s] Level 5:colcon.colcon_core.verb:set package 'batrobot_description' build argument 'cmake_target_skip_unavailable' from command line to 'False'
[1.259s] Level 5:colcon.colcon_core.verb:set package 'batrobot_description' build argument 'cmake_clean_cache' from command line to 'False'
[1.260s] Level 5:colcon.colcon_core.verb:set package 'batrobot_description' build argument 'cmake_clean_first' from command line to 'False'
[1.260s] Level 5:colcon.colcon_core.verb:set package 'batrobot_description' build argument 'cmake_force_configure' from command line to 'False'
[1.260s] Level 5:colcon.colcon_core.verb:set package 'batrobot_description' build argument 'ament_cmake_args' from command line to 'None'
[1.260s] Level 5:colcon.colcon_core.verb:set package 'batrobot_description' build argument 'catkin_cmake_args' from command line to 'None'
[1.260s] Level 5:colcon.colcon_core.verb:set package 'batrobot_description' build argument 'catkin_skip_building_tests' from command line to 'False'
[1.260s] DEBUG:colcon.colcon_core.verb:Building package 'batrobot_description' with the following arguments: {'ament_cmake_args': None, 'build_base': '/home/naveen/bat_robot/build/batrobot_description', 'catkin_cmake_args': None, 'catkin_skip_building_tests': False, 'cmake_args': None, 'cmake_clean_cache': False, 'cmake_clean_first': False, 'cmake_force_configure': False, 'cmake_target': None, 'cmake_target_skip_unavailable': False, 'install_base': '/home/naveen/bat_robot/install/batrobot_description', 'merge_install': False, 'path': '/home/naveen/bat_robot/src/batrobot_description', 'symlink_install': False, 'test_result_base': None}
[1.261s] Level 5:colcon.colcon_core.verb:set package 'batrobot_firmware' build argument 'cmake_args' from command line to 'None'
[1.261s] Level 5:colcon.colcon_core.verb:set package 'batrobot_firmware' build argument 'cmake_target' from command line to 'None'
[1.261s] Level 5:colcon.colcon_core.verb:set package 'batrobot_firmware' build argument 'cmake_target_skip_unavailable' from command line to 'False'
[1.261s] Level 5:colcon.colcon_core.verb:set package 'batrobot_firmware' build argument 'cmake_clean_cache' from command line to 'False'
[1.261s] Level 5:colcon.colcon_core.verb:set package 'batrobot_firmware' build argument 'cmake_clean_first' from command line to 'False'
[1.262s] Level 5:colcon.colcon_core.verb:set package 'batrobot_firmware' build argument 'cmake_force_configure' from command line to 'False'
[1.262s] Level 5:colcon.colcon_core.verb:set package 'batrobot_firmware' build argument 'ament_cmake_args' from command line to 'None'
[1.262s] Level 5:colcon.colcon_core.verb:set package 'batrobot_firmware' build argument 'catkin_cmake_args' from command line to 'None'
[1.262s] Level 5:colcon.colcon_core.verb:set package 'batrobot_firmware' build argument 'catkin_skip_building_tests' from command line to 'False'
[1.262s] DEBUG:colcon.colcon_core.verb:Building package 'batrobot_firmware' with the following arguments: {'ament_cmake_args': None, 'build_base': '/home/naveen/bat_robot/build/batrobot_firmware', 'catkin_cmake_args': None, 'catkin_skip_building_tests': False, 'cmake_args': None, 'cmake_clean_cache': False, 'cmake_clean_first': False, 'cmake_force_configure': False, 'cmake_target': None, 'cmake_target_skip_unavailable': False, 'install_base': '/home/naveen/bat_robot/install/batrobot_firmware', 'merge_install': False, 'path': '/home/naveen/bat_robot/src/batrobot_firmware', 'symlink_install': False, 'test_result_base': None}
[1.263s] Level 5:colcon.colcon_core.verb:set package 'batrobot_py_examples' build argument 'cmake_args' from command line to 'None'
[1.263s] Level 5:colcon.colcon_core.verb:set package 'batrobot_py_examples' build argument 'cmake_target' from command line to 'None'
[1.264s] Level 5:colcon.colcon_core.verb:set package 'batrobot_py_examples' build argument 'cmake_target_skip_unavailable' from command line to 'False'
[1.264s] Level 5:colcon.colcon_core.verb:set package 'batrobot_py_examples' build argument 'cmake_clean_cache' from command line to 'False'
[1.264s] Level 5:colcon.colcon_core.verb:set package 'batrobot_py_examples' build argument 'cmake_clean_first' from command line to 'False'
[1.264s] Level 5:colcon.colcon_core.verb:set package 'batrobot_py_examples' build argument 'cmake_force_configure' from command line to 'False'
[1.264s] Level 5:colcon.colcon_core.verb:set package 'batrobot_py_examples' build argument 'ament_cmake_args' from command line to 'None'
[1.264s] Level 5:colcon.colcon_core.verb:set package 'batrobot_py_examples' build argument 'catkin_cmake_args' from command line to 'None'
[1.264s] Level 5:colcon.colcon_core.verb:set package 'batrobot_py_examples' build argument 'catkin_skip_building_tests' from command line to 'False'
[1.264s] DEBUG:colcon.colcon_core.verb:Building package 'batrobot_py_examples' with the following arguments: {'ament_cmake_args': None, 'build_base': '/home/naveen/bat_robot/build/batrobot_py_examples', 'catkin_cmake_args': None, 'catkin_skip_building_tests': False, 'cmake_args': None, 'cmake_clean_cache': False, 'cmake_clean_first': False, 'cmake_force_configure': False, 'cmake_target': None, 'cmake_target_skip_unavailable': False, 'install_base': '/home/naveen/bat_robot/install/batrobot_py_examples', 'merge_install': False, 'path': '/home/naveen/bat_robot/src/batrobot_py_examples', 'symlink_install': False, 'test_result_base': None}
[1.265s] Level 5:colcon.colcon_core.verb:set package 'batrobot_controller' build argument 'cmake_args' from command line to 'None'
[1.266s] Level 5:colcon.colcon_core.verb:set package 'batrobot_controller' build argument 'cmake_target' from command line to 'None'
[1.266s] Level 5:colcon.colcon_core.verb:set package 'batrobot_controller' build argument 'cmake_target_skip_unavailable' from command line to 'False'
[1.266s] Level 5:colcon.colcon_core.verb:set package 'batrobot_controller' build argument 'cmake_clean_cache' from command line to 'False'
[1.266s] Level 5:colcon.colcon_core.verb:set package 'batrobot_controller' build argument 'cmake_clean_first' from command line to 'False'
[1.266s] Level 5:colcon.colcon_core.verb:set package 'batrobot_controller' build argument 'cmake_force_configure' from command line to 'False'
[1.266s] Level 5:colcon.colcon_core.verb:set package 'batrobot_controller' build argument 'ament_cmake_args' from command line to 'None'
[1.266s] Level 5:colcon.colcon_core.verb:set package 'batrobot_controller' build argument 'catkin_cmake_args' from command line to 'None'
[1.266s] Level 5:colcon.colcon_core.verb:set package 'batrobot_controller' build argument 'catkin_skip_building_tests' from command line to 'False'
[1.266s] DEBUG:colcon.colcon_core.verb:Building package 'batrobot_controller' with the following arguments: {'ament_cmake_args': None, 'build_base': '/home/naveen/bat_robot/build/batrobot_controller', 'catkin_cmake_args': None, 'catkin_skip_building_tests': False, 'cmake_args': None, 'cmake_clean_cache': False, 'cmake_clean_first': False, 'cmake_force_configure': False, 'cmake_target': None, 'cmake_target_skip_unavailable': False, 'install_base': '/home/naveen/bat_robot/install/batrobot_controller', 'merge_install': False, 'path': '/home/naveen/bat_robot/src/batrobot_controller', 'symlink_install': False, 'test_result_base': None}
[1.268s] Level 5:colcon.colcon_core.verb:set package 'batrobot_moveit' build argument 'cmake_args' from command line to 'None'
[1.268s] Level 5:colcon.colcon_core.verb:set package 'batrobot_moveit' build argument 'cmake_target' from command line to 'None'
[1.268s] Level 5:colcon.colcon_core.verb:set package 'batrobot_moveit' build argument 'cmake_target_skip_unavailable' from command line to 'False'
[1.268s] Level 5:colcon.colcon_core.verb:set package 'batrobot_moveit' build argument 'cmake_clean_cache' from command line to 'False'
[1.268s] Level 5:colcon.colcon_core.verb:set package 'batrobot_moveit' build argument 'cmake_clean_first' from command line to 'False'
[1.268s] Level 5:colcon.colcon_core.verb:set package 'batrobot_moveit' build argument 'cmake_force_configure' from command line to 'False'
[1.268s] Level 5:colcon.colcon_core.verb:set package 'batrobot_moveit' build argument 'ament_cmake_args' from command line to 'None'
[1.268s] Level 5:colcon.colcon_core.verb:set package 'batrobot_moveit' build argument 'catkin_cmake_args' from command line to 'None'
[1.268s] Level 5:colcon.colcon_core.verb:set package 'batrobot_moveit' build argument 'catkin_skip_building_tests' from command line to 'False'
[1.268s] DEBUG:colcon.colcon_core.verb:Building package 'batrobot_moveit' with the following arguments: {'ament_cmake_args': None, 'build_base': '/home/naveen/bat_robot/build/batrobot_moveit', 'catkin_cmake_args': None, 'catkin_skip_building_tests': False, 'cmake_args': None, 'cmake_clean_cache': False, 'cmake_clean_first': False, 'cmake_force_configure': False, 'cmake_target': None, 'cmake_target_skip_unavailable': False, 'install_base': '/home/naveen/bat_robot/install/batrobot_moveit', 'merge_install': False, 'path': '/home/naveen/bat_robot/src/batrobot_moveit', 'symlink_install': False, 'test_result_base': None}
[1.269s] INFO:colcon.colcon_core.executor:Executing jobs using 'parallel' executor
[1.271s] DEBUG:colcon.colcon_parallel_executor.executor.parallel:run_until_complete
[1.273s] INFO:colcon.colcon_ros.task.ament_cmake.build:Building ROS package in '/home/naveen/bat_robot/src/batrobot_description' with build type 'ament_cmake'
[1.274s] INFO:colcon.colcon_cmake.task.cmake.build:Building CMake package in '/home/naveen/bat_robot/src/batrobot_description'
[1.278s] INFO:colcon.colcon_core.plugin_system:Skipping extension 'colcon_core.shell.bat': Not used on non-Windows systems
[1.279s] INFO:colcon.colcon_core.shell:Skip shell extension 'powershell' for command environment: Not usable outside of PowerShell
[1.279s] DEBUG:colcon.colcon_core.shell:Skip shell extension 'dsv' for command environment
[1.298s] INFO:colcon.colcon_ros.task.ament_cmake.build:Building ROS package in '/home/naveen/bat_robot/src/batrobot_firmware' with build type 'ament_cmake'
[1.300s] INFO:colcon.colcon_cmake.task.cmake.build:Building CMake package in '/home/naveen/bat_robot/src/batrobot_firmware'
[1.302s] INFO:colcon.colcon_core.shell:Skip shell extension 'powershell' for command environment: Not usable outside of PowerShell
[1.302s] DEBUG:colcon.colcon_core.shell:Skip shell extension 'dsv' for command environment
[1.347s] DEBUG:colcon.colcon_core.event_handler.log_command:Invoking command in '/home/naveen/bat_robot/build/batrobot_description': CMAKE_PREFIX_PATH=${CMAKE_PREFIX_PATH}:/home/naveen/roarm_ws_em0/install/ros2web_widgets:/home/naveen/roarm_ws_em0/install/ros2web_example_py:/home/naveen/roarm_ws_em0/install/roarm_web_app:/home/naveen/roarm_ws_em0/install/ros2web_app:/home/naveen/roarm_ws_em0/install/ros2web:/home/naveen/roarm_ws_em0/install/roarm_driver:/home/naveen/roarm_ws_em0/install/launch_api:/opt/ros/humble /usr/bin/cmake --build /home/naveen/bat_robot/build/batrobot_description -- -j2 -l2
[1.384s] DEBUG:colcon.colcon_core.event_handler.log_command:Invoking command in '/home/naveen/bat_robot/build/batrobot_firmware': CMAKE_PREFIX_PATH=${CMAKE_PREFIX_PATH}:/home/naveen/roarm_ws_em0/install/ros2web_widgets:/home/naveen/roarm_ws_em0/install/ros2web_example_py:/home/naveen/roarm_ws_em0/install/roarm_web_app:/home/naveen/roarm_ws_em0/install/ros2web_app:/home/naveen/roarm_ws_em0/install/ros2web:/home/naveen/roarm_ws_em0/install/roarm_driver:/home/naveen/roarm_ws_em0/install/launch_api:/opt/ros/humble /usr/bin/cmake --build /home/naveen/bat_robot/build/batrobot_firmware -- -j2 -l2
[1.721s] DEBUG:colcon.colcon_core.event_handler.log_command:Invoked command in '/home/naveen/bat_robot/build/batrobot_description' returned '0': CMAKE_PREFIX_PATH=${CMAKE_PREFIX_PATH}:/home/naveen/roarm_ws_em0/install/ros2web_widgets:/home/naveen/roarm_ws_em0/install/ros2web_example_py:/home/naveen/roarm_ws_em0/install/roarm_web_app:/home/naveen/roarm_ws_em0/install/ros2web_app:/home/naveen/roarm_ws_em0/install/ros2web:/home/naveen/roarm_ws_em0/install/roarm_driver:/home/naveen/roarm_ws_em0/install/launch_api:/opt/ros/humble /usr/bin/cmake --build /home/naveen/bat_robot/build/batrobot_description -- -j2 -l2
[1.766s] DEBUG:colcon.colcon_core.event_handler.log_command:Invoking command in '/home/naveen/bat_robot/build/batrobot_description': CMAKE_PREFIX_PATH=${CMAKE_PREFIX_PATH}:/home/naveen/roarm_ws_em0/install/ros2web_widgets:/home/naveen/roarm_ws_em0/install/ros2web_example_py:/home/naveen/roarm_ws_em0/install/roarm_web_app:/home/naveen/roarm_ws_em0/install/ros2web_app:/home/naveen/roarm_ws_em0/install/ros2web:/home/naveen/roarm_ws_em0/install/roarm_driver:/home/naveen/roarm_ws_em0/install/launch_api:/opt/ros/humble /usr/bin/cmake --install /home/naveen/bat_robot/build/batrobot_description
[1.833s] Level 1:colcon.colcon_core.environment:create_environment_scripts_only(batrobot_description)
[1.867s] DEBUG:colcon.colcon_core.event_handler.log_command:Invoked command in '/home/naveen/bat_robot/build/batrobot_description' returned '0': CMAKE_PREFIX_PATH=${CMAKE_PREFIX_PATH}:/home/naveen/roarm_ws_em0/install/ros2web_widgets:/home/naveen/roarm_ws_em0/install/ros2web_example_py:/home/naveen/roarm_ws_em0/install/roarm_web_app:/home/naveen/roarm_ws_em0/install/ros2web_app:/home/naveen/roarm_ws_em0/install/ros2web:/home/naveen/roarm_ws_em0/install/roarm_driver:/home/naveen/roarm_ws_em0/install/launch_api:/opt/ros/humble /usr/bin/cmake --install /home/naveen/bat_robot/build/batrobot_description
[1.892s] Level 1:colcon.colcon_core.environment:checking '/home/naveen/bat_robot/install/batrobot_description' for CMake module files
[1.902s] Level 1:colcon.colcon_core.environment:checking '/home/naveen/bat_robot/install/batrobot_description' for CMake config files
[1.903s] Level 1:colcon.colcon_core.shell:create_environment_hook('batrobot_description', 'cmake_prefix_path')
[1.911s] INFO:colcon.colcon_core.shell:Creating environment hook '/home/naveen/bat_robot/install/batrobot_description/share/batrobot_description/hook/cmake_prefix_path.ps1'
[1.918s] INFO:colcon.colcon_core.shell:Creating environment descriptor '/home/naveen/bat_robot/install/batrobot_description/share/batrobot_description/hook/cmake_prefix_path.dsv'
[1.930s] INFO:colcon.colcon_core.shell:Creating environment hook '/home/naveen/bat_robot/install/batrobot_description/share/batrobot_description/hook/cmake_prefix_path.sh'
[1.942s] Level 1:colcon.colcon_core.environment:checking '/home/naveen/bat_robot/install/batrobot_description/bin'
[1.946s] Level 1:colcon.colcon_core.environment:checking '/home/naveen/bat_robot/install/batrobot_description/lib/pkgconfig/batrobot_description.pc'
[1.950s] Level 1:colcon.colcon_core.environment:checking '/home/naveen/bat_robot/install/batrobot_description/lib/python3.10/site-packages'
[1.954s] Level 1:colcon.colcon_core.environment:checking '/home/naveen/bat_robot/install/batrobot_description/bin'
[1.959s] INFO:colcon.colcon_core.shell:Creating package script '/home/naveen/bat_robot/install/batrobot_description/share/batrobot_description/package.ps1'
[1.973s] INFO:colcon.colcon_core.shell:Creating package descriptor '/home/naveen/bat_robot/install/batrobot_description/share/batrobot_description/package.dsv'
[1.983s] INFO:colcon.colcon_core.shell:Creating package script '/home/naveen/bat_robot/install/batrobot_description/share/batrobot_description/package.sh'
[1.992s] INFO:colcon.colcon_core.shell:Creating package script '/home/naveen/bat_robot/install/batrobot_description/share/batrobot_description/package.bash'
[2.003s] INFO:colcon.colcon_core.shell:Creating package script '/home/naveen/bat_robot/install/batrobot_description/share/batrobot_description/package.zsh'
[2.009s] Level 1:colcon.colcon_core.environment:create_file_with_runtime_dependencies(/home/naveen/bat_robot/install/batrobot_description/share/colcon-core/packages/batrobot_description)
[2.015s] Level 1:colcon.colcon_core.environment:create_environment_scripts_only(batrobot_description)
[2.017s] Level 1:colcon.colcon_core.environment:checking '/home/naveen/bat_robot/install/batrobot_description' for CMake module files
[2.019s] Level 1:colcon.colcon_core.environment:checking '/home/naveen/bat_robot/install/batrobot_description' for CMake config files
[2.020s] Level 1:colcon.colcon_core.shell:create_environment_hook('batrobot_description', 'cmake_prefix_path')
[2.021s] INFO:colcon.colcon_core.shell:Creating environment hook '/home/naveen/bat_robot/install/batrobot_description/share/batrobot_description/hook/cmake_prefix_path.ps1'
[2.024s] INFO:colcon.colcon_core.shell:Creating environment descriptor '/home/naveen/bat_robot/install/batrobot_description/share/batrobot_description/hook/cmake_prefix_path.dsv'
[2.028s] INFO:colcon.colcon_core.shell:Creating environment hook '/home/naveen/bat_robot/install/batrobot_description/share/batrobot_description/hook/cmake_prefix_path.sh'
[2.032s] Level 1:colcon.colcon_core.environment:checking '/home/naveen/bat_robot/install/batrobot_description/bin'
[2.032s] Level 1:colcon.colcon_core.environment:checking '/home/naveen/bat_robot/install/batrobot_description/lib/pkgconfig/batrobot_description.pc'
[2.034s] Level 1:colcon.colcon_core.environment:checking '/home/naveen/bat_robot/install/batrobot_description/lib/python3.10/site-packages'
[2.036s] Level 1:colcon.colcon_core.environment:checking '/home/naveen/bat_robot/install/batrobot_description/bin'
[2.039s] INFO:colcon.colcon_core.shell:Creating package script '/home/naveen/bat_robot/install/batrobot_description/share/batrobot_description/package.ps1'
[2.042s] INFO:colcon.colcon_core.shell:Creating package descriptor '/home/naveen/bat_robot/install/batrobot_description/share/batrobot_description/package.dsv'
[2.046s] INFO:colcon.colcon_core.shell:Creating package script '/home/naveen/bat_robot/install/batrobot_description/share/batrobot_description/package.sh'
[2.050s] INFO:colcon.colcon_core.shell:Creating package script '/home/naveen/bat_robot/install/batrobot_description/share/batrobot_description/package.bash'
[2.054s] INFO:colcon.colcon_core.shell:Creating package script '/home/naveen/bat_robot/install/batrobot_description/share/batrobot_description/package.zsh'
[2.058s] Level 1:colcon.colcon_core.environment:create_file_with_runtime_dependencies(/home/naveen/bat_robot/install/batrobot_description/share/colcon-core/packages/batrobot_description)
[2.061s] INFO:colcon.colcon_ros.task.ament_cmake.build:Building ROS package in '/home/naveen/bat_robot/src/batrobot_controller' with build type 'ament_cmake'
[2.063s] INFO:colcon.colcon_cmake.task.cmake.build:Building CMake package in '/home/naveen/bat_robot/src/batrobot_controller'
[2.065s] INFO:colcon.colcon_core.shell:Skip shell extension 'powershell' for command environment: Not usable outside of PowerShell
[2.066s] DEBUG:colcon.colcon_core.shell:Skip shell extension 'dsv' for command environment
[2.110s] DEBUG:colcon.colcon_core.event_handler.log_command:Invoking command in '/home/naveen/bat_robot/build/batrobot_controller': AMENT_PREFIX_PATH=/home/naveen/bat_robot/install/batrobot_description:${AMENT_PREFIX_PATH} CMAKE_PREFIX_PATH=/home/naveen/bat_robot/install/batrobot_description:/home/naveen/roarm_ws_em0/install/ros2web_interfaces:/home/naveen/roarm_ws_em0/install/roarm_msgs:/home/naveen/roarm_ws_em0/install/roarm_moveit_ikfast_plugins:/home/naveen/roarm_ws_em0/install/roarm_moveit_cmd:/home/naveen/roarm_ws_em0/install/roarm_moveit:/home/naveen/roarm_ws_em0/install/roarm_description:/home/naveen/roarm_ws_em0/install/moveit_servo:/home/naveen/roarm_ws_em0/install/alexa_integration:/home/naveen/roarm_ws_em0/install/ros2web_widgets:/home/naveen/roarm_ws_em0/install/ros2web_example_py:/home/naveen/roarm_ws_em0/install/roarm_web_app:/home/naveen/roarm_ws_em0/install/ros2web_app:/home/naveen/roarm_ws_em0/install/ros2web:/home/naveen/roarm_ws_em0/install/roarm_driver:/home/naveen/roarm_ws_em0/install/launch_api:/opt/ros/humble /usr/bin/cmake --build /home/naveen/bat_robot/build/batrobot_controller -- -j2 -l2
[2.265s] DEBUG:colcon.colcon_core.event_handler.log_command:Invoked command in '/home/naveen/bat_robot/build/batrobot_controller' returned '0': AMENT_PREFIX_PATH=/home/naveen/bat_robot/install/batrobot_description:${AMENT_PREFIX_PATH} CMAKE_PREFIX_PATH=/home/naveen/bat_robot/install/batrobot_description:/home/naveen/roarm_ws_em0/install/ros2web_interfaces:/home/naveen/roarm_ws_em0/install/roarm_msgs:/home/naveen/roarm_ws_em0/install/roarm_moveit_ikfast_plugins:/home/naveen/roarm_ws_em0/install/roarm_moveit_cmd:/home/naveen/roarm_ws_em0/install/roarm_moveit:/home/naveen/roarm_ws_em0/install/roarm_description:/home/naveen/roarm_ws_em0/install/moveit_servo:/home/naveen/roarm_ws_em0/install/alexa_integration:/home/naveen/roarm_ws_em0/install/ros2web_widgets:/home/naveen/roarm_ws_em0/install/ros2web_example_py:/home/naveen/roarm_ws_em0/install/roarm_web_app:/home/naveen/roarm_ws_em0/install/ros2web_app:/home/naveen/roarm_ws_em0/install/ros2web:/home/naveen/roarm_ws_em0/install/roarm_driver:/home/naveen/roarm_ws_em0/install/launch_api:/opt/ros/humble /usr/bin/cmake --build /home/naveen/bat_robot/build/batrobot_controller -- -j2 -l2
[2.267s] DEBUG:colcon.colcon_core.event_handler.log_command:Invoking command in '/home/naveen/bat_robot/build/batrobot_controller': AMENT_PREFIX_PATH=/home/naveen/bat_robot/install/batrobot_description:${AMENT_PREFIX_PATH} CMAKE_PREFIX_PATH=/home/naveen/bat_robot/install/batrobot_description:/home/naveen/roarm_ws_em0/install/ros2web_interfaces:/home/naveen/roarm_ws_em0/install/roarm_msgs:/home/naveen/roarm_ws_em0/install/roarm_moveit_ikfast_plugins:/home/naveen/roarm_ws_em0/install/roarm_moveit_cmd:/home/naveen/roarm_ws_em0/install/roarm_moveit:/home/naveen/roarm_ws_em0/install/roarm_description:/home/naveen/roarm_ws_em0/install/moveit_servo:/home/naveen/roarm_ws_em0/install/alexa_integration:/home/naveen/roarm_ws_em0/install/ros2web_widgets:/home/naveen/roarm_ws_em0/install/ros2web_example_py:/home/naveen/roarm_ws_em0/install/roarm_web_app:/home/naveen/roarm_ws_em0/install/ros2web_app:/home/naveen/roarm_ws_em0/install/ros2web:/home/naveen/roarm_ws_em0/install/roarm_driver:/home/naveen/roarm_ws_em0/install/launch_api:/opt/ros/humble /usr/bin/cmake --install /home/naveen/bat_robot/build/batrobot_controller
[2.323s] Level 1:colcon.colcon_core.environment:create_environment_scripts_only(batrobot_controller)
[2.327s] Level 1:colcon.colcon_core.environment:checking '/home/naveen/bat_robot/install/batrobot_controller' for CMake module files
[2.331s] Level 1:colcon.colcon_core.environment:checking '/home/naveen/bat_robot/install/batrobot_controller' for CMake config files
[2.332s] DEBUG:colcon.colcon_core.event_handler.log_command:Invoked command in '/home/naveen/bat_robot/build/batrobot_controller' returned '0': AMENT_PREFIX_PATH=/home/naveen/bat_robot/install/batrobot_description:${AMENT_PREFIX_PATH} CMAKE_PREFIX_PATH=/home/naveen/bat_robot/install/batrobot_description:/home/naveen/roarm_ws_em0/install/ros2web_interfaces:/home/naveen/roarm_ws_em0/install/roarm_msgs:/home/naveen/roarm_ws_em0/install/roarm_moveit_ikfast_plugins:/home/naveen/roarm_ws_em0/install/roarm_moveit_cmd:/home/naveen/roarm_ws_em0/install/roarm_moveit:/home/naveen/roarm_ws_em0/install/roarm_description:/home/naveen/roarm_ws_em0/install/moveit_servo:/home/naveen/roarm_ws_em0/install/alexa_integration:/home/naveen/roarm_ws_em0/install/ros2web_widgets:/home/naveen/roarm_ws_em0/install/ros2web_example_py:/home/naveen/roarm_ws_em0/install/roarm_web_app:/home/naveen/roarm_ws_em0/install/ros2web_app:/home/naveen/roarm_ws_em0/install/ros2web:/home/naveen/roarm_ws_em0/install/roarm_driver:/home/naveen/roarm_ws_em0/install/launch_api:/opt/ros/humble /usr/bin/cmake --install /home/naveen/bat_robot/build/batrobot_controller
[2.335s] Level 1:colcon.colcon_core.shell:create_environment_hook('batrobot_controller', 'cmake_prefix_path')
[2.336s] INFO:colcon.colcon_core.shell:Creating environment hook '/home/naveen/bat_robot/install/batrobot_controller/share/batrobot_controller/hook/cmake_prefix_path.ps1'
[2.340s] INFO:colcon.colcon_core.shell:Creating environment descriptor '/home/naveen/bat_robot/install/batrobot_controller/share/batrobot_controller/hook/cmake_prefix_path.dsv'
[2.342s] INFO:colcon.colcon_core.shell:Creating environment hook '/home/naveen/bat_robot/install/batrobot_controller/share/batrobot_controller/hook/cmake_prefix_path.sh'
[2.346s] Level 1:colcon.colcon_core.environment:checking '/home/naveen/bat_robot/install/batrobot_controller/lib'
[2.349s] Level 1:colcon.colcon_core.environment:checking '/home/naveen/bat_robot/install/batrobot_controller/bin'
[2.349s] Level 1:colcon.colcon_core.environment:checking '/home/naveen/bat_robot/install/batrobot_controller/lib/pkgconfig/batrobot_controller.pc'
[2.350s] Level 1:colcon.colcon_core.environment:checking '/home/naveen/bat_robot/install/batrobot_controller/lib/python3.10/site-packages'
[2.350s] Level 1:colcon.colcon_core.shell:create_environment_hook('batrobot_controller', 'pythonpath')
[2.351s] INFO:colcon.colcon_core.shell:Creating environment hook '/home/naveen/bat_robot/install/batrobot_controller/share/batrobot_controller/hook/pythonpath.ps1'
[2.357s] INFO:colcon.colcon_core.shell:Creating environment descriptor '/home/naveen/bat_robot/install/batrobot_controller/share/batrobot_controller/hook/pythonpath.dsv'
[2.359s] INFO:colcon.colcon_core.shell:Creating environment hook '/home/naveen/bat_robot/install/batrobot_controller/share/batrobot_controller/hook/pythonpath.sh'
[2.365s] Level 1:colcon.colcon_core.environment:checking '/home/naveen/bat_robot/install/batrobot_controller/bin'
[2.367s] INFO:colcon.colcon_core.shell:Creating package script '/home/naveen/bat_robot/install/batrobot_controller/share/batrobot_controller/package.ps1'
[2.373s] INFO:colcon.colcon_core.shell:Creating package descriptor '/home/naveen/bat_robot/install/batrobot_controller/share/batrobot_controller/package.dsv'
[2.376s] INFO:colcon.colcon_core.shell:Creating package script '/home/naveen/bat_robot/install/batrobot_controller/share/batrobot_controller/package.sh'
[2.379s] INFO:colcon.colcon_core.shell:Creating package script '/home/naveen/bat_robot/install/batrobot_controller/share/batrobot_controller/package.bash'
[2.381s] INFO:colcon.colcon_core.shell:Creating package script '/home/naveen/bat_robot/install/batrobot_controller/share/batrobot_controller/package.zsh'
[2.384s] Level 1:colcon.colcon_core.environment:create_file_with_runtime_dependencies(/home/naveen/bat_robot/install/batrobot_controller/share/colcon-core/packages/batrobot_controller)
[2.387s] Level 1:colcon.colcon_core.environment:create_environment_scripts_only(batrobot_controller)
[2.388s] Level 1:colcon.colcon_core.environment:checking '/home/naveen/bat_robot/install/batrobot_controller' for CMake module files
[2.391s] Level 1:colcon.colcon_core.environment:checking '/home/naveen/bat_robot/install/batrobot_controller' for CMake config files
[2.393s] Level 1:colcon.colcon_core.shell:create_environment_hook('batrobot_controller', 'cmake_prefix_path')
[2.394s] INFO:colcon.colcon_core.shell:Creating environment hook '/home/naveen/bat_robot/install/batrobot_controller/share/batrobot_controller/hook/cmake_prefix_path.ps1'
[2.397s] INFO:colcon.colcon_core.shell:Creating environment descriptor '/home/naveen/bat_robot/install/batrobot_controller/share/batrobot_controller/hook/cmake_prefix_path.dsv'
[2.400s] INFO:colcon.colcon_core.shell:Creating environment hook '/home/naveen/bat_robot/install/batrobot_controller/share/batrobot_controller/hook/cmake_prefix_path.sh'
[2.403s] Level 1:colcon.colcon_core.environment:checking '/home/naveen/bat_robot/install/batrobot_controller/lib'
[2.404s] Level 1:colcon.colcon_core.environment:checking '/home/naveen/bat_robot/install/batrobot_controller/bin'
[2.405s] Level 1:colcon.colcon_core.environment:checking '/home/naveen/bat_robot/install/batrobot_controller/lib/pkgconfig/batrobot_controller.pc'
[2.406s] Level 1:colcon.colcon_core.environment:checking '/home/naveen/bat_robot/install/batrobot_controller/lib/python3.10/site-packages'
[2.406s] Level 1:colcon.colcon_core.shell:create_environment_hook('batrobot_controller', 'pythonpath')
[2.407s] INFO:colcon.colcon_core.shell:Creating environment hook '/home/naveen/bat_robot/install/batrobot_controller/share/batrobot_controller/hook/pythonpath.ps1'
[2.410s] INFO:colcon.colcon_core.shell:Creating environment descriptor '/home/naveen/bat_robot/install/batrobot_controller/share/batrobot_controller/hook/pythonpath.dsv'
[2.412s] INFO:colcon.colcon_core.shell:Creating environment hook '/home/naveen/bat_robot/install/batrobot_controller/share/batrobot_controller/hook/pythonpath.sh'
[2.416s] Level 1:colcon.colcon_core.environment:checking '/home/naveen/bat_robot/install/batrobot_controller/bin'
[2.418s] INFO:colcon.colcon_core.shell:Creating package script '/home/naveen/bat_robot/install/batrobot_controller/share/batrobot_controller/package.ps1'
[2.421s] INFO:colcon.colcon_core.shell:Creating package descriptor '/home/naveen/bat_robot/install/batrobot_controller/share/batrobot_controller/package.dsv'
[2.424s] INFO:colcon.colcon_core.shell:Creating package script '/home/naveen/bat_robot/install/batrobot_controller/share/batrobot_controller/package.sh'
[2.427s] INFO:colcon.colcon_core.shell:Creating package script '/home/naveen/bat_robot/install/batrobot_controller/share/batrobot_controller/package.bash'
[2.431s] INFO:colcon.colcon_core.shell:Creating package script '/home/naveen/bat_robot/install/batrobot_controller/share/batrobot_controller/package.zsh'
[2.434s] Level 1:colcon.colcon_core.environment:create_file_with_runtime_dependencies(/home/naveen/bat_robot/install/batrobot_controller/share/colcon-core/packages/batrobot_controller)
[2.438s] INFO:colcon.colcon_ros.task.ament_python.build:Building ROS package in '/home/naveen/bat_robot/src/batrobot_py_examples' with build type 'ament_python'
[2.439s] Level 1:colcon.colcon_core.shell:create_environment_hook('batrobot_py_examples', 'ament_prefix_path')
[2.441s] INFO:colcon.colcon_core.shell:Creating environment hook '/home/naveen/bat_robot/install/batrobot_py_examples/share/batrobot_py_examples/hook/ament_prefix_path.ps1'
[2.445s] INFO:colcon.colcon_core.shell:Creating environment descriptor '/home/naveen/bat_robot/install/batrobot_py_examples/share/batrobot_py_examples/hook/ament_prefix_path.dsv'
[2.450s] INFO:colcon.colcon_core.shell:Creating environment hook '/home/naveen/bat_robot/install/batrobot_py_examples/share/batrobot_py_examples/hook/ament_prefix_path.sh'
[2.457s] INFO:colcon.colcon_core.shell:Skip shell extension 'powershell' for command environment: Not usable outside of PowerShell
[2.458s] DEBUG:colcon.colcon_core.shell:Skip shell extension 'dsv' for command environment
[4.698s] INFO:colcon.colcon_core.task.python.build:Building Python package in '/home/naveen/bat_robot/src/batrobot_py_examples'
[4.698s] INFO:colcon.colcon_core.shell:Skip shell extension 'powershell' for command environment: Not usable outside of PowerShell
[4.699s] DEBUG:colcon.colcon_core.shell:Skip shell extension 'dsv' for command environment
[4.724s] DEBUG:colcon.colcon_core.event_handler.log_command:Invoked command in '/home/naveen/bat_robot/build/batrobot_firmware' returned '0': CMAKE_PREFIX_PATH=${CMAKE_PREFIX_PATH}:/home/naveen/roarm_ws_em0/install/ros2web_widgets:/home/naveen/roarm_ws_em0/install/ros2web_example_py:/home/naveen/roarm_ws_em0/install/roarm_web_app:/home/naveen/roarm_ws_em0/install/ros2web_app:/home/naveen/roarm_ws_em0/install/ros2web:/home/naveen/roarm_ws_em0/install/roarm_driver:/home/naveen/roarm_ws_em0/install/launch_api:/opt/ros/humble /usr/bin/cmake --build /home/naveen/bat_robot/build/batrobot_firmware -- -j2 -l2
[4.729s] DEBUG:colcon.colcon_core.event_handler.log_command:Invoking command in '/home/naveen/bat_robot/build/batrobot_firmware': CMAKE_PREFIX_PATH=${CMAKE_PREFIX_PATH}:/home/naveen/roarm_ws_em0/install/ros2web_widgets:/home/naveen/roarm_ws_em0/install/ros2web_example_py:/home/naveen/roarm_ws_em0/install/roarm_web_app:/home/naveen/roarm_ws_em0/install/ros2web_app:/home/naveen/roarm_ws_em0/install/ros2web:/home/naveen/roarm_ws_em0/install/roarm_driver:/home/naveen/roarm_ws_em0/install/launch_api:/opt/ros/humble /usr/bin/cmake --install /home/naveen/bat_robot/build/batrobot_firmware
[4.928s] Level 1:colcon.colcon_core.environment:create_environment_scripts_only(batrobot_firmware)
[4.929s] Level 1:colcon.colcon_core.environment:checking '/home/naveen/bat_robot/install/batrobot_firmware' for CMake module files
[4.937s] DEBUG:colcon.colcon_core.event_handler.log_command:Invoked command in '/home/naveen/bat_robot/build/batrobot_firmware' returned '0': CMAKE_PREFIX_PATH=${CMAKE_PREFIX_PATH}:/home/naveen/roarm_ws_em0/install/ros2web_widgets:/home/naveen/roarm_ws_em0/install/ros2web_example_py:/home/naveen/roarm_ws_em0/install/roarm_web_app:/home/naveen/roarm_ws_em0/install/ros2web_app:/home/naveen/roarm_ws_em0/install/ros2web:/home/naveen/roarm_ws_em0/install/roarm_driver:/home/naveen/roarm_ws_em0/install/launch_api:/opt/ros/humble /usr/bin/cmake --install /home/naveen/bat_robot/build/batrobot_firmware
[4.939s] Level 1:colcon.colcon_core.environment:checking '/home/naveen/bat_robot/install/batrobot_firmware' for CMake config files
[4.939s] Level 1:colcon.colcon_core.shell:create_environment_hook('batrobot_firmware', 'cmake_prefix_path')
[4.945s] INFO:colcon.colcon_core.shell:Creating environment hook '/home/naveen/bat_robot/install/batrobot_firmware/share/batrobot_firmware/hook/cmake_prefix_path.ps1'
[4.949s] INFO:colcon.colcon_core.shell:Creating environment descriptor '/home/naveen/bat_robot/install/batrobot_firmware/share/batrobot_firmware/hook/cmake_prefix_path.dsv'
[4.951s] INFO:colcon.colcon_core.shell:Creating environment hook '/home/naveen/bat_robot/install/batrobot_firmware/share/batrobot_firmware/hook/cmake_prefix_path.sh'
[4.955s] Level 1:colcon.colcon_core.environment:checking '/home/naveen/bat_robot/install/batrobot_firmware/lib'
[4.955s] Level 1:colcon.colcon_core.environment:checking '/home/naveen/bat_robot/install/batrobot_firmware/bin'
[4.956s] Level 1:colcon.colcon_core.environment:checking '/home/naveen/bat_robot/install/batrobot_firmware/lib/pkgconfig/batrobot_firmware.pc'
[4.957s] Level 1:colcon.colcon_core.environment:checking '/home/naveen/bat_robot/install/batrobot_firmware/lib/python3.10/site-packages'
[4.963s] Level 1:colcon.colcon_core.environment:checking '/home/naveen/bat_robot/install/batrobot_firmware/bin'
[4.964s] INFO:colcon.colcon_core.shell:Creating package script '/home/naveen/bat_robot/install/batrobot_firmware/share/batrobot_firmware/package.ps1'
[4.971s] INFO:colcon.colcon_core.shell:Creating package descriptor '/home/naveen/bat_robot/install/batrobot_firmware/share/batrobot_firmware/package.dsv'
[4.975s] INFO:colcon.colcon_core.shell:Creating package script '/home/naveen/bat_robot/install/batrobot_firmware/share/batrobot_firmware/package.sh'
[4.979s] INFO:colcon.colcon_core.shell:Creating package script '/home/naveen/bat_robot/install/batrobot_firmware/share/batrobot_firmware/package.bash'
[4.982s] INFO:colcon.colcon_core.shell:Creating package script '/home/naveen/bat_robot/install/batrobot_firmware/share/batrobot_firmware/package.zsh'
[4.988s] Level 1:colcon.colcon_core.environment:create_file_with_runtime_dependencies(/home/naveen/bat_robot/install/batrobot_firmware/share/colcon-core/packages/batrobot_firmware)
[4.991s] Level 1:colcon.colcon_core.environment:create_environment_scripts_only(batrobot_firmware)
[4.992s] Level 1:colcon.colcon_core.environment:checking '/home/naveen/bat_robot/install/batrobot_firmware' for CMake module files
[4.994s] Level 1:colcon.colcon_core.environment:checking '/home/naveen/bat_robot/install/batrobot_firmware' for CMake config files
[4.995s] Level 1:colcon.colcon_core.shell:create_environment_hook('batrobot_firmware', 'cmake_prefix_path')
[4.996s] INFO:colcon.colcon_core.shell:Creating environment hook '/home/naveen/bat_robot/install/batrobot_firmware/share/batrobot_firmware/hook/cmake_prefix_path.ps1'
[4.999s] INFO:colcon.colcon_core.shell:Creating environment descriptor '/home/naveen/bat_robot/install/batrobot_firmware/share/batrobot_firmware/hook/cmake_prefix_path.dsv'
[5.002s] INFO:colcon.colcon_core.shell:Creating environment hook '/home/naveen/bat_robot/install/batrobot_firmware/share/batrobot_firmware/hook/cmake_prefix_path.sh'
[5.005s] Level 1:colcon.colcon_core.environment:checking '/home/naveen/bat_robot/install/batrobot_firmware/lib'
[5.009s] Level 1:colcon.colcon_core.environment:checking '/home/naveen/bat_robot/install/batrobot_firmware/bin'
[5.009s] Level 1:colcon.colcon_core.environment:checking '/home/naveen/bat_robot/install/batrobot_firmware/lib/pkgconfig/batrobot_firmware.pc'
[5.010s] Level 1:colcon.colcon_core.environment:checking '/home/naveen/bat_robot/install/batrobot_firmware/lib/python3.10/site-packages'
[5.016s] Level 1:colcon.colcon_core.environment:checking '/home/naveen/bat_robot/install/batrobot_firmware/bin'
[5.021s] INFO:colcon.colcon_core.shell:Creating package script '/home/naveen/bat_robot/install/batrobot_firmware/share/batrobot_firmware/package.ps1'
[5.024s] INFO:colcon.colcon_core.shell:Creating package descriptor '/home/naveen/bat_robot/install/batrobot_firmware/share/batrobot_firmware/package.dsv'
[5.028s] INFO:colcon.colcon_core.shell:Creating package script '/home/naveen/bat_robot/install/batrobot_firmware/share/batrobot_firmware/package.sh'
[5.031s] INFO:colcon.colcon_core.shell:Creating package script '/home/naveen/bat_robot/install/batrobot_firmware/share/batrobot_firmware/package.bash'
[5.034s] INFO:colcon.colcon_core.shell:Creating package script '/home/naveen/bat_robot/install/batrobot_firmware/share/batrobot_firmware/package.zsh'
[5.037s] Level 1:colcon.colcon_core.environment:create_file_with_runtime_dependencies(/home/naveen/bat_robot/install/batrobot_firmware/share/colcon-core/packages/batrobot_firmware)
[5.039s] INFO:colcon.colcon_ros.task.ament_cmake.build:Building ROS package in '/home/naveen/bat_robot/src/batrobot_moveit' with build type 'ament_cmake'
[5.040s] INFO:colcon.colcon_cmake.task.cmake.build:Building CMake package in '/home/naveen/bat_robot/src/batrobot_moveit'
[5.041s] INFO:colcon.colcon_core.shell:Skip shell extension 'powershell' for command environment: Not usable outside of PowerShell
[5.042s] DEBUG:colcon.colcon_core.shell:Skip shell extension 'dsv' for command environment
[5.151s] DEBUG:colcon.colcon_core.event_handler.log_command:Invoking command in '/home/naveen/bat_robot/build/batrobot_moveit': AMENT_PREFIX_PATH=/home/naveen/bat_robot/install/batrobot_controller:/home/naveen/bat_robot/install/batrobot_description:${AMENT_PREFIX_PATH} CMAKE_PREFIX_PATH=/home/naveen/bat_robot/install/batrobot_controller:/home/naveen/bat_robot/install/batrobot_description:/home/naveen/roarm_ws_em0/install/ros2web_interfaces:/home/naveen/roarm_ws_em0/install/roarm_msgs:/home/naveen/roarm_ws_em0/install/roarm_moveit_ikfast_plugins:/home/naveen/roarm_ws_em0/install/roarm_moveit_cmd:/home/naveen/roarm_ws_em0/install/roarm_moveit:/home/naveen/roarm_ws_em0/install/roarm_description:/home/naveen/roarm_ws_em0/install/moveit_servo:/home/naveen/roarm_ws_em0/install/alexa_integration:/home/naveen/roarm_ws_em0/install/ros2web_widgets:/home/naveen/roarm_ws_em0/install/ros2web_example_py:/home/naveen/roarm_ws_em0/install/roarm_web_app:/home/naveen/roarm_ws_em0/install/ros2web_app:/home/naveen/roarm_ws_em0/install/ros2web:/home/naveen/roarm_ws_em0/install/roarm_driver:/home/naveen/roarm_ws_em0/install/launch_api:/opt/ros/humble PYTHONPATH=/home/naveen/bat_robot/install/batrobot_controller/lib/python3.10/site-packages:${PYTHONPATH} /usr/bin/cmake --build /home/naveen/bat_robot/build/batrobot_moveit -- -j2 -l2
[5.287s] DEBUG:colcon.colcon_core.event_handler.log_command:Invoked command in '/home/naveen/bat_robot/build/batrobot_moveit' returned '0': AMENT_PREFIX_PATH=/home/naveen/bat_robot/install/batrobot_controller:/home/naveen/bat_robot/install/batrobot_description:${AMENT_PREFIX_PATH} CMAKE_PREFIX_PATH=/home/naveen/bat_robot/install/batrobot_controller:/home/naveen/bat_robot/install/batrobot_description:/home/naveen/roarm_ws_em0/install/ros2web_interfaces:/home/naveen/roarm_ws_em0/install/roarm_msgs:/home/naveen/roarm_ws_em0/install/roarm_moveit_ikfast_plugins:/home/naveen/roarm_ws_em0/install/roarm_moveit_cmd:/home/naveen/roarm_ws_em0/install/roarm_moveit:/home/naveen/roarm_ws_em0/install/roarm_description:/home/naveen/roarm_ws_em0/install/moveit_servo:/home/naveen/roarm_ws_em0/install/alexa_integration:/home/naveen/roarm_ws_em0/install/ros2web_widgets:/home/naveen/roarm_ws_em0/install/ros2web_example_py:/home/naveen/roarm_ws_em0/install/roarm_web_app:/home/naveen/roarm_ws_em0/install/ros2web_app:/home/naveen/roarm_ws_em0/install/ros2web:/home/naveen/roarm_ws_em0/install/roarm_driver:/home/naveen/roarm_ws_em0/install/launch_api:/opt/ros/humble PYTHONPATH=/home/naveen/bat_robot/install/batrobot_controller/lib/python3.10/site-packages:${PYTHONPATH} /usr/bin/cmake --build /home/naveen/bat_robot/build/batrobot_moveit -- -j2 -l2
[5.295s] DEBUG:colcon.colcon_core.event_handler.log_command:Invoking command in '/home/naveen/bat_robot/build/batrobot_moveit': AMENT_PREFIX_PATH=/home/naveen/bat_robot/install/batrobot_controller:/home/naveen/bat_robot/install/batrobot_description:${AMENT_PREFIX_PATH} CMAKE_PREFIX_PATH=/home/naveen/bat_robot/install/batrobot_controller:/home/naveen/bat_robot/install/batrobot_description:/home/naveen/roarm_ws_em0/install/ros2web_interfaces:/home/naveen/roarm_ws_em0/install/roarm_msgs:/home/naveen/roarm_ws_em0/install/roarm_moveit_ikfast_plugins:/home/naveen/roarm_ws_em0/install/roarm_moveit_cmd:/home/naveen/roarm_ws_em0/install/roarm_moveit:/home/naveen/roarm_ws_em0/install/roarm_description:/home/naveen/roarm_ws_em0/install/moveit_servo:/home/naveen/roarm_ws_em0/install/alexa_integration:/home/naveen/roarm_ws_em0/install/ros2web_widgets:/home/naveen/roarm_ws_em0/install/ros2web_example_py:/home/naveen/roarm_ws_em0/install/roarm_web_app:/home/naveen/roarm_ws_em0/install/ros2web_app:/home/naveen/roarm_ws_em0/install/ros2web:/home/naveen/roarm_ws_em0/install/roarm_driver:/home/naveen/roarm_ws_em0/install/launch_api:/opt/ros/humble PYTHONPATH=/home/naveen/bat_robot/install/batrobot_controller/lib/python3.10/site-packages:${PYTHONPATH} /usr/bin/cmake --install /home/naveen/bat_robot/build/batrobot_moveit
[5.373s] Level 1:colcon.colcon_core.environment:create_environment_scripts_only(batrobot_moveit)
[5.376s] Level 1:colcon.colcon_core.environment:checking '/home/naveen/bat_robot/install/batrobot_moveit' for CMake module files
[5.382s] Level 1:colcon.colcon_core.environment:checking '/home/naveen/bat_robot/install/batrobot_moveit' for CMake config files
[5.378s] DEBUG:colcon.colcon_core.event_handler.log_command:Invoked command in '/home/naveen/bat_robot/build/batrobot_moveit' returned '0': AMENT_PREFIX_PATH=/home/naveen/bat_robot/install/batrobot_controller:/home/naveen/bat_robot/install/batrobot_description:${AMENT_PREFIX_PATH} CMAKE_PREFIX_PATH=/home/naveen/bat_robot/install/batrobot_controller:/home/naveen/bat_robot/install/batrobot_description:/home/naveen/roarm_ws_em0/install/ros2web_interfaces:/home/naveen/roarm_ws_em0/install/roarm_msgs:/home/naveen/roarm_ws_em0/install/roarm_moveit_ikfast_plugins:/home/naveen/roarm_ws_em0/install/roarm_moveit_cmd:/home/naveen/roarm_ws_em0/install/roarm_moveit:/home/naveen/roarm_ws_em0/install/roarm_description:/home/naveen/roarm_ws_em0/install/moveit_servo:/home/naveen/roarm_ws_em0/install/alexa_integration:/home/naveen/roarm_ws_em0/install/ros2web_widgets:/home/naveen/roarm_ws_em0/install/ros2web_example_py:/home/naveen/roarm_ws_em0/install/roarm_web_app:/home/naveen/roarm_ws_em0/install/ros2web_app:/home/naveen/roarm_ws_em0/install/ros2web:/home/naveen/roarm_ws_em0/install/roarm_driver:/home/naveen/roarm_ws_em0/install/launch_api:/opt/ros/humble PYTHONPATH=/home/naveen/bat_robot/install/batrobot_controller/lib/python3.10/site-packages:${PYTHONPATH} /usr/bin/cmake --install /home/naveen/bat_robot/build/batrobot_moveit
[5.383s] Level 1:colcon.colcon_core.shell:create_environment_hook('batrobot_moveit', 'cmake_prefix_path')
[5.384s] INFO:colcon.colcon_core.shell:Creating environment hook '/home/naveen/bat_robot/install/batrobot_moveit/share/batrobot_moveit/hook/cmake_prefix_path.ps1'
[5.388s] INFO:colcon.colcon_core.shell:Creating environment descriptor '/home/naveen/bat_robot/install/batrobot_moveit/share/batrobot_moveit/hook/cmake_prefix_path.dsv'
[5.389s] INFO:colcon.colcon_core.shell:Creating environment hook '/home/naveen/bat_robot/install/batrobot_moveit/share/batrobot_moveit/hook/cmake_prefix_path.sh'
[5.395s] Level 1:colcon.colcon_core.environment:checking '/home/naveen/bat_robot/install/batrobot_moveit/bin'
[5.396s] Level 1:colcon.colcon_core.environment:checking '/home/naveen/bat_robot/install/batrobot_moveit/lib/pkgconfig/batrobot_moveit.pc'
[5.399s] Level 1:colcon.colcon_core.environment:checking '/home/naveen/bat_robot/install/batrobot_moveit/lib/python3.10/site-packages'
[5.400s] Level 1:colcon.colcon_core.environment:checking '/home/naveen/bat_robot/install/batrobot_moveit/bin'
[5.403s] INFO:colcon.colcon_core.shell:Creating package script '/home/naveen/bat_robot/install/batrobot_moveit/share/batrobot_moveit/package.ps1'
[5.405s] INFO:colcon.colcon_core.shell:Creating package descriptor '/home/naveen/bat_robot/install/batrobot_moveit/share/batrobot_moveit/package.dsv'
[5.408s] INFO:colcon.colcon_core.shell:Creating package script '/home/naveen/bat_robot/install/batrobot_moveit/share/batrobot_moveit/package.sh'
[5.412s] INFO:colcon.colcon_core.shell:Creating package script '/home/naveen/bat_robot/install/batrobot_moveit/share/batrobot_moveit/package.bash'
[5.415s] INFO:colcon.colcon_core.shell:Creating package script '/home/naveen/bat_robot/install/batrobot_moveit/share/batrobot_moveit/package.zsh'
[5.419s] Level 1:colcon.colcon_core.environment:create_file_with_runtime_dependencies(/home/naveen/bat_robot/install/batrobot_moveit/share/colcon-core/packages/batrobot_moveit)
[5.424s] Level 1:colcon.colcon_core.environment:create_environment_scripts_only(batrobot_moveit)
[5.427s] Level 1:colcon.colcon_core.environment:checking '/home/naveen/bat_robot/install/batrobot_moveit' for CMake module files
[5.430s] Level 1:colcon.colcon_core.environment:checking '/home/naveen/bat_robot/install/batrobot_moveit' for CMake config files
[5.431s] Level 1:colcon.colcon_core.shell:create_environment_hook('batrobot_moveit', 'cmake_prefix_path')
[5.432s] INFO:colcon.colcon_core.shell:Creating environment hook '/home/naveen/bat_robot/install/batrobot_moveit/share/batrobot_moveit/hook/cmake_prefix_path.ps1'
[5.435s] INFO:colcon.colcon_core.shell:Creating environment descriptor '/home/naveen/bat_robot/install/batrobot_moveit/share/batrobot_moveit/hook/cmake_prefix_path.dsv'
[5.439s] INFO:colcon.colcon_core.shell:Creating environment hook '/home/naveen/bat_robot/install/batrobot_moveit/share/batrobot_moveit/hook/cmake_prefix_path.sh'
[5.444s] Level 1:colcon.colcon_core.environment:checking '/home/naveen/bat_robot/install/batrobot_moveit/bin'
[5.444s] Level 1:colcon.colcon_core.environment:checking '/home/naveen/bat_robot/install/batrobot_moveit/lib/pkgconfig/batrobot_moveit.pc'
[5.445s] Level 1:colcon.colcon_core.environment:checking '/home/naveen/bat_robot/install/batrobot_moveit/lib/python3.10/site-packages'
[5.447s] Level 1:colcon.colcon_core.environment:checking '/home/naveen/bat_robot/install/batrobot_moveit/bin'
[5.451s] INFO:colcon.colcon_core.shell:Creating package script '/home/naveen/bat_robot/install/batrobot_moveit/share/batrobot_moveit/package.ps1'
[5.452s] INFO:colcon.colcon_core.shell:Creating package descriptor '/home/naveen/bat_robot/install/batrobot_moveit/share/batrobot_moveit/package.dsv'
[5.456s] INFO:colcon.colcon_core.shell:Creating package script '/home/naveen/bat_robot/install/batrobot_moveit/share/batrobot_moveit/package.sh'
[5.460s] INFO:colcon.colcon_core.shell:Creating package script '/home/naveen/bat_robot/install/batrobot_moveit/share/batrobot_moveit/package.bash'
[5.462s] INFO:colcon.colcon_core.shell:Creating package script '/home/naveen/bat_robot/install/batrobot_moveit/share/batrobot_moveit/package.zsh'
[5.465s] Level 1:colcon.colcon_core.environment:create_file_with_runtime_dependencies(/home/naveen/bat_robot/install/batrobot_moveit/share/colcon-core/packages/batrobot_moveit)
[6.695s] DEBUG:colcon.colcon_core.event_handler.log_command:Invoking command in '/home/naveen/bat_robot/src/batrobot_py_examples': PYTHONPATH=/home/naveen/bat_robot/build/batrobot_py_examples/prefix_override:/usr/lib/python3/dist-packages/colcon_core/task/python/colcon_distutils_commands:/home/naveen/bat_robot/install/batrobot_py_examples/lib/python3.10/site-packages:${PYTHONPATH} /usr/bin/python3 -W ignore:setup.py install is deprecated -W ignore:easy_install command is deprecated setup.py egg_info --egg-base ../../build/batrobot_py_examples build --build-base /home/naveen/bat_robot/build/batrobot_py_examples/build install --record /home/naveen/bat_robot/build/batrobot_py_examples/install.log --single-version-externally-managed install_data
[8.032s] Level 1:colcon.colcon_core.environment:checking '/home/naveen/bat_robot/install/batrobot_py_examples' for CMake module files
[8.034s] Level 1:colcon.colcon_core.environment:checking '/home/naveen/bat_robot/install/batrobot_py_examples' for CMake config files
[8.033s] DEBUG:colcon.colcon_core.event_handler.log_command:Invoked command in '/home/naveen/bat_robot/src/batrobot_py_examples' returned '0': PYTHONPATH=/home/naveen/bat_robot/build/batrobot_py_examples/prefix_override:/usr/lib/python3/dist-packages/colcon_core/task/python/colcon_distutils_commands:/home/naveen/bat_robot/install/batrobot_py_examples/lib/python3.10/site-packages:${PYTHONPATH} /usr/bin/python3 -W ignore:setup.py install is deprecated -W ignore:easy_install command is deprecated setup.py egg_info --egg-base ../../build/batrobot_py_examples build --build-base /home/naveen/bat_robot/build/batrobot_py_examples/build install --record /home/naveen/bat_robot/build/batrobot_py_examples/install.log --single-version-externally-managed install_data
[8.036s] Level 1:colcon.colcon_core.environment:checking '/home/naveen/bat_robot/install/batrobot_py_examples/lib'
[8.037s] Level 1:colcon.colcon_core.environment:checking '/home/naveen/bat_robot/install/batrobot_py_examples/bin'
[8.037s] Level 1:colcon.colcon_core.environment:checking '/home/naveen/bat_robot/install/batrobot_py_examples/lib/pkgconfig/batrobot_py_examples.pc'
[8.038s] Level 1:colcon.colcon_core.environment:checking '/home/naveen/bat_robot/install/batrobot_py_examples/lib/python3.10/site-packages'
[8.038s] Level 1:colcon.colcon_core.shell:create_environment_hook('batrobot_py_examples', 'pythonpath')
[8.039s] INFO:colcon.colcon_core.shell:Creating environment hook '/home/naveen/bat_robot/install/batrobot_py_examples/share/batrobot_py_examples/hook/pythonpath.ps1'
[8.041s] INFO:colcon.colcon_core.shell:Creating environment descriptor '/home/naveen/bat_robot/install/batrobot_py_examples/share/batrobot_py_examples/hook/pythonpath.dsv'
[8.042s] INFO:colcon.colcon_core.shell:Creating environment hook '/home/naveen/bat_robot/install/batrobot_py_examples/share/batrobot_py_examples/hook/pythonpath.sh'
[8.044s] Level 1:colcon.colcon_core.environment:checking '/home/naveen/bat_robot/install/batrobot_py_examples/bin'
[8.045s] Level 1:colcon.colcon_core.environment:create_environment_scripts_only(batrobot_py_examples)
[8.047s] INFO:colcon.colcon_core.shell:Creating package script '/home/naveen/bat_robot/install/batrobot_py_examples/share/batrobot_py_examples/package.ps1'
[8.048s] INFO:colcon.colcon_core.shell:Creating package descriptor '/home/naveen/bat_robot/install/batrobot_py_examples/share/batrobot_py_examples/package.dsv'
[8.050s] INFO:colcon.colcon_core.shell:Creating package script '/home/naveen/bat_robot/install/batrobot_py_examples/share/batrobot_py_examples/package.sh'
[8.052s] INFO:colcon.colcon_core.shell:Creating package script '/home/naveen/bat_robot/install/batrobot_py_examples/share/batrobot_py_examples/package.bash'
[8.054s] INFO:colcon.colcon_core.shell:Creating package script '/home/naveen/bat_robot/install/batrobot_py_examples/share/batrobot_py_examples/package.zsh'
[8.055s] Level 1:colcon.colcon_core.environment:create_file_with_runtime_dependencies(/home/naveen/bat_robot/install/batrobot_py_examples/share/colcon-core/packages/batrobot_py_examples)
[8.058s] DEBUG:colcon.colcon_parallel_executor.executor.parallel:closing loop
[8.058s] DEBUG:colcon.colcon_parallel_executor.executor.parallel:loop closed
[8.059s] DEBUG:colcon.colcon_parallel_executor.executor.parallel:run_until_complete finished with '0'
[8.059s] DEBUG:colcon.colcon_core.event_reactor:joining thread
[8.086s] INFO:colcon.colcon_core.plugin_system:Skipping extension 'colcon_notification.desktop_notification.terminal_notifier': Not used on non-Darwin systems
[8.086s] INFO:colcon.colcon_core.plugin_system:Skipping extension 'colcon_notification.desktop_notification.win32': Not used on non-Windows systems
[8.087s] INFO:colcon.colcon_notification.desktop_notification:Sending desktop notification using 'notify2'
[8.137s] DEBUG:colcon.colcon_core.event_reactor:joined thread
[8.138s] INFO:colcon.colcon_core.shell:Creating prefix script '/home/naveen/bat_robot/install/local_setup.ps1'
[8.145s] INFO:colcon.colcon_core.shell:Creating prefix util module '/home/naveen/bat_robot/install/_local_setup_util_ps1.py'
[8.151s] INFO:colcon.colcon_core.shell:Creating prefix chain script '/home/naveen/bat_robot/install/setup.ps1'
[8.158s] INFO:colcon.colcon_core.shell:Creating prefix script '/home/naveen/bat_robot/install/local_setup.sh'
[8.163s] INFO:colcon.colcon_core.shell:Creating prefix util module '/home/naveen/bat_robot/install/_local_setup_util_sh.py'
[8.166s] INFO:colcon.colcon_core.shell:Creating prefix chain script '/home/naveen/bat_robot/install/setup.sh'
[8.173s] INFO:colcon.colcon_core.shell:Creating prefix script '/home/naveen/bat_robot/install/local_setup.bash'
[8.175s] INFO:colcon.colcon_core.shell:Creating prefix chain script '/home/naveen/bat_robot/install/setup.bash'
[8.180s] INFO:colcon.colcon_core.shell:Creating prefix script '/home/naveen/bat_robot/install/local_setup.zsh'
[8.183s] INFO:colcon.colcon_core.shell:Creating prefix chain script '/home/naveen/bat_robot/install/setup.zsh'
