[0.179s] Invoking command in '/home/naveen/bat_robot/build/batrobot_description': CMAKE_PREFIX_PATH=${CMAKE_PREFIX_PATH}:/home/naveen/roarm_ws_em0/install/ros2web_widgets:/home/naveen/roarm_ws_em0/install/ros2web_example_py:/home/naveen/roarm_ws_em0/install/roarm_web_app:/home/naveen/roarm_ws_em0/install/ros2web_app:/home/naveen/roarm_ws_em0/install/ros2web:/home/naveen/roarm_ws_em0/install/roarm_driver:/home/naveen/roarm_ws_em0/install/launch_api:/opt/ros/humble /usr/bin/cmake --build /home/naveen/bat_robot/build/batrobot_description -- -j2 -l2
[0.794s] Invoked command in '/home/naveen/bat_robot/build/batrobot_description' returned '0': CMAKE_PREFIX_PATH=${CMAKE_PREFIX_PATH}:/home/naveen/roarm_ws_em0/install/ros2web_widgets:/home/naveen/roarm_ws_em0/install/ros2web_example_py:/home/naveen/roarm_ws_em0/install/roarm_web_app:/home/naveen/roarm_ws_em0/install/ros2web_app:/home/naveen/roarm_ws_em0/install/ros2web:/home/naveen/roarm_ws_em0/install/roarm_driver:/home/naveen/roarm_ws_em0/install/launch_api:/opt/ros/humble /usr/bin/cmake --build /home/naveen/bat_robot/build/batrobot_description -- -j2 -l2
[0.994s] Invoking command in '/home/naveen/bat_robot/build/batrobot_description': CMAKE_PREFIX_PATH=${CMAKE_PREFIX_PATH}:/home/naveen/roarm_ws_em0/install/ros2web_widgets:/home/naveen/roarm_ws_em0/install/ros2web_example_py:/home/naveen/roarm_ws_em0/install/roarm_web_app:/home/naveen/roarm_ws_em0/install/ros2web_app:/home/naveen/roarm_ws_em0/install/ros2web:/home/naveen/roarm_ws_em0/install/roarm_driver:/home/naveen/roarm_ws_em0/install/launch_api:/opt/ros/humble /usr/bin/cmake --install /home/naveen/bat_robot/build/batrobot_description
[1.114s] -- Install configuration: ""
[1.119s] -- Up-to-date: /home/naveen/bat_robot/install/batrobot_description/share/batrobot_description/meshes
[1.125s] -- Up-to-date: /home/naveen/bat_robot/install/batrobot_description/share/batrobot_description/meshes/gripper_right.stl
[1.125s] -- Up-to-date: /home/naveen/bat_robot/install/batrobot_description/share/batrobot_description/meshes/joint3.stl
[1.125s] -- Up-to-date: /home/naveen/bat_robot/install/batrobot_description/share/batrobot_description/meshes/base_plate.stl
[1.126s] -- Up-to-date: /home/naveen/bat_robot/install/batrobot_description/share/batrobot_description/meshes/base.stl
[1.136s] -- Up-to-date: /home/naveen/bat_robot/install/batrobot_description/share/batrobot_description/meshes/joint2.stl
[1.137s] -- Up-to-date: /home/naveen/bat_robot/install/batrobot_description/share/batrobot_description/meshes/joint1.stl
[1.143s] -- Up-to-date: /home/naveen/bat_robot/install/batrobot_description/share/batrobot_description/meshes/gripper_left.stl
[1.144s] -- Up-to-date: /home/naveen/bat_robot/install/batrobot_description/share/batrobot_description/urdf
[1.144s] -- Up-to-date: /home/naveen/bat_robot/install/batrobot_description/share/batrobot_description/urdf/bat_robot_ros2_control.xacro
[1.144s] -- Up-to-date: /home/naveen/bat_robot/install/batrobot_description/share/batrobot_description/urdf/bat_robot.urdf.xacro
[1.153s] -- Up-to-date: /home/naveen/bat_robot/install/batrobot_description/share/batrobot_description/urdf/bat_robot_gazebo.xacro
[1.154s] -- Up-to-date: /home/naveen/bat_robot/install/batrobot_description/share/batrobot_description/launch
[1.154s] -- Up-to-date: /home/naveen/bat_robot/install/batrobot_description/share/batrobot_description/launch/display.launch.py
[1.164s] -- Up-to-date: /home/naveen/bat_robot/install/batrobot_description/share/batrobot_description/launch/gazebo.launch.py
[1.165s] -- Up-to-date: /home/naveen/bat_robot/install/batrobot_description/share/batrobot_description/rviz
[1.165s] -- Up-to-date: /home/naveen/bat_robot/install/batrobot_description/share/batrobot_description/rviz/display.rviz
[1.172s] -- Up-to-date: /home/naveen/bat_robot/install/batrobot_description/share/ament_index/resource_index/package_run_dependencies/batrobot_description
[1.172s] -- Up-to-date: /home/naveen/bat_robot/install/batrobot_description/share/ament_index/resource_index/parent_prefix_path/batrobot_description
[1.173s] -- Up-to-date: /home/naveen/bat_robot/install/batrobot_description/share/batrobot_description/environment/ament_prefix_path.sh
[1.173s] -- Up-to-date: /home/naveen/bat_robot/install/batrobot_description/share/batrobot_description/environment/ament_prefix_path.dsv
[1.173s] -- Up-to-date: /home/naveen/bat_robot/install/batrobot_description/share/batrobot_description/environment/path.sh
[1.192s] -- Up-to-date: /home/naveen/bat_robot/install/batrobot_description/share/batrobot_description/environment/path.dsv
[1.197s] -- Up-to-date: /home/naveen/bat_robot/install/batrobot_description/share/batrobot_description/local_setup.bash
[1.197s] -- Up-to-date: /home/naveen/bat_robot/install/batrobot_description/share/batrobot_description/local_setup.sh
[1.197s] -- Up-to-date: /home/naveen/bat_robot/install/batrobot_description/share/batrobot_description/local_setup.zsh
[1.198s] -- Up-to-date: /home/naveen/bat_robot/install/batrobot_description/share/batrobot_description/local_setup.dsv
[1.198s] -- Installing: /home/naveen/bat_robot/install/batrobot_description/share/batrobot_description/package.dsv
[1.198s] -- Up-to-date: /home/naveen/bat_robot/install/batrobot_description/share/ament_index/resource_index/packages/batrobot_description
[1.198s] -- Up-to-date: /home/naveen/bat_robot/install/batrobot_description/share/batrobot_description/cmake/batrobot_descriptionConfig.cmake
[1.215s] -- Up-to-date: /home/naveen/bat_robot/install/batrobot_description/share/batrobot_description/cmake/batrobot_descriptionConfig-version.cmake
[1.215s] -- Up-to-date: /home/naveen/bat_robot/install/batrobot_description/share/batrobot_description/package.xml
[1.225s] Invoked command in '/home/naveen/bat_robot/build/batrobot_description' returned '0': CMAKE_PREFIX_PATH=${CMAKE_PREFIX_PATH}:/home/naveen/roarm_ws_em0/install/ros2web_widgets:/home/naveen/roarm_ws_em0/install/ros2web_example_py:/home/naveen/roarm_ws_em0/install/roarm_web_app:/home/naveen/roarm_ws_em0/install/ros2web_app:/home/naveen/roarm_ws_em0/install/ros2web:/home/naveen/roarm_ws_em0/install/roarm_driver:/home/naveen/roarm_ws_em0/install/launch_api:/opt/ros/humble /usr/bin/cmake --install /home/naveen/bat_robot/build/batrobot_description
