[8.919s] Invoking command in '/home/naveen/bat_robot/src/batrobot_py_examples': PYTHONPATH=/home/naveen/bat_robot/build/batrobot_py_examples/prefix_override:/usr/lib/python3/dist-packages/colcon_core/task/python/colcon_distutils_commands:/home/naveen/bat_robot/install/batrobot_py_examples/lib/python3.10/site-packages:${PYTHONPATH} /usr/bin/python3 -W ignore:setup.py install is deprecated -W ignore:easy_install command is deprecated setup.py egg_info --egg-base ../../build/batrobot_py_examples build --build-base /home/naveen/bat_robot/build/batrobot_py_examples/build install --record /home/naveen/bat_robot/build/batrobot_py_examples/install.log --single-version-externally-managed install_data
[12.425s] running egg_info
[12.432s] writing ../../build/batrobot_py_examples/batrobot_py_examples.egg-info/PKG-INFO
[12.435s] writing dependency_links to ../../build/batrobot_py_examples/batrobot_py_examples.egg-info/dependency_links.txt
[12.439s] writing entry points to ../../build/batrobot_py_examples/batrobot_py_examples.egg-info/entry_points.txt
[12.443s] writing requirements to ../../build/batrobot_py_examples/batrobot_py_examples.egg-info/requires.txt
[12.449s] writing top-level names to ../../build/batrobot_py_examples/batrobot_py_examples.egg-info/top_level.txt
[12.462s] reading manifest file '../../build/batrobot_py_examples/batrobot_py_examples.egg-info/SOURCES.txt'
[12.472s] writing manifest file '../../build/batrobot_py_examples/batrobot_py_examples.egg-info/SOURCES.txt'
[12.473s] running build
[12.474s] running build_py
[12.477s] running install
[12.479s] running install_lib
[12.485s] running install_data
[12.486s] running install_egg_info
[12.495s] removing '/home/naveen/bat_robot/install/batrobot_py_examples/lib/python3.10/site-packages/batrobot_py_examples-0.0.0-py3.10.egg-info' (and everything under it)
[12.499s] Copying ../../build/batrobot_py_examples/batrobot_py_examples.egg-info to /home/naveen/bat_robot/install/batrobot_py_examples/lib/python3.10/site-packages/batrobot_py_examples-0.0.0-py3.10.egg-info
[12.506s] running install_scripts
[12.642s] writing list of installed files to '/home/naveen/bat_robot/build/batrobot_py_examples/install.log'
[12.780s] Invoked command in '/home/naveen/bat_robot/src/batrobot_py_examples' returned '0': PYTHONPATH=/home/naveen/bat_robot/build/batrobot_py_examples/prefix_override:/usr/lib/python3/dist-packages/colcon_core/task/python/colcon_distutils_commands:/home/naveen/bat_robot/install/batrobot_py_examples/lib/python3.10/site-packages:${PYTHONPATH} /usr/bin/python3 -W ignore:setup.py install is deprecated -W ignore:easy_install command is deprecated setup.py egg_info --egg-base ../../build/batrobot_py_examples build --build-base /home/naveen/bat_robot/build/batrobot_py_examples/build install --record /home/naveen/bat_robot/build/batrobot_py_examples/install.log --single-version-externally-managed install_data
